#
# A fatal error has been detected by the Java Runtime Environment:
#
#  Internal Error (0xc000000d), pid=10760, tid=6592
#
# JRE version: Java(TM) SE Runtime Environment (11.0.2+9) (build 11.0.2+9-LTS)
# Java VM: Java HotSpot(TM) 64-Bit Server VM (11.0.2+9-LTS, mixed mode, tiered, compressed oops, g1 gc, windows-amd64)
# Problematic frame:
# C  [ntdll.dll+0x10f260]
#
# No core dump will be written. Minidumps are not enabled by default on client versions of Windows
#
# If you would like to submit a bug report, please visit:
#   http://bugreport.java.com/bugreport/crash.jsp
#

---------------  S U M M A R Y ------------

Command Line: -Dfile.encoding=UTF-8 controleur.Lamifa

Host: Intel(R) Core(TM) i7-7700HQ CPU @ 2.80GHz, 8 cores, 15G,  Windows 10 , 64 bit Build 18362 (10.0.18362.329)
Time: Mon Feb 17 20:31:30 2020 Paris, Madrid elapsed time: 133 seconds (0d 0h 2m 13s)

---------------  T H R E A D  ---------------

Current thread (0x000001407a3ed800):  VMThread "VM Thread" [stack: 0x000000071bc00000,0x000000071bd00000] [id=6592]

Stack: [0x000000071bc00000,0x000000071bd00000],  sp=0x000000071bcfe6f0,  free space=1017k
Native frames: (J=compiled Java code, j=interpreted, Vv=VM code, C=native code)
C  [ntdll.dll+0x10f260]
C  [ntdll.dll+0xb116f]
C  [KERNEL32.DLL+0x1ee9a]
C  [Nahimic2DevProps.dll+0x47561]


siginfo: EXCEPTION_?? (0xc000000d)


Register to memory mapping:

RIP=0x00007ffa963af260 ntdll.dll
RAX=0x000000071ccff400 is pointing into the stack for thread: 0x000001407b664800
RBX=0xfffffffffffffffe is an unknown value
RCX=0x000000071ccff3f8 is pointing into the stack for thread: 0x000001407b664800
RDX=0x000001405ee00a90 is at begin+185 in a stub
StubRoutines::call_stub [0x000001405ee009d7, 0x000001405ee00b44[ (365 bytes)
RSP=0x000000071bcfe6f0 points into unknown readable memory: 57 00 00 00 07 00 00 00
RBP=0x00007ffa5f0ef1bc Nahimic2DevProps.dll
RSI=0x0 is NULL
RDI=0x0000000000000698 is an unknown value
R8 =0x0 is NULL
R9 =0x0 is NULL
R10=0x0 is NULL
R11=0x0 is NULL
R12=0x000001407a2dea20 points into unknown readable memory: 48 5a 10 5f fa 7f 00 00
R13=0x000000071ccfb420 is pointing into the stack for thread: 0x000001407b664800
R14=0x000001407a2deb28 points into unknown readable memory: 98 06 00 00 00 00 00 00
R15=0x000000071bcfe868 points into unknown readable memory: 31 e9 cf 1b 07 00 00 00


Registers:
RAX=0x000000071ccff400, RBX=0xfffffffffffffffe, RCX=0x000000071ccff3f8, RDX=0x000001405ee00a90
RSP=0x000000071bcfe6f0, RBP=0x00007ffa5f0ef1bc, RSI=0x0000000000000000, RDI=0x0000000000000698
R8 =0x0000000000000000, R9 =0x0000000000000000, R10=0x0000000000000000, R11=0x0000000000000000
R12=0x000001407a2dea20, R13=0x000000071ccfb420, R14=0x000001407a2deb28, R15=0x000000071bcfe868
RIP=0x00007ffa963af260, EFLAGS=0x0000000000000206

Top of Stack: (sp=0x000000071bcfe6f0)
0x000000071bcfe6f0:   0000000700000057 fffffffffffffffe
0x000000071bcfe700:   0000000000000000 000000071bcfe801
0x000000071bcfe710:   00000000c000000d 0000000000000000
0x000000071bcfe720:   00007ffa963af260 0000000000000000
0x000000071bcfe730:   0000000000000000 0000000000000000
0x000000071bcfe740:   0000000000000000 0000000000000000
0x000000071bcfe750:   0000000000000000 0000000000000000
0x000000071bcfe760:   0000000000000000 0000000000000000
0x000000071bcfe770:   0000000000000000 0000000000000000
0x000000071bcfe780:   0000000000000000 0000000000000000
0x000000071bcfe790:   0000000000000000 0000000000000000
0x000000071bcfe7a0:   0000000000000000 00007ffa962a00d8
0x000000071bcfe7b0:   0000c7280d7299c3 000000071bcfe840
0x000000071bcfe7c0:   00000140549f2f01 00007ffa9635116f
0x000000071bcfe7d0:   0000000000000001 000000071ccfb420
0x000000071bcfe7e0:   000001407c1a3470 000000071bcfe850 

Instructions: (pc=0x00007ffa963af260)
0x00007ffa963af240:   3d f9 ff c7 44 24 20 0d 00 00 c0 b9 57 00 00 00
0x00007ffa963af250:   e8 3b 43 f4 ff 90 48 8d 4c 24 20 e8 90 ac f5 ff
0x00007ffa963af260:   eb 00 48 8b 8c 24 c0 00 00 00 48 33 cc e8 3e cf
0x00007ffa963af270:   f7 ff 48 81 c4 d8 00 00 00 c3 40 55 48 83 ec 20 


Stack slot to memory mapping:
stack at sp + 0 slots: 0x0000000700000057 is an unknown value
stack at sp + 1 slots: 0xfffffffffffffffe is an unknown value
stack at sp + 2 slots: 0x0 is NULL
stack at sp + 3 slots: 0x000000071bcfe801 points into unknown readable memory: 2e 1a 7c 40 01 00 00
stack at sp + 4 slots: 0x00000000c000000d is an unknown value
stack at sp + 5 slots: 0x0 is NULL
stack at sp + 6 slots: 0x00007ffa963af260 ntdll.dll
stack at sp + 7 slots: 0x0 is NULL

VM_Operation (0x000000071ccfb420): Exit, mode: safepoint, requested by thread 0x000001407b664800


---------------  P R O C E S S  ---------------

Threads class SMR info:
_java_thread_list=0x000001407d457c50, length=15, elements={
0x000001407a3ef800, 0x000001407a3f1000, 0x000001407a40b000, 0x000001407a40c800,
0x000001407ad06800, 0x000001407ad0c000, 0x000001407acbd800, 0x000001407ae70000,
0x000001407ae7b000, 0x000001407b349800, 0x000001407b34a800, 0x000001407b664800,
0x0000014056ad7800, 0x000001407ceac800, 0x000001407ecd4800
}

Java Threads: ( => current thread )
  0x000001407a3ef800 JavaThread "Reference Handler" daemon [_thread_blocked, id=14868, stack(0x000000071bd00000,0x000000071be00000)]
  0x000001407a3f1000 JavaThread "Finalizer" daemon [_thread_blocked, id=11828, stack(0x000000071be00000,0x000000071bf00000)]
  0x000001407a40b000 JavaThread "Signal Dispatcher" daemon [_thread_blocked, id=24792, stack(0x000000071bf00000,0x000000071c000000)]
  0x000001407a40c800 JavaThread "Attach Listener" daemon [_thread_blocked, id=11428, stack(0x000000071c000000,0x000000071c100000)]
  0x000001407ad06800 JavaThread "C2 CompilerThread0" daemon [_thread_blocked, id=5412, stack(0x000000071c100000,0x000000071c200000)]
  0x000001407ad0c000 JavaThread "C1 CompilerThread0" daemon [_thread_blocked, id=5012, stack(0x000000071c200000,0x000000071c300000)]
  0x000001407acbd800 JavaThread "Sweeper thread" daemon [_thread_blocked, id=17436, stack(0x000000071c300000,0x000000071c400000)]
  0x000001407ae70000 JavaThread "Service Thread" daemon [_thread_blocked, id=19668, stack(0x000000071c400000,0x000000071c500000)]
  0x000001407ae7b000 JavaThread "Common-Cleaner" daemon [_thread_blocked, id=6584, stack(0x000000071c600000,0x000000071c700000)]
  0x000001407b349800 JavaThread "Java2D Disposer" daemon [_thread_blocked, id=9016, stack(0x000000071c700000,0x000000071c800000)]
  0x000001407b34a800 JavaThread "AWT-Shutdown" [_thread_blocked, id=9708, stack(0x000000071c800000,0x000000071c900000)]
  0x000001407b664800 JavaThread "AWT-EventQueue-0" [_thread_blocked, id=20556, stack(0x000000071cc00000,0x000000071cd00000)]
  0x0000014056ad7800 JavaThread "DestroyJavaVM" [_thread_blocked, id=24092, stack(0x000000071b600000,0x000000071b700000)]
  0x000001407ceac800 JavaThread "TimerQueue" daemon [_thread_blocked, id=13684, stack(0x000000071d600000,0x000000071d700000)]
  0x000001407ecd4800 JavaThread "Image Fetcher 0" daemon [_thread_blocked, id=14232, stack(0x000000071b300000,0x000000071b400000)]

Other Threads:
=>0x000001407a3ed800 VMThread "VM Thread" [stack: 0x000000071bc00000,0x000000071bd00000] [id=6592]
  0x0000014056aeb800 GCTaskThread "GC Thread#0" [stack: 0x000000071b700000,0x000000071b800000] [id=7828]
  0x000001407d0f8000 GCTaskThread "GC Thread#1" [stack: 0x000000071d100000,0x000000071d200000] [id=24068]
  0x000001407d0f9800 GCTaskThread "GC Thread#2" [stack: 0x000000071d200000,0x000000071d300000] [id=16900]
  0x000001407d0f4800 GCTaskThread "GC Thread#3" [stack: 0x000000071d300000,0x000000071d400000] [id=20432]
  0x000001407d0f8800 GCTaskThread "GC Thread#4" [stack: 0x000000071d400000,0x000000071d500000] [id=20688]
  0x000001407d0fb800 GCTaskThread "GC Thread#5" [stack: 0x000000071d500000,0x000000071d600000] [id=5192]
  0x0000014056b4a000 ConcurrentGCThread "G1 Main Marker" [stack: 0x000000071b800000,0x000000071b900000] [id=18032]
  0x0000014056b52000 ConcurrentGCThread "G1 Conc#0" [stack: 0x000000071b900000,0x000000071ba00000] [id=19548]
  0x000001407a2d7800 ConcurrentGCThread "G1 Refine#0" [stack: 0x000000071ba00000,0x000000071bb00000] [id=4912]
  0x000001407a2d8800 ConcurrentGCThread "G1 Young RemSet Sampling" [stack: 0x000000071bb00000,0x000000071bc00000] [id=14828]

Threads with active compile tasks:

VM state:at safepoint (shutting down)

VM Mutex/Monitor currently owned by a thread:  ([mutex/lock_event])
[0x0000014056ad33c0] Threads_lock - owner thread: 0x000001407a3ed800

Heap address: 0x00000004d6800000, size: 4068 MB, Compressed Oops mode: Zero based, Oop shift amount: 3
Narrow klass base: 0x0000000000000000, Narrow klass shift: 3
Compressed class space size: 1073741824 Address: 0x00000005d4c00000

Heap:
 garbage-first heap   total 262144K, used 109656K [0x00000004d6800000, 0x00000005d4c00000)
  region size 1024K, 59 young (60416K), 3 survivors (3072K)
 Metaspace       used 18731K, capacity 19186K, committed 19456K, reserved 1067008K
  class space    used 2068K, capacity 2268K, committed 2304K, reserved 1048576K
Heap Regions: E=young(eden), S=young(survivor), O=old, HS=humongous(starts), HC=humongous(continues), CS=collection set, F=free, A=archive, TAMS=top-at-mark-start (previous, next)
|   0|0x00000004d6800000, 0x00000004d6900000, 0x00000004d6900000|100%|HS|  |TAMS 0x00000004d6800000, 0x00000004d6800000| Complete 
|   1|0x00000004d6900000, 0x00000004d6a00000, 0x00000004d6a00000|100%|HC|  |TAMS 0x00000004d6900000, 0x00000004d6900000| Complete 
|   2|0x00000004d6a00000, 0x00000004d6b00000, 0x00000004d6b00000|100%|HC|  |TAMS 0x00000004d6a00000, 0x00000004d6a00000| Complete 
|   3|0x00000004d6b00000, 0x00000004d6c00000, 0x00000004d6c00000|100%|HS|  |TAMS 0x00000004d6b00000, 0x00000004d6b00000| Complete 
|   4|0x00000004d6c00000, 0x00000004d6d00000, 0x00000004d6d00000|100%|HS|  |TAMS 0x00000004d6c00000, 0x00000004d6c00000| Complete 
|   5|0x00000004d6d00000, 0x00000004d6e00000, 0x00000004d6e00000|100%|HC|  |TAMS 0x00000004d6d00000, 0x00000004d6d00000| Complete 
|   6|0x00000004d6e00000, 0x00000004d6f00000, 0x00000004d6f00000|100%|HC|  |TAMS 0x00000004d6e00000, 0x00000004d6e00000| Complete 
|   7|0x00000004d6f00000, 0x00000004d7000000, 0x00000004d7000000|100%|HS|  |TAMS 0x00000004d6f00000, 0x00000004d6f00000| Complete 
|   8|0x00000004d7000000, 0x00000004d7100000, 0x00000004d7100000|100%|HC|  |TAMS 0x00000004d7000000, 0x00000004d7000000| Complete 
|   9|0x00000004d7100000, 0x00000004d7200000, 0x00000004d7200000|100%|HC|  |TAMS 0x00000004d7100000, 0x00000004d7100000| Complete 
|  10|0x00000004d7200000, 0x00000004d7216000, 0x00000004d7300000|  8%| O|  |TAMS 0x00000004d7200000, 0x00000004d7200000| Untracked 
|  11|0x00000004d7300000, 0x00000004d7400000, 0x00000004d7400000|100%|HS|  |TAMS 0x00000004d7300000, 0x00000004d7300000| Complete 
|  12|0x00000004d7400000, 0x00000004d7500000, 0x00000004d7500000|100%|HC|  |TAMS 0x00000004d7400000, 0x00000004d7400000| Complete 
|  13|0x00000004d7500000, 0x00000004d7600000, 0x00000004d7600000|100%|HC|  |TAMS 0x00000004d7500000, 0x00000004d7500000| Complete 
|  14|0x00000004d7600000, 0x00000004d7700000, 0x00000004d7700000|100%|HS|  |TAMS 0x00000004d7600000, 0x00000004d7600000| Complete 
|  15|0x00000004d7700000, 0x00000004d7800000, 0x00000004d7800000|100%|HS|  |TAMS 0x00000004d7700000, 0x00000004d7700000| Complete 
|  16|0x00000004d7800000, 0x00000004d7900000, 0x00000004d7900000|100%|HC|  |TAMS 0x00000004d7800000, 0x00000004d7800000| Complete 
|  17|0x00000004d7900000, 0x00000004d7a00000, 0x00000004d7a00000|100%|HC|  |TAMS 0x00000004d7900000, 0x00000004d7900000| Complete 
|  18|0x00000004d7a00000, 0x00000004d7b00000, 0x00000004d7b00000|100%|HS|  |TAMS 0x00000004d7a00000, 0x00000004d7a00000| Complete 
|  19|0x00000004d7b00000, 0x00000004d7c00000, 0x00000004d7c00000|100%|HS|  |TAMS 0x00000004d7b00000, 0x00000004d7b00000| Complete 
|  20|0x00000004d7c00000, 0x00000004d7d00000, 0x00000004d7d00000|100%|HC|  |TAMS 0x00000004d7c00000, 0x00000004d7c00000| Complete 
|  21|0x00000004d7d00000, 0x00000004d7e00000, 0x00000004d7e00000|100%|HC|  |TAMS 0x00000004d7d00000, 0x00000004d7d00000| Complete 
|  22|0x00000004d7e00000, 0x00000004d7f00000, 0x00000004d7f00000|100%|HS|  |TAMS 0x00000004d7e00000, 0x00000004d7e00000| Complete 
|  23|0x00000004d7f00000, 0x00000004d8000000, 0x00000004d8000000|100%|HC|  |TAMS 0x00000004d7f00000, 0x00000004d7f00000| Complete 
|  24|0x00000004d8000000, 0x00000004d8100000, 0x00000004d8100000|100%|HC|  |TAMS 0x00000004d8000000, 0x00000004d8000000| Complete 
|  25|0x00000004d8100000, 0x00000004d8200000, 0x00000004d8200000|100%|HC|  |TAMS 0x00000004d8100000, 0x00000004d8100000| Complete 
|  26|0x00000004d8200000, 0x00000004d8300000, 0x00000004d8300000|100%|HS|  |TAMS 0x00000004d8200000, 0x00000004d8200000| Complete 
|  27|0x00000004d8300000, 0x00000004d8400000, 0x00000004d8400000|100%|HC|  |TAMS 0x00000004d8300000, 0x00000004d8300000| Complete 
|  28|0x00000004d8400000, 0x00000004d8500000, 0x00000004d8500000|100%|HC|  |TAMS 0x00000004d8400000, 0x00000004d8400000| Complete 
|  29|0x00000004d8500000, 0x00000004d8600000, 0x00000004d8600000|100%|HS|  |TAMS 0x00000004d8500000, 0x00000004d8500000| Complete 
|  30|0x00000004d8600000, 0x00000004d8700000, 0x00000004d8700000|100%|HS|  |TAMS 0x00000004d8600000, 0x00000004d8600000| Complete 
|  31|0x00000004d8700000, 0x00000004d8800000, 0x00000004d8800000|100%|HC|  |TAMS 0x00000004d8700000, 0x00000004d8700000| Complete 
|  32|0x00000004d8800000, 0x00000004d8900000, 0x00000004d8900000|100%|HC|  |TAMS 0x00000004d8800000, 0x00000004d8800000| Complete 
|  33|0x00000004d8900000, 0x00000004d8a00000, 0x00000004d8a00000|100%|HS|  |TAMS 0x00000004d8900000, 0x00000004d8900000| Complete 
|  34|0x00000004d8a00000, 0x00000004d8b00000, 0x00000004d8b00000|100%|HS|  |TAMS 0x00000004d8a00000, 0x00000004d8a00000| Complete 
|  35|0x00000004d8b00000, 0x00000004d8c00000, 0x00000004d8c00000|100%|HC|  |TAMS 0x00000004d8b00000, 0x00000004d8b00000| Complete 
|  36|0x00000004d8c00000, 0x00000004d8d00000, 0x00000004d8d00000|100%|HC|  |TAMS 0x00000004d8c00000, 0x00000004d8c00000| Complete 
|  37|0x00000004d8d00000, 0x00000004d8e00000, 0x00000004d8e00000|100%|HC|  |TAMS 0x00000004d8d00000, 0x00000004d8d00000| Complete 
|  38|0x00000004d8e00000, 0x00000004d8f00000, 0x00000004d8f00000|100%|HC|  |TAMS 0x00000004d8e00000, 0x00000004d8e00000| Complete 
|  39|0x00000004d8f00000, 0x00000004d9000000, 0x00000004d9000000|100%|HC|  |TAMS 0x00000004d8f00000, 0x00000004d8f00000| Complete 
|  40|0x00000004d9000000, 0x00000004d9100000, 0x00000004d9100000|100%|HC|  |TAMS 0x00000004d9000000, 0x00000004d9000000| Complete 
|  41|0x00000004d9100000, 0x00000004d9200000, 0x00000004d9200000|100%|HC|  |TAMS 0x00000004d9100000, 0x00000004d9100000| Complete 
|  42|0x00000004d9200000, 0x00000004d9300000, 0x00000004d9300000|100%|HS|  |TAMS 0x00000004d9200000, 0x00000004d9200000| Complete 
|  43|0x00000004d9300000, 0x00000004d9400000, 0x00000004d9400000|100%|HC|  |TAMS 0x00000004d9300000, 0x00000004d9300000| Complete 
|  44|0x00000004d9400000, 0x00000004d9500000, 0x00000004d9500000|100%|HC|  |TAMS 0x00000004d9400000, 0x00000004d9400000| Complete 
|  45|0x00000004d9500000, 0x00000004d9600000, 0x00000004d9600000|100%|HC|  |TAMS 0x00000004d9500000, 0x00000004d9500000| Complete 
|  46|0x00000004d9600000, 0x00000004d9700000, 0x00000004d9700000|100%|HC|  |TAMS 0x00000004d9600000, 0x00000004d9600000| Complete 
|  47|0x00000004d9700000, 0x00000004d9800000, 0x00000004d9800000|100%|HC|  |TAMS 0x00000004d9700000, 0x00000004d9700000| Complete 
|  48|0x00000004d9800000, 0x00000004d9900000, 0x00000004d9900000|100%|HC|  |TAMS 0x00000004d9800000, 0x00000004d9800000| Complete 
|  49|0x00000004d9900000, 0x00000004d9a00000, 0x00000004d9a00000|100%|HC|  |TAMS 0x00000004d9900000, 0x00000004d9900000| Complete 
|  50|0x00000004d9a00000, 0x00000004d9a00000, 0x00000004d9b00000|  0%| F|  |TAMS 0x00000004d9a00000, 0x00000004d9a00000| Untracked 
|  51|0x00000004d9b00000, 0x00000004d9b00000, 0x00000004d9c00000|  0%| F|  |TAMS 0x00000004d9b00000, 0x00000004d9b00000| Untracked 
|  52|0x00000004d9c00000, 0x00000004d9c00000, 0x00000004d9d00000|  0%| F|  |TAMS 0x00000004d9c00000, 0x00000004d9c00000| Untracked 
|  53|0x00000004d9d00000, 0x00000004d9d00000, 0x00000004d9e00000|  0%| F|  |TAMS 0x00000004d9d00000, 0x00000004d9d00000| Untracked 
|  54|0x00000004d9e00000, 0x00000004d9e00000, 0x00000004d9f00000|  0%| F|  |TAMS 0x00000004d9e00000, 0x00000004d9e00000| Untracked 
|  55|0x00000004d9f00000, 0x00000004d9f00000, 0x00000004da000000|  0%| F|  |TAMS 0x00000004d9f00000, 0x00000004d9f00000| Untracked 
|  56|0x00000004da000000, 0x00000004da000000, 0x00000004da100000|  0%| F|  |TAMS 0x00000004da000000, 0x00000004da000000| Untracked 
|  57|0x00000004da100000, 0x00000004da100000, 0x00000004da200000|  0%| F|  |TAMS 0x00000004da100000, 0x00000004da100000| Untracked 
|  58|0x00000004da200000, 0x00000004da200000, 0x00000004da300000|  0%| F|  |TAMS 0x00000004da200000, 0x00000004da200000| Untracked 
|  59|0x00000004da300000, 0x00000004da300000, 0x00000004da400000|  0%| F|  |TAMS 0x00000004da300000, 0x00000004da300000| Untracked 
|  60|0x00000004da400000, 0x00000004da400000, 0x00000004da500000|  0%| F|  |TAMS 0x00000004da400000, 0x00000004da400000| Untracked 
|  61|0x00000004da500000, 0x00000004da500000, 0x00000004da600000|  0%| F|  |TAMS 0x00000004da500000, 0x00000004da500000| Untracked 
|  62|0x00000004da600000, 0x00000004da600000, 0x00000004da700000|  0%| F|  |TAMS 0x00000004da600000, 0x00000004da600000| Untracked 
|  63|0x00000004da700000, 0x00000004da700000, 0x00000004da800000|  0%| F|  |TAMS 0x00000004da700000, 0x00000004da700000| Untracked 
|  64|0x00000004da800000, 0x00000004da800000, 0x00000004da900000|  0%| F|  |TAMS 0x00000004da800000, 0x00000004da800000| Untracked 
|  65|0x00000004da900000, 0x00000004da900000, 0x00000004daa00000|  0%| F|  |TAMS 0x00000004da900000, 0x00000004da900000| Untracked 
|  66|0x00000004daa00000, 0x00000004daa00000, 0x00000004dab00000|  0%| F|  |TAMS 0x00000004daa00000, 0x00000004daa00000| Untracked 
|  67|0x00000004dab00000, 0x00000004dab00000, 0x00000004dac00000|  0%| F|  |TAMS 0x00000004dab00000, 0x00000004dab00000| Untracked 
|  68|0x00000004dac00000, 0x00000004dac00000, 0x00000004dad00000|  0%| F|  |TAMS 0x00000004dac00000, 0x00000004dac00000| Untracked 
|  69|0x00000004dad00000, 0x00000004dad00000, 0x00000004dae00000|  0%| F|  |TAMS 0x00000004dad00000, 0x00000004dad00000| Untracked 
|  70|0x00000004dae00000, 0x00000004dae00000, 0x00000004daf00000|  0%| F|  |TAMS 0x00000004dae00000, 0x00000004dae00000| Untracked 
|  71|0x00000004daf00000, 0x00000004daf00000, 0x00000004db000000|  0%| F|  |TAMS 0x00000004daf00000, 0x00000004daf00000| Untracked 
|  72|0x00000004db000000, 0x00000004db000000, 0x00000004db100000|  0%| F|  |TAMS 0x00000004db000000, 0x00000004db000000| Untracked 
|  73|0x00000004db100000, 0x00000004db100000, 0x00000004db200000|  0%| F|  |TAMS 0x00000004db100000, 0x00000004db100000| Untracked 
|  74|0x00000004db200000, 0x00000004db200000, 0x00000004db300000|  0%| F|  |TAMS 0x00000004db200000, 0x00000004db200000| Untracked 
|  75|0x00000004db300000, 0x00000004db300000, 0x00000004db400000|  0%| F|  |TAMS 0x00000004db300000, 0x00000004db300000| Untracked 
|  76|0x00000004db400000, 0x00000004db400000, 0x00000004db500000|  0%| F|  |TAMS 0x00000004db400000, 0x00000004db400000| Untracked 
|  77|0x00000004db500000, 0x00000004db500000, 0x00000004db600000|  0%| F|  |TAMS 0x00000004db500000, 0x00000004db500000| Untracked 
|  78|0x00000004db600000, 0x00000004db600000, 0x00000004db700000|  0%| F|  |TAMS 0x00000004db600000, 0x00000004db600000| Untracked 
|  79|0x00000004db700000, 0x00000004db700000, 0x00000004db800000|  0%| F|  |TAMS 0x00000004db700000, 0x00000004db700000| Untracked 
|  80|0x00000004db800000, 0x00000004db800000, 0x00000004db900000|  0%| F|  |TAMS 0x00000004db800000, 0x00000004db800000| Untracked 
|  81|0x00000004db900000, 0x00000004db900000, 0x00000004dba00000|  0%| F|  |TAMS 0x00000004db900000, 0x00000004db900000| Untracked 
|  82|0x00000004dba00000, 0x00000004dba00000, 0x00000004dbb00000|  0%| F|  |TAMS 0x00000004dba00000, 0x00000004dba00000| Untracked 
|  83|0x00000004dbb00000, 0x00000004dbb00000, 0x00000004dbc00000|  0%| F|  |TAMS 0x00000004dbb00000, 0x00000004dbb00000| Untracked 
|  84|0x00000004dbc00000, 0x00000004dbc00000, 0x00000004dbd00000|  0%| F|  |TAMS 0x00000004dbc00000, 0x00000004dbc00000| Untracked 
|  85|0x00000004dbd00000, 0x00000004dbd00000, 0x00000004dbe00000|  0%| F|  |TAMS 0x00000004dbd00000, 0x00000004dbd00000| Untracked 
|  86|0x00000004dbe00000, 0x00000004dbe00000, 0x00000004dbf00000|  0%| F|  |TAMS 0x00000004dbe00000, 0x00000004dbe00000| Untracked 
|  87|0x00000004dbf00000, 0x00000004dbf00000, 0x00000004dc000000|  0%| F|  |TAMS 0x00000004dbf00000, 0x00000004dbf00000| Untracked 
|  88|0x00000004dc000000, 0x00000004dc000000, 0x00000004dc100000|  0%| F|  |TAMS 0x00000004dc000000, 0x00000004dc000000| Untracked 
|  89|0x00000004dc100000, 0x00000004dc100000, 0x00000004dc200000|  0%| F|  |TAMS 0x00000004dc100000, 0x00000004dc100000| Untracked 
|  90|0x00000004dc200000, 0x00000004dc200000, 0x00000004dc300000|  0%| F|  |TAMS 0x00000004dc200000, 0x00000004dc200000| Untracked 
|  91|0x00000004dc300000, 0x00000004dc300000, 0x00000004dc400000|  0%| F|  |TAMS 0x00000004dc300000, 0x00000004dc300000| Untracked 
|  92|0x00000004dc400000, 0x00000004dc400000, 0x00000004dc500000|  0%| F|  |TAMS 0x00000004dc400000, 0x00000004dc400000| Untracked 
|  93|0x00000004dc500000, 0x00000004dc500000, 0x00000004dc600000|  0%| F|  |TAMS 0x00000004dc500000, 0x00000004dc500000| Untracked 
|  94|0x00000004dc600000, 0x00000004dc600000, 0x00000004dc700000|  0%| F|  |TAMS 0x00000004dc600000, 0x00000004dc600000| Untracked 
|  95|0x00000004dc700000, 0x00000004dc700000, 0x00000004dc800000|  0%| F|  |TAMS 0x00000004dc700000, 0x00000004dc700000| Untracked 
|  96|0x00000004dc800000, 0x00000004dc800000, 0x00000004dc900000|  0%| F|  |TAMS 0x00000004dc800000, 0x00000004dc800000| Untracked 
|  97|0x00000004dc900000, 0x00000004dc900000, 0x00000004dca00000|  0%| F|  |TAMS 0x00000004dc900000, 0x00000004dc900000| Untracked 
|  98|0x00000004dca00000, 0x00000004dca00000, 0x00000004dcb00000|  0%| F|  |TAMS 0x00000004dca00000, 0x00000004dca00000| Untracked 
|  99|0x00000004dcb00000, 0x00000004dcb00000, 0x00000004dcc00000|  0%| F|  |TAMS 0x00000004dcb00000, 0x00000004dcb00000| Untracked 
| 100|0x00000004dcc00000, 0x00000004dcc00000, 0x00000004dcd00000|  0%| F|  |TAMS 0x00000004dcc00000, 0x00000004dcc00000| Untracked 
| 101|0x00000004dcd00000, 0x00000004dcd00000, 0x00000004dce00000|  0%| F|  |TAMS 0x00000004dcd00000, 0x00000004dcd00000| Untracked 
| 102|0x00000004dce00000, 0x00000004dce00000, 0x00000004dcf00000|  0%| F|  |TAMS 0x00000004dce00000, 0x00000004dce00000| Untracked 
| 103|0x00000004dcf00000, 0x00000004dcf00000, 0x00000004dd000000|  0%| F|  |TAMS 0x00000004dcf00000, 0x00000004dcf00000| Untracked 
| 104|0x00000004dd000000, 0x00000004dd000000, 0x00000004dd100000|  0%| F|  |TAMS 0x00000004dd000000, 0x00000004dd000000| Untracked 
| 105|0x00000004dd100000, 0x00000004dd100000, 0x00000004dd200000|  0%| F|  |TAMS 0x00000004dd100000, 0x00000004dd100000| Untracked 
| 106|0x00000004dd200000, 0x00000004dd200000, 0x00000004dd300000|  0%| F|  |TAMS 0x00000004dd200000, 0x00000004dd200000| Untracked 
| 107|0x00000004dd300000, 0x00000004dd300000, 0x00000004dd400000|  0%| F|  |TAMS 0x00000004dd300000, 0x00000004dd300000| Untracked 
| 108|0x00000004dd400000, 0x00000004dd400000, 0x00000004dd500000|  0%| F|  |TAMS 0x00000004dd400000, 0x00000004dd400000| Untracked 
| 109|0x00000004dd500000, 0x00000004dd500000, 0x00000004dd600000|  0%| F|  |TAMS 0x00000004dd500000, 0x00000004dd500000| Untracked 
| 110|0x00000004dd600000, 0x00000004dd600000, 0x00000004dd700000|  0%| F|  |TAMS 0x00000004dd600000, 0x00000004dd600000| Untracked 
| 111|0x00000004dd700000, 0x00000004dd700000, 0x00000004dd800000|  0%| F|  |TAMS 0x00000004dd700000, 0x00000004dd700000| Untracked 
| 112|0x00000004dd800000, 0x00000004dd800000, 0x00000004dd900000|  0%| F|  |TAMS 0x00000004dd800000, 0x00000004dd800000| Untracked 
| 113|0x00000004dd900000, 0x00000004dd900000, 0x00000004dda00000|  0%| F|  |TAMS 0x00000004dd900000, 0x00000004dd900000| Untracked 
| 114|0x00000004dda00000, 0x00000004dda00000, 0x00000004ddb00000|  0%| F|  |TAMS 0x00000004dda00000, 0x00000004dda00000| Untracked 
| 115|0x00000004ddb00000, 0x00000004ddb00000, 0x00000004ddc00000|  0%| F|  |TAMS 0x00000004ddb00000, 0x00000004ddb00000| Untracked 
| 116|0x00000004ddc00000, 0x00000004ddc00000, 0x00000004ddd00000|  0%| F|  |TAMS 0x00000004ddc00000, 0x00000004ddc00000| Untracked 
| 117|0x00000004ddd00000, 0x00000004ddd00000, 0x00000004dde00000|  0%| F|  |TAMS 0x00000004ddd00000, 0x00000004ddd00000| Untracked 
| 118|0x00000004dde00000, 0x00000004dde00000, 0x00000004ddf00000|  0%| F|  |TAMS 0x00000004dde00000, 0x00000004dde00000| Untracked 
| 119|0x00000004ddf00000, 0x00000004ddf00000, 0x00000004de000000|  0%| F|  |TAMS 0x00000004ddf00000, 0x00000004ddf00000| Untracked 
| 120|0x00000004de000000, 0x00000004de000000, 0x00000004de100000|  0%| F|  |TAMS 0x00000004de000000, 0x00000004de000000| Untracked 
| 121|0x00000004de100000, 0x00000004de100000, 0x00000004de200000|  0%| F|  |TAMS 0x00000004de100000, 0x00000004de100000| Untracked 
| 122|0x00000004de200000, 0x00000004de200000, 0x00000004de300000|  0%| F|  |TAMS 0x00000004de200000, 0x00000004de200000| Untracked 
| 123|0x00000004de300000, 0x00000004de300000, 0x00000004de400000|  0%| F|  |TAMS 0x00000004de300000, 0x00000004de300000| Untracked 
| 124|0x00000004de400000, 0x00000004de400000, 0x00000004de500000|  0%| F|  |TAMS 0x00000004de400000, 0x00000004de400000| Untracked 
| 125|0x00000004de500000, 0x00000004de500000, 0x00000004de600000|  0%| F|  |TAMS 0x00000004de500000, 0x00000004de500000| Untracked 
| 126|0x00000004de600000, 0x00000004de600000, 0x00000004de700000|  0%| F|  |TAMS 0x00000004de600000, 0x00000004de600000| Untracked 
| 127|0x00000004de700000, 0x00000004de700000, 0x00000004de800000|  0%| F|  |TAMS 0x00000004de700000, 0x00000004de700000| Untracked 
| 128|0x00000004de800000, 0x00000004de800000, 0x00000004de900000|  0%| F|  |TAMS 0x00000004de800000, 0x00000004de800000| Untracked 
| 129|0x00000004de900000, 0x00000004de900000, 0x00000004dea00000|  0%| F|  |TAMS 0x00000004de900000, 0x00000004de900000| Untracked 
| 130|0x00000004dea00000, 0x00000004dea00000, 0x00000004deb00000|  0%| F|  |TAMS 0x00000004dea00000, 0x00000004dea00000| Untracked 
| 131|0x00000004deb00000, 0x00000004deb00000, 0x00000004dec00000|  0%| F|  |TAMS 0x00000004deb00000, 0x00000004deb00000| Untracked 
| 132|0x00000004dec00000, 0x00000004dec00000, 0x00000004ded00000|  0%| F|  |TAMS 0x00000004dec00000, 0x00000004dec00000| Untracked 
| 133|0x00000004ded00000, 0x00000004ded00000, 0x00000004dee00000|  0%| F|  |TAMS 0x00000004ded00000, 0x00000004ded00000| Untracked 
| 134|0x00000004dee00000, 0x00000004dee00000, 0x00000004def00000|  0%| F|  |TAMS 0x00000004dee00000, 0x00000004dee00000| Untracked 
| 135|0x00000004def00000, 0x00000004def00000, 0x00000004df000000|  0%| F|  |TAMS 0x00000004def00000, 0x00000004def00000| Untracked 
| 136|0x00000004df000000, 0x00000004df000000, 0x00000004df100000|  0%| F|  |TAMS 0x00000004df000000, 0x00000004df000000| Untracked 
| 137|0x00000004df100000, 0x00000004df100000, 0x00000004df200000|  0%| F|  |TAMS 0x00000004df100000, 0x00000004df100000| Untracked 
| 138|0x00000004df200000, 0x00000004df200000, 0x00000004df300000|  0%| F|  |TAMS 0x00000004df200000, 0x00000004df200000| Untracked 
| 139|0x00000004df300000, 0x00000004df300000, 0x00000004df400000|  0%| F|  |TAMS 0x00000004df300000, 0x00000004df300000| Untracked 
| 140|0x00000004df400000, 0x00000004df400000, 0x00000004df500000|  0%| F|  |TAMS 0x00000004df400000, 0x00000004df400000| Untracked 
| 141|0x00000004df500000, 0x00000004df500000, 0x00000004df600000|  0%| F|  |TAMS 0x00000004df500000, 0x00000004df500000| Untracked 
| 142|0x00000004df600000, 0x00000004df600000, 0x00000004df700000|  0%| F|  |TAMS 0x00000004df600000, 0x00000004df600000| Untracked 
| 143|0x00000004df700000, 0x00000004df700000, 0x00000004df800000|  0%| F|  |TAMS 0x00000004df700000, 0x00000004df700000| Untracked 
| 144|0x00000004df800000, 0x00000004df800000, 0x00000004df900000|  0%| F|  |TAMS 0x00000004df800000, 0x00000004df800000| Untracked 
| 145|0x00000004df900000, 0x00000004df900000, 0x00000004dfa00000|  0%| F|  |TAMS 0x00000004df900000, 0x00000004df900000| Untracked 
| 146|0x00000004dfa00000, 0x00000004dfa00000, 0x00000004dfb00000|  0%| F|  |TAMS 0x00000004dfa00000, 0x00000004dfa00000| Untracked 
| 147|0x00000004dfb00000, 0x00000004dfb00000, 0x00000004dfc00000|  0%| F|  |TAMS 0x00000004dfb00000, 0x00000004dfb00000| Untracked 
| 148|0x00000004dfc00000, 0x00000004dfc00000, 0x00000004dfd00000|  0%| F|  |TAMS 0x00000004dfc00000, 0x00000004dfc00000| Untracked 
| 149|0x00000004dfd00000, 0x00000004dfd00000, 0x00000004dfe00000|  0%| F|  |TAMS 0x00000004dfd00000, 0x00000004dfd00000| Untracked 
| 150|0x00000004dfe00000, 0x00000004dfe00000, 0x00000004dff00000|  0%| F|  |TAMS 0x00000004dfe00000, 0x00000004dfe00000| Untracked 
| 151|0x00000004dff00000, 0x00000004dff00000, 0x00000004e0000000|  0%| F|  |TAMS 0x00000004dff00000, 0x00000004dff00000| Untracked 
| 152|0x00000004e0000000, 0x00000004e0000000, 0x00000004e0100000|  0%| F|  |TAMS 0x00000004e0000000, 0x00000004e0000000| Untracked 
| 153|0x00000004e0100000, 0x00000004e0100000, 0x00000004e0200000|  0%| F|  |TAMS 0x00000004e0100000, 0x00000004e0100000| Untracked 
| 154|0x00000004e0200000, 0x00000004e0200000, 0x00000004e0300000|  0%| F|  |TAMS 0x00000004e0200000, 0x00000004e0200000| Untracked 
| 155|0x00000004e0300000, 0x00000004e0300000, 0x00000004e0400000|  0%| F|  |TAMS 0x00000004e0300000, 0x00000004e0300000| Untracked 
| 156|0x00000004e0400000, 0x00000004e0400000, 0x00000004e0500000|  0%| F|  |TAMS 0x00000004e0400000, 0x00000004e0400000| Untracked 
| 157|0x00000004e0500000, 0x00000004e0500000, 0x00000004e0600000|  0%| F|  |TAMS 0x00000004e0500000, 0x00000004e0500000| Untracked 
| 158|0x00000004e0600000, 0x00000004e0600000, 0x00000004e0700000|  0%| F|  |TAMS 0x00000004e0600000, 0x00000004e0600000| Untracked 
| 159|0x00000004e0700000, 0x00000004e0700000, 0x00000004e0800000|  0%| F|  |TAMS 0x00000004e0700000, 0x00000004e0700000| Untracked 
| 160|0x00000004e0800000, 0x00000004e0800000, 0x00000004e0900000|  0%| F|  |TAMS 0x00000004e0800000, 0x00000004e0800000| Untracked 
| 161|0x00000004e0900000, 0x00000004e0900000, 0x00000004e0a00000|  0%| F|  |TAMS 0x00000004e0900000, 0x00000004e0900000| Untracked 
| 162|0x00000004e0a00000, 0x00000004e0a00000, 0x00000004e0b00000|  0%| F|  |TAMS 0x00000004e0a00000, 0x00000004e0a00000| Untracked 
| 163|0x00000004e0b00000, 0x00000004e0b00000, 0x00000004e0c00000|  0%| F|  |TAMS 0x00000004e0b00000, 0x00000004e0b00000| Untracked 
| 164|0x00000004e0c00000, 0x00000004e0c00000, 0x00000004e0d00000|  0%| F|  |TAMS 0x00000004e0c00000, 0x00000004e0c00000| Untracked 
| 165|0x00000004e0d00000, 0x00000004e0d00000, 0x00000004e0e00000|  0%| F|  |TAMS 0x00000004e0d00000, 0x00000004e0d00000| Untracked 
| 166|0x00000004e0e00000, 0x00000004e0e00000, 0x00000004e0f00000|  0%| F|  |TAMS 0x00000004e0e00000, 0x00000004e0e00000| Untracked 
| 167|0x00000004e0f00000, 0x00000004e0f00000, 0x00000004e1000000|  0%| F|  |TAMS 0x00000004e0f00000, 0x00000004e0f00000| Untracked 
| 168|0x00000004e1000000, 0x00000004e1000000, 0x00000004e1100000|  0%| F|  |TAMS 0x00000004e1000000, 0x00000004e1000000| Untracked 
| 169|0x00000004e1100000, 0x00000004e1100000, 0x00000004e1200000|  0%| F|  |TAMS 0x00000004e1100000, 0x00000004e1100000| Untracked 
| 170|0x00000004e1200000, 0x00000004e1200000, 0x00000004e1300000|  0%| F|  |TAMS 0x00000004e1200000, 0x00000004e1200000| Untracked 
| 171|0x00000004e1300000, 0x00000004e1300000, 0x00000004e1400000|  0%| F|  |TAMS 0x00000004e1300000, 0x00000004e1300000| Untracked 
| 172|0x00000004e1400000, 0x00000004e1400000, 0x00000004e1500000|  0%| F|  |TAMS 0x00000004e1400000, 0x00000004e1400000| Untracked 
| 173|0x00000004e1500000, 0x00000004e1500000, 0x00000004e1600000|  0%| F|  |TAMS 0x00000004e1500000, 0x00000004e1500000| Untracked 
| 174|0x00000004e1600000, 0x00000004e1600000, 0x00000004e1700000|  0%| F|  |TAMS 0x00000004e1600000, 0x00000004e1600000| Untracked 
| 175|0x00000004e1700000, 0x00000004e1700000, 0x00000004e1800000|  0%| F|  |TAMS 0x00000004e1700000, 0x00000004e1700000| Untracked 
| 176|0x00000004e1800000, 0x00000004e1800000, 0x00000004e1900000|  0%| F|  |TAMS 0x00000004e1800000, 0x00000004e1800000| Untracked 
| 177|0x00000004e1900000, 0x00000004e1900000, 0x00000004e1a00000|  0%| F|  |TAMS 0x00000004e1900000, 0x00000004e1900000| Untracked 
| 178|0x00000004e1a00000, 0x00000004e1a00000, 0x00000004e1b00000|  0%| F|  |TAMS 0x00000004e1a00000, 0x00000004e1a00000| Untracked 
| 179|0x00000004e1b00000, 0x00000004e1b00000, 0x00000004e1c00000|  0%| F|  |TAMS 0x00000004e1b00000, 0x00000004e1b00000| Untracked 
| 180|0x00000004e1c00000, 0x00000004e1c00000, 0x00000004e1d00000|  0%| F|  |TAMS 0x00000004e1c00000, 0x00000004e1c00000| Untracked 
| 181|0x00000004e1d00000, 0x00000004e1d00000, 0x00000004e1e00000|  0%| F|  |TAMS 0x00000004e1d00000, 0x00000004e1d00000| Untracked 
| 182|0x00000004e1e00000, 0x00000004e1e00000, 0x00000004e1f00000|  0%| F|  |TAMS 0x00000004e1e00000, 0x00000004e1e00000| Untracked 
| 183|0x00000004e1f00000, 0x00000004e1f00000, 0x00000004e2000000|  0%| F|  |TAMS 0x00000004e1f00000, 0x00000004e1f00000| Untracked 
| 184|0x00000004e2000000, 0x00000004e2000000, 0x00000004e2100000|  0%| F|  |TAMS 0x00000004e2000000, 0x00000004e2000000| Untracked 
| 185|0x00000004e2100000, 0x00000004e2100000, 0x00000004e2200000|  0%| F|  |TAMS 0x00000004e2100000, 0x00000004e2100000| Untracked 
| 186|0x00000004e2200000, 0x00000004e2200000, 0x00000004e2300000|  0%| F|  |TAMS 0x00000004e2200000, 0x00000004e2200000| Untracked 
| 187|0x00000004e2300000, 0x00000004e2300000, 0x00000004e2400000|  0%| F|  |TAMS 0x00000004e2300000, 0x00000004e2300000| Untracked 
| 188|0x00000004e2400000, 0x00000004e2400000, 0x00000004e2500000|  0%| F|  |TAMS 0x00000004e2400000, 0x00000004e2400000| Untracked 
| 189|0x00000004e2500000, 0x00000004e2500000, 0x00000004e2600000|  0%| F|  |TAMS 0x00000004e2500000, 0x00000004e2500000| Untracked 
| 190|0x00000004e2600000, 0x00000004e2600000, 0x00000004e2700000|  0%| F|  |TAMS 0x00000004e2600000, 0x00000004e2600000| Untracked 
| 191|0x00000004e2700000, 0x00000004e2700000, 0x00000004e2800000|  0%| F|  |TAMS 0x00000004e2700000, 0x00000004e2700000| Untracked 
| 192|0x00000004e2800000, 0x00000004e2800000, 0x00000004e2900000|  0%| F|  |TAMS 0x00000004e2800000, 0x00000004e2800000| Untracked 
| 193|0x00000004e2900000, 0x00000004e2900000, 0x00000004e2a00000|  0%| F|  |TAMS 0x00000004e2900000, 0x00000004e2900000| Untracked 
| 194|0x00000004e2a00000, 0x00000004e2a00000, 0x00000004e2b00000|  0%| F|  |TAMS 0x00000004e2a00000, 0x00000004e2a00000| Untracked 
| 195|0x00000004e2b00000, 0x00000004e2b00000, 0x00000004e2c00000|  0%| F|  |TAMS 0x00000004e2b00000, 0x00000004e2b00000| Untracked 
| 196|0x00000004e2c00000, 0x00000004e2c00000, 0x00000004e2d00000|  0%| F|  |TAMS 0x00000004e2c00000, 0x00000004e2c00000| Untracked 
| 197|0x00000004e2d00000, 0x00000004e2e00000, 0x00000004e2e00000|100%| E|  |TAMS 0x00000004e2d00000, 0x00000004e2d00000| Complete 
| 198|0x00000004e2e00000, 0x00000004e2f00000, 0x00000004e2f00000|100%| E|CS|TAMS 0x00000004e2e00000, 0x00000004e2e00000| Complete 
| 199|0x00000004e2f00000, 0x00000004e3000000, 0x00000004e3000000|100%| E|CS|TAMS 0x00000004e2f00000, 0x00000004e2f00000| Complete 
| 200|0x00000004e3000000, 0x00000004e3100000, 0x00000004e3100000|100%| E|CS|TAMS 0x00000004e3000000, 0x00000004e3000000| Complete 
| 201|0x00000004e3100000, 0x00000004e3200000, 0x00000004e3200000|100%| E|CS|TAMS 0x00000004e3100000, 0x00000004e3100000| Complete 
| 202|0x00000004e3200000, 0x00000004e3300000, 0x00000004e3300000|100%| E|CS|TAMS 0x00000004e3200000, 0x00000004e3200000| Complete 
| 203|0x00000004e3300000, 0x00000004e3400000, 0x00000004e3400000|100%| E|CS|TAMS 0x00000004e3300000, 0x00000004e3300000| Complete 
| 204|0x00000004e3400000, 0x00000004e3500000, 0x00000004e3500000|100%| E|CS|TAMS 0x00000004e3400000, 0x00000004e3400000| Complete 
| 205|0x00000004e3500000, 0x00000004e3600000, 0x00000004e3600000|100%| E|CS|TAMS 0x00000004e3500000, 0x00000004e3500000| Complete 
| 206|0x00000004e3600000, 0x00000004e3700000, 0x00000004e3700000|100%| E|CS|TAMS 0x00000004e3600000, 0x00000004e3600000| Complete 
| 207|0x00000004e3700000, 0x00000004e3800000, 0x00000004e3800000|100%| E|CS|TAMS 0x00000004e3700000, 0x00000004e3700000| Complete 
| 208|0x00000004e3800000, 0x00000004e3900000, 0x00000004e3900000|100%| E|CS|TAMS 0x00000004e3800000, 0x00000004e3800000| Complete 
| 209|0x00000004e3900000, 0x00000004e3a00000, 0x00000004e3a00000|100%| E|CS|TAMS 0x00000004e3900000, 0x00000004e3900000| Complete 
| 210|0x00000004e3a00000, 0x00000004e3b00000, 0x00000004e3b00000|100%| E|CS|TAMS 0x00000004e3a00000, 0x00000004e3a00000| Complete 
| 211|0x00000004e3b00000, 0x00000004e3c00000, 0x00000004e3c00000|100%| E|CS|TAMS 0x00000004e3b00000, 0x00000004e3b00000| Complete 
| 212|0x00000004e3c00000, 0x00000004e3d00000, 0x00000004e3d00000|100%| E|CS|TAMS 0x00000004e3c00000, 0x00000004e3c00000| Complete 
| 213|0x00000004e3d00000, 0x00000004e3e00000, 0x00000004e3e00000|100%| E|CS|TAMS 0x00000004e3d00000, 0x00000004e3d00000| Complete 
| 214|0x00000004e3e00000, 0x00000004e3f00000, 0x00000004e3f00000|100%| E|CS|TAMS 0x00000004e3e00000, 0x00000004e3e00000| Complete 
| 215|0x00000004e3f00000, 0x00000004e4000000, 0x00000004e4000000|100%| E|CS|TAMS 0x00000004e3f00000, 0x00000004e3f00000| Complete 
| 216|0x00000004e4000000, 0x00000004e4100000, 0x00000004e4100000|100%| E|CS|TAMS 0x00000004e4000000, 0x00000004e4000000| Complete 
| 217|0x00000004e4100000, 0x00000004e4200000, 0x00000004e4200000|100%| E|CS|TAMS 0x00000004e4100000, 0x00000004e4100000| Complete 
| 218|0x00000004e4200000, 0x00000004e4300000, 0x00000004e4300000|100%| E|CS|TAMS 0x00000004e4200000, 0x00000004e4200000| Complete 
| 219|0x00000004e4300000, 0x00000004e4400000, 0x00000004e4400000|100%| E|CS|TAMS 0x00000004e4300000, 0x00000004e4300000| Complete 
| 220|0x00000004e4400000, 0x00000004e4500000, 0x00000004e4500000|100%| E|CS|TAMS 0x00000004e4400000, 0x00000004e4400000| Complete 
| 221|0x00000004e4500000, 0x00000004e4600000, 0x00000004e4600000|100%| E|CS|TAMS 0x00000004e4500000, 0x00000004e4500000| Complete 
| 222|0x00000004e4600000, 0x00000004e4700000, 0x00000004e4700000|100%| E|CS|TAMS 0x00000004e4600000, 0x00000004e4600000| Complete 
| 223|0x00000004e4700000, 0x00000004e4800000, 0x00000004e4800000|100%| E|CS|TAMS 0x00000004e4700000, 0x00000004e4700000| Complete 
| 224|0x00000004e4800000, 0x00000004e4900000, 0x00000004e4900000|100%| E|CS|TAMS 0x00000004e4800000, 0x00000004e4800000| Complete 
| 225|0x00000004e4900000, 0x00000004e4a00000, 0x00000004e4a00000|100%| E|CS|TAMS 0x00000004e4900000, 0x00000004e4900000| Complete 
| 226|0x00000004e4a00000, 0x00000004e4b00000, 0x00000004e4b00000|100%| E|CS|TAMS 0x00000004e4a00000, 0x00000004e4a00000| Complete 
| 227|0x00000004e4b00000, 0x00000004e4c00000, 0x00000004e4c00000|100%| E|CS|TAMS 0x00000004e4b00000, 0x00000004e4b00000| Complete 
| 228|0x00000004e4c00000, 0x00000004e4d00000, 0x00000004e4d00000|100%| E|CS|TAMS 0x00000004e4c00000, 0x00000004e4c00000| Complete 
| 229|0x00000004e4d00000, 0x00000004e4e00000, 0x00000004e4e00000|100%| S|CS|TAMS 0x00000004e4d00000, 0x00000004e4d00000| Complete 
| 230|0x00000004e4e00000, 0x00000004e4f00000, 0x00000004e4f00000|100%| S|CS|TAMS 0x00000004e4e00000, 0x00000004e4e00000| Complete 
| 231|0x00000004e4f00000, 0x00000004e5000000, 0x00000004e5000000|100%| S|CS|TAMS 0x00000004e4f00000, 0x00000004e4f00000| Complete 
| 232|0x00000004e5000000, 0x00000004e5100000, 0x00000004e5100000|100%| E|CS|TAMS 0x00000004e5000000, 0x00000004e5000000| Complete 
| 233|0x00000004e5100000, 0x00000004e5200000, 0x00000004e5200000|100%| E|CS|TAMS 0x00000004e5100000, 0x00000004e5100000| Complete 
| 234|0x00000004e5200000, 0x00000004e5300000, 0x00000004e5300000|100%| E|CS|TAMS 0x00000004e5200000, 0x00000004e5200000| Complete 
| 235|0x00000004e5300000, 0x00000004e5400000, 0x00000004e5400000|100%| E|CS|TAMS 0x00000004e5300000, 0x00000004e5300000| Complete 
| 236|0x00000004e5400000, 0x00000004e5500000, 0x00000004e5500000|100%| E|CS|TAMS 0x00000004e5400000, 0x00000004e5400000| Complete 
| 237|0x00000004e5500000, 0x00000004e5600000, 0x00000004e5600000|100%| E|CS|TAMS 0x00000004e5500000, 0x00000004e5500000| Complete 
| 238|0x00000004e5600000, 0x00000004e5700000, 0x00000004e5700000|100%| E|CS|TAMS 0x00000004e5600000, 0x00000004e5600000| Complete 
| 239|0x00000004e5700000, 0x00000004e5800000, 0x00000004e5800000|100%| E|CS|TAMS 0x00000004e5700000, 0x00000004e5700000| Complete 
| 240|0x00000004e5800000, 0x00000004e5900000, 0x00000004e5900000|100%| E|CS|TAMS 0x00000004e5800000, 0x00000004e5800000| Complete 
| 241|0x00000004e5900000, 0x00000004e5a00000, 0x00000004e5a00000|100%| E|CS|TAMS 0x00000004e5900000, 0x00000004e5900000| Complete 
| 242|0x00000004e5a00000, 0x00000004e5b00000, 0x00000004e5b00000|100%| E|CS|TAMS 0x00000004e5a00000, 0x00000004e5a00000| Complete 
| 243|0x00000004e5b00000, 0x00000004e5c00000, 0x00000004e5c00000|100%| E|CS|TAMS 0x00000004e5b00000, 0x00000004e5b00000| Complete 
| 244|0x00000004e5c00000, 0x00000004e5d00000, 0x00000004e5d00000|100%| E|CS|TAMS 0x00000004e5c00000, 0x00000004e5c00000| Complete 
| 245|0x00000004e5d00000, 0x00000004e5e00000, 0x00000004e5e00000|100%| E|CS|TAMS 0x00000004e5d00000, 0x00000004e5d00000| Complete 
| 246|0x00000004e5e00000, 0x00000004e5f00000, 0x00000004e5f00000|100%| E|CS|TAMS 0x00000004e5e00000, 0x00000004e5e00000| Complete 
| 247|0x00000004e5f00000, 0x00000004e6000000, 0x00000004e6000000|100%| E|CS|TAMS 0x00000004e5f00000, 0x00000004e5f00000| Complete 
| 248|0x00000004e6000000, 0x00000004e6100000, 0x00000004e6100000|100%| E|CS|TAMS 0x00000004e6000000, 0x00000004e6000000| Complete 
| 249|0x00000004e6100000, 0x00000004e6200000, 0x00000004e6200000|100%| E|CS|TAMS 0x00000004e6100000, 0x00000004e6100000| Complete 
| 250|0x00000004e6200000, 0x00000004e6300000, 0x00000004e6300000|100%| E|CS|TAMS 0x00000004e6200000, 0x00000004e6200000| Complete 
| 251|0x00000004e6300000, 0x00000004e6400000, 0x00000004e6400000|100%| E|CS|TAMS 0x00000004e6300000, 0x00000004e6300000| Complete 
| 252|0x00000004e6400000, 0x00000004e6500000, 0x00000004e6500000|100%| E|CS|TAMS 0x00000004e6400000, 0x00000004e6400000| Complete 
| 253|0x00000004e6500000, 0x00000004e6600000, 0x00000004e6600000|100%| E|CS|TAMS 0x00000004e6500000, 0x00000004e6500000| Complete 
| 254|0x00000004e6600000, 0x00000004e6700000, 0x00000004e6700000|100%| E|CS|TAMS 0x00000004e6600000, 0x00000004e6600000| Complete 
| 255|0x00000004e6700000, 0x00000004e6800000, 0x00000004e6800000|100%| E|CS|TAMS 0x00000004e6700000, 0x00000004e6700000| Complete 

Card table byte_map: [0x000001406e930000,0x000001406f130000] _byte_map_base: 0x000001406c27c000

Marking Bits (Prev, Next): (CMBitMap*) 0x0000014056b39398, (CMBitMap*) 0x0000014056b393d0
 Prev Bits: [0x000001406f930000, 0x00000140738c0000)
 Next Bits: [0x00000140738c0000, 0x0000014077850000)

Polling page: 0x00000140562b0000

Metaspace:

Usage:
  Non-class:     16.52 MB capacity,    16.27 MB ( 98%) used,   207.98 KB (  1%) free+waste,    47.31 KB ( <1%) overhead. 
      Class:      2.21 MB capacity,     2.02 MB ( 91%) used,   175.13 KB (  8%) free+waste,    24.44 KB (  1%) overhead. 
       Both:     18.74 MB capacity,    18.29 MB ( 98%) used,   383.10 KB (  2%) free+waste,    71.75 KB ( <1%) overhead. 

Virtual space:
  Non-class space:       18.00 MB reserved,      16.75 MB ( 93%) committed 
      Class space:        1.00 GB reserved,       2.25 MB ( <1%) committed 
             Both:        1.02 GB reserved,      19.00 MB (  2%) committed 

Chunk freelists:
   Non-Class:  5.25 KB
       Class:  512 bytes
        Both:  5.75 KB

CodeHeap 'non-profiled nmethods': size=120000Kb used=729Kb max_used=729Kb free=119270Kb
 bounds [0x00000140668d0000, 0x0000014066b40000, 0x000001406de00000]
CodeHeap 'profiled nmethods': size=120000Kb used=3861Kb max_used=3861Kb free=116138Kb
 bounds [0x000001405f3a0000, 0x000001405f770000, 0x00000140668d0000]
CodeHeap 'non-nmethods': size=5760Kb used=1236Kb max_used=1273Kb free=4524Kb
 bounds [0x000001405ee00000, 0x000001405f070000, 0x000001405f3a0000]
 total_blobs=2952 nmethods=1946 adapters=529
 compilation: enabled
              stopped_count=0, restarted_count=0
 full_count=0

Compilation events (10 events):
Event: 129.642 Thread 0x000001407ad0c000 1947       3       java.awt.event.InputEvent$1::setCanAccessSystemClipboard (6 bytes)
Event: 129.642 Thread 0x000001407ad0c000 nmethod 1947 0x000001405f764090 code [0x000001405f764240, 0x000001405f7643b8]
Event: 129.671 Thread 0x000001407ad0c000 1948       3       sun.awt.AWTAccessor::getMouseEventAccessor (18 bytes)
Event: 129.671 Thread 0x000001407ad0c000 nmethod 1948 0x000001405f764490 code [0x000001405f764660, 0x000001405f7648d0]
Event: 129.799 Thread 0x000001407ad0c000 1949       3       sun.swing.SwingUtilities2$KeyPair::hashCode (19 bytes)
Event: 129.799 Thread 0x000001407ad0c000 nmethod 1949 0x000001405f764990 code [0x000001405f764b60, 0x000001405f764e80]
Event: 129.877 Thread 0x000001407ad0c000 1950       3       javax.swing.DefaultButtonModel::isEnabled (16 bytes)
Event: 129.877 Thread 0x000001407ad0c000 nmethod 1950 0x000001405f764f90 code [0x000001405f765140, 0x000001405f7652f8]
Event: 129.877 Thread 0x000001407ad0c000 1951       3       java.awt.Container::hasHeavyweightDescendants (17 bytes)
Event: 129.877 Thread 0x000001407ad0c000 nmethod 1951 0x000001405f765390 code [0x000001405f765580, 0x000001405f765940]

GC Heap History (2 events):
Event: 2.090 GC heap before
{Heap before GC invocations=0 (full 0):
 garbage-first heap   total 262144K, used 34816K [0x00000004d6800000, 0x00000005d4c00000)
  region size 1024K, 24 young (24576K), 0 survivors (0K)
 Metaspace       used 15966K, capacity 16357K, committed 16640K, reserved 1064960K
  class space    used 1766K, capacity 1947K, committed 2048K, reserved 1048576K
}
Event: 2.094 GC heap after
{Heap after GC invocations=1 (full 0):
 garbage-first heap   total 262144K, used 13400K [0x00000004d6800000, 0x00000005d4c00000)
  region size 1024K, 3 young (3072K), 3 survivors (3072K)
 Metaspace       used 15966K, capacity 16357K, committed 16640K, reserved 1064960K
  class space    used 1766K, capacity 1947K, committed 2048K, reserved 1048576K
}

Deoptimization events (10 events):
Event: 2.086 Thread 0x0000014056ad7800 Uncommon trap: reason=unstable_if action=reinterpret pc=0x00000140668e580c method=java.lang.String.hashCode()I @ 22 c2
Event: 2.104 Thread 0x0000014056ad7800 Uncommon trap: reason=unstable_if action=reinterpret pc=0x000001406691c164 method=java.lang.CharacterData.of(I)Ljava/lang/CharacterData; @ 4 c2
Event: 2.110 Thread 0x0000014056ad7800 Uncommon trap: reason=unstable_if action=reinterpret pc=0x000001406692e674 method=java.lang.Character.isSurrogate(C)Z @ 3 c2
Event: 2.110 Thread 0x0000014056ad7800 Uncommon trap: reason=unstable_if action=reinterpret pc=0x000001406690b0dc method=java.lang.String.equals(Ljava/lang/Object;)Z @ 34 c2
Event: 2.299 Thread 0x0000014056ad7800 Uncommon trap: reason=unstable_if action=reinterpret pc=0x0000014066916968 method=java.lang.ref.ReferenceQueue.poll()Ljava/lang/ref/Reference; @ 4 c2
Event: 2.460 Thread 0x000001407b34b000 Uncommon trap: reason=class_check action=maybe_recompile pc=0x00000140669201e0 method=java.util.HashMap.putVal(ILjava/lang/Object;Ljava/lang/Object;ZZ)Ljava/lang/Object; @ 91 c2
Event: 2.460 Thread 0x000001407b34b000 Uncommon trap: reason=class_check action=maybe_recompile pc=0x00000140669201e0 method=java.util.HashMap.putVal(ILjava/lang/Object;Ljava/lang/Object;ZZ)Ljava/lang/Object; @ 91 c2
Event: 2.479 Thread 0x0000014056ad7800 Uncommon trap: reason=unstable_if action=reinterpret pc=0x000001406692ce94 method=java.lang.String.startsWith(Ljava/lang/String;I)Z @ 14 c2
Event: 2.988 Thread 0x000001407b664800 Uncommon trap: reason=unstable_if action=reinterpret pc=0x0000014066907414 method=java.util.concurrent.ConcurrentHashMap.get(Ljava/lang/Object;)Ljava/lang/Object; @ 76 c2
Event: 3.710 Thread 0x000001407b664800 Uncommon trap: reason=unstable_if action=reinterpret pc=0x000001406692a548 method=java.nio.Buffer.limit(I)Ljava/nio/Buffer; @ 45 c2

Classes redefined (0 events):
No events

Internal exceptions (10 events):
Event: 1.877 Thread 0x0000014056ad7800 Exception <a 'java/lang/NoSuchMethodError'{0x00000004e583d560}: java.lang.invoke.DirectMethodHandle$Holder.invokeStatic(Ljava/lang/Object;Ljava/lang/Object;Ljava/lang/Object;Ljava/lang/Object;Ljava/lang/Object;Ljava/lang/Object;Ljava/lang/Object;Ljava/lan
Event: 1.878 Thread 0x0000014056ad7800 Exception <a 'java/lang/NoSuchMethodError'{0x00000004e585c2e8}: java.lang.invoke.DirectMethodHandle$Holder.invokeStatic(Ljava/lang/Object;Ljava/lang/Object;Ljava/lang/Object;Ljava/lang/Object;Ljava/lang/Object;Ljava/lang/Object;Ljava/lang/Object;Ljava/lan
Event: 1.880 Thread 0x0000014056ad7800 Exception <a 'java/lang/NoSuchMethodError'{0x00000004e58f8258}: java.lang.invoke.DirectMethodHandle$Holder.invokeStatic(Ljava/lang/Object;Ljava/lang/Object;Ljava/lang/Object;Ljava/lang/Object;Ljava/lang/Object;Ljava/lang/Object;Ljava/lang/Object;Ljava/lan
Event: 1.964 Thread 0x0000014056ad7800 Exception <a 'java/io/FileNotFoundException'{0x00000004e547db88}> (0x00000004e547db88) thrown at [t:/workspace/open/src/hotspot/share/prims/jni.cpp, line 615]
Event: 1.964 Thread 0x0000014056ad7800 Exception <a 'java/io/FileNotFoundException'{0x00000004e547f178}> (0x00000004e547f178) thrown at [t:/workspace/open/src/hotspot/share/prims/jni.cpp, line 615]
Event: 1.968 Thread 0x0000014056ad7800 Exception <a 'java/io/FileNotFoundException'{0x00000004e54986b8}> (0x00000004e54986b8) thrown at [t:/workspace/open/src/hotspot/share/prims/jni.cpp, line 615]
Event: 1.968 Thread 0x0000014056ad7800 Exception <a 'java/io/FileNotFoundException'{0x00000004e5499bd8}> (0x00000004e5499bd8) thrown at [t:/workspace/open/src/hotspot/share/prims/jni.cpp, line 615]
Event: 2.477 Thread 0x0000014056ad7800 Exception <a 'java/lang/NoSuchMethodError'{0x00000004e34eec58}: java.lang.invoke.DirectMethodHandle$Holder.invokeStaticInit(Ljava/lang/Object;)V> (0x00000004e34eec58) thrown at [t:/workspace/open/src/hotspot/share/interpreter/linkResolver.cpp, line 772]
Event: 2.483 Thread 0x0000014056ad7800 Exception <a 'java/lang/NoSuchMethodError'{0x00000004e323e748}: java.lang.invoke.Invokers$Holder.linkToTargetMethod(Ljava/lang/Object;ILjava/lang/Object;)Ljava/lang/Object;> (0x00000004e323e748) thrown at [t:/workspace/open/src/hotspot/share/interpreter/l
Event: 3.711 Thread 0x000001407b664800 Exception <a 'java/lang/NullPointerException'{0x00000004e306e828}> (0x00000004e306e828) thrown at [t:/workspace/open/src/hotspot/share/interpreter/linkResolver.cpp, line 1436]

Events (10 events):
Event: 129.877 Executing VM operation: RevokeBias
Event: 129.877 Executing VM operation: RevokeBias done
Event: 129.878 Thread 0x000001407da10800 Thread added: 0x000001407da10800
Event: 129.878 Thread 0x000001407b6b0000 Thread added: 0x000001407b6b0000
Event: 129.878 Thread 0x000001407da10800 Thread exited: 0x000001407da10800
Event: 129.904 Executing VM operation: RevokeBias
Event: 129.904 Executing VM operation: RevokeBias done
Event: 129.907 Thread 0x000001407b34b000 Thread exited: 0x000001407b34b000
Event: 129.979 Thread 0x000001407b6b0000 Thread exited: 0x000001407b6b0000
Event: 129.980 Executing VM operation: Exit


Dynamic libraries:
0x00007ff7e0d00000 - 0x00007ff7e0d47000 	C:\Program Files\Java\jdk-11.0.2\bin\java.exe
0x00007ffa962a0000 - 0x00007ffa96490000 	C:\WINDOWS\SYSTEM32\ntdll.dll
0x00007ffa95c40000 - 0x00007ffa95cf2000 	C:\WINDOWS\System32\KERNEL32.DLL
0x00007ffa93500000 - 0x00007ffa937a3000 	C:\WINDOWS\System32\KERNELBASE.dll
0x00007ffa96140000 - 0x00007ffa961e3000 	C:\WINDOWS\System32\ADVAPI32.dll
0x00007ffa95910000 - 0x00007ffa959ae000 	C:\WINDOWS\System32\msvcrt.dll
0x00007ffa94a00000 - 0x00007ffa94a97000 	C:\WINDOWS\System32\sechost.dll
0x00007ffa95f10000 - 0x00007ffa96030000 	C:\WINDOWS\System32\RPCRT4.dll
0x00007ffa95d70000 - 0x00007ffa95f04000 	C:\WINDOWS\System32\USER32.dll
0x00007ffa93230000 - 0x00007ffa93251000 	C:\WINDOWS\System32\win32u.dll
0x00007ffa95790000 - 0x00007ffa957b6000 	C:\WINDOWS\System32\GDI32.dll
0x00007ffa93890000 - 0x00007ffa93a24000 	C:\WINDOWS\System32\gdi32full.dll
0x00007ffa94230000 - 0x00007ffa942ce000 	C:\WINDOWS\System32\msvcp_win.dll
0x00007ffa93260000 - 0x00007ffa9335a000 	C:\WINDOWS\System32\ucrtbase.dll
0x00007ffa872c0000 - 0x00007ffa87545000 	C:\WINDOWS\WinSxS\amd64_microsoft.windows.common-controls_6595b64144ccf1df_6.0.18362.657_none_e6c5b579130e3898\COMCTL32.dll
0x00007ffa95190000 - 0x00007ffa954c6000 	C:\WINDOWS\System32\combase.dll
0x00007ffa8dcd0000 - 0x00007ffa8dcda000 	C:\WINDOWS\SYSTEM32\VERSION.dll
0x00007ffa942d0000 - 0x00007ffa94350000 	C:\WINDOWS\System32\bcryptPrimitives.dll
0x00007ffa96100000 - 0x00007ffa9612e000 	C:\WINDOWS\System32\IMM32.DLL
0x00007ffa77a60000 - 0x00007ffa77a76000 	C:\Program Files\Java\jdk-11.0.2\bin\vcruntime140.dll
0x00007ffa49690000 - 0x00007ffa4973a000 	C:\Program Files\Java\jdk-11.0.2\bin\msvcp140.dll
0x00007ffa3cf20000 - 0x00007ffa3da47000 	C:\Program Files\Java\jdk-11.0.2\bin\server\jvm.dll
0x00007ffa96130000 - 0x00007ffa96138000 	C:\WINDOWS\System32\PSAPI.DLL
0x00007ffa893d0000 - 0x00007ffa893f4000 	C:\WINDOWS\SYSTEM32\WINMM.dll
0x00007ffa8b3d0000 - 0x00007ffa8b3d9000 	C:\WINDOWS\SYSTEM32\WSOCK32.dll
0x00007ffa961f0000 - 0x00007ffa9625f000 	C:\WINDOWS\System32\WS2_32.dll
0x00007ffa893a0000 - 0x00007ffa893cd000 	C:\WINDOWS\SYSTEM32\winmmbase.dll
0x00007ffa93360000 - 0x00007ffa933aa000 	C:\WINDOWS\System32\cfgmgr32.dll
0x00007ffa931a0000 - 0x00007ffa931b1000 	C:\WINDOWS\System32\kernel.appcore.dll
0x00007ffa77810000 - 0x00007ffa77821000 	C:\Program Files\Java\jdk-11.0.2\bin\verify.dll
0x00007ffa8cb90000 - 0x00007ffa8cd84000 	C:\WINDOWS\SYSTEM32\DBGHELP.DLL
0x00007ffa8c350000 - 0x00007ffa8c37a000 	C:\WINDOWS\SYSTEM32\dbgcore.DLL
0x00007ffa6a2e0000 - 0x00007ffa6a309000 	C:\Program Files\Java\jdk-11.0.2\bin\java.dll
0x00007ffa76f30000 - 0x00007ffa76f46000 	C:\Program Files\Java\jdk-11.0.2\bin\zip.dll
0x00007ffa8afe0000 - 0x00007ffa8afea000 	C:\Program Files\Java\jdk-11.0.2\bin\jimage.dll
0x00007ffa94aa0000 - 0x00007ffa95185000 	C:\WINDOWS\System32\SHELL32.dll
0x00007ffa95580000 - 0x00007ffa95629000 	C:\WINDOWS\System32\shcore.dll
0x00007ffa93ab0000 - 0x00007ffa9422f000 	C:\WINDOWS\System32\windows.storage.dll
0x00007ffa931c0000 - 0x00007ffa931df000 	C:\WINDOWS\System32\profapi.dll
0x00007ffa931e0000 - 0x00007ffa9322a000 	C:\WINDOWS\System32\powrprof.dll
0x00007ffa93170000 - 0x00007ffa93180000 	C:\WINDOWS\System32\UMPDC.dll
0x00007ffa95a30000 - 0x00007ffa95a82000 	C:\WINDOWS\System32\shlwapi.dll
0x00007ffa93a30000 - 0x00007ffa93a47000 	C:\WINDOWS\System32\cryptsp.dll
0x00007ffa73970000 - 0x00007ffa73989000 	C:\Program Files\Java\jdk-11.0.2\bin\net.dll
0x00007ffa8a100000 - 0x00007ffa8a1f0000 	C:\WINDOWS\SYSTEM32\WINHTTP.dll
0x00007ffa87050000 - 0x00007ffa87226000 	C:\WINDOWS\SYSTEM32\urlmon.dll
0x00007ffa86da0000 - 0x00007ffa87046000 	C:\WINDOWS\SYSTEM32\iertutil.dll
0x00007ffa92bb0000 - 0x00007ffa92bbc000 	C:\WINDOWS\SYSTEM32\CRYPTBASE.DLL
0x00007ffa929e0000 - 0x00007ffa92a47000 	C:\WINDOWS\system32\mswsock.dll
0x00007ffa6ff30000 - 0x00007ffa6ff43000 	C:\Program Files\Java\jdk-11.0.2\bin\nio.dll
0x00007ffa47f30000 - 0x00007ffa480cf000 	C:\Program Files\Java\jdk-11.0.2\bin\awt.dll
0x00007ffa95840000 - 0x00007ffa95904000 	C:\WINDOWS\System32\OLEAUT32.dll
0x00007ffa8ff20000 - 0x00007ffa904e0000 	C:\WINDOWS\SYSTEM32\d2d1.dll
0x00007ffa91360000 - 0x00007ffa913ef000 	C:\WINDOWS\SYSTEM32\apphelp.dll
0x00007ffa91850000 - 0x00007ffa9187d000 	C:\WINDOWS\system32\DWMAPI.DLL
0x00007ffa91430000 - 0x00007ffa914c9000 	C:\WINDOWS\system32\uxtheme.dll
0x00007ffa76460000 - 0x00007ffa765b6000 	C:\WINDOWS\system32\opengl32.dll
0x00007ffa8b2b0000 - 0x00007ffa8b2dc000 	C:\WINDOWS\SYSTEM32\GLU32.dll
0x00007ffa91de0000 - 0x00007ffa91e00000 	C:\WINDOWS\SYSTEM32\dxcore.dll
0x00007ffa94350000 - 0x00007ffa94485000 	C:\WINDOWS\System32\MSCTF.dll
0x00007ffa49d90000 - 0x00007ffa49e74000 	C:\Program Files (x86)\Razer\Razer Cortex\x64\k_fps64.dll
0x00007ffa5f090000 - 0x00007ffa5f140000 	C:\Program Files\Nahimic\Nahimic2\UserInterface\x64\Nahimic2DevProps.dll
0x00007ffa95630000 - 0x00007ffa95786000 	C:\WINDOWS\System32\ole32.dll
0x00007ffa84160000 - 0x00007ffa841c3000 	C:\Program Files\Nahimic\Nahimic2\UserInterface\x64\Nahimic2OSD.dll
0x00007ffa954d0000 - 0x00007ffa95572000 	C:\WINDOWS\System32\clbcatq.dll
0x00007ffa8d8d0000 - 0x00007ffa8d942000 	C:\WINDOWS\System32\MMDevApi.dll
0x00007ffa92f70000 - 0x00007ffa92f9a000 	C:\WINDOWS\System32\DEVOBJ.dll
0x00007ffa8d950000 - 0x00007ffa8daad000 	C:\WINDOWS\SYSTEM32\AUDIOSES.DLL
0x00007ffa8f510000 - 0x00007ffa8f663000 	C:\WINDOWS\SYSTEM32\wintypes.dll
0x00007ffa8fb50000 - 0x00007ffa8fc3f000 	C:\WINDOWS\SYSTEM32\PropSys.dll
0x00007ffa8e830000 - 0x00007ffa8e842000 	C:\Program Files\Java\jdk-11.0.2\bin\jsound.dll
0x00007ffa81d20000 - 0x00007ffa81db9000 	C:\WINDOWS\SYSTEM32\DSOUND.dll
0x00007ffa48310000 - 0x00007ffa48354000 	C:\WINDOWS\SYSTEM32\wdmaud.drv
0x00007ffa8daf0000 - 0x00007ffa8dafa000 	C:\WINDOWS\SYSTEM32\AVRT.dll
0x00007ffa8e540000 - 0x00007ffa8e549000 	C:\WINDOWS\SYSTEM32\ksuser.dll
0x00007ffa8e6d0000 - 0x00007ffa8e6dd000 	C:\WINDOWS\SYSTEM32\msacm32.drv
0x00007ffa5bea0000 - 0x00007ffa5bebc000 	C:\WINDOWS\SYSTEM32\MSACM32.dll
0x00007ffa85570000 - 0x00007ffa8557a000 	C:\WINDOWS\SYSTEM32\midimap.dll
0x00007ffa7a160000 - 0x00007ffa7a2b1000 	C:\Windows\System32\Windows.UI.dll
0x00007ffa7e620000 - 0x00007ffa7e73a000 	C:\Windows\System32\InputHost.dll
0x00007ffa81fb0000 - 0x00007ffa8204e000 	C:\Windows\System32\TextInputFramework.dll
0x00007ffa910f0000 - 0x00007ffa911c4000 	C:\Windows\System32\CoreMessaging.dll
0x00007ffa86820000 - 0x00007ffa86b4a000 	C:\Windows\System32\CoreUIComponents.dll
0x00007ffa921d0000 - 0x00007ffa92201000 	C:\WINDOWS\SYSTEM32\ntmarta.dll
0x00007ffa8e800000 - 0x00007ffa8e82d000 	C:\Program Files\Java\jdk-11.0.2\bin\javajpeg.dll
0x00007ffa6cad0000 - 0x00007ffa6cb50000 	C:\Program Files\Java\jdk-11.0.2\bin\freetype.dll
0x00007ffa6ca60000 - 0x00007ffa6cacf000 	C:\Program Files\Java\jdk-11.0.2\bin\fontmanager.dll
0x00007ffa86670000 - 0x00007ffa8681f000 	C:\WINDOWS\SYSTEM32\WindowsCodecs.dll
0x00007ffa8ae30000 - 0x00007ffa8ae6a000 	C:\WINDOWS\system32\dataexchange.dll
0x00007ffa904e0000 - 0x00007ffa9073b000 	C:\WINDOWS\system32\d3d11.dll
0x00007ffa90ba0000 - 0x00007ffa90d7b000 	C:\WINDOWS\system32\dcomp.dll
0x00007ffa91e70000 - 0x00007ffa91f5b000 	C:\WINDOWS\system32\dxgi.dll
0x00007ffa91500000 - 0x00007ffa9175a000 	C:\WINDOWS\system32\twinapi.appcore.dll
0x00007ffa91960000 - 0x00007ffa91989000 	C:\WINDOWS\system32\RMCLIENT.dll

dbghelp: loaded successfully - version: 4.0.5 - missing functions: none
symbol engine: initialized successfully - sym options: 0x614 - pdb path: .;C:\Program Files\Java\jdk-11.0.2\bin;C:\WINDOWS\SYSTEM32;C:\WINDOWS\WinSxS\amd64_microsoft.windows.common-controls_6595b64144ccf1df_6.0.18362.657_none_e6c5b579130e3898;C:\Program Files\Java\jdk-11.0.2\bin\server;C:\Program Files (x86)\Razer\Razer Cortex\x64;C:\Program Files\Nahimic\Nahimic2\UserInterface\x64

VM Arguments:
jvm_args: -Dfile.encoding=UTF-8 
java_command: controleur.Lamifa
java_class_path (initial): C:\Users\Tom_g\Desktop\logiciel_musique\LAMIFA\lib\ojdbc8.jar;C:\Users\Tom_g\Desktop\logiciel_musique\LAMIFA\build\classes
Launcher Type: SUN_STANDARD

[Global flags]
     intx CICompilerCount                          = 4                                         {product} {ergonomic}
     uint ConcGCThreads                            = 2                                         {product} {ergonomic}
     uint G1ConcRefinementThreads                  = 8                                         {product} {ergonomic}
   size_t G1HeapRegionSize                         = 1048576                                   {product} {ergonomic}
    uintx GCDrainStackTargetSize                   = 64                                        {product} {ergonomic}
   size_t InitialHeapSize                          = 268435456                                 {product} {ergonomic}
   size_t MarkStackSize                            = 4194304                                   {product} {ergonomic}
   size_t MaxHeapSize                              = 4265607168                                {product} {ergonomic}
   size_t MaxNewSize                               = 2558525440                                {product} {ergonomic}
   size_t MinHeapDeltaBytes                        = 1048576                                   {product} {ergonomic}
    uintx NonNMethodCodeHeapSize                   = 5835340                                {pd product} {ergonomic}
    uintx NonProfiledCodeHeapSize                  = 122911450                              {pd product} {ergonomic}
    uintx ProfiledCodeHeapSize                     = 122911450                              {pd product} {ergonomic}
    uintx ReservedCodeCacheSize                    = 251658240                              {pd product} {ergonomic}
     bool SegmentedCodeCache                       = true                                      {product} {ergonomic}
     bool UseCompressedClassPointers               = true                                 {lp64_product} {ergonomic}
     bool UseCompressedOops                        = true                                 {lp64_product} {ergonomic}
     bool UseG1GC                                  = true                                      {product} {ergonomic}
     bool UseLargePagesIndividualAllocation        = false                                  {pd product} {ergonomic}

Logging:
Log output configuration:
 #0: stdout all=warning uptime,level,tags
 #1: stderr all=off uptime,level,tags

Environment Variables:
PATH=C:\Program Files (x86)\Common Files\Intel\Shared Libraries\redist\intel64\compiler;C:\Program Files (x86)\Common Files\Oracle\Java\javapath;C:\Program Files (x86)\Intel\iCLS Client\;C:\Program Files\Intel\iCLS Client\;C:\Windows\system32;C:\Windows;C:\Windows\System32\Wbem;C:\Windows\System32\WindowsPowerShell\v1.0\;C:\Program Files (x86)\Intel\Intel(R) Management Engine Components\DAL;C:\Program Files\Intel\Intel(R) Management Engine Components\DAL;C:\Program Files (x86)\Intel\Intel(R) Management Engine Components\IPT;C:\Program Files\Intel\Intel(R) Management Engine Components\IPT;C:\Program Files (x86)\NVIDIA Corporation\PhysX\Common;C:\WINDOWS\system32;C:\WINDOWS;C:\WINDOWS\System32\Wbem;C:\WINDOWS\System32\WindowsPowerShell\v1.0\;C:\WINDOWS\System32\OpenSSH\;C:\Program Files\NVIDIA Corporation\NVIDIA NvDLISR;C:\WINDOWS\system32;C:\WINDOWS;C:\WINDOWS\System32\Wbem;C:\WINDOWS\System32\WindowsPowerShell\v1.0\;C:\WINDOWS\System32\OpenSSH\;E:\bin;E:\Git\cmd;C:\ProgramData\chocolatey\bin;C:\tools\php73;C:\ProgramData\ComposerSetup\bin;C:\Users\Tom_g\AppData\Local\Microsoft\WindowsApps;C:\Users\Tom_g\AppData\Roaming\Composer\vendor\bin;E:\Microsoft VS Code\bin
USERNAME=Tom_g
OS=Windows_NT
PROCESSOR_IDENTIFIER=Intel64 Family 6 Model 158 Stepping 9, GenuineIntel



---------------  S Y S T E M  ---------------

OS: Windows 10 , 64 bit Build 18362 (10.0.18362.329)

CPU:total 8 (initial active 8) (4 cores per cpu, 2 threads per core) family 6 model 158 stepping 9, cmov, cx8, fxsr, mmx, sse, sse2, sse3, ssse3, sse4.1, sse4.2, popcnt, avx, avx2, aes, clmul, erms, 3dnowpref, lzcnt, ht, tsc, tscinvbit, bmi1, bmi2, adx, fma

Memory: 4k page, system-wide physical 16271M (7328M free)
TotalPageFile size 18703M (AvailPageFile size 6396M)
current process WorkingSet (physical memory assigned to process): 188M, peak: 206M
current process commit charge ("private bytes"): 382M, peak: 400M

vm_info: Java HotSpot(TM) 64-Bit Server VM (11.0.2+9-LTS) for windows-amd64 JRE (11.0.2+9-LTS), built on Jan 18 2019 05:24:10 by "mach5one" with MS VC++ 15.5 (VS2017)

END.
