#
# A fatal error has been detected by the Java Runtime Environment:
#
#  Internal Error (0xc000000d), pid=2540, tid=24040
#
# JRE version: Java(TM) SE Runtime Environment (11.0.2+9) (build 11.0.2+9-LTS)
# Java VM: Java HotSpot(TM) 64-Bit Server VM (11.0.2+9-LTS, mixed mode, tiered, compressed oops, g1 gc, windows-amd64)
# Problematic frame:
# C  [ntdll.dll+0x10f260]
#
# No core dump will be written. Minidumps are not enabled by default on client versions of Windows
#
# If you would like to submit a bug report, please visit:
#   http://bugreport.java.com/bugreport/crash.jsp
#

---------------  S U M M A R Y ------------

Command Line: -Dfile.encoding=UTF-8 controleur.Lamifa

Host: Intel(R) Core(TM) i7-7700HQ CPU @ 2.80GHz, 8 cores, 15G,  Windows 10 , 64 bit Build 18362 (10.0.18362.329)
Time: Mon Feb 17 20:19:54 2020 Paris, Madrid elapsed time: 59 seconds (0d 0h 0m 59s)

---------------  T H R E A D  ---------------

Current thread (0x00000203ce68e800):  VMThread "VM Thread" [stack: 0x0000004c92600000,0x0000004c92700000] [id=24040]

Stack: [0x0000004c92600000,0x0000004c92700000],  sp=0x0000004c926febe0,  free space=1018k
Native frames: (J=compiled Java code, j=interpreted, Vv=VM code, C=native code)
C  [ntdll.dll+0x10f260]
C  [ntdll.dll+0xb116f]
C  [KERNEL32.DLL+0x1ee9a]
C  [Nahimic2DevProps.dll+0x47561]


siginfo: EXCEPTION_?? (0xc000000d)


Register to memory mapping:

RIP=0x00007ffa963af260 ntdll.dll
RAX=0x0000004c941ff5d0 is pointing into the stack for thread: 0x00000203cf6b9000
RBX=0xfffffffffffffffe is an unknown value
RCX=0x0000004c941ff578 is pointing into the stack for thread: 0x00000203cf6b9000
RDX=0x00000203b30d0a90 is at begin+185 in a stub
StubRoutines::call_stub [0x00000203b30d09d7, 0x00000203b30d0b44[ (365 bytes)
RSP=0x0000004c926febe0 points into unknown readable memory: 57 00 00 00 4c 00 00 00
RBP=0x00007ffa5f0ef1bc Nahimic2DevProps.dll
RSI=0x0 is NULL
RDI=0x0000000000000634 is an unknown value
R8 =0x0 is NULL
R9 =0x0 is NULL
R10=0x0 is NULL
R11=0x0 is NULL
R12=0x00000203ce57cff0 points into unknown readable memory: 48 5a 10 5f fa 7f 00 00
R13=0x0000004c936fb620 is pointing into the stack for thread: 0x00000203d1239800
R14=0x00000203ce57d0f8 points into unknown readable memory: 34 06 00 00 00 00 00 00
R15=0x0000004c926fed58 points into unknown readable memory: 21 ee 6f 92 4c 00 00 00


Registers:
RAX=0x0000004c941ff5d0, RBX=0xfffffffffffffffe, RCX=0x0000004c941ff578, RDX=0x00000203b30d0a90
RSP=0x0000004c926febe0, RBP=0x00007ffa5f0ef1bc, RSI=0x0000000000000000, RDI=0x0000000000000634
R8 =0x0000000000000000, R9 =0x0000000000000000, R10=0x0000000000000000, R11=0x0000000000000000
R12=0x00000203ce57cff0, R13=0x0000004c936fb620, R14=0x00000203ce57d0f8, R15=0x0000004c926fed58
RIP=0x00007ffa963af260, EFLAGS=0x0000000000000206

Top of Stack: (sp=0x0000004c926febe0)
0x0000004c926febe0:   0000004c00000057 fffffffffffffffe
0x0000004c926febf0:   0000000000000000 0000004c926fed01
0x0000004c926fec00:   00000000c000000d 0000000000000000
0x0000004c926fec10:   00007ffa963af260 0000000000000000
0x0000004c926fec20:   0000000000000000 0000000000000000
0x0000004c926fec30:   0000000000000000 0000000000000000
0x0000004c926fec40:   0000000000000000 0000000000000000
0x0000004c926fec50:   0000000000000000 0000000000000000
0x0000004c926fec60:   0000000000000000 0000000000000000
0x0000004c926fec70:   0000000000000000 0000000000000000
0x0000004c926fec80:   0000000000000000 0000000000000000
0x0000004c926fec90:   0000000000000000 00007ffa962a00d8
0x0000004c926feca0:   0000dd19a42ee57e 0000004c926fed30
0x0000004c926fecb0:   00000203a8b12f01 00007ffa9635116f
0x0000004c926fecc0:   0000000000000001 0000004c936fb620
0x0000004c926fecd0:   00000203cff53580 0000004c926fed40 

Instructions: (pc=0x00007ffa963af260)
0x00007ffa963af240:   3d f9 ff c7 44 24 20 0d 00 00 c0 b9 57 00 00 00
0x00007ffa963af250:   e8 3b 43 f4 ff 90 48 8d 4c 24 20 e8 90 ac f5 ff
0x00007ffa963af260:   eb 00 48 8b 8c 24 c0 00 00 00 48 33 cc e8 3e cf
0x00007ffa963af270:   f7 ff 48 81 c4 d8 00 00 00 c3 40 55 48 83 ec 20 


Stack slot to memory mapping:
stack at sp + 0 slots: 0x0000004c00000057 is an unknown value
stack at sp + 1 slots: 0xfffffffffffffffe is an unknown value
stack at sp + 2 slots: 0x0 is NULL
stack at sp + 3 slots: 0x0000004c926fed01 points into unknown readable memory: 30 f5 cf 03 02 00 00
stack at sp + 4 slots: 0x00000000c000000d is an unknown value
stack at sp + 5 slots: 0x0 is NULL
stack at sp + 6 slots: 0x00007ffa963af260 ntdll.dll
stack at sp + 7 slots: 0x0 is NULL

VM_Operation (0x0000004c936fb620): Exit, mode: safepoint, requested by thread 0x00000203d1239800


---------------  P R O C E S S  ---------------

Threads class SMR info:
_java_thread_list=0x00000203d1482360, length=15, elements={
0x00000203ce690000, 0x00000203ce699000, 0x00000203ce6ac800, 0x00000203ce6ad800,
0x00000203cefa5800, 0x00000203cefab000, 0x00000203cef5d000, 0x00000203cf110000,
0x00000203cf11c800, 0x00000203cf60d800, 0x00000203cf64b000, 0x00000203d1239800,
0x00000203aada7800, 0x00000203d140e000, 0x00000203cf6b9000
}

Java Threads: ( => current thread )
  0x00000203ce690000 JavaThread "Reference Handler" daemon [_thread_blocked, id=7552, stack(0x0000004c92700000,0x0000004c92800000)]
  0x00000203ce699000 JavaThread "Finalizer" daemon [_thread_blocked, id=21412, stack(0x0000004c92800000,0x0000004c92900000)]
  0x00000203ce6ac800 JavaThread "Signal Dispatcher" daemon [_thread_blocked, id=21164, stack(0x0000004c92900000,0x0000004c92a00000)]
  0x00000203ce6ad800 JavaThread "Attach Listener" daemon [_thread_blocked, id=7308, stack(0x0000004c92a00000,0x0000004c92b00000)]
  0x00000203cefa5800 JavaThread "C2 CompilerThread0" daemon [_thread_blocked, id=19072, stack(0x0000004c92b00000,0x0000004c92c00000)]
  0x00000203cefab000 JavaThread "C1 CompilerThread0" daemon [_thread_blocked, id=11096, stack(0x0000004c92c00000,0x0000004c92d00000)]
  0x00000203cef5d000 JavaThread "Sweeper thread" daemon [_thread_blocked, id=12580, stack(0x0000004c92d00000,0x0000004c92e00000)]
  0x00000203cf110000 JavaThread "Service Thread" daemon [_thread_blocked, id=23820, stack(0x0000004c92e00000,0x0000004c92f00000)]
  0x00000203cf11c800 JavaThread "Common-Cleaner" daemon [_thread_blocked, id=2196, stack(0x0000004c93000000,0x0000004c93100000)]
  0x00000203cf60d800 JavaThread "Java2D Disposer" daemon [_thread_blocked, id=14372, stack(0x0000004c93100000,0x0000004c93200000)]
  0x00000203cf64b000 JavaThread "AWT-Shutdown" [_thread_blocked, id=9160, stack(0x0000004c93200000,0x0000004c93300000)]
  0x00000203d1239800 JavaThread "AWT-EventQueue-0" [_thread_blocked, id=10976, stack(0x0000004c93600000,0x0000004c93700000)]
  0x00000203aada7800 JavaThread "DestroyJavaVM" [_thread_blocked, id=20120, stack(0x0000004c92000000,0x0000004c92100000)]
  0x00000203d140e000 JavaThread "TimerQueue" daemon [_thread_blocked, id=4660, stack(0x0000004c94000000,0x0000004c94100000)]
  0x00000203cf6b9000 JavaThread "Image Fetcher 0" daemon [_thread_blocked, id=20092, stack(0x0000004c94100000,0x0000004c94200000)]

Other Threads:
=>0x00000203ce68e800 VMThread "VM Thread" [stack: 0x0000004c92600000,0x0000004c92700000] [id=24040]
  0x00000203a8c0b800 GCTaskThread "GC Thread#0" [stack: 0x0000004c92100000,0x0000004c92200000] [id=960]
  0x00000203cf116000 GCTaskThread "GC Thread#1" [stack: 0x0000004c93b00000,0x0000004c93c00000] [id=84]
  0x00000203d13e0000 GCTaskThread "GC Thread#2" [stack: 0x0000004c93c00000,0x0000004c93d00000] [id=12504]
  0x00000203d13d8800 GCTaskThread "GC Thread#3" [stack: 0x0000004c93d00000,0x0000004c93e00000] [id=25260]
  0x00000203d13db800 GCTaskThread "GC Thread#4" [stack: 0x0000004c93e00000,0x0000004c93f00000] [id=17980]
  0x00000203d13ad800 GCTaskThread "GC Thread#5" [stack: 0x0000004c93f00000,0x0000004c94000000] [id=24196]
  0x00000203aae19000 ConcurrentGCThread "G1 Main Marker" [stack: 0x0000004c92200000,0x0000004c92300000] [id=11296]
  0x00000203aae1d000 ConcurrentGCThread "G1 Conc#0" [stack: 0x0000004c92300000,0x0000004c92400000] [id=7056]
  0x00000203ce575800 ConcurrentGCThread "G1 Refine#0" [stack: 0x0000004c92400000,0x0000004c92500000] [id=13536]
  0x00000203ce576800 ConcurrentGCThread "G1 Young RemSet Sampling" [stack: 0x0000004c92500000,0x0000004c92600000] [id=11256]

Threads with active compile tasks:

VM state:at safepoint (shutting down)

VM Mutex/Monitor currently owned by a thread:  ([mutex/lock_event])
[0x00000203aada5190] Threads_lock - owner thread: 0x00000203ce68e800

Heap address: 0x0000000701c00000, size: 4068 MB, Compressed Oops mode: Zero based, Oop shift amount: 3
Narrow klass base: 0x0000000800000000, Narrow klass shift: 0
Compressed class space size: 1073741824 Address: 0x0000000800000000

Heap:
 garbage-first heap   total 262144K, used 109879K [0x0000000701c00000, 0x0000000800000000)
  region size 1024K, 59 young (60416K), 3 survivors (3072K)
 Metaspace       used 18945K, capacity 19442K, committed 19712K, reserved 1067008K
  class space    used 2066K, capacity 2268K, committed 2304K, reserved 1048576K
Heap Regions: E=young(eden), S=young(survivor), O=old, HS=humongous(starts), HC=humongous(continues), CS=collection set, F=free, A=archive, TAMS=top-at-mark-start (previous, next)
|   0|0x0000000701c00000, 0x0000000701d00000, 0x0000000701d00000|100%|HS|  |TAMS 0x0000000701c00000, 0x0000000701c00000| Complete 
|   1|0x0000000701d00000, 0x0000000701e00000, 0x0000000701e00000|100%|HC|  |TAMS 0x0000000701d00000, 0x0000000701d00000| Complete 
|   2|0x0000000701e00000, 0x0000000701f00000, 0x0000000701f00000|100%|HC|  |TAMS 0x0000000701e00000, 0x0000000701e00000| Complete 
|   3|0x0000000701f00000, 0x0000000702000000, 0x0000000702000000|100%|HS|  |TAMS 0x0000000701f00000, 0x0000000701f00000| Complete 
|   4|0x0000000702000000, 0x0000000702100000, 0x0000000702100000|100%|HS|  |TAMS 0x0000000702000000, 0x0000000702000000| Complete 
|   5|0x0000000702100000, 0x0000000702200000, 0x0000000702200000|100%|HC|  |TAMS 0x0000000702100000, 0x0000000702100000| Complete 
|   6|0x0000000702200000, 0x0000000702300000, 0x0000000702300000|100%|HC|  |TAMS 0x0000000702200000, 0x0000000702200000| Complete 
|   7|0x0000000702300000, 0x0000000702400000, 0x0000000702400000|100%|HS|  |TAMS 0x0000000702300000, 0x0000000702300000| Complete 
|   8|0x0000000702400000, 0x0000000702500000, 0x0000000702500000|100%|HC|  |TAMS 0x0000000702400000, 0x0000000702400000| Complete 
|   9|0x0000000702500000, 0x0000000702600000, 0x0000000702600000|100%|HC|  |TAMS 0x0000000702500000, 0x0000000702500000| Complete 
|  10|0x0000000702600000, 0x000000070264de00, 0x0000000702700000| 30%| O|  |TAMS 0x0000000702600000, 0x0000000702600000| Untracked 
|  11|0x0000000702700000, 0x0000000702800000, 0x0000000702800000|100%|HS|  |TAMS 0x0000000702700000, 0x0000000702700000| Complete 
|  12|0x0000000702800000, 0x0000000702900000, 0x0000000702900000|100%|HC|  |TAMS 0x0000000702800000, 0x0000000702800000| Complete 
|  13|0x0000000702900000, 0x0000000702a00000, 0x0000000702a00000|100%|HC|  |TAMS 0x0000000702900000, 0x0000000702900000| Complete 
|  14|0x0000000702a00000, 0x0000000702b00000, 0x0000000702b00000|100%|HS|  |TAMS 0x0000000702a00000, 0x0000000702a00000| Complete 
|  15|0x0000000702b00000, 0x0000000702c00000, 0x0000000702c00000|100%|HS|  |TAMS 0x0000000702b00000, 0x0000000702b00000| Complete 
|  16|0x0000000702c00000, 0x0000000702d00000, 0x0000000702d00000|100%|HC|  |TAMS 0x0000000702c00000, 0x0000000702c00000| Complete 
|  17|0x0000000702d00000, 0x0000000702e00000, 0x0000000702e00000|100%|HC|  |TAMS 0x0000000702d00000, 0x0000000702d00000| Complete 
|  18|0x0000000702e00000, 0x0000000702f00000, 0x0000000702f00000|100%|HS|  |TAMS 0x0000000702e00000, 0x0000000702e00000| Complete 
|  19|0x0000000702f00000, 0x0000000703000000, 0x0000000703000000|100%|HS|  |TAMS 0x0000000702f00000, 0x0000000702f00000| Complete 
|  20|0x0000000703000000, 0x0000000703100000, 0x0000000703100000|100%|HC|  |TAMS 0x0000000703000000, 0x0000000703000000| Complete 
|  21|0x0000000703100000, 0x0000000703200000, 0x0000000703200000|100%|HC|  |TAMS 0x0000000703100000, 0x0000000703100000| Complete 
|  22|0x0000000703200000, 0x0000000703300000, 0x0000000703300000|100%|HS|  |TAMS 0x0000000703200000, 0x0000000703200000| Complete 
|  23|0x0000000703300000, 0x0000000703400000, 0x0000000703400000|100%|HC|  |TAMS 0x0000000703300000, 0x0000000703300000| Complete 
|  24|0x0000000703400000, 0x0000000703500000, 0x0000000703500000|100%|HC|  |TAMS 0x0000000703400000, 0x0000000703400000| Complete 
|  25|0x0000000703500000, 0x0000000703600000, 0x0000000703600000|100%|HC|  |TAMS 0x0000000703500000, 0x0000000703500000| Complete 
|  26|0x0000000703600000, 0x0000000703700000, 0x0000000703700000|100%|HS|  |TAMS 0x0000000703600000, 0x0000000703600000| Complete 
|  27|0x0000000703700000, 0x0000000703800000, 0x0000000703800000|100%|HC|  |TAMS 0x0000000703700000, 0x0000000703700000| Complete 
|  28|0x0000000703800000, 0x0000000703900000, 0x0000000703900000|100%|HC|  |TAMS 0x0000000703800000, 0x0000000703800000| Complete 
|  29|0x0000000703900000, 0x0000000703a00000, 0x0000000703a00000|100%|HS|  |TAMS 0x0000000703900000, 0x0000000703900000| Complete 
|  30|0x0000000703a00000, 0x0000000703b00000, 0x0000000703b00000|100%|HS|  |TAMS 0x0000000703a00000, 0x0000000703a00000| Complete 
|  31|0x0000000703b00000, 0x0000000703c00000, 0x0000000703c00000|100%|HC|  |TAMS 0x0000000703b00000, 0x0000000703b00000| Complete 
|  32|0x0000000703c00000, 0x0000000703d00000, 0x0000000703d00000|100%|HC|  |TAMS 0x0000000703c00000, 0x0000000703c00000| Complete 
|  33|0x0000000703d00000, 0x0000000703e00000, 0x0000000703e00000|100%|HS|  |TAMS 0x0000000703d00000, 0x0000000703d00000| Complete 
|  34|0x0000000703e00000, 0x0000000703f00000, 0x0000000703f00000|100%|HS|  |TAMS 0x0000000703e00000, 0x0000000703e00000| Complete 
|  35|0x0000000703f00000, 0x0000000704000000, 0x0000000704000000|100%|HC|  |TAMS 0x0000000703f00000, 0x0000000703f00000| Complete 
|  36|0x0000000704000000, 0x0000000704100000, 0x0000000704100000|100%|HC|  |TAMS 0x0000000704000000, 0x0000000704000000| Complete 
|  37|0x0000000704100000, 0x0000000704200000, 0x0000000704200000|100%|HC|  |TAMS 0x0000000704100000, 0x0000000704100000| Complete 
|  38|0x0000000704200000, 0x0000000704300000, 0x0000000704300000|100%|HC|  |TAMS 0x0000000704200000, 0x0000000704200000| Complete 
|  39|0x0000000704300000, 0x0000000704400000, 0x0000000704400000|100%|HC|  |TAMS 0x0000000704300000, 0x0000000704300000| Complete 
|  40|0x0000000704400000, 0x0000000704500000, 0x0000000704500000|100%|HC|  |TAMS 0x0000000704400000, 0x0000000704400000| Complete 
|  41|0x0000000704500000, 0x0000000704600000, 0x0000000704600000|100%|HC|  |TAMS 0x0000000704500000, 0x0000000704500000| Complete 
|  42|0x0000000704600000, 0x0000000704700000, 0x0000000704700000|100%|HS|  |TAMS 0x0000000704600000, 0x0000000704600000| Complete 
|  43|0x0000000704700000, 0x0000000704800000, 0x0000000704800000|100%|HC|  |TAMS 0x0000000704700000, 0x0000000704700000| Complete 
|  44|0x0000000704800000, 0x0000000704900000, 0x0000000704900000|100%|HC|  |TAMS 0x0000000704800000, 0x0000000704800000| Complete 
|  45|0x0000000704900000, 0x0000000704a00000, 0x0000000704a00000|100%|HC|  |TAMS 0x0000000704900000, 0x0000000704900000| Complete 
|  46|0x0000000704a00000, 0x0000000704b00000, 0x0000000704b00000|100%|HC|  |TAMS 0x0000000704a00000, 0x0000000704a00000| Complete 
|  47|0x0000000704b00000, 0x0000000704c00000, 0x0000000704c00000|100%|HC|  |TAMS 0x0000000704b00000, 0x0000000704b00000| Complete 
|  48|0x0000000704c00000, 0x0000000704d00000, 0x0000000704d00000|100%|HC|  |TAMS 0x0000000704c00000, 0x0000000704c00000| Complete 
|  49|0x0000000704d00000, 0x0000000704e00000, 0x0000000704e00000|100%|HC|  |TAMS 0x0000000704d00000, 0x0000000704d00000| Complete 
|  50|0x0000000704e00000, 0x0000000704e00000, 0x0000000704f00000|  0%| F|  |TAMS 0x0000000704e00000, 0x0000000704e00000| Untracked 
|  51|0x0000000704f00000, 0x0000000704f00000, 0x0000000705000000|  0%| F|  |TAMS 0x0000000704f00000, 0x0000000704f00000| Untracked 
|  52|0x0000000705000000, 0x0000000705000000, 0x0000000705100000|  0%| F|  |TAMS 0x0000000705000000, 0x0000000705000000| Untracked 
|  53|0x0000000705100000, 0x0000000705100000, 0x0000000705200000|  0%| F|  |TAMS 0x0000000705100000, 0x0000000705100000| Untracked 
|  54|0x0000000705200000, 0x0000000705200000, 0x0000000705300000|  0%| F|  |TAMS 0x0000000705200000, 0x0000000705200000| Untracked 
|  55|0x0000000705300000, 0x0000000705300000, 0x0000000705400000|  0%| F|  |TAMS 0x0000000705300000, 0x0000000705300000| Untracked 
|  56|0x0000000705400000, 0x0000000705400000, 0x0000000705500000|  0%| F|  |TAMS 0x0000000705400000, 0x0000000705400000| Untracked 
|  57|0x0000000705500000, 0x0000000705500000, 0x0000000705600000|  0%| F|  |TAMS 0x0000000705500000, 0x0000000705500000| Untracked 
|  58|0x0000000705600000, 0x0000000705600000, 0x0000000705700000|  0%| F|  |TAMS 0x0000000705600000, 0x0000000705600000| Untracked 
|  59|0x0000000705700000, 0x0000000705700000, 0x0000000705800000|  0%| F|  |TAMS 0x0000000705700000, 0x0000000705700000| Untracked 
|  60|0x0000000705800000, 0x0000000705800000, 0x0000000705900000|  0%| F|  |TAMS 0x0000000705800000, 0x0000000705800000| Untracked 
|  61|0x0000000705900000, 0x0000000705900000, 0x0000000705a00000|  0%| F|  |TAMS 0x0000000705900000, 0x0000000705900000| Untracked 
|  62|0x0000000705a00000, 0x0000000705a00000, 0x0000000705b00000|  0%| F|  |TAMS 0x0000000705a00000, 0x0000000705a00000| Untracked 
|  63|0x0000000705b00000, 0x0000000705b00000, 0x0000000705c00000|  0%| F|  |TAMS 0x0000000705b00000, 0x0000000705b00000| Untracked 
|  64|0x0000000705c00000, 0x0000000705c00000, 0x0000000705d00000|  0%| F|  |TAMS 0x0000000705c00000, 0x0000000705c00000| Untracked 
|  65|0x0000000705d00000, 0x0000000705d00000, 0x0000000705e00000|  0%| F|  |TAMS 0x0000000705d00000, 0x0000000705d00000| Untracked 
|  66|0x0000000705e00000, 0x0000000705e00000, 0x0000000705f00000|  0%| F|  |TAMS 0x0000000705e00000, 0x0000000705e00000| Untracked 
|  67|0x0000000705f00000, 0x0000000705f00000, 0x0000000706000000|  0%| F|  |TAMS 0x0000000705f00000, 0x0000000705f00000| Untracked 
|  68|0x0000000706000000, 0x0000000706000000, 0x0000000706100000|  0%| F|  |TAMS 0x0000000706000000, 0x0000000706000000| Untracked 
|  69|0x0000000706100000, 0x0000000706100000, 0x0000000706200000|  0%| F|  |TAMS 0x0000000706100000, 0x0000000706100000| Untracked 
|  70|0x0000000706200000, 0x0000000706200000, 0x0000000706300000|  0%| F|  |TAMS 0x0000000706200000, 0x0000000706200000| Untracked 
|  71|0x0000000706300000, 0x0000000706300000, 0x0000000706400000|  0%| F|  |TAMS 0x0000000706300000, 0x0000000706300000| Untracked 
|  72|0x0000000706400000, 0x0000000706400000, 0x0000000706500000|  0%| F|  |TAMS 0x0000000706400000, 0x0000000706400000| Untracked 
|  73|0x0000000706500000, 0x0000000706500000, 0x0000000706600000|  0%| F|  |TAMS 0x0000000706500000, 0x0000000706500000| Untracked 
|  74|0x0000000706600000, 0x0000000706600000, 0x0000000706700000|  0%| F|  |TAMS 0x0000000706600000, 0x0000000706600000| Untracked 
|  75|0x0000000706700000, 0x0000000706700000, 0x0000000706800000|  0%| F|  |TAMS 0x0000000706700000, 0x0000000706700000| Untracked 
|  76|0x0000000706800000, 0x0000000706800000, 0x0000000706900000|  0%| F|  |TAMS 0x0000000706800000, 0x0000000706800000| Untracked 
|  77|0x0000000706900000, 0x0000000706900000, 0x0000000706a00000|  0%| F|  |TAMS 0x0000000706900000, 0x0000000706900000| Untracked 
|  78|0x0000000706a00000, 0x0000000706a00000, 0x0000000706b00000|  0%| F|  |TAMS 0x0000000706a00000, 0x0000000706a00000| Untracked 
|  79|0x0000000706b00000, 0x0000000706b00000, 0x0000000706c00000|  0%| F|  |TAMS 0x0000000706b00000, 0x0000000706b00000| Untracked 
|  80|0x0000000706c00000, 0x0000000706c00000, 0x0000000706d00000|  0%| F|  |TAMS 0x0000000706c00000, 0x0000000706c00000| Untracked 
|  81|0x0000000706d00000, 0x0000000706d00000, 0x0000000706e00000|  0%| F|  |TAMS 0x0000000706d00000, 0x0000000706d00000| Untracked 
|  82|0x0000000706e00000, 0x0000000706e00000, 0x0000000706f00000|  0%| F|  |TAMS 0x0000000706e00000, 0x0000000706e00000| Untracked 
|  83|0x0000000706f00000, 0x0000000706f00000, 0x0000000707000000|  0%| F|  |TAMS 0x0000000706f00000, 0x0000000706f00000| Untracked 
|  84|0x0000000707000000, 0x0000000707000000, 0x0000000707100000|  0%| F|  |TAMS 0x0000000707000000, 0x0000000707000000| Untracked 
|  85|0x0000000707100000, 0x0000000707100000, 0x0000000707200000|  0%| F|  |TAMS 0x0000000707100000, 0x0000000707100000| Untracked 
|  86|0x0000000707200000, 0x0000000707200000, 0x0000000707300000|  0%| F|  |TAMS 0x0000000707200000, 0x0000000707200000| Untracked 
|  87|0x0000000707300000, 0x0000000707300000, 0x0000000707400000|  0%| F|  |TAMS 0x0000000707300000, 0x0000000707300000| Untracked 
|  88|0x0000000707400000, 0x0000000707400000, 0x0000000707500000|  0%| F|  |TAMS 0x0000000707400000, 0x0000000707400000| Untracked 
|  89|0x0000000707500000, 0x0000000707500000, 0x0000000707600000|  0%| F|  |TAMS 0x0000000707500000, 0x0000000707500000| Untracked 
|  90|0x0000000707600000, 0x0000000707600000, 0x0000000707700000|  0%| F|  |TAMS 0x0000000707600000, 0x0000000707600000| Untracked 
|  91|0x0000000707700000, 0x0000000707700000, 0x0000000707800000|  0%| F|  |TAMS 0x0000000707700000, 0x0000000707700000| Untracked 
|  92|0x0000000707800000, 0x0000000707800000, 0x0000000707900000|  0%| F|  |TAMS 0x0000000707800000, 0x0000000707800000| Untracked 
|  93|0x0000000707900000, 0x0000000707900000, 0x0000000707a00000|  0%| F|  |TAMS 0x0000000707900000, 0x0000000707900000| Untracked 
|  94|0x0000000707a00000, 0x0000000707a00000, 0x0000000707b00000|  0%| F|  |TAMS 0x0000000707a00000, 0x0000000707a00000| Untracked 
|  95|0x0000000707b00000, 0x0000000707b00000, 0x0000000707c00000|  0%| F|  |TAMS 0x0000000707b00000, 0x0000000707b00000| Untracked 
|  96|0x0000000707c00000, 0x0000000707c00000, 0x0000000707d00000|  0%| F|  |TAMS 0x0000000707c00000, 0x0000000707c00000| Untracked 
|  97|0x0000000707d00000, 0x0000000707d00000, 0x0000000707e00000|  0%| F|  |TAMS 0x0000000707d00000, 0x0000000707d00000| Untracked 
|  98|0x0000000707e00000, 0x0000000707e00000, 0x0000000707f00000|  0%| F|  |TAMS 0x0000000707e00000, 0x0000000707e00000| Untracked 
|  99|0x0000000707f00000, 0x0000000707f00000, 0x0000000708000000|  0%| F|  |TAMS 0x0000000707f00000, 0x0000000707f00000| Untracked 
| 100|0x0000000708000000, 0x0000000708000000, 0x0000000708100000|  0%| F|  |TAMS 0x0000000708000000, 0x0000000708000000| Untracked 
| 101|0x0000000708100000, 0x0000000708100000, 0x0000000708200000|  0%| F|  |TAMS 0x0000000708100000, 0x0000000708100000| Untracked 
| 102|0x0000000708200000, 0x0000000708200000, 0x0000000708300000|  0%| F|  |TAMS 0x0000000708200000, 0x0000000708200000| Untracked 
| 103|0x0000000708300000, 0x0000000708300000, 0x0000000708400000|  0%| F|  |TAMS 0x0000000708300000, 0x0000000708300000| Untracked 
| 104|0x0000000708400000, 0x0000000708400000, 0x0000000708500000|  0%| F|  |TAMS 0x0000000708400000, 0x0000000708400000| Untracked 
| 105|0x0000000708500000, 0x0000000708500000, 0x0000000708600000|  0%| F|  |TAMS 0x0000000708500000, 0x0000000708500000| Untracked 
| 106|0x0000000708600000, 0x0000000708600000, 0x0000000708700000|  0%| F|  |TAMS 0x0000000708600000, 0x0000000708600000| Untracked 
| 107|0x0000000708700000, 0x0000000708700000, 0x0000000708800000|  0%| F|  |TAMS 0x0000000708700000, 0x0000000708700000| Untracked 
| 108|0x0000000708800000, 0x0000000708800000, 0x0000000708900000|  0%| F|  |TAMS 0x0000000708800000, 0x0000000708800000| Untracked 
| 109|0x0000000708900000, 0x0000000708900000, 0x0000000708a00000|  0%| F|  |TAMS 0x0000000708900000, 0x0000000708900000| Untracked 
| 110|0x0000000708a00000, 0x0000000708a00000, 0x0000000708b00000|  0%| F|  |TAMS 0x0000000708a00000, 0x0000000708a00000| Untracked 
| 111|0x0000000708b00000, 0x0000000708b00000, 0x0000000708c00000|  0%| F|  |TAMS 0x0000000708b00000, 0x0000000708b00000| Untracked 
| 112|0x0000000708c00000, 0x0000000708c00000, 0x0000000708d00000|  0%| F|  |TAMS 0x0000000708c00000, 0x0000000708c00000| Untracked 
| 113|0x0000000708d00000, 0x0000000708d00000, 0x0000000708e00000|  0%| F|  |TAMS 0x0000000708d00000, 0x0000000708d00000| Untracked 
| 114|0x0000000708e00000, 0x0000000708e00000, 0x0000000708f00000|  0%| F|  |TAMS 0x0000000708e00000, 0x0000000708e00000| Untracked 
| 115|0x0000000708f00000, 0x0000000708f00000, 0x0000000709000000|  0%| F|  |TAMS 0x0000000708f00000, 0x0000000708f00000| Untracked 
| 116|0x0000000709000000, 0x0000000709000000, 0x0000000709100000|  0%| F|  |TAMS 0x0000000709000000, 0x0000000709000000| Untracked 
| 117|0x0000000709100000, 0x0000000709100000, 0x0000000709200000|  0%| F|  |TAMS 0x0000000709100000, 0x0000000709100000| Untracked 
| 118|0x0000000709200000, 0x0000000709200000, 0x0000000709300000|  0%| F|  |TAMS 0x0000000709200000, 0x0000000709200000| Untracked 
| 119|0x0000000709300000, 0x0000000709300000, 0x0000000709400000|  0%| F|  |TAMS 0x0000000709300000, 0x0000000709300000| Untracked 
| 120|0x0000000709400000, 0x0000000709400000, 0x0000000709500000|  0%| F|  |TAMS 0x0000000709400000, 0x0000000709400000| Untracked 
| 121|0x0000000709500000, 0x0000000709500000, 0x0000000709600000|  0%| F|  |TAMS 0x0000000709500000, 0x0000000709500000| Untracked 
| 122|0x0000000709600000, 0x0000000709600000, 0x0000000709700000|  0%| F|  |TAMS 0x0000000709600000, 0x0000000709600000| Untracked 
| 123|0x0000000709700000, 0x0000000709700000, 0x0000000709800000|  0%| F|  |TAMS 0x0000000709700000, 0x0000000709700000| Untracked 
| 124|0x0000000709800000, 0x0000000709800000, 0x0000000709900000|  0%| F|  |TAMS 0x0000000709800000, 0x0000000709800000| Untracked 
| 125|0x0000000709900000, 0x0000000709900000, 0x0000000709a00000|  0%| F|  |TAMS 0x0000000709900000, 0x0000000709900000| Untracked 
| 126|0x0000000709a00000, 0x0000000709a00000, 0x0000000709b00000|  0%| F|  |TAMS 0x0000000709a00000, 0x0000000709a00000| Untracked 
| 127|0x0000000709b00000, 0x0000000709b00000, 0x0000000709c00000|  0%| F|  |TAMS 0x0000000709b00000, 0x0000000709b00000| Untracked 
| 128|0x0000000709c00000, 0x0000000709c00000, 0x0000000709d00000|  0%| F|  |TAMS 0x0000000709c00000, 0x0000000709c00000| Untracked 
| 129|0x0000000709d00000, 0x0000000709d00000, 0x0000000709e00000|  0%| F|  |TAMS 0x0000000709d00000, 0x0000000709d00000| Untracked 
| 130|0x0000000709e00000, 0x0000000709e00000, 0x0000000709f00000|  0%| F|  |TAMS 0x0000000709e00000, 0x0000000709e00000| Untracked 
| 131|0x0000000709f00000, 0x0000000709f00000, 0x000000070a000000|  0%| F|  |TAMS 0x0000000709f00000, 0x0000000709f00000| Untracked 
| 132|0x000000070a000000, 0x000000070a000000, 0x000000070a100000|  0%| F|  |TAMS 0x000000070a000000, 0x000000070a000000| Untracked 
| 133|0x000000070a100000, 0x000000070a100000, 0x000000070a200000|  0%| F|  |TAMS 0x000000070a100000, 0x000000070a100000| Untracked 
| 134|0x000000070a200000, 0x000000070a200000, 0x000000070a300000|  0%| F|  |TAMS 0x000000070a200000, 0x000000070a200000| Untracked 
| 135|0x000000070a300000, 0x000000070a300000, 0x000000070a400000|  0%| F|  |TAMS 0x000000070a300000, 0x000000070a300000| Untracked 
| 136|0x000000070a400000, 0x000000070a400000, 0x000000070a500000|  0%| F|  |TAMS 0x000000070a400000, 0x000000070a400000| Untracked 
| 137|0x000000070a500000, 0x000000070a500000, 0x000000070a600000|  0%| F|  |TAMS 0x000000070a500000, 0x000000070a500000| Untracked 
| 138|0x000000070a600000, 0x000000070a600000, 0x000000070a700000|  0%| F|  |TAMS 0x000000070a600000, 0x000000070a600000| Untracked 
| 139|0x000000070a700000, 0x000000070a700000, 0x000000070a800000|  0%| F|  |TAMS 0x000000070a700000, 0x000000070a700000| Untracked 
| 140|0x000000070a800000, 0x000000070a800000, 0x000000070a900000|  0%| F|  |TAMS 0x000000070a800000, 0x000000070a800000| Untracked 
| 141|0x000000070a900000, 0x000000070a900000, 0x000000070aa00000|  0%| F|  |TAMS 0x000000070a900000, 0x000000070a900000| Untracked 
| 142|0x000000070aa00000, 0x000000070aa00000, 0x000000070ab00000|  0%| F|  |TAMS 0x000000070aa00000, 0x000000070aa00000| Untracked 
| 143|0x000000070ab00000, 0x000000070ab00000, 0x000000070ac00000|  0%| F|  |TAMS 0x000000070ab00000, 0x000000070ab00000| Untracked 
| 144|0x000000070ac00000, 0x000000070ac00000, 0x000000070ad00000|  0%| F|  |TAMS 0x000000070ac00000, 0x000000070ac00000| Untracked 
| 145|0x000000070ad00000, 0x000000070ad00000, 0x000000070ae00000|  0%| F|  |TAMS 0x000000070ad00000, 0x000000070ad00000| Untracked 
| 146|0x000000070ae00000, 0x000000070ae00000, 0x000000070af00000|  0%| F|  |TAMS 0x000000070ae00000, 0x000000070ae00000| Untracked 
| 147|0x000000070af00000, 0x000000070af00000, 0x000000070b000000|  0%| F|  |TAMS 0x000000070af00000, 0x000000070af00000| Untracked 
| 148|0x000000070b000000, 0x000000070b000000, 0x000000070b100000|  0%| F|  |TAMS 0x000000070b000000, 0x000000070b000000| Untracked 
| 149|0x000000070b100000, 0x000000070b100000, 0x000000070b200000|  0%| F|  |TAMS 0x000000070b100000, 0x000000070b100000| Untracked 
| 150|0x000000070b200000, 0x000000070b200000, 0x000000070b300000|  0%| F|  |TAMS 0x000000070b200000, 0x000000070b200000| Untracked 
| 151|0x000000070b300000, 0x000000070b300000, 0x000000070b400000|  0%| F|  |TAMS 0x000000070b300000, 0x000000070b300000| Untracked 
| 152|0x000000070b400000, 0x000000070b400000, 0x000000070b500000|  0%| F|  |TAMS 0x000000070b400000, 0x000000070b400000| Untracked 
| 153|0x000000070b500000, 0x000000070b500000, 0x000000070b600000|  0%| F|  |TAMS 0x000000070b500000, 0x000000070b500000| Untracked 
| 154|0x000000070b600000, 0x000000070b600000, 0x000000070b700000|  0%| F|  |TAMS 0x000000070b600000, 0x000000070b600000| Untracked 
| 155|0x000000070b700000, 0x000000070b700000, 0x000000070b800000|  0%| F|  |TAMS 0x000000070b700000, 0x000000070b700000| Untracked 
| 156|0x000000070b800000, 0x000000070b800000, 0x000000070b900000|  0%| F|  |TAMS 0x000000070b800000, 0x000000070b800000| Untracked 
| 157|0x000000070b900000, 0x000000070b900000, 0x000000070ba00000|  0%| F|  |TAMS 0x000000070b900000, 0x000000070b900000| Untracked 
| 158|0x000000070ba00000, 0x000000070ba00000, 0x000000070bb00000|  0%| F|  |TAMS 0x000000070ba00000, 0x000000070ba00000| Untracked 
| 159|0x000000070bb00000, 0x000000070bb00000, 0x000000070bc00000|  0%| F|  |TAMS 0x000000070bb00000, 0x000000070bb00000| Untracked 
| 160|0x000000070bc00000, 0x000000070bc00000, 0x000000070bd00000|  0%| F|  |TAMS 0x000000070bc00000, 0x000000070bc00000| Untracked 
| 161|0x000000070bd00000, 0x000000070bd00000, 0x000000070be00000|  0%| F|  |TAMS 0x000000070bd00000, 0x000000070bd00000| Untracked 
| 162|0x000000070be00000, 0x000000070be00000, 0x000000070bf00000|  0%| F|  |TAMS 0x000000070be00000, 0x000000070be00000| Untracked 
| 163|0x000000070bf00000, 0x000000070bf00000, 0x000000070c000000|  0%| F|  |TAMS 0x000000070bf00000, 0x000000070bf00000| Untracked 
| 164|0x000000070c000000, 0x000000070c000000, 0x000000070c100000|  0%| F|  |TAMS 0x000000070c000000, 0x000000070c000000| Untracked 
| 165|0x000000070c100000, 0x000000070c100000, 0x000000070c200000|  0%| F|  |TAMS 0x000000070c100000, 0x000000070c100000| Untracked 
| 166|0x000000070c200000, 0x000000070c200000, 0x000000070c300000|  0%| F|  |TAMS 0x000000070c200000, 0x000000070c200000| Untracked 
| 167|0x000000070c300000, 0x000000070c300000, 0x000000070c400000|  0%| F|  |TAMS 0x000000070c300000, 0x000000070c300000| Untracked 
| 168|0x000000070c400000, 0x000000070c400000, 0x000000070c500000|  0%| F|  |TAMS 0x000000070c400000, 0x000000070c400000| Untracked 
| 169|0x000000070c500000, 0x000000070c500000, 0x000000070c600000|  0%| F|  |TAMS 0x000000070c500000, 0x000000070c500000| Untracked 
| 170|0x000000070c600000, 0x000000070c600000, 0x000000070c700000|  0%| F|  |TAMS 0x000000070c600000, 0x000000070c600000| Untracked 
| 171|0x000000070c700000, 0x000000070c700000, 0x000000070c800000|  0%| F|  |TAMS 0x000000070c700000, 0x000000070c700000| Untracked 
| 172|0x000000070c800000, 0x000000070c800000, 0x000000070c900000|  0%| F|  |TAMS 0x000000070c800000, 0x000000070c800000| Untracked 
| 173|0x000000070c900000, 0x000000070c900000, 0x000000070ca00000|  0%| F|  |TAMS 0x000000070c900000, 0x000000070c900000| Untracked 
| 174|0x000000070ca00000, 0x000000070ca00000, 0x000000070cb00000|  0%| F|  |TAMS 0x000000070ca00000, 0x000000070ca00000| Untracked 
| 175|0x000000070cb00000, 0x000000070cb00000, 0x000000070cc00000|  0%| F|  |TAMS 0x000000070cb00000, 0x000000070cb00000| Untracked 
| 176|0x000000070cc00000, 0x000000070cc00000, 0x000000070cd00000|  0%| F|  |TAMS 0x000000070cc00000, 0x000000070cc00000| Untracked 
| 177|0x000000070cd00000, 0x000000070cd00000, 0x000000070ce00000|  0%| F|  |TAMS 0x000000070cd00000, 0x000000070cd00000| Untracked 
| 178|0x000000070ce00000, 0x000000070ce00000, 0x000000070cf00000|  0%| F|  |TAMS 0x000000070ce00000, 0x000000070ce00000| Untracked 
| 179|0x000000070cf00000, 0x000000070cf00000, 0x000000070d000000|  0%| F|  |TAMS 0x000000070cf00000, 0x000000070cf00000| Untracked 
| 180|0x000000070d000000, 0x000000070d000000, 0x000000070d100000|  0%| F|  |TAMS 0x000000070d000000, 0x000000070d000000| Untracked 
| 181|0x000000070d100000, 0x000000070d100000, 0x000000070d200000|  0%| F|  |TAMS 0x000000070d100000, 0x000000070d100000| Untracked 
| 182|0x000000070d200000, 0x000000070d200000, 0x000000070d300000|  0%| F|  |TAMS 0x000000070d200000, 0x000000070d200000| Untracked 
| 183|0x000000070d300000, 0x000000070d300000, 0x000000070d400000|  0%| F|  |TAMS 0x000000070d300000, 0x000000070d300000| Untracked 
| 184|0x000000070d400000, 0x000000070d400000, 0x000000070d500000|  0%| F|  |TAMS 0x000000070d400000, 0x000000070d400000| Untracked 
| 185|0x000000070d500000, 0x000000070d500000, 0x000000070d600000|  0%| F|  |TAMS 0x000000070d500000, 0x000000070d500000| Untracked 
| 186|0x000000070d600000, 0x000000070d600000, 0x000000070d700000|  0%| F|  |TAMS 0x000000070d600000, 0x000000070d600000| Untracked 
| 187|0x000000070d700000, 0x000000070d700000, 0x000000070d800000|  0%| F|  |TAMS 0x000000070d700000, 0x000000070d700000| Untracked 
| 188|0x000000070d800000, 0x000000070d800000, 0x000000070d900000|  0%| F|  |TAMS 0x000000070d800000, 0x000000070d800000| Untracked 
| 189|0x000000070d900000, 0x000000070d900000, 0x000000070da00000|  0%| F|  |TAMS 0x000000070d900000, 0x000000070d900000| Untracked 
| 190|0x000000070da00000, 0x000000070da00000, 0x000000070db00000|  0%| F|  |TAMS 0x000000070da00000, 0x000000070da00000| Untracked 
| 191|0x000000070db00000, 0x000000070db00000, 0x000000070dc00000|  0%| F|  |TAMS 0x000000070db00000, 0x000000070db00000| Untracked 
| 192|0x000000070dc00000, 0x000000070dc00000, 0x000000070dd00000|  0%| F|  |TAMS 0x000000070dc00000, 0x000000070dc00000| Untracked 
| 193|0x000000070dd00000, 0x000000070dd00000, 0x000000070de00000|  0%| F|  |TAMS 0x000000070dd00000, 0x000000070dd00000| Untracked 
| 194|0x000000070de00000, 0x000000070de00000, 0x000000070df00000|  0%| F|  |TAMS 0x000000070de00000, 0x000000070de00000| Untracked 
| 195|0x000000070df00000, 0x000000070df00000, 0x000000070e000000|  0%| F|  |TAMS 0x000000070df00000, 0x000000070df00000| Untracked 
| 196|0x000000070e000000, 0x000000070e000000, 0x000000070e100000|  0%| F|  |TAMS 0x000000070e000000, 0x000000070e000000| Untracked 
| 197|0x000000070e100000, 0x000000070e100800, 0x000000070e200000|  0%| E|  |TAMS 0x000000070e100000, 0x000000070e100000| Complete 
| 198|0x000000070e200000, 0x000000070e300000, 0x000000070e300000|100%| E|CS|TAMS 0x000000070e200000, 0x000000070e200000| Complete 
| 199|0x000000070e300000, 0x000000070e400000, 0x000000070e400000|100%| E|CS|TAMS 0x000000070e300000, 0x000000070e300000| Complete 
| 200|0x000000070e400000, 0x000000070e500000, 0x000000070e500000|100%| E|CS|TAMS 0x000000070e400000, 0x000000070e400000| Complete 
| 201|0x000000070e500000, 0x000000070e600000, 0x000000070e600000|100%| E|CS|TAMS 0x000000070e500000, 0x000000070e500000| Complete 
| 202|0x000000070e600000, 0x000000070e700000, 0x000000070e700000|100%| E|CS|TAMS 0x000000070e600000, 0x000000070e600000| Complete 
| 203|0x000000070e700000, 0x000000070e800000, 0x000000070e800000|100%| E|CS|TAMS 0x000000070e700000, 0x000000070e700000| Complete 
| 204|0x000000070e800000, 0x000000070e900000, 0x000000070e900000|100%| E|CS|TAMS 0x000000070e800000, 0x000000070e800000| Complete 
| 205|0x000000070e900000, 0x000000070ea00000, 0x000000070ea00000|100%| E|CS|TAMS 0x000000070e900000, 0x000000070e900000| Complete 
| 206|0x000000070ea00000, 0x000000070eb00000, 0x000000070eb00000|100%| E|CS|TAMS 0x000000070ea00000, 0x000000070ea00000| Complete 
| 207|0x000000070eb00000, 0x000000070ec00000, 0x000000070ec00000|100%| E|CS|TAMS 0x000000070eb00000, 0x000000070eb00000| Complete 
| 208|0x000000070ec00000, 0x000000070ed00000, 0x000000070ed00000|100%| E|CS|TAMS 0x000000070ec00000, 0x000000070ec00000| Complete 
| 209|0x000000070ed00000, 0x000000070ee00000, 0x000000070ee00000|100%| E|CS|TAMS 0x000000070ed00000, 0x000000070ed00000| Complete 
| 210|0x000000070ee00000, 0x000000070ef00000, 0x000000070ef00000|100%| E|CS|TAMS 0x000000070ee00000, 0x000000070ee00000| Complete 
| 211|0x000000070ef00000, 0x000000070f000000, 0x000000070f000000|100%| E|CS|TAMS 0x000000070ef00000, 0x000000070ef00000| Complete 
| 212|0x000000070f000000, 0x000000070f100000, 0x000000070f100000|100%| E|CS|TAMS 0x000000070f000000, 0x000000070f000000| Complete 
| 213|0x000000070f100000, 0x000000070f200000, 0x000000070f200000|100%| E|CS|TAMS 0x000000070f100000, 0x000000070f100000| Complete 
| 214|0x000000070f200000, 0x000000070f300000, 0x000000070f300000|100%| E|CS|TAMS 0x000000070f200000, 0x000000070f200000| Complete 
| 215|0x000000070f300000, 0x000000070f400000, 0x000000070f400000|100%| E|CS|TAMS 0x000000070f300000, 0x000000070f300000| Complete 
| 216|0x000000070f400000, 0x000000070f500000, 0x000000070f500000|100%| E|CS|TAMS 0x000000070f400000, 0x000000070f400000| Complete 
| 217|0x000000070f500000, 0x000000070f600000, 0x000000070f600000|100%| E|CS|TAMS 0x000000070f500000, 0x000000070f500000| Complete 
| 218|0x000000070f600000, 0x000000070f700000, 0x000000070f700000|100%| E|CS|TAMS 0x000000070f600000, 0x000000070f600000| Complete 
| 219|0x000000070f700000, 0x000000070f800000, 0x000000070f800000|100%| E|CS|TAMS 0x000000070f700000, 0x000000070f700000| Complete 
| 220|0x000000070f800000, 0x000000070f900000, 0x000000070f900000|100%| E|CS|TAMS 0x000000070f800000, 0x000000070f800000| Complete 
| 221|0x000000070f900000, 0x000000070fa00000, 0x000000070fa00000|100%| E|CS|TAMS 0x000000070f900000, 0x000000070f900000| Complete 
| 222|0x000000070fa00000, 0x000000070fb00000, 0x000000070fb00000|100%| E|CS|TAMS 0x000000070fa00000, 0x000000070fa00000| Complete 
| 223|0x000000070fb00000, 0x000000070fc00000, 0x000000070fc00000|100%| E|CS|TAMS 0x000000070fb00000, 0x000000070fb00000| Complete 
| 224|0x000000070fc00000, 0x000000070fd00000, 0x000000070fd00000|100%| E|CS|TAMS 0x000000070fc00000, 0x000000070fc00000| Complete 
| 225|0x000000070fd00000, 0x000000070fe00000, 0x000000070fe00000|100%| E|CS|TAMS 0x000000070fd00000, 0x000000070fd00000| Complete 
| 226|0x000000070fe00000, 0x000000070ff00000, 0x000000070ff00000|100%| E|CS|TAMS 0x000000070fe00000, 0x000000070fe00000| Complete 
| 227|0x000000070ff00000, 0x0000000710000000, 0x0000000710000000|100%| E|CS|TAMS 0x000000070ff00000, 0x000000070ff00000| Complete 
| 228|0x0000000710000000, 0x0000000710100000, 0x0000000710100000|100%| E|CS|TAMS 0x0000000710000000, 0x0000000710000000| Complete 
| 229|0x0000000710100000, 0x0000000710200000, 0x0000000710200000|100%| S|CS|TAMS 0x0000000710100000, 0x0000000710100000| Complete 
| 230|0x0000000710200000, 0x0000000710300000, 0x0000000710300000|100%| S|CS|TAMS 0x0000000710200000, 0x0000000710200000| Complete 
| 231|0x0000000710300000, 0x0000000710400000, 0x0000000710400000|100%| S|CS|TAMS 0x0000000710300000, 0x0000000710300000| Complete 
| 232|0x0000000710400000, 0x0000000710500000, 0x0000000710500000|100%| E|CS|TAMS 0x0000000710400000, 0x0000000710400000| Complete 
| 233|0x0000000710500000, 0x0000000710600000, 0x0000000710600000|100%| E|CS|TAMS 0x0000000710500000, 0x0000000710500000| Complete 
| 234|0x0000000710600000, 0x0000000710700000, 0x0000000710700000|100%| E|CS|TAMS 0x0000000710600000, 0x0000000710600000| Complete 
| 235|0x0000000710700000, 0x0000000710800000, 0x0000000710800000|100%| E|CS|TAMS 0x0000000710700000, 0x0000000710700000| Complete 
| 236|0x0000000710800000, 0x0000000710900000, 0x0000000710900000|100%| E|CS|TAMS 0x0000000710800000, 0x0000000710800000| Complete 
| 237|0x0000000710900000, 0x0000000710a00000, 0x0000000710a00000|100%| E|CS|TAMS 0x0000000710900000, 0x0000000710900000| Complete 
| 238|0x0000000710a00000, 0x0000000710b00000, 0x0000000710b00000|100%| E|CS|TAMS 0x0000000710a00000, 0x0000000710a00000| Complete 
| 239|0x0000000710b00000, 0x0000000710c00000, 0x0000000710c00000|100%| E|CS|TAMS 0x0000000710b00000, 0x0000000710b00000| Complete 
| 240|0x0000000710c00000, 0x0000000710d00000, 0x0000000710d00000|100%| E|CS|TAMS 0x0000000710c00000, 0x0000000710c00000| Complete 
| 241|0x0000000710d00000, 0x0000000710e00000, 0x0000000710e00000|100%| E|CS|TAMS 0x0000000710d00000, 0x0000000710d00000| Complete 
| 242|0x0000000710e00000, 0x0000000710f00000, 0x0000000710f00000|100%| E|CS|TAMS 0x0000000710e00000, 0x0000000710e00000| Complete 
| 243|0x0000000710f00000, 0x0000000711000000, 0x0000000711000000|100%| E|CS|TAMS 0x0000000710f00000, 0x0000000710f00000| Complete 
| 244|0x0000000711000000, 0x0000000711100000, 0x0000000711100000|100%| E|CS|TAMS 0x0000000711000000, 0x0000000711000000| Complete 
| 245|0x0000000711100000, 0x0000000711200000, 0x0000000711200000|100%| E|CS|TAMS 0x0000000711100000, 0x0000000711100000| Complete 
| 246|0x0000000711200000, 0x0000000711300000, 0x0000000711300000|100%| E|CS|TAMS 0x0000000711200000, 0x0000000711200000| Complete 
| 247|0x0000000711300000, 0x0000000711400000, 0x0000000711400000|100%| E|CS|TAMS 0x0000000711300000, 0x0000000711300000| Complete 
| 248|0x0000000711400000, 0x0000000711500000, 0x0000000711500000|100%| E|CS|TAMS 0x0000000711400000, 0x0000000711400000| Complete 
| 249|0x0000000711500000, 0x0000000711600000, 0x0000000711600000|100%| E|CS|TAMS 0x0000000711500000, 0x0000000711500000| Complete 
| 250|0x0000000711600000, 0x0000000711700000, 0x0000000711700000|100%| E|CS|TAMS 0x0000000711600000, 0x0000000711600000| Complete 
| 251|0x0000000711700000, 0x0000000711800000, 0x0000000711800000|100%| E|CS|TAMS 0x0000000711700000, 0x0000000711700000| Complete 
| 252|0x0000000711800000, 0x0000000711900000, 0x0000000711900000|100%| E|CS|TAMS 0x0000000711800000, 0x0000000711800000| Complete 
| 253|0x0000000711900000, 0x0000000711a00000, 0x0000000711a00000|100%| E|CS|TAMS 0x0000000711900000, 0x0000000711900000| Complete 
| 254|0x0000000711a00000, 0x0000000711b00000, 0x0000000711b00000|100%| E|CS|TAMS 0x0000000711a00000, 0x0000000711a00000| Complete 
| 255|0x0000000711b00000, 0x0000000711c00000, 0x0000000711c00000|100%| E|CS|TAMS 0x0000000711b00000, 0x0000000711b00000| Complete 

Card table byte_map: [0x00000203c2c00000,0x00000203c3400000] _byte_map_base: 0x00000203bf3f2000

Marking Bits (Prev, Next): (CMBitMap*) 0x00000203aae083e8, (CMBitMap*) 0x00000203aae08420
 Prev Bits: [0x00000203c3c00000, 0x00000203c7b90000)
 Next Bits: [0x00000203c7b90000, 0x00000203cbb20000)

Polling page: 0x00000203a8b00000

Metaspace:

Usage:
  Non-class:     16.77 MB capacity,    16.48 MB ( 98%) used,   247.64 KB (  1%) free+waste,    47.56 KB ( <1%) overhead. 
      Class:      2.21 MB capacity,     2.02 MB ( 91%) used,   177.21 KB (  8%) free+waste,    24.44 KB (  1%) overhead. 
       Both:     18.99 MB capacity,    18.50 MB ( 97%) used,   424.85 KB (  2%) free+waste,    72.00 KB ( <1%) overhead. 

Virtual space:
  Non-class space:       18.00 MB reserved,      17.00 MB ( 94%) committed 
      Class space:        1.00 GB reserved,       2.25 MB ( <1%) committed 
             Both:        1.02 GB reserved,      19.25 MB (  2%) committed 

Chunk freelists:
   Non-Class:  5.25 KB
       Class:  512 bytes
        Both:  5.75 KB

CodeHeap 'non-profiled nmethods': size=120000Kb used=703Kb max_used=703Kb free=119296Kb
 bounds [0x00000203baba0000, 0x00000203bae10000, 0x00000203c20d0000]
CodeHeap 'profiled nmethods': size=120000Kb used=4252Kb max_used=4252Kb free=115748Kb
 bounds [0x00000203b3670000, 0x00000203b3aa0000, 0x00000203baba0000]
CodeHeap 'non-nmethods': size=5760Kb used=1246Kb max_used=1260Kb free=4514Kb
 bounds [0x00000203b30d0000, 0x00000203b3340000, 0x00000203b3670000]
 total_blobs=3098 nmethods=2082 adapters=530
 compilation: enabled
              stopped_count=0, restarted_count=0
 full_count=0

Compilation events (10 events):
Event: 56.157 Thread 0x00000203cefab000 2084       3       java.lang.Enum::compareTo (44 bytes)
Event: 56.157 Thread 0x00000203cefab000 nmethod 2084 0x00000203b3a93810 code [0x00000203b3a93a20, 0x00000203b3a93fb0]
Event: 56.157 Thread 0x00000203cefab000 2083       3       java.awt.Window::isModalExcluded (43 bytes)
Event: 56.157 Thread 0x00000203cefab000 nmethod 2083 0x00000203b3a94190 code [0x00000203b3a94380, 0x00000203b3a948a0]
Event: 56.214 Thread 0x00000203cefab000 2085       3       java.awt.Container::processEvent (22 bytes)
Event: 56.214 Thread 0x00000203cefab000 nmethod 2085 0x00000203b3a94a10 code [0x00000203b3a94c00, 0x00000203b3a950a0]
Event: 56.214 Thread 0x00000203cefab000 2086       3       java.awt.Component::processEvent (220 bytes)
Event: 56.215 Thread 0x00000203cefab000 nmethod 2086 0x00000203b3a95190 code [0x00000203b3a95480, 0x00000203b3a970f0]
Event: 56.547 Thread 0x00000203cefab000 2087       3       sun.swing.SwingUtilities2::isScaleChanged (16 bytes)
Event: 56.547 Thread 0x00000203cefab000 nmethod 2087 0x00000203b3a97390 code [0x00000203b3a97560, 0x00000203b3a97770]

GC Heap History (2 events):
Event: 1.638 GC heap before
{Heap before GC invocations=0 (full 0):
 garbage-first heap   total 262144K, used 34816K [0x0000000701c00000, 0x0000000800000000)
  region size 1024K, 24 young (24576K), 0 survivors (0K)
 Metaspace       used 16009K, capacity 16357K, committed 16640K, reserved 1064960K
  class space    used 1767K, capacity 1947K, committed 2048K, reserved 1048576K
}
Event: 1.642 GC heap after
{Heap after GC invocations=1 (full 0):
 garbage-first heap   total 262144K, used 13623K [0x0000000701c00000, 0x0000000800000000)
  region size 1024K, 3 young (3072K), 3 survivors (3072K)
 Metaspace       used 16009K, capacity 16357K, committed 16640K, reserved 1064960K
  class space    used 1767K, capacity 1947K, committed 2048K, reserved 1048576K
}

Deoptimization events (10 events):
Event: 1.648 Thread 0x00000203aada7800 Uncommon trap: reason=unstable_if action=reinterpret pc=0x00000203babdb45c method=java.lang.String.equals(Ljava/lang/Object;)Z @ 34 c2
Event: 1.824 Thread 0x00000203aada7800 Uncommon trap: reason=unstable_if action=reinterpret pc=0x00000203babe7828 method=java.lang.ref.ReferenceQueue.poll()Ljava/lang/ref/Reference; @ 4 c2
Event: 1.979 Thread 0x00000203aada7800 Uncommon trap: reason=unstable_if action=reinterpret pc=0x00000203babe3cf8 method=java.util.Objects.equals(Ljava/lang/Object;Ljava/lang/Object;)Z @ 6 c2
Event: 1.984 Thread 0x00000203cf643000 Uncommon trap: reason=class_check action=maybe_recompile pc=0x00000203babf16f8 method=java.util.HashMap.putVal(ILjava/lang/Object;Ljava/lang/Object;ZZ)Ljava/lang/Object; @ 91 c2
Event: 1.984 Thread 0x00000203cf643000 Uncommon trap: reason=class_check action=maybe_recompile pc=0x00000203babf16f8 method=java.util.HashMap.putVal(ILjava/lang/Object;Ljava/lang/Object;ZZ)Ljava/lang/Object; @ 91 c2
Event: 2.019 Thread 0x00000203aada7800 Uncommon trap: reason=unstable_if action=reinterpret pc=0x00000203babfe694 method=java.lang.String.startsWith(Ljava/lang/String;I)Z @ 14 c2
Event: 2.815 Thread 0x00000203d1239800 Uncommon trap: reason=unstable_if action=reinterpret pc=0x00000203babd77a4 method=java.util.concurrent.ConcurrentHashMap.get(Ljava/lang/Object;)Ljava/lang/Object; @ 76 c2
Event: 9.505 Thread 0x00000203d1239800 Uncommon trap: reason=unstable_if action=reinterpret pc=0x00000203babfc148 method=java.nio.Buffer.limit(I)Ljava/nio/Buffer; @ 45 c2
Event: 55.453 Thread 0x00000203d1239800 Uncommon trap: reason=speculate_class_check action=maybe_recompile pc=0x00000203bac4300c method=java.util.Hashtable.addEntry(ILjava/lang/Object;Ljava/lang/Object;I)V @ 18 c2
Event: 55.479 Thread 0x00000203d1239800 Uncommon trap: reason=speculate_class_check action=maybe_recompile pc=0x00000203bac4300c method=java.util.Hashtable.addEntry(ILjava/lang/Object;Ljava/lang/Object;I)V @ 18 c2

Classes redefined (0 events):
No events

Internal exceptions (10 events):
Event: 1.433 Thread 0x00000203aada7800 Exception <a 'java/lang/NoSuchMethodError'{0x0000000710c5c7d8}: java.lang.invoke.DirectMethodHandle$Holder.invokeStatic(Ljava/lang/Object;Ljava/lang/Object;Ljava/lang/Object;Ljava/lang/Object;Ljava/lang/Object;Ljava/lang/Object;Ljava/lang/Object;Ljava/lan
Event: 1.435 Thread 0x00000203aada7800 Exception <a 'java/lang/NoSuchMethodError'{0x0000000710c7d450}: java.lang.invoke.DirectMethodHandle$Holder.invokeStatic(Ljava/lang/Object;Ljava/lang/Object;Ljava/lang/Object;Ljava/lang/Object;Ljava/lang/Object;Ljava/lang/Object;Ljava/lang/Object;Ljava/lan
Event: 1.527 Thread 0x00000203aada7800 Exception <a 'java/io/FileNotFoundException'{0x0000000710801f68}> (0x0000000710801f68) thrown at [t:/workspace/open/src/hotspot/share/prims/jni.cpp, line 615]
Event: 1.528 Thread 0x00000203aada7800 Exception <a 'java/io/FileNotFoundException'{0x0000000710803558}> (0x0000000710803558) thrown at [t:/workspace/open/src/hotspot/share/prims/jni.cpp, line 615]
Event: 1.531 Thread 0x00000203aada7800 Exception <a 'java/io/FileNotFoundException'{0x000000071081ca98}> (0x000000071081ca98) thrown at [t:/workspace/open/src/hotspot/share/prims/jni.cpp, line 615]
Event: 1.531 Thread 0x00000203aada7800 Exception <a 'java/io/FileNotFoundException'{0x000000071081dfb8}> (0x000000071081dfb8) thrown at [t:/workspace/open/src/hotspot/share/prims/jni.cpp, line 615]
Event: 2.018 Thread 0x00000203aada7800 Exception <a 'java/lang/NoSuchMethodError'{0x000000070e79b548}: java.lang.invoke.DirectMethodHandle$Holder.invokeStaticInit(Ljava/lang/Object;)V> (0x000000070e79b548) thrown at [t:/workspace/open/src/hotspot/share/interpreter/linkResolver.cpp, line 772]
Event: 2.024 Thread 0x00000203aada7800 Exception <a 'java/lang/NoSuchMethodError'{0x000000070e7eab90}: java.lang.invoke.Invokers$Holder.linkToTargetMethod(Ljava/lang/Object;ILjava/lang/Object;)Ljava/lang/Object;> (0x000000070e7eab90) thrown at [t:/workspace/open/src/hotspot/share/interpreter/l
Event: 9.505 Thread 0x00000203d1239800 Exception <a 'java/lang/NullPointerException'{0x000000070e5ca5e8}> (0x000000070e5ca5e8) thrown at [t:/workspace/open/src/hotspot/share/interpreter/linkResolver.cpp, line 1436]
Event: 13.176 Thread 0x00000203d1239800 Exception <a 'java/lang/NullPointerException'{0x000000070e3410e0}> (0x000000070e3410e0) thrown at [t:/workspace/open/src/hotspot/share/interpreter/linkResolver.cpp, line 1436]

Events (10 events):
Event: 56.548 Executing VM operation: RevokeBias
Event: 56.548 Executing VM operation: RevokeBias done
Event: 56.548 Thread 0x00000203d0f47800 Thread added: 0x00000203d0f47800
Event: 56.548 Thread 0x00000203d147a800 Thread added: 0x00000203d147a800
Event: 56.548 Thread 0x00000203d0f47800 Thread exited: 0x00000203d0f47800
Event: 56.574 Executing VM operation: RevokeBias
Event: 56.574 Executing VM operation: RevokeBias done
Event: 56.574 Thread 0x00000203cf643000 Thread exited: 0x00000203cf643000
Event: 56.649 Thread 0x00000203d147a800 Thread exited: 0x00000203d147a800
Event: 56.650 Executing VM operation: Exit


Dynamic libraries:
0x00007ff7e0d00000 - 0x00007ff7e0d47000 	C:\Program Files\Java\jdk-11.0.2\bin\java.exe
0x00007ffa962a0000 - 0x00007ffa96490000 	C:\WINDOWS\SYSTEM32\ntdll.dll
0x00007ffa95c40000 - 0x00007ffa95cf2000 	C:\WINDOWS\System32\KERNEL32.DLL
0x00007ffa93500000 - 0x00007ffa937a3000 	C:\WINDOWS\System32\KERNELBASE.dll
0x00007ffa96140000 - 0x00007ffa961e3000 	C:\WINDOWS\System32\ADVAPI32.dll
0x00007ffa95910000 - 0x00007ffa959ae000 	C:\WINDOWS\System32\msvcrt.dll
0x00007ffa94a00000 - 0x00007ffa94a97000 	C:\WINDOWS\System32\sechost.dll
0x00007ffa95f10000 - 0x00007ffa96030000 	C:\WINDOWS\System32\RPCRT4.dll
0x00007ffa95d70000 - 0x00007ffa95f04000 	C:\WINDOWS\System32\USER32.dll
0x00007ffa93230000 - 0x00007ffa93251000 	C:\WINDOWS\System32\win32u.dll
0x00007ffa95790000 - 0x00007ffa957b6000 	C:\WINDOWS\System32\GDI32.dll
0x00007ffa93890000 - 0x00007ffa93a24000 	C:\WINDOWS\System32\gdi32full.dll
0x00007ffa94230000 - 0x00007ffa942ce000 	C:\WINDOWS\System32\msvcp_win.dll
0x00007ffa93260000 - 0x00007ffa9335a000 	C:\WINDOWS\System32\ucrtbase.dll
0x00007ffa872c0000 - 0x00007ffa87545000 	C:\WINDOWS\WinSxS\amd64_microsoft.windows.common-controls_6595b64144ccf1df_6.0.18362.657_none_e6c5b579130e3898\COMCTL32.dll
0x00007ffa8dcd0000 - 0x00007ffa8dcda000 	C:\WINDOWS\SYSTEM32\VERSION.dll
0x00007ffa95190000 - 0x00007ffa954c6000 	C:\WINDOWS\System32\combase.dll
0x00007ffa942d0000 - 0x00007ffa94350000 	C:\WINDOWS\System32\bcryptPrimitives.dll
0x00007ffa96100000 - 0x00007ffa9612e000 	C:\WINDOWS\System32\IMM32.DLL
0x00007ffa77a60000 - 0x00007ffa77a76000 	C:\Program Files\Java\jdk-11.0.2\bin\vcruntime140.dll
0x00007ffa49690000 - 0x00007ffa4973a000 	C:\Program Files\Java\jdk-11.0.2\bin\msvcp140.dll
0x00007ffa3cf20000 - 0x00007ffa3da47000 	C:\Program Files\Java\jdk-11.0.2\bin\server\jvm.dll
0x00007ffa96130000 - 0x00007ffa96138000 	C:\WINDOWS\System32\PSAPI.DLL
0x00007ffa893d0000 - 0x00007ffa893f4000 	C:\WINDOWS\SYSTEM32\WINMM.dll
0x00007ffa8b3d0000 - 0x00007ffa8b3d9000 	C:\WINDOWS\SYSTEM32\WSOCK32.dll
0x00007ffa961f0000 - 0x00007ffa9625f000 	C:\WINDOWS\System32\WS2_32.dll
0x00007ffa893a0000 - 0x00007ffa893cd000 	C:\WINDOWS\SYSTEM32\WINMMBASE.dll
0x00007ffa93360000 - 0x00007ffa933aa000 	C:\WINDOWS\System32\cfgmgr32.dll
0x00007ffa931a0000 - 0x00007ffa931b1000 	C:\WINDOWS\System32\kernel.appcore.dll
0x00007ffa77810000 - 0x00007ffa77821000 	C:\Program Files\Java\jdk-11.0.2\bin\verify.dll
0x00007ffa8cb90000 - 0x00007ffa8cd84000 	C:\WINDOWS\SYSTEM32\DBGHELP.DLL
0x00007ffa8c350000 - 0x00007ffa8c37a000 	C:\WINDOWS\SYSTEM32\dbgcore.DLL
0x00007ffa6a2e0000 - 0x00007ffa6a309000 	C:\Program Files\Java\jdk-11.0.2\bin\java.dll
0x00007ffa76f30000 - 0x00007ffa76f46000 	C:\Program Files\Java\jdk-11.0.2\bin\zip.dll
0x00007ffa8afe0000 - 0x00007ffa8afea000 	C:\Program Files\Java\jdk-11.0.2\bin\jimage.dll
0x00007ffa94aa0000 - 0x00007ffa95185000 	C:\WINDOWS\System32\SHELL32.dll
0x00007ffa95580000 - 0x00007ffa95629000 	C:\WINDOWS\System32\shcore.dll
0x00007ffa93ab0000 - 0x00007ffa9422f000 	C:\WINDOWS\System32\windows.storage.dll
0x00007ffa931c0000 - 0x00007ffa931df000 	C:\WINDOWS\System32\profapi.dll
0x00007ffa931e0000 - 0x00007ffa9322a000 	C:\WINDOWS\System32\powrprof.dll
0x00007ffa93170000 - 0x00007ffa93180000 	C:\WINDOWS\System32\UMPDC.dll
0x00007ffa95a30000 - 0x00007ffa95a82000 	C:\WINDOWS\System32\shlwapi.dll
0x00007ffa93a30000 - 0x00007ffa93a47000 	C:\WINDOWS\System32\cryptsp.dll
0x00007ffa73970000 - 0x00007ffa73989000 	C:\Program Files\Java\jdk-11.0.2\bin\net.dll
0x00007ffa8a100000 - 0x00007ffa8a1f0000 	C:\WINDOWS\SYSTEM32\WINHTTP.dll
0x00007ffa87050000 - 0x00007ffa87226000 	C:\WINDOWS\SYSTEM32\urlmon.dll
0x00007ffa86da0000 - 0x00007ffa87046000 	C:\WINDOWS\SYSTEM32\iertutil.dll
0x00007ffa92bb0000 - 0x00007ffa92bbc000 	C:\WINDOWS\SYSTEM32\CRYPTBASE.DLL
0x00007ffa929e0000 - 0x00007ffa92a47000 	C:\WINDOWS\system32\mswsock.dll
0x00007ffa6ff30000 - 0x00007ffa6ff43000 	C:\Program Files\Java\jdk-11.0.2\bin\nio.dll
0x00007ffa47f30000 - 0x00007ffa480cf000 	C:\Program Files\Java\jdk-11.0.2\bin\awt.dll
0x00007ffa95840000 - 0x00007ffa95904000 	C:\WINDOWS\System32\OLEAUT32.dll
0x00007ffa8ff20000 - 0x00007ffa904e0000 	C:\WINDOWS\SYSTEM32\d2d1.dll
0x00007ffa91360000 - 0x00007ffa913ef000 	C:\WINDOWS\SYSTEM32\apphelp.dll
0x00007ffa91850000 - 0x00007ffa9187d000 	C:\WINDOWS\system32\DWMAPI.DLL
0x00007ffa91430000 - 0x00007ffa914c9000 	C:\WINDOWS\system32\uxtheme.dll
0x00007ffa76460000 - 0x00007ffa765b6000 	C:\WINDOWS\system32\opengl32.dll
0x00007ffa8b2b0000 - 0x00007ffa8b2dc000 	C:\WINDOWS\SYSTEM32\GLU32.dll
0x00007ffa91de0000 - 0x00007ffa91e00000 	C:\WINDOWS\SYSTEM32\dxcore.dll
0x00007ffa94350000 - 0x00007ffa94485000 	C:\WINDOWS\System32\MSCTF.dll
0x00007ffa49d90000 - 0x00007ffa49e74000 	C:\Program Files (x86)\Razer\Razer Cortex\x64\k_fps64.dll
0x00007ffa5f090000 - 0x00007ffa5f140000 	C:\Program Files\Nahimic\Nahimic2\UserInterface\x64\Nahimic2DevProps.dll
0x00007ffa95630000 - 0x00007ffa95786000 	C:\WINDOWS\System32\ole32.dll
0x00007ffa84160000 - 0x00007ffa841c3000 	C:\Program Files\Nahimic\Nahimic2\UserInterface\x64\Nahimic2OSD.dll
0x00007ffa954d0000 - 0x00007ffa95572000 	C:\WINDOWS\System32\clbcatq.dll
0x00007ffa8d8d0000 - 0x00007ffa8d942000 	C:\WINDOWS\System32\MMDevApi.dll
0x00007ffa92f70000 - 0x00007ffa92f9a000 	C:\WINDOWS\System32\DEVOBJ.dll
0x00007ffa8d950000 - 0x00007ffa8daad000 	C:\WINDOWS\SYSTEM32\AUDIOSES.DLL
0x00007ffa8f510000 - 0x00007ffa8f663000 	C:\WINDOWS\SYSTEM32\wintypes.dll
0x00007ffa8fb50000 - 0x00007ffa8fc3f000 	C:\WINDOWS\SYSTEM32\PropSys.dll
0x00007ffa8e830000 - 0x00007ffa8e842000 	C:\Program Files\Java\jdk-11.0.2\bin\jsound.dll
0x00007ffa81d20000 - 0x00007ffa81db9000 	C:\WINDOWS\SYSTEM32\DSOUND.dll
0x00007ffa48310000 - 0x00007ffa48354000 	C:\WINDOWS\SYSTEM32\wdmaud.drv
0x00007ffa8daf0000 - 0x00007ffa8dafa000 	C:\WINDOWS\SYSTEM32\AVRT.dll
0x00007ffa8e540000 - 0x00007ffa8e549000 	C:\WINDOWS\SYSTEM32\ksuser.dll
0x00007ffa8e6d0000 - 0x00007ffa8e6dd000 	C:\WINDOWS\SYSTEM32\msacm32.drv
0x00007ffa5bea0000 - 0x00007ffa5bebc000 	C:\WINDOWS\SYSTEM32\MSACM32.dll
0x00007ffa85570000 - 0x00007ffa8557a000 	C:\WINDOWS\SYSTEM32\midimap.dll
0x00007ffa7a160000 - 0x00007ffa7a2b1000 	C:\Windows\System32\Windows.UI.dll
0x00007ffa7e620000 - 0x00007ffa7e73a000 	C:\Windows\System32\InputHost.dll
0x00007ffa81fb0000 - 0x00007ffa8204e000 	C:\Windows\System32\TextInputFramework.dll
0x00007ffa910f0000 - 0x00007ffa911c4000 	C:\Windows\System32\CoreMessaging.dll
0x00007ffa86820000 - 0x00007ffa86b4a000 	C:\Windows\System32\CoreUIComponents.dll
0x00007ffa921d0000 - 0x00007ffa92201000 	C:\WINDOWS\SYSTEM32\ntmarta.dll
0x00007ffa8e800000 - 0x00007ffa8e82d000 	C:\Program Files\Java\jdk-11.0.2\bin\javajpeg.dll
0x00007ffa6cad0000 - 0x00007ffa6cb50000 	C:\Program Files\Java\jdk-11.0.2\bin\freetype.dll
0x00007ffa6ca60000 - 0x00007ffa6cacf000 	C:\Program Files\Java\jdk-11.0.2\bin\fontmanager.dll
0x00007ffa86670000 - 0x00007ffa8681f000 	C:\WINDOWS\SYSTEM32\WindowsCodecs.dll
0x00007ffa8ae30000 - 0x00007ffa8ae6a000 	C:\WINDOWS\system32\dataexchange.dll
0x00007ffa904e0000 - 0x00007ffa9073b000 	C:\WINDOWS\system32\d3d11.dll
0x00007ffa90ba0000 - 0x00007ffa90d7b000 	C:\WINDOWS\system32\dcomp.dll
0x00007ffa91e70000 - 0x00007ffa91f5b000 	C:\WINDOWS\system32\dxgi.dll
0x00007ffa91500000 - 0x00007ffa9175a000 	C:\WINDOWS\system32\twinapi.appcore.dll
0x00007ffa91960000 - 0x00007ffa91989000 	C:\WINDOWS\system32\RMCLIENT.dll

dbghelp: loaded successfully - version: 4.0.5 - missing functions: none
symbol engine: initialized successfully - sym options: 0x614 - pdb path: .;C:\Program Files\Java\jdk-11.0.2\bin;C:\WINDOWS\SYSTEM32;C:\WINDOWS\WinSxS\amd64_microsoft.windows.common-controls_6595b64144ccf1df_6.0.18362.657_none_e6c5b579130e3898;C:\Program Files\Java\jdk-11.0.2\bin\server;C:\Program Files (x86)\Razer\Razer Cortex\x64;C:\Program Files\Nahimic\Nahimic2\UserInterface\x64

VM Arguments:
jvm_args: -Dfile.encoding=UTF-8 
java_command: controleur.Lamifa
java_class_path (initial): C:\Users\Tom_g\Desktop\logiciel_musique\LAMIFA\lib\ojdbc8.jar;C:\Users\Tom_g\Desktop\logiciel_musique\LAMIFA\build\classes
Launcher Type: SUN_STANDARD

[Global flags]
     intx CICompilerCount                          = 4                                         {product} {ergonomic}
     uint ConcGCThreads                            = 2                                         {product} {ergonomic}
     uint G1ConcRefinementThreads                  = 8                                         {product} {ergonomic}
   size_t G1HeapRegionSize                         = 1048576                                   {product} {ergonomic}
    uintx GCDrainStackTargetSize                   = 64                                        {product} {ergonomic}
   size_t InitialHeapSize                          = 268435456                                 {product} {ergonomic}
   size_t MarkStackSize                            = 4194304                                   {product} {ergonomic}
   size_t MaxHeapSize                              = 4265607168                                {product} {ergonomic}
   size_t MaxNewSize                               = 2558525440                                {product} {ergonomic}
   size_t MinHeapDeltaBytes                        = 1048576                                   {product} {ergonomic}
    uintx NonNMethodCodeHeapSize                   = 5835340                                {pd product} {ergonomic}
    uintx NonProfiledCodeHeapSize                  = 122911450                              {pd product} {ergonomic}
    uintx ProfiledCodeHeapSize                     = 122911450                              {pd product} {ergonomic}
    uintx ReservedCodeCacheSize                    = 251658240                              {pd product} {ergonomic}
     bool SegmentedCodeCache                       = true                                      {product} {ergonomic}
     bool UseCompressedClassPointers               = true                                 {lp64_product} {ergonomic}
     bool UseCompressedOops                        = true                                 {lp64_product} {ergonomic}
     bool UseG1GC                                  = true                                      {product} {ergonomic}
     bool UseLargePagesIndividualAllocation        = false                                  {pd product} {ergonomic}

Logging:
Log output configuration:
 #0: stdout all=warning uptime,level,tags
 #1: stderr all=off uptime,level,tags

Environment Variables:
PATH=C:\Program Files (x86)\Common Files\Intel\Shared Libraries\redist\intel64\compiler;C:\Program Files (x86)\Common Files\Oracle\Java\javapath;C:\Program Files (x86)\Intel\iCLS Client\;C:\Program Files\Intel\iCLS Client\;C:\Windows\system32;C:\Windows;C:\Windows\System32\Wbem;C:\Windows\System32\WindowsPowerShell\v1.0\;C:\Program Files (x86)\Intel\Intel(R) Management Engine Components\DAL;C:\Program Files\Intel\Intel(R) Management Engine Components\DAL;C:\Program Files (x86)\Intel\Intel(R) Management Engine Components\IPT;C:\Program Files\Intel\Intel(R) Management Engine Components\IPT;C:\Program Files (x86)\NVIDIA Corporation\PhysX\Common;C:\WINDOWS\system32;C:\WINDOWS;C:\WINDOWS\System32\Wbem;C:\WINDOWS\System32\WindowsPowerShell\v1.0\;C:\WINDOWS\System32\OpenSSH\;C:\Program Files\NVIDIA Corporation\NVIDIA NvDLISR;C:\WINDOWS\system32;C:\WINDOWS;C:\WINDOWS\System32\Wbem;C:\WINDOWS\System32\WindowsPowerShell\v1.0\;C:\WINDOWS\System32\OpenSSH\;E:\bin;E:\Git\cmd;C:\ProgramData\chocolatey\bin;C:\tools\php73;C:\ProgramData\ComposerSetup\bin;C:\Users\Tom_g\AppData\Local\Microsoft\WindowsApps;C:\Users\Tom_g\AppData\Roaming\Composer\vendor\bin;E:\Microsoft VS Code\bin
USERNAME=Tom_g
OS=Windows_NT
PROCESSOR_IDENTIFIER=Intel64 Family 6 Model 158 Stepping 9, GenuineIntel



---------------  S Y S T E M  ---------------

OS: Windows 10 , 64 bit Build 18362 (10.0.18362.329)

CPU:total 8 (initial active 8) (4 cores per cpu, 2 threads per core) family 6 model 158 stepping 9, cmov, cx8, fxsr, mmx, sse, sse2, sse3, ssse3, sse4.1, sse4.2, popcnt, avx, avx2, aes, clmul, erms, 3dnowpref, lzcnt, ht, tsc, tscinvbit, bmi1, bmi2, adx, fma

Memory: 4k page, system-wide physical 16271M (7599M free)
TotalPageFile size 18703M (AvailPageFile size 6840M)
current process WorkingSet (physical memory assigned to process): 187M, peak: 192M
current process commit charge ("private bytes"): 376M, peak: 382M

vm_info: Java HotSpot(TM) 64-Bit Server VM (11.0.2+9-LTS) for windows-amd64 JRE (11.0.2+9-LTS), built on Jan 18 2019 05:24:10 by "mach5one" with MS VC++ 15.5 (VS2017)

END.
