#
# A fatal error has been detected by the Java Runtime Environment:
#
#  Internal Error (0xc000000d), pid=3720, tid=29044
#
# JRE version: Java(TM) SE Runtime Environment (11.0.2+9) (build 11.0.2+9-LTS)
# Java VM: Java HotSpot(TM) 64-Bit Server VM (11.0.2+9-LTS, mixed mode, tiered, compressed oops, g1 gc, windows-amd64)
# Problematic frame:
# C  [ntdll.dll+0x10f220]
#
# No core dump will be written. Minidumps are not enabled by default on client versions of Windows
#
# If you would like to submit a bug report, please visit:
#   http://bugreport.java.com/bugreport/crash.jsp
#

---------------  S U M M A R Y ------------

Command Line: -Dfile.encoding=UTF-8 controleur.Lamifa

Host: Intel(R) Core(TM) i7-7700HQ CPU @ 2.80GHz, 8 cores, 15G,  Windows 10 , 64 bit Build 18362 (10.0.18362.329)
Time: Wed Feb  5 09:28:31 2020 Paris, Madrid elapsed time: 140 seconds (0d 0h 2m 20s)

---------------  T H R E A D  ---------------

Current thread (0x000001ddab7ff800):  VMThread "VM Thread" [stack: 0x0000009ba1900000,0x0000009ba1a00000] [id=29044]

Stack: [0x0000009ba1900000,0x0000009ba1a00000],  sp=0x0000009ba19fe730,  free space=1017k
Native frames: (J=compiled Java code, j=interpreted, Vv=VM code, C=native code)
C  [ntdll.dll+0x10f220]
C  [ntdll.dll+0xb112f]
C  [KERNEL32.DLL+0x1ee9a]
C  [Nahimic2DevProps.dll+0x47561]


siginfo: EXCEPTION_?? (0xc000000d)


Register to memory mapping:

RIP=0x00007ffe84ccf220 ntdll.dll
RAX=0x0000009ba10fef90 is pointing into the stack for thread: 0x000001ddac279800
RBX=0xfffffffffffffffe is an unknown value
RCX=0x0000009ba10fef38 is pointing into the stack for thread: 0x000001ddac279800
RDX=0x000001dd90240a90 is at begin+185 in a stub
StubRoutines::call_stub [0x000001dd902409d7, 0x000001dd90240b44[ (365 bytes)
RSP=0x0000009ba19fe730 points into unknown readable memory: 57 00 00 00 9b 00 00 00
RBP=0x00007ffe4bdaf1bc Nahimic2DevProps.dll
RSI=0x0 is NULL
RDI=0x00000000000006a0 is an unknown value
R8 =0x0000000002000002 is an unknown value
R9 =0x0 is NULL
R10=0x0 is NULL
R11=0x000001ddaea83b30 points into unknown readable memory: 00 00 00 00 00 00 00 00
R12=0x000001ddab6ebec0 points into unknown readable memory: 48 5a dc 4b fe 7f 00 00
R13=0x0000009ba29fb0d0 is pointing into the stack for thread: 0x000001ddae555000
R14=0x000001ddab6ebfc8 points into unknown readable memory: a0 06 00 00 00 00 00 00
R15=0x0000009ba19fe8a8 points into unknown readable memory: 71 e9 9f a1 9b 00 00 00


Registers:
RAX=0x0000009ba10fef90, RBX=0xfffffffffffffffe, RCX=0x0000009ba10fef38, RDX=0x000001dd90240a90
RSP=0x0000009ba19fe730, RBP=0x00007ffe4bdaf1bc, RSI=0x0000000000000000, RDI=0x00000000000006a0
R8 =0x0000000002000002, R9 =0x0000000000000000, R10=0x0000000000000000, R11=0x000001ddaea83b30
R12=0x000001ddab6ebec0, R13=0x0000009ba29fb0d0, R14=0x000001ddab6ebfc8, R15=0x0000009ba19fe8a8
RIP=0x00007ffe84ccf220, EFLAGS=0x0000000000000206

Top of Stack: (sp=0x0000009ba19fe730)
0x0000009ba19fe730:   0000009b00000057 fffffffffffffffe
0x0000009ba19fe740:   0000000000000000 0000009ba19fe801
0x0000009ba19fe750:   00000000c000000d 0000000000000000
0x0000009ba19fe760:   00007ffe84ccf220 0000000000000000
0x0000009ba19fe770:   0000000000000000 0000000000000000
0x0000009ba19fe780:   0000000000000000 0000000000000000
0x0000009ba19fe790:   0000000000000000 0000000000000000
0x0000009ba19fe7a0:   0000000000000000 0000000000000000
0x0000009ba19fe7b0:   0000000000000000 0000000000000000
0x0000009ba19fe7c0:   0000000000000000 0000000000000000
0x0000009ba19fe7d0:   0000000000000000 0000000000000000
0x0000009ba19fe7e0:   0000000000000000 00007ffe84bc00d8
0x0000009ba19fe7f0:   00005f68a2377f0e 0000009ba19fe880
0x0000009ba19fe800:   000001dd85d92f01 00007ffe84c7112f
0x0000009ba19fe810:   0000000000000001 0000009ba29fb0d0
0x0000009ba19fe820:   000001ddad593140 0000009ba19fe890 

Instructions: (pc=0x00007ffe84ccf220)
0x00007ffe84ccf200:   3d f9 ff c7 44 24 20 0d 00 00 c0 b9 57 00 00 00
0x00007ffe84ccf210:   e8 7b 43 f4 ff 90 48 8d 4c 24 20 e8 d0 ac f5 ff
0x00007ffe84ccf220:   eb 00 48 8b 8c 24 c0 00 00 00 48 33 cc e8 7e cf
0x00007ffe84ccf230:   f7 ff 48 81 c4 d8 00 00 00 c3 40 55 48 83 ec 20 


Stack slot to memory mapping:
stack at sp + 0 slots: 0x0000009b00000057 is an unknown value
stack at sp + 1 slots: 0xfffffffffffffffe is an unknown value
stack at sp + 2 slots: 0x0 is NULL
stack at sp + 3 slots: 0x0000009ba19fe801 points into unknown readable memory: 2f d9 85 dd 01 00 00
stack at sp + 4 slots: 0x00000000c000000d is an unknown value
stack at sp + 5 slots: 0x0 is NULL
stack at sp + 6 slots: 0x00007ffe84ccf220 ntdll.dll
stack at sp + 7 slots: 0x0 is NULL

VM_Operation (0x0000009ba29fb0d0): Exit, mode: safepoint, requested by thread 0x000001ddae555000


---------------  P R O C E S S  ---------------

Threads class SMR info:
_java_thread_list=0x000001ddae67cfb0, length=18, elements={
0x000001ddab801000, 0x000001ddab80a800, 0x000001ddab81b000, 0x000001ddab81c000,
0x000001ddab81e800, 0x000001ddac0cb000, 0x000001ddac0cc000, 0x000001ddac297000,
0x000001ddac28d000, 0x000001ddac736000, 0x000001ddac739800, 0x000001ddae555000,
0x000001dd87f14800, 0x000001ddaea02800, 0x000001ddae625800, 0x000001ddaec8b000,
0x000001ddafa2f000, 0x000001ddac279800
}

Java Threads: ( => current thread )
  0x000001ddab801000 JavaThread "Reference Handler" daemon [_thread_blocked, id=27528, stack(0x0000009ba1a00000,0x0000009ba1b00000)]
  0x000001ddab80a800 JavaThread "Finalizer" daemon [_thread_blocked, id=22176, stack(0x0000009ba1b00000,0x0000009ba1c00000)]
  0x000001ddab81b000 JavaThread "Signal Dispatcher" daemon [_thread_blocked, id=9028, stack(0x0000009ba1c00000,0x0000009ba1d00000)]
  0x000001ddab81c000 JavaThread "Attach Listener" daemon [_thread_blocked, id=23656, stack(0x0000009ba1d00000,0x0000009ba1e00000)]
  0x000001ddab81e800 JavaThread "C2 CompilerThread0" daemon [_thread_blocked, id=25876, stack(0x0000009ba1e00000,0x0000009ba1f00000)]
  0x000001ddac0cb000 JavaThread "C1 CompilerThread0" daemon [_thread_blocked, id=15664, stack(0x0000009ba1f00000,0x0000009ba2000000)]
  0x000001ddac0cc000 JavaThread "Sweeper thread" daemon [_thread_blocked, id=11948, stack(0x0000009ba2000000,0x0000009ba2100000)]
  0x000001ddac297000 JavaThread "Service Thread" daemon [_thread_blocked, id=16920, stack(0x0000009ba2100000,0x0000009ba2200000)]
  0x000001ddac28d000 JavaThread "Common-Cleaner" daemon [_thread_blocked, id=26784, stack(0x0000009ba2300000,0x0000009ba2400000)]
  0x000001ddac736000 JavaThread "Java2D Disposer" daemon [_thread_blocked, id=18476, stack(0x0000009ba2400000,0x0000009ba2500000)]
  0x000001ddac739800 JavaThread "AWT-Shutdown" [_thread_blocked, id=29240, stack(0x0000009ba2500000,0x0000009ba2600000)]
  0x000001ddae555000 JavaThread "AWT-EventQueue-0" [_thread_blocked, id=25548, stack(0x0000009ba2900000,0x0000009ba2a00000)]
  0x000001dd87f14800 JavaThread "DestroyJavaVM" [_thread_blocked, id=12440, stack(0x0000009ba1300000,0x0000009ba1400000)]
  0x000001ddaea02800 JavaThread "TimerQueue" daemon [_thread_blocked, id=28800, stack(0x0000009ba2e00000,0x0000009ba2f00000)]
  0x000001ddae625800 JavaThread "Timer-0" daemon [_thread_blocked, id=11424, stack(0x0000009ba3700000,0x0000009ba3800000)]
  0x000001ddaec8b000 JavaThread "oracle.jdbc.driver.BlockSource.ThreadedCachingBlockSource.BlockReleaser" daemon [_thread_blocked, id=14648, stack(0x0000009ba3800000,0x0000009ba3900000)]
  0x000001ddafa2f000 JavaThread "InterruptTimer" daemon [_thread_blocked, id=17188, stack(0x0000009ba3900000,0x0000009ba3a00000)]
  0x000001ddac279800 JavaThread "Image Fetcher 0" daemon [_thread_blocked, id=21452, stack(0x0000009ba1000000,0x0000009ba1100000)]

Other Threads:
=>0x000001ddab7ff800 VMThread "VM Thread" [stack: 0x0000009ba1900000,0x0000009ba1a00000] [id=29044]
  0x000001dd87f2a800 GCTaskThread "GC Thread#0" [stack: 0x0000009ba1400000,0x0000009ba1500000] [id=25672]
  0x000001ddae71e000 GCTaskThread "GC Thread#1" [stack: 0x0000009ba2f00000,0x0000009ba3000000] [id=24896]
  0x000001ddae6b7000 GCTaskThread "GC Thread#2" [stack: 0x0000009ba3000000,0x0000009ba3100000] [id=12784]
  0x000001ddae84c000 GCTaskThread "GC Thread#3" [stack: 0x0000009ba3100000,0x0000009ba3200000] [id=2772]
  0x000001ddae83a000 GCTaskThread "GC Thread#4" [stack: 0x0000009ba3200000,0x0000009ba3300000] [id=19744]
  0x000001ddae83a800 GCTaskThread "GC Thread#5" [stack: 0x0000009ba3300000,0x0000009ba3400000] [id=17344]
  0x000001dd87f8a800 ConcurrentGCThread "G1 Main Marker" [stack: 0x0000009ba1500000,0x0000009ba1600000] [id=20932]
  0x000001dd87f8f000 ConcurrentGCThread "G1 Conc#0" [stack: 0x0000009ba1600000,0x0000009ba1700000] [id=11132]
  0x000001ddae745000 ConcurrentGCThread "G1 Conc#1" [stack: 0x0000009ba3600000,0x0000009ba3700000] [id=29260]
  0x000001ddab6e6800 ConcurrentGCThread "G1 Refine#0" [stack: 0x0000009ba1700000,0x0000009ba1800000] [id=24924]
  0x000001ddab6e7800 ConcurrentGCThread "G1 Young RemSet Sampling" [stack: 0x0000009ba1800000,0x0000009ba1900000] [id=27748]

Threads with active compile tasks:

VM state:at safepoint (shutting down)

VM Mutex/Monitor currently owned by a thread:  ([mutex/lock_event])
[0x000001dd87f12b70] Threads_lock - owner thread: 0x000001ddab7ff800

Heap address: 0x0000000701c00000, size: 4068 MB, Compressed Oops mode: Zero based, Oop shift amount: 3
Narrow klass base: 0x0000000800000000, Narrow klass shift: 0
Compressed class space size: 1073741824 Address: 0x0000000800000000

Heap:
 garbage-first heap   total 262144K, used 65171K [0x0000000701c00000, 0x0000000800000000)
  region size 1024K, 28 young (28672K), 5 survivors (5120K)
 Metaspace       used 30475K, capacity 31121K, committed 31360K, reserved 1077248K
  class space    used 3431K, capacity 3698K, committed 3712K, reserved 1048576K
Heap Regions: E=young(eden), S=young(survivor), O=old, HS=humongous(starts), HC=humongous(continues), CS=collection set, F=free, A=archive, TAMS=top-at-mark-start (previous, next)
|   0|0x0000000701c00000, 0x0000000701d00000, 0x0000000701d00000|100%|HS|  |TAMS 0x0000000701d00000, 0x0000000701c00000| Complete 
|   1|0x0000000701d00000, 0x0000000701e00000, 0x0000000701e00000|100%|HC|  |TAMS 0x0000000701e00000, 0x0000000701d00000| Complete 
|   2|0x0000000701e00000, 0x0000000701f00000, 0x0000000701f00000|100%|HC|  |TAMS 0x0000000701f00000, 0x0000000701e00000| Complete 
|   3|0x0000000701f00000, 0x0000000702000000, 0x0000000702000000|100%|HS|  |TAMS 0x0000000702000000, 0x0000000701f00000| Complete 
|   4|0x0000000702000000, 0x0000000702100000, 0x0000000702100000|100%|HC|  |TAMS 0x0000000702100000, 0x0000000702000000| Complete 
|   5|0x0000000702100000, 0x0000000702200000, 0x0000000702200000|100%|HC|  |TAMS 0x0000000702200000, 0x0000000702100000| Complete 
|   6|0x0000000702200000, 0x0000000702261e00, 0x0000000702300000| 38%| O|  |TAMS 0x0000000702261e00, 0x0000000702200000| Untracked 
|   7|0x0000000702300000, 0x0000000702400000, 0x0000000702400000|100%|HS|  |TAMS 0x0000000702400000, 0x0000000702300000| Complete 
|   8|0x0000000702400000, 0x0000000702500000, 0x0000000702500000|100%|HC|  |TAMS 0x0000000702500000, 0x0000000702400000| Complete 
|   9|0x0000000702500000, 0x0000000702600000, 0x0000000702600000|100%|HC|  |TAMS 0x0000000702600000, 0x0000000702500000| Complete 
|  10|0x0000000702600000, 0x0000000702700000, 0x0000000702700000|100%|HS|  |TAMS 0x0000000702700000, 0x0000000702600000| Complete 
|  11|0x0000000702700000, 0x0000000702800000, 0x0000000702800000|100%|HC|  |TAMS 0x0000000702800000, 0x0000000702700000| Complete 
|  12|0x0000000702800000, 0x0000000702900000, 0x0000000702900000|100%|HC|  |TAMS 0x0000000702900000, 0x0000000702800000| Complete 
|  13|0x0000000702900000, 0x0000000702a00000, 0x0000000702a00000|100%|HS|  |TAMS 0x0000000702a00000, 0x0000000702900000| Complete 
|  14|0x0000000702a00000, 0x0000000702b00000, 0x0000000702b00000|100%|HC|  |TAMS 0x0000000702b00000, 0x0000000702a00000| Complete 
|  15|0x0000000702b00000, 0x0000000702c00000, 0x0000000702c00000|100%|HC|  |TAMS 0x0000000702c00000, 0x0000000702b00000| Complete 
|  16|0x0000000702c00000, 0x0000000702d00000, 0x0000000702d00000|100%|HC|  |TAMS 0x0000000702d00000, 0x0000000702c00000| Complete 
|  17|0x0000000702d00000, 0x0000000702e00000, 0x0000000702e00000|100%|HS|  |TAMS 0x0000000702e00000, 0x0000000702d00000| Complete 
|  18|0x0000000702e00000, 0x0000000702f00000, 0x0000000702f00000|100%|HC|  |TAMS 0x0000000702f00000, 0x0000000702e00000| Complete 
|  19|0x0000000702f00000, 0x0000000703000000, 0x0000000703000000|100%|HC|  |TAMS 0x0000000703000000, 0x0000000702f00000| Complete 
|  20|0x0000000703000000, 0x0000000703100000, 0x0000000703100000|100%|HS|  |TAMS 0x0000000703100000, 0x0000000703000000| Complete 
|  21|0x0000000703100000, 0x0000000703200000, 0x0000000703200000|100%|HC|  |TAMS 0x0000000703200000, 0x0000000703100000| Complete 
|  22|0x0000000703200000, 0x0000000703300000, 0x0000000703300000|100%|HC|  |TAMS 0x0000000703300000, 0x0000000703200000| Complete 
|  23|0x0000000703300000, 0x0000000703400000, 0x0000000703400000|100%|HS|  |TAMS 0x0000000703400000, 0x0000000703300000| Complete 
|  24|0x0000000703400000, 0x0000000703500000, 0x0000000703500000|100%|HC|  |TAMS 0x0000000703500000, 0x0000000703400000| Complete 
|  25|0x0000000703500000, 0x0000000703600000, 0x0000000703600000|100%|HC|  |TAMS 0x0000000703600000, 0x0000000703500000| Complete 
|  26|0x0000000703600000, 0x0000000703700000, 0x0000000703700000|100%|HC|  |TAMS 0x0000000703700000, 0x0000000703600000| Complete 
|  27|0x0000000703700000, 0x0000000703800000, 0x0000000703800000|100%|HC|  |TAMS 0x0000000703800000, 0x0000000703700000| Complete 
|  28|0x0000000703800000, 0x0000000703900000, 0x0000000703900000|100%|HC|  |TAMS 0x0000000703900000, 0x0000000703800000| Complete 
|  29|0x0000000703900000, 0x0000000703a00000, 0x0000000703a00000|100%|HC|  |TAMS 0x0000000703a00000, 0x0000000703900000| Complete 
|  30|0x0000000703a00000, 0x0000000703b00000, 0x0000000703b00000|100%|HC|  |TAMS 0x0000000703b00000, 0x0000000703a00000| Complete 
|  31|0x0000000703b00000, 0x0000000703c00000, 0x0000000703c00000|100%|HS|  |TAMS 0x0000000703c00000, 0x0000000703b00000| Complete 
|  32|0x0000000703c00000, 0x0000000703d00000, 0x0000000703d00000|100%|HC|  |TAMS 0x0000000703d00000, 0x0000000703c00000| Complete 
|  33|0x0000000703d00000, 0x0000000703e00000, 0x0000000703e00000|100%|HC|  |TAMS 0x0000000703e00000, 0x0000000703d00000| Complete 
|  34|0x0000000703e00000, 0x0000000703f00000, 0x0000000703f00000|100%|HC|  |TAMS 0x0000000703f00000, 0x0000000703e00000| Complete 
|  35|0x0000000703f00000, 0x0000000704000000, 0x0000000704000000|100%|HC|  |TAMS 0x0000000704000000, 0x0000000703f00000| Complete 
|  36|0x0000000704000000, 0x0000000704100000, 0x0000000704100000|100%|HC|  |TAMS 0x0000000704100000, 0x0000000704000000| Complete 
|  37|0x0000000704100000, 0x0000000704200000, 0x0000000704200000|100%|HC|  |TAMS 0x0000000704200000, 0x0000000704100000| Complete 
|  38|0x0000000704200000, 0x0000000704300000, 0x0000000704300000|100%|HC|  |TAMS 0x0000000704300000, 0x0000000704200000| Complete 
|  39|0x0000000704300000, 0x0000000704300000, 0x0000000704400000|  0%| F|  |TAMS 0x0000000704300000, 0x0000000704300000| Untracked 
|  40|0x0000000704400000, 0x0000000704400000, 0x0000000704500000|  0%| F|  |TAMS 0x0000000704400000, 0x0000000704400000| Untracked 
|  41|0x0000000704500000, 0x0000000704500000, 0x0000000704600000|  0%| F|  |TAMS 0x0000000704500000, 0x0000000704500000| Untracked 
|  42|0x0000000704600000, 0x0000000704600000, 0x0000000704700000|  0%| F|  |TAMS 0x0000000704600000, 0x0000000704600000| Untracked 
|  43|0x0000000704700000, 0x0000000704700000, 0x0000000704800000|  0%| F|  |TAMS 0x0000000704700000, 0x0000000704700000| Untracked 
|  44|0x0000000704800000, 0x0000000704800000, 0x0000000704900000|  0%| F|  |TAMS 0x0000000704800000, 0x0000000704800000| Untracked 
|  45|0x0000000704900000, 0x0000000704900000, 0x0000000704a00000|  0%| F|  |TAMS 0x0000000704900000, 0x0000000704900000| Untracked 
|  46|0x0000000704a00000, 0x0000000704a00000, 0x0000000704b00000|  0%| F|  |TAMS 0x0000000704a00000, 0x0000000704a00000| Untracked 
|  47|0x0000000704b00000, 0x0000000704b00000, 0x0000000704c00000|  0%| F|  |TAMS 0x0000000704b00000, 0x0000000704b00000| Untracked 
|  48|0x0000000704c00000, 0x0000000704c00000, 0x0000000704d00000|  0%| F|  |TAMS 0x0000000704c00000, 0x0000000704c00000| Untracked 
|  49|0x0000000704d00000, 0x0000000704d00000, 0x0000000704e00000|  0%| F|  |TAMS 0x0000000704d00000, 0x0000000704d00000| Untracked 
|  50|0x0000000704e00000, 0x0000000704e00000, 0x0000000704f00000|  0%| F|  |TAMS 0x0000000704e00000, 0x0000000704e00000| Untracked 
|  51|0x0000000704f00000, 0x0000000704f00000, 0x0000000705000000|  0%| F|  |TAMS 0x0000000704f00000, 0x0000000704f00000| Untracked 
|  52|0x0000000705000000, 0x0000000705000000, 0x0000000705100000|  0%| F|  |TAMS 0x0000000705000000, 0x0000000705000000| Untracked 
|  53|0x0000000705100000, 0x0000000705100000, 0x0000000705200000|  0%| F|  |TAMS 0x0000000705100000, 0x0000000705100000| Untracked 
|  54|0x0000000705200000, 0x0000000705200000, 0x0000000705300000|  0%| F|  |TAMS 0x0000000705200000, 0x0000000705200000| Untracked 
|  55|0x0000000705300000, 0x0000000705300000, 0x0000000705400000|  0%| F|  |TAMS 0x0000000705300000, 0x0000000705300000| Untracked 
|  56|0x0000000705400000, 0x0000000705400000, 0x0000000705500000|  0%| F|  |TAMS 0x0000000705400000, 0x0000000705400000| Untracked 
|  57|0x0000000705500000, 0x0000000705500000, 0x0000000705600000|  0%| F|  |TAMS 0x0000000705500000, 0x0000000705500000| Untracked 
|  58|0x0000000705600000, 0x0000000705600000, 0x0000000705700000|  0%| F|  |TAMS 0x0000000705600000, 0x0000000705600000| Untracked 
|  59|0x0000000705700000, 0x0000000705700000, 0x0000000705800000|  0%| F|  |TAMS 0x0000000705700000, 0x0000000705700000| Untracked 
|  60|0x0000000705800000, 0x0000000705800000, 0x0000000705900000|  0%| F|  |TAMS 0x0000000705800000, 0x0000000705800000| Untracked 
|  61|0x0000000705900000, 0x0000000705900000, 0x0000000705a00000|  0%| F|  |TAMS 0x0000000705900000, 0x0000000705900000| Untracked 
|  62|0x0000000705a00000, 0x0000000705a00000, 0x0000000705b00000|  0%| F|  |TAMS 0x0000000705a00000, 0x0000000705a00000| Untracked 
|  63|0x0000000705b00000, 0x0000000705b00000, 0x0000000705c00000|  0%| F|  |TAMS 0x0000000705b00000, 0x0000000705b00000| Untracked 
|  64|0x0000000705c00000, 0x0000000705c00000, 0x0000000705d00000|  0%| F|  |TAMS 0x0000000705c00000, 0x0000000705c00000| Untracked 
|  65|0x0000000705d00000, 0x0000000705d00000, 0x0000000705e00000|  0%| F|  |TAMS 0x0000000705d00000, 0x0000000705d00000| Untracked 
|  66|0x0000000705e00000, 0x0000000705e00000, 0x0000000705f00000|  0%| F|  |TAMS 0x0000000705e00000, 0x0000000705e00000| Untracked 
|  67|0x0000000705f00000, 0x0000000705f00000, 0x0000000706000000|  0%| F|  |TAMS 0x0000000705f00000, 0x0000000705f00000| Untracked 
|  68|0x0000000706000000, 0x0000000706000000, 0x0000000706100000|  0%| F|  |TAMS 0x0000000706000000, 0x0000000706000000| Untracked 
|  69|0x0000000706100000, 0x0000000706100000, 0x0000000706200000|  0%| F|  |TAMS 0x0000000706100000, 0x0000000706100000| Untracked 
|  70|0x0000000706200000, 0x0000000706200000, 0x0000000706300000|  0%| F|  |TAMS 0x0000000706200000, 0x0000000706200000| Untracked 
|  71|0x0000000706300000, 0x0000000706300000, 0x0000000706400000|  0%| F|  |TAMS 0x0000000706300000, 0x0000000706300000| Untracked 
|  72|0x0000000706400000, 0x0000000706400000, 0x0000000706500000|  0%| F|  |TAMS 0x0000000706400000, 0x0000000706400000| Untracked 
|  73|0x0000000706500000, 0x0000000706500000, 0x0000000706600000|  0%| F|  |TAMS 0x0000000706500000, 0x0000000706500000| Untracked 
|  74|0x0000000706600000, 0x0000000706600000, 0x0000000706700000|  0%| F|  |TAMS 0x0000000706600000, 0x0000000706600000| Untracked 
|  75|0x0000000706700000, 0x0000000706700000, 0x0000000706800000|  0%| F|  |TAMS 0x0000000706700000, 0x0000000706700000| Untracked 
|  76|0x0000000706800000, 0x0000000706800000, 0x0000000706900000|  0%| F|  |TAMS 0x0000000706800000, 0x0000000706800000| Untracked 
|  77|0x0000000706900000, 0x0000000706900000, 0x0000000706a00000|  0%| F|  |TAMS 0x0000000706900000, 0x0000000706900000| Untracked 
|  78|0x0000000706a00000, 0x0000000706a00000, 0x0000000706b00000|  0%| F|  |TAMS 0x0000000706a00000, 0x0000000706a00000| Untracked 
|  79|0x0000000706b00000, 0x0000000706b00000, 0x0000000706c00000|  0%| F|  |TAMS 0x0000000706b00000, 0x0000000706b00000| Untracked 
|  80|0x0000000706c00000, 0x0000000706c00000, 0x0000000706d00000|  0%| F|  |TAMS 0x0000000706c00000, 0x0000000706c00000| Untracked 
|  81|0x0000000706d00000, 0x0000000706d00000, 0x0000000706e00000|  0%| F|  |TAMS 0x0000000706d00000, 0x0000000706d00000| Untracked 
|  82|0x0000000706e00000, 0x0000000706e00000, 0x0000000706f00000|  0%| F|  |TAMS 0x0000000706e00000, 0x0000000706e00000| Untracked 
|  83|0x0000000706f00000, 0x0000000706f00000, 0x0000000707000000|  0%| F|  |TAMS 0x0000000706f00000, 0x0000000706f00000| Untracked 
|  84|0x0000000707000000, 0x0000000707000000, 0x0000000707100000|  0%| F|  |TAMS 0x0000000707000000, 0x0000000707000000| Untracked 
|  85|0x0000000707100000, 0x0000000707100000, 0x0000000707200000|  0%| F|  |TAMS 0x0000000707100000, 0x0000000707100000| Untracked 
|  86|0x0000000707200000, 0x0000000707200000, 0x0000000707300000|  0%| F|  |TAMS 0x0000000707200000, 0x0000000707200000| Untracked 
|  87|0x0000000707300000, 0x0000000707300000, 0x0000000707400000|  0%| F|  |TAMS 0x0000000707300000, 0x0000000707300000| Untracked 
|  88|0x0000000707400000, 0x0000000707400000, 0x0000000707500000|  0%| F|  |TAMS 0x0000000707400000, 0x0000000707400000| Untracked 
|  89|0x0000000707500000, 0x0000000707500000, 0x0000000707600000|  0%| F|  |TAMS 0x0000000707500000, 0x0000000707500000| Untracked 
|  90|0x0000000707600000, 0x0000000707600000, 0x0000000707700000|  0%| F|  |TAMS 0x0000000707600000, 0x0000000707600000| Untracked 
|  91|0x0000000707700000, 0x0000000707700000, 0x0000000707800000|  0%| F|  |TAMS 0x0000000707700000, 0x0000000707700000| Untracked 
|  92|0x0000000707800000, 0x0000000707800000, 0x0000000707900000|  0%| F|  |TAMS 0x0000000707800000, 0x0000000707800000| Untracked 
|  93|0x0000000707900000, 0x0000000707900000, 0x0000000707a00000|  0%| F|  |TAMS 0x0000000707900000, 0x0000000707900000| Untracked 
|  94|0x0000000707a00000, 0x0000000707a00000, 0x0000000707b00000|  0%| F|  |TAMS 0x0000000707a00000, 0x0000000707a00000| Untracked 
|  95|0x0000000707b00000, 0x0000000707b00000, 0x0000000707c00000|  0%| F|  |TAMS 0x0000000707b00000, 0x0000000707b00000| Untracked 
|  96|0x0000000707c00000, 0x0000000707c00000, 0x0000000707d00000|  0%| F|  |TAMS 0x0000000707c00000, 0x0000000707c00000| Untracked 
|  97|0x0000000707d00000, 0x0000000707d00000, 0x0000000707e00000|  0%| F|  |TAMS 0x0000000707d00000, 0x0000000707d00000| Untracked 
|  98|0x0000000707e00000, 0x0000000707e00000, 0x0000000707f00000|  0%| F|  |TAMS 0x0000000707e00000, 0x0000000707e00000| Untracked 
|  99|0x0000000707f00000, 0x0000000707f00000, 0x0000000708000000|  0%| F|  |TAMS 0x0000000707f00000, 0x0000000707f00000| Untracked 
| 100|0x0000000708000000, 0x0000000708000000, 0x0000000708100000|  0%| F|  |TAMS 0x0000000708000000, 0x0000000708000000| Untracked 
| 101|0x0000000708100000, 0x0000000708100000, 0x0000000708200000|  0%| F|  |TAMS 0x0000000708100000, 0x0000000708100000| Untracked 
| 102|0x0000000708200000, 0x0000000708200000, 0x0000000708300000|  0%| F|  |TAMS 0x0000000708200000, 0x0000000708200000| Untracked 
| 103|0x0000000708300000, 0x0000000708300000, 0x0000000708400000|  0%| F|  |TAMS 0x0000000708300000, 0x0000000708300000| Untracked 
| 104|0x0000000708400000, 0x0000000708400000, 0x0000000708500000|  0%| F|  |TAMS 0x0000000708400000, 0x0000000708400000| Untracked 
| 105|0x0000000708500000, 0x0000000708500000, 0x0000000708600000|  0%| F|  |TAMS 0x0000000708500000, 0x0000000708500000| Untracked 
| 106|0x0000000708600000, 0x0000000708600000, 0x0000000708700000|  0%| F|  |TAMS 0x0000000708600000, 0x0000000708600000| Untracked 
| 107|0x0000000708700000, 0x0000000708700000, 0x0000000708800000|  0%| F|  |TAMS 0x0000000708700000, 0x0000000708700000| Untracked 
| 108|0x0000000708800000, 0x0000000708800000, 0x0000000708900000|  0%| F|  |TAMS 0x0000000708800000, 0x0000000708800000| Untracked 
| 109|0x0000000708900000, 0x0000000708900000, 0x0000000708a00000|  0%| F|  |TAMS 0x0000000708900000, 0x0000000708900000| Untracked 
| 110|0x0000000708a00000, 0x0000000708a00000, 0x0000000708b00000|  0%| F|  |TAMS 0x0000000708a00000, 0x0000000708a00000| Untracked 
| 111|0x0000000708b00000, 0x0000000708b00000, 0x0000000708c00000|  0%| F|  |TAMS 0x0000000708b00000, 0x0000000708b00000| Untracked 
| 112|0x0000000708c00000, 0x0000000708c00000, 0x0000000708d00000|  0%| F|  |TAMS 0x0000000708c00000, 0x0000000708c00000| Untracked 
| 113|0x0000000708d00000, 0x0000000708d00000, 0x0000000708e00000|  0%| F|  |TAMS 0x0000000708d00000, 0x0000000708d00000| Untracked 
| 114|0x0000000708e00000, 0x0000000708e00000, 0x0000000708f00000|  0%| F|  |TAMS 0x0000000708e00000, 0x0000000708e00000| Untracked 
| 115|0x0000000708f00000, 0x0000000708f00000, 0x0000000709000000|  0%| F|  |TAMS 0x0000000708f00000, 0x0000000708f00000| Untracked 
| 116|0x0000000709000000, 0x0000000709000000, 0x0000000709100000|  0%| F|  |TAMS 0x0000000709000000, 0x0000000709000000| Untracked 
| 117|0x0000000709100000, 0x0000000709100000, 0x0000000709200000|  0%| F|  |TAMS 0x0000000709100000, 0x0000000709100000| Untracked 
| 118|0x0000000709200000, 0x0000000709200000, 0x0000000709300000|  0%| F|  |TAMS 0x0000000709200000, 0x0000000709200000| Untracked 
| 119|0x0000000709300000, 0x0000000709300000, 0x0000000709400000|  0%| F|  |TAMS 0x0000000709300000, 0x0000000709300000| Untracked 
| 120|0x0000000709400000, 0x0000000709400000, 0x0000000709500000|  0%| F|  |TAMS 0x0000000709400000, 0x0000000709400000| Untracked 
| 121|0x0000000709500000, 0x0000000709500000, 0x0000000709600000|  0%| F|  |TAMS 0x0000000709500000, 0x0000000709500000| Untracked 
| 122|0x0000000709600000, 0x0000000709600000, 0x0000000709700000|  0%| F|  |TAMS 0x0000000709600000, 0x0000000709600000| Untracked 
| 123|0x0000000709700000, 0x0000000709700000, 0x0000000709800000|  0%| F|  |TAMS 0x0000000709700000, 0x0000000709700000| Untracked 
| 124|0x0000000709800000, 0x0000000709800000, 0x0000000709900000|  0%| F|  |TAMS 0x0000000709800000, 0x0000000709800000| Untracked 
| 125|0x0000000709900000, 0x0000000709900000, 0x0000000709a00000|  0%| F|  |TAMS 0x0000000709900000, 0x0000000709900000| Untracked 
| 126|0x0000000709a00000, 0x0000000709a00000, 0x0000000709b00000|  0%| F|  |TAMS 0x0000000709a00000, 0x0000000709a00000| Untracked 
| 127|0x0000000709b00000, 0x0000000709b00000, 0x0000000709c00000|  0%| F|  |TAMS 0x0000000709b00000, 0x0000000709b00000| Untracked 
| 128|0x0000000709c00000, 0x0000000709c00000, 0x0000000709d00000|  0%| F|  |TAMS 0x0000000709c00000, 0x0000000709c00000| Untracked 
| 129|0x0000000709d00000, 0x0000000709d00000, 0x0000000709e00000|  0%| F|  |TAMS 0x0000000709d00000, 0x0000000709d00000| Untracked 
| 130|0x0000000709e00000, 0x0000000709e00000, 0x0000000709f00000|  0%| F|  |TAMS 0x0000000709e00000, 0x0000000709e00000| Untracked 
| 131|0x0000000709f00000, 0x0000000709f00000, 0x000000070a000000|  0%| F|  |TAMS 0x0000000709f00000, 0x0000000709f00000| Untracked 
| 132|0x000000070a000000, 0x000000070a000000, 0x000000070a100000|  0%| F|  |TAMS 0x000000070a000000, 0x000000070a000000| Untracked 
| 133|0x000000070a100000, 0x000000070a100000, 0x000000070a200000|  0%| F|  |TAMS 0x000000070a100000, 0x000000070a100000| Untracked 
| 134|0x000000070a200000, 0x000000070a200000, 0x000000070a300000|  0%| F|  |TAMS 0x000000070a200000, 0x000000070a200000| Untracked 
| 135|0x000000070a300000, 0x000000070a300000, 0x000000070a400000|  0%| F|  |TAMS 0x000000070a300000, 0x000000070a300000| Untracked 
| 136|0x000000070a400000, 0x000000070a400000, 0x000000070a500000|  0%| F|  |TAMS 0x000000070a400000, 0x000000070a400000| Untracked 
| 137|0x000000070a500000, 0x000000070a500000, 0x000000070a600000|  0%| F|  |TAMS 0x000000070a500000, 0x000000070a500000| Untracked 
| 138|0x000000070a600000, 0x000000070a600000, 0x000000070a700000|  0%| F|  |TAMS 0x000000070a600000, 0x000000070a600000| Untracked 
| 139|0x000000070a700000, 0x000000070a700000, 0x000000070a800000|  0%| F|  |TAMS 0x000000070a700000, 0x000000070a700000| Untracked 
| 140|0x000000070a800000, 0x000000070a800000, 0x000000070a900000|  0%| F|  |TAMS 0x000000070a800000, 0x000000070a800000| Untracked 
| 141|0x000000070a900000, 0x000000070a900000, 0x000000070aa00000|  0%| F|  |TAMS 0x000000070a900000, 0x000000070a900000| Untracked 
| 142|0x000000070aa00000, 0x000000070aa00000, 0x000000070ab00000|  0%| F|  |TAMS 0x000000070aa00000, 0x000000070aa00000| Untracked 
| 143|0x000000070ab00000, 0x000000070ab00000, 0x000000070ac00000|  0%| F|  |TAMS 0x000000070ab00000, 0x000000070ab00000| Untracked 
| 144|0x000000070ac00000, 0x000000070ac00000, 0x000000070ad00000|  0%| F|  |TAMS 0x000000070ac00000, 0x000000070ac00000| Untracked 
| 145|0x000000070ad00000, 0x000000070ad00000, 0x000000070ae00000|  0%| F|  |TAMS 0x000000070ad00000, 0x000000070ad00000| Untracked 
| 146|0x000000070ae00000, 0x000000070ae00000, 0x000000070af00000|  0%| F|  |TAMS 0x000000070ae00000, 0x000000070ae00000| Untracked 
| 147|0x000000070af00000, 0x000000070af00000, 0x000000070b000000|  0%| F|  |TAMS 0x000000070af00000, 0x000000070af00000| Untracked 
| 148|0x000000070b000000, 0x000000070b000000, 0x000000070b100000|  0%| F|  |TAMS 0x000000070b000000, 0x000000070b000000| Untracked 
| 149|0x000000070b100000, 0x000000070b100000, 0x000000070b200000|  0%| F|  |TAMS 0x000000070b100000, 0x000000070b100000| Untracked 
| 150|0x000000070b200000, 0x000000070b200000, 0x000000070b300000|  0%| F|  |TAMS 0x000000070b200000, 0x000000070b200000| Untracked 
| 151|0x000000070b300000, 0x000000070b300000, 0x000000070b400000|  0%| F|  |TAMS 0x000000070b300000, 0x000000070b300000| Untracked 
| 152|0x000000070b400000, 0x000000070b400000, 0x000000070b500000|  0%| F|  |TAMS 0x000000070b400000, 0x000000070b400000| Untracked 
| 153|0x000000070b500000, 0x000000070b500000, 0x000000070b600000|  0%| F|  |TAMS 0x000000070b500000, 0x000000070b500000| Untracked 
| 154|0x000000070b600000, 0x000000070b600000, 0x000000070b700000|  0%| F|  |TAMS 0x000000070b600000, 0x000000070b600000| Untracked 
| 155|0x000000070b700000, 0x000000070b700000, 0x000000070b800000|  0%| F|  |TAMS 0x000000070b700000, 0x000000070b700000| Untracked 
| 156|0x000000070b800000, 0x000000070b800000, 0x000000070b900000|  0%| F|  |TAMS 0x000000070b800000, 0x000000070b800000| Untracked 
| 157|0x000000070b900000, 0x000000070b900000, 0x000000070ba00000|  0%| F|  |TAMS 0x000000070b900000, 0x000000070b900000| Untracked 
| 158|0x000000070ba00000, 0x000000070ba00000, 0x000000070bb00000|  0%| F|  |TAMS 0x000000070ba00000, 0x000000070ba00000| Untracked 
| 159|0x000000070bb00000, 0x000000070bb00000, 0x000000070bc00000|  0%| F|  |TAMS 0x000000070bb00000, 0x000000070bb00000| Untracked 
| 160|0x000000070bc00000, 0x000000070bc00000, 0x000000070bd00000|  0%| F|  |TAMS 0x000000070bc00000, 0x000000070bc00000| Untracked 
| 161|0x000000070bd00000, 0x000000070bd00000, 0x000000070be00000|  0%| F|  |TAMS 0x000000070bd00000, 0x000000070bd00000| Untracked 
| 162|0x000000070be00000, 0x000000070be00000, 0x000000070bf00000|  0%| F|  |TAMS 0x000000070be00000, 0x000000070be00000| Untracked 
| 163|0x000000070bf00000, 0x000000070bf00000, 0x000000070c000000|  0%| F|  |TAMS 0x000000070bf00000, 0x000000070bf00000| Untracked 
| 164|0x000000070c000000, 0x000000070c000000, 0x000000070c100000|  0%| F|  |TAMS 0x000000070c000000, 0x000000070c000000| Untracked 
| 165|0x000000070c100000, 0x000000070c100000, 0x000000070c200000|  0%| F|  |TAMS 0x000000070c100000, 0x000000070c100000| Untracked 
| 166|0x000000070c200000, 0x000000070c200000, 0x000000070c300000|  0%| F|  |TAMS 0x000000070c200000, 0x000000070c200000| Untracked 
| 167|0x000000070c300000, 0x000000070c300000, 0x000000070c400000|  0%| F|  |TAMS 0x000000070c300000, 0x000000070c300000| Untracked 
| 168|0x000000070c400000, 0x000000070c400000, 0x000000070c500000|  0%| F|  |TAMS 0x000000070c400000, 0x000000070c400000| Untracked 
| 169|0x000000070c500000, 0x000000070c500000, 0x000000070c600000|  0%| F|  |TAMS 0x000000070c500000, 0x000000070c500000| Untracked 
| 170|0x000000070c600000, 0x000000070c600000, 0x000000070c700000|  0%| F|  |TAMS 0x000000070c600000, 0x000000070c600000| Untracked 
| 171|0x000000070c700000, 0x000000070c700000, 0x000000070c800000|  0%| F|  |TAMS 0x000000070c700000, 0x000000070c700000| Untracked 
| 172|0x000000070c800000, 0x000000070c800000, 0x000000070c900000|  0%| F|  |TAMS 0x000000070c800000, 0x000000070c800000| Untracked 
| 173|0x000000070c900000, 0x000000070c900000, 0x000000070ca00000|  0%| F|  |TAMS 0x000000070c900000, 0x000000070c900000| Untracked 
| 174|0x000000070ca00000, 0x000000070ca00000, 0x000000070cb00000|  0%| F|  |TAMS 0x000000070ca00000, 0x000000070ca00000| Untracked 
| 175|0x000000070cb00000, 0x000000070cb00000, 0x000000070cc00000|  0%| F|  |TAMS 0x000000070cb00000, 0x000000070cb00000| Untracked 
| 176|0x000000070cc00000, 0x000000070cc00000, 0x000000070cd00000|  0%| F|  |TAMS 0x000000070cc00000, 0x000000070cc00000| Untracked 
| 177|0x000000070cd00000, 0x000000070cd00000, 0x000000070ce00000|  0%| F|  |TAMS 0x000000070cd00000, 0x000000070cd00000| Untracked 
| 178|0x000000070ce00000, 0x000000070ce00000, 0x000000070cf00000|  0%| F|  |TAMS 0x000000070ce00000, 0x000000070ce00000| Untracked 
| 179|0x000000070cf00000, 0x000000070cf00000, 0x000000070d000000|  0%| F|  |TAMS 0x000000070cf00000, 0x000000070cf00000| Untracked 
| 180|0x000000070d000000, 0x000000070d000000, 0x000000070d100000|  0%| F|  |TAMS 0x000000070d000000, 0x000000070d000000| Untracked 
| 181|0x000000070d100000, 0x000000070d100000, 0x000000070d200000|  0%| F|  |TAMS 0x000000070d100000, 0x000000070d100000| Untracked 
| 182|0x000000070d200000, 0x000000070d200000, 0x000000070d300000|  0%| F|  |TAMS 0x000000070d200000, 0x000000070d200000| Untracked 
| 183|0x000000070d300000, 0x000000070d300000, 0x000000070d400000|  0%| F|  |TAMS 0x000000070d300000, 0x000000070d300000| Untracked 
| 184|0x000000070d400000, 0x000000070d400000, 0x000000070d500000|  0%| F|  |TAMS 0x000000070d400000, 0x000000070d400000| Untracked 
| 185|0x000000070d500000, 0x000000070d500000, 0x000000070d600000|  0%| F|  |TAMS 0x000000070d500000, 0x000000070d500000| Untracked 
| 186|0x000000070d600000, 0x000000070d600000, 0x000000070d700000|  0%| F|  |TAMS 0x000000070d600000, 0x000000070d600000| Untracked 
| 187|0x000000070d700000, 0x000000070d700000, 0x000000070d800000|  0%| F|  |TAMS 0x000000070d700000, 0x000000070d700000| Untracked 
| 188|0x000000070d800000, 0x000000070d800000, 0x000000070d900000|  0%| F|  |TAMS 0x000000070d800000, 0x000000070d800000| Untracked 
| 189|0x000000070d900000, 0x000000070d900000, 0x000000070da00000|  0%| F|  |TAMS 0x000000070d900000, 0x000000070d900000| Untracked 
| 190|0x000000070da00000, 0x000000070da00000, 0x000000070db00000|  0%| F|  |TAMS 0x000000070da00000, 0x000000070da00000| Untracked 
| 191|0x000000070db00000, 0x000000070db00000, 0x000000070dc00000|  0%| F|  |TAMS 0x000000070db00000, 0x000000070db00000| Untracked 
| 192|0x000000070dc00000, 0x000000070dc00000, 0x000000070dd00000|  0%| F|  |TAMS 0x000000070dc00000, 0x000000070dc00000| Untracked 
| 193|0x000000070dd00000, 0x000000070dd00000, 0x000000070de00000|  0%| F|  |TAMS 0x000000070dd00000, 0x000000070dd00000| Untracked 
| 194|0x000000070de00000, 0x000000070de00000, 0x000000070df00000|  0%| F|  |TAMS 0x000000070de00000, 0x000000070de00000| Untracked 
| 195|0x000000070df00000, 0x000000070df00000, 0x000000070e000000|  0%| F|  |TAMS 0x000000070df00000, 0x000000070df00000| Untracked 
| 196|0x000000070e000000, 0x000000070e000000, 0x000000070e100000|  0%| F|  |TAMS 0x000000070e000000, 0x000000070e000000| Untracked 
| 197|0x000000070e100000, 0x000000070e100000, 0x000000070e200000|  0%| F|  |TAMS 0x000000070e100000, 0x000000070e100000| Untracked 
| 198|0x000000070e200000, 0x000000070e200000, 0x000000070e300000|  0%| F|  |TAMS 0x000000070e200000, 0x000000070e200000| Untracked 
| 199|0x000000070e300000, 0x000000070e300000, 0x000000070e400000|  0%| F|  |TAMS 0x000000070e300000, 0x000000070e300000| Untracked 
| 200|0x000000070e400000, 0x000000070e400000, 0x000000070e500000|  0%| F|  |TAMS 0x000000070e400000, 0x000000070e400000| Untracked 
| 201|0x000000070e500000, 0x000000070e500000, 0x000000070e600000|  0%| F|  |TAMS 0x000000070e500000, 0x000000070e500000| Untracked 
| 202|0x000000070e600000, 0x000000070e642f30, 0x000000070e700000| 26%| S|CS|TAMS 0x000000070e600000, 0x000000070e600000| Complete 
| 203|0x000000070e700000, 0x000000070e800000, 0x000000070e800000|100%| S|CS|TAMS 0x000000070e700000, 0x000000070e700000| Complete 
| 204|0x000000070e800000, 0x000000070e900000, 0x000000070e900000|100%| S|CS|TAMS 0x000000070e800000, 0x000000070e800000| Complete 
| 205|0x000000070e900000, 0x000000070ea00000, 0x000000070ea00000|100%| S|CS|TAMS 0x000000070e900000, 0x000000070e900000| Complete 
| 206|0x000000070ea00000, 0x000000070eb00000, 0x000000070eb00000|100%| S|CS|TAMS 0x000000070ea00000, 0x000000070ea00000| Complete 
| 207|0x000000070eb00000, 0x000000070eb00000, 0x000000070ec00000|  0%| F|  |TAMS 0x000000070eb00000, 0x000000070eb00000| Untracked 
| 208|0x000000070ec00000, 0x000000070ec00000, 0x000000070ed00000|  0%| F|  |TAMS 0x000000070ec00000, 0x000000070ec00000| Untracked 
| 209|0x000000070ed00000, 0x000000070ed00000, 0x000000070ee00000|  0%| F|  |TAMS 0x000000070ed00000, 0x000000070ed00000| Untracked 
| 210|0x000000070ee00000, 0x000000070ee00000, 0x000000070ef00000|  0%| F|  |TAMS 0x000000070ee00000, 0x000000070ee00000| Untracked 
| 211|0x000000070ef00000, 0x000000070ef00000, 0x000000070f000000|  0%| F|  |TAMS 0x000000070ef00000, 0x000000070ef00000| Untracked 
| 212|0x000000070f000000, 0x000000070f000000, 0x000000070f100000|  0%| F|  |TAMS 0x000000070f000000, 0x000000070f000000| Untracked 
| 213|0x000000070f100000, 0x000000070f100000, 0x000000070f200000|  0%| F|  |TAMS 0x000000070f100000, 0x000000070f100000| Untracked 
| 214|0x000000070f200000, 0x000000070f200000, 0x000000070f300000|  0%| F|  |TAMS 0x000000070f200000, 0x000000070f200000| Untracked 
| 215|0x000000070f300000, 0x000000070f300000, 0x000000070f400000|  0%| F|  |TAMS 0x000000070f300000, 0x000000070f300000| Untracked 
| 216|0x000000070f400000, 0x000000070f400000, 0x000000070f500000|  0%| F|  |TAMS 0x000000070f400000, 0x000000070f400000| Untracked 
| 217|0x000000070f500000, 0x000000070f500000, 0x000000070f600000|  0%| F|  |TAMS 0x000000070f500000, 0x000000070f500000| Untracked 
| 218|0x000000070f600000, 0x000000070f600000, 0x000000070f700000|  0%| F|  |TAMS 0x000000070f600000, 0x000000070f600000| Untracked 
| 219|0x000000070f700000, 0x000000070f700000, 0x000000070f800000|  0%| F|  |TAMS 0x000000070f700000, 0x000000070f700000| Untracked 
| 220|0x000000070f800000, 0x000000070f800000, 0x000000070f900000|  0%| F|  |TAMS 0x000000070f800000, 0x000000070f800000| Untracked 
| 221|0x000000070f900000, 0x000000070f900000, 0x000000070fa00000|  0%| F|  |TAMS 0x000000070f900000, 0x000000070f900000| Untracked 
| 222|0x000000070fa00000, 0x000000070fa00000, 0x000000070fb00000|  0%| F|  |TAMS 0x000000070fa00000, 0x000000070fa00000| Untracked 
| 223|0x000000070fb00000, 0x000000070fb00000, 0x000000070fc00000|  0%| F|  |TAMS 0x000000070fb00000, 0x000000070fb00000| Untracked 
| 224|0x000000070fc00000, 0x000000070fc00000, 0x000000070fd00000|  0%| F|  |TAMS 0x000000070fc00000, 0x000000070fc00000| Untracked 
| 225|0x000000070fd00000, 0x000000070fd00000, 0x000000070fe00000|  0%| F|  |TAMS 0x000000070fd00000, 0x000000070fd00000| Untracked 
| 226|0x000000070fe00000, 0x000000070fe00000, 0x000000070ff00000|  0%| F|  |TAMS 0x000000070fe00000, 0x000000070fe00000| Untracked 
| 227|0x000000070ff00000, 0x000000070ff00000, 0x0000000710000000|  0%| F|  |TAMS 0x000000070ff00000, 0x000000070ff00000| Untracked 
| 228|0x0000000710000000, 0x0000000710000000, 0x0000000710100000|  0%| F|  |TAMS 0x0000000710000000, 0x0000000710000000| Untracked 
| 229|0x0000000710100000, 0x0000000710100000, 0x0000000710200000|  0%| F|  |TAMS 0x0000000710100000, 0x0000000710100000| Untracked 
| 230|0x0000000710200000, 0x0000000710200000, 0x0000000710300000|  0%| F|  |TAMS 0x0000000710200000, 0x0000000710200000| Untracked 
| 231|0x0000000710300000, 0x0000000710300000, 0x0000000710400000|  0%| F|  |TAMS 0x0000000710300000, 0x0000000710300000| Untracked 
| 232|0x0000000710400000, 0x0000000710400000, 0x0000000710500000|  0%| F|  |TAMS 0x0000000710400000, 0x0000000710400000| Untracked 
| 233|0x0000000710500000, 0x0000000710500800, 0x0000000710600000|  0%| E|  |TAMS 0x0000000710500000, 0x0000000710500000| Complete 
| 234|0x0000000710600000, 0x0000000710700000, 0x0000000710700000|100%| E|CS|TAMS 0x0000000710600000, 0x0000000710600000| Complete 
| 235|0x0000000710700000, 0x0000000710800000, 0x0000000710800000|100%| E|CS|TAMS 0x0000000710700000, 0x0000000710700000| Complete 
| 236|0x0000000710800000, 0x0000000710900000, 0x0000000710900000|100%| E|CS|TAMS 0x0000000710800000, 0x0000000710800000| Complete 
| 237|0x0000000710900000, 0x0000000710a00000, 0x0000000710a00000|100%| E|CS|TAMS 0x0000000710900000, 0x0000000710900000| Complete 
| 238|0x0000000710a00000, 0x0000000710b00000, 0x0000000710b00000|100%| E|CS|TAMS 0x0000000710a00000, 0x0000000710a00000| Complete 
| 239|0x0000000710b00000, 0x0000000710c00000, 0x0000000710c00000|100%| E|CS|TAMS 0x0000000710b00000, 0x0000000710b00000| Complete 
| 240|0x0000000710c00000, 0x0000000710d00000, 0x0000000710d00000|100%| E|CS|TAMS 0x0000000710c00000, 0x0000000710c00000| Complete 
| 241|0x0000000710d00000, 0x0000000710e00000, 0x0000000710e00000|100%| E|CS|TAMS 0x0000000710d00000, 0x0000000710d00000| Complete 
| 242|0x0000000710e00000, 0x0000000710f00000, 0x0000000710f00000|100%| E|CS|TAMS 0x0000000710e00000, 0x0000000710e00000| Complete 
| 243|0x0000000710f00000, 0x0000000711000000, 0x0000000711000000|100%| E|CS|TAMS 0x0000000710f00000, 0x0000000710f00000| Complete 
| 244|0x0000000711000000, 0x0000000711100000, 0x0000000711100000|100%| E|CS|TAMS 0x0000000711000000, 0x0000000711000000| Complete 
| 245|0x0000000711100000, 0x0000000711200000, 0x0000000711200000|100%| E|CS|TAMS 0x0000000711100000, 0x0000000711100000| Complete 
| 246|0x0000000711200000, 0x0000000711300000, 0x0000000711300000|100%| E|CS|TAMS 0x0000000711200000, 0x0000000711200000| Complete 
| 247|0x0000000711300000, 0x0000000711400000, 0x0000000711400000|100%| E|CS|TAMS 0x0000000711300000, 0x0000000711300000| Complete 
| 248|0x0000000711400000, 0x0000000711500000, 0x0000000711500000|100%| E|CS|TAMS 0x0000000711400000, 0x0000000711400000| Complete 
| 249|0x0000000711500000, 0x0000000711600000, 0x0000000711600000|100%| E|CS|TAMS 0x0000000711500000, 0x0000000711500000| Complete 
| 250|0x0000000711600000, 0x0000000711700000, 0x0000000711700000|100%| E|CS|TAMS 0x0000000711600000, 0x0000000711600000| Complete 
| 251|0x0000000711700000, 0x0000000711800000, 0x0000000711800000|100%| E|CS|TAMS 0x0000000711700000, 0x0000000711700000| Complete 
| 252|0x0000000711800000, 0x0000000711900000, 0x0000000711900000|100%| E|  |TAMS 0x0000000711800000, 0x0000000711800000| Complete 
| 253|0x0000000711900000, 0x0000000711a00000, 0x0000000711a00000|100%| E|CS|TAMS 0x0000000711900000, 0x0000000711900000| Complete 
| 254|0x0000000711a00000, 0x0000000711b00000, 0x0000000711b00000|100%| E|CS|TAMS 0x0000000711a00000, 0x0000000711a00000| Complete 
| 255|0x0000000711b00000, 0x0000000711c00000, 0x0000000711c00000|100%| E|CS|TAMS 0x0000000711b00000, 0x0000000711b00000| Complete 

Card table byte_map: [0x000001dd9fd70000,0x000001dda0570000] _byte_map_base: 0x000001dd9c562000

Marking Bits (Prev, Next): (CMBitMap*) 0x000001dd87f79da0, (CMBitMap*) 0x000001dd87f79d68
 Prev Bits: [0x000001dda4d00000, 0x000001dda8c90000)
 Next Bits: [0x000001dda0d70000, 0x000001dda4d00000)

Polling page: 0x000001dd85e90000

Metaspace:

Usage:
  Non-class:     26.78 MB capacity,    26.41 MB ( 99%) used,   310.05 KB (  1%) free+waste,    69.38 KB ( <1%) overhead. 
      Class:      3.61 MB capacity,     3.35 MB ( 93%) used,   232.20 KB (  6%) free+waste,    34.19 KB ( <1%) overhead. 
       Both:     30.39 MB capacity,    29.76 MB ( 98%) used,   542.25 KB (  2%) free+waste,   103.56 KB ( <1%) overhead. 

Virtual space:
  Non-class space:       28.00 MB reserved,      27.00 MB ( 96%) committed 
      Class space:        1.00 GB reserved,       3.63 MB ( <1%) committed 
             Both:        1.03 GB reserved,      30.63 MB (  3%) committed 

Chunk freelists:
   Non-Class:  4.13 KB
       Class:  1.75 KB
        Both:  5.88 KB

CodeHeap 'non-profiled nmethods': size=120000Kb used=946Kb max_used=1006Kb free=119053Kb
 bounds [0x000001dd97d10000, 0x000001dd97f80000, 0x000001dd9f240000]
CodeHeap 'profiled nmethods': size=120000Kb used=4985Kb max_used=4985Kb free=115014Kb
 bounds [0x000001dd907e0000, 0x000001dd90ce0000, 0x000001dd97d10000]
CodeHeap 'non-nmethods': size=5760Kb used=1300Kb max_used=1333Kb free=4459Kb
 bounds [0x000001dd90240000, 0x000001dd904b0000, 0x000001dd907e0000]
 total_blobs=4046 nmethods=2443 adapters=606
 compilation: enabled
              stopped_count=0, restarted_count=0
 full_count=0

Compilation events (10 events):
Event: 136.767 Thread 0x000001ddac0cb000 nmethod 2745 0x000001dd90a7f890 code [0x000001dd90a7faa0, 0x000001dd90a80030]
Event: 136.767 Thread 0x000001ddac0cb000 2744       3       java.awt.Window::isModalExcluded (43 bytes)
Event: 136.767 Thread 0x000001ddac0cb000 nmethod 2744 0x000001dd90a88f10 code [0x000001dd90a89100, 0x000001dd90a89620]
Event: 136.769 Thread 0x000001ddab81e800 nmethod 2743 0x000001dd97da2710 code [0x000001dd97da28c0, 0x000001dd97da2a88]
Event: 136.799 Thread 0x000001ddac0cb000 2746       3       java.awt.geom.AffineTransform::getScaleInstance (19 bytes)
Event: 136.800 Thread 0x000001ddac0cb000 nmethod 2746 0x000001dd90a76c90 code [0x000001dd90a76e60, 0x000001dd90a77130]
Event: 136.847 Thread 0x000001ddab81e800 2747       4       java.awt.Toolkit$SelectiveAWTEventListener::eventDispatched (745 bytes)
Event: 136.858 Thread 0x000001ddab81e800 nmethod 2747 0x000001dd97da1910 code [0x000001dd97da1b00, 0x000001dd97da2268]
Event: 137.096 Thread 0x000001ddac0cb000 2748   !   3       java.util.logging.LogManager::ensureLogManagerInitialized (144 bytes)
Event: 137.097 Thread 0x000001ddac0cb000 nmethod 2748 0x000001dd90c6b390 code [0x000001dd90c6b640, 0x000001dd90c6c400]

GC Heap History (4 events):
Event: 1.620 GC heap before
{Heap before GC invocations=0 (full 0):
 garbage-first heap   total 262144K, used 30720K [0x0000000701c00000, 0x0000000800000000)
  region size 1024K, 24 young (24576K), 0 survivors (0K)
 Metaspace       used 15663K, capacity 16076K, committed 16256K, reserved 1062912K
  class space    used 1725K, capacity 1917K, committed 1920K, reserved 1048576K
}
Event: 1.624 GC heap after
{Heap after GC invocations=1 (full 0):
 garbage-first heap   total 262144K, used 9607K [0x0000000701c00000, 0x0000000800000000)
  region size 1024K, 3 young (3072K), 3 survivors (3072K)
 Metaspace       used 15663K, capacity 16076K, committed 16256K, reserved 1062912K
  class space    used 1725K, capacity 1917K, committed 1920K, reserved 1048576K
}
Event: 10.394 GC heap before
{Heap before GC invocations=1 (full 0):
 garbage-first heap   total 262144K, used 88455K [0x0000000701c00000, 0x0000000800000000)
  region size 1024K, 49 young (50176K), 3 survivors (3072K)
 Metaspace       used 20712K, capacity 21206K, committed 21248K, reserved 1069056K
  class space    used 2290K, capacity 2543K, committed 2560K, reserved 1048576K
}
Event: 10.399 GC heap after
{Heap after GC invocations=2 (full 0):
 garbage-first heap   total 262144K, used 43667K [0x0000000701c00000, 0x0000000800000000)
  region size 1024K, 5 young (5120K), 5 survivors (5120K)
 Metaspace       used 20712K, capacity 21206K, committed 21248K, reserved 1069056K
  class space    used 2290K, capacity 2543K, committed 2560K, reserved 1048576K
}

Deoptimization events (10 events):
Event: 11.042 Thread 0x000001ddae555000 Uncommon trap: reason=unstable_if action=reinterpret pc=0x000001dd97d10578 method=java.lang.AbstractStringBuilder.isLatin1()Z @ 10 c2
Event: 11.043 Thread 0x000001ddae555000 Uncommon trap: reason=unstable_if action=reinterpret pc=0x000001dd97d580c8 method=java.lang.StringLatin1.canEncode(I)Z @ 4 c2
Event: 104.723 Thread 0x000001ddae555000 Uncommon trap: reason=unstable_if action=reinterpret pc=0x000001dd97dbb73c method=java.awt.Component.inside(II)Z @ 1 c2
Event: 135.407 Thread 0x000001ddae555000 Uncommon trap: reason=unstable_if action=reinterpret pc=0x000001dd97d7d9b4 method=java.awt.EventQueue.getPriority(Ljava/awt/AWTEvent;)I @ 71 c2
Event: 135.407 Thread 0x000001ddae555000 Uncommon trap: reason=unstable_fused_if action=reinterpret pc=0x000001dd97d5b3a8 method=java.awt.EventQueue.eventToCacheIndex(Ljava/awt/AWTEvent;)I @ 4 c2
Event: 135.409 Thread 0x000001ddae555000 Uncommon trap: reason=class_check action=maybe_recompile pc=0x000001dd97d44f98 method=sun.util.logging.PlatformLogger.isLoggable(Lsun/util/logging/PlatformLogger$Level;)Z @ 17 c2
Event: 135.409 Thread 0x000001ddae555000 Uncommon trap: reason=class_check action=maybe_recompile pc=0x000001dd97d44f98 method=sun.util.logging.PlatformLogger.isLoggable(Lsun/util/logging/PlatformLogger$Level;)Z @ 17 c2
Event: 135.409 Thread 0x000001ddae555000 Uncommon trap: reason=class_check action=maybe_recompile pc=0x000001dd97d44f98 method=sun.util.logging.PlatformLogger.isLoggable(Lsun/util/logging/PlatformLogger$Level;)Z @ 17 c2
Event: 135.409 Thread 0x000001ddae555000 Uncommon trap: reason=class_check action=maybe_recompile pc=0x000001dd97d44f98 method=sun.util.logging.PlatformLogger.isLoggable(Lsun/util/logging/PlatformLogger$Level;)Z @ 17 c2
Event: 135.421 Thread 0x000001ddae555000 Uncommon trap: reason=unstable_fused_if action=reinterpret pc=0x000001dd97da7b44 method=java.awt.EventQueue.eventToCacheIndex(Ljava/awt/AWTEvent;)I @ 4 c2

Classes redefined (0 events):
No events

Internal exceptions (10 events):
Event: 10.323 Thread 0x000001ddae555000 Exception <a 'java/lang/NoSuchMethodError'{0x000000070ed29848}: java.lang.invoke.DirectMethodHandle$Holder.invokeStaticInit(Ljava/lang/Object;Ljava/lang/Object;Ljava/lang/Object;)Ljava/lang/Object;> (0x000000070ed29848) thrown at [t:/workspace/open/src/ho
Event: 10.325 Thread 0x000001ddae555000 Exception <a 'java/lang/NoSuchMethodError'{0x000000070ed43830}: java.lang.invoke.DirectMethodHandle$Holder.invokeInterface(Ljava/lang/Object;Ljava/lang/Object;)I> (0x000000070ed43830) thrown at [t:/workspace/open/src/hotspot/share/interpreter/linkResolver
Event: 10.326 Thread 0x000001ddae555000 Exception <a 'java/lang/IncompatibleClassChangeError'{0x000000070ed46850}: Found class java.lang.Object, but interface was expected> (0x000000070ed46850) thrown at [t:/workspace/open/src/hotspot/share/interpreter/linkResolver.cpp, line 838]
Event: 10.426 Thread 0x000001ddae555000 Exception <a 'java/lang/NoClassDefFoundError'{0x0000000711a8a5b0}: oracle/security/pki/OraclePKIProvider> (0x0000000711a8a5b0) thrown at [t:/workspace/open/src/hotspot/share/classfile/systemDictionary.cpp, line 220]
Event: 10.494 Thread 0x000001ddae555000 Exception <a 'java/lang/NoSuchMethodError'{0x00000007116637b0}: java.lang.invoke.DirectMethodHandle$Holder.invokeSpecialIFC(Ljava/lang/Object;Ljava/lang/Object;I)I> (0x00000007116637b0) thrown at [t:/workspace/open/src/hotspot/share/interpreter/linkResolv
Event: 10.680 Thread 0x000001ddae555000 Exception <a 'java/lang/NoSuchMethodError'{0x000000071128f910}: java.lang.invoke.DirectMethodHandle$Holder.invokeStatic(Ljava/lang/Object;IIII)Ljava/lang/Object;> (0x000000071128f910) thrown at [t:/workspace/open/src/hotspot/share/interpreter/linkResolver
Event: 10.680 Thread 0x000001ddae555000 Exception <a 'java/lang/NoSuchMethodError'{0x0000000711292cd0}: java.lang.invoke.DirectMethodHandle$Holder.invokeStaticInit(Ljava/lang/Object;IIII)Ljava/lang/Object;> (0x0000000711292cd0) thrown at [t:/workspace/open/src/hotspot/share/interpreter/linkReso
Event: 10.863 Thread 0x000001ddae555000 Exception <a 'java/lang/NoSuchMethodError'{0x00000007112e0df0}: java.lang.invoke.DirectMethodHandle$Holder.invokeStatic(Ljava/lang/Object;Ljava/lang/Object;IIII)Ljava/lang/Object;> (0x00000007112e0df0) thrown at [t:/workspace/open/src/hotspot/share/interp
Event: 10.863 Thread 0x000001ddae555000 Exception <a 'java/lang/NoSuchMethodError'{0x00000007112e43e0}: java.lang.invoke.DirectMethodHandle$Holder.invokeStaticInit(Ljava/lang/Object;Ljava/lang/Object;IIII)Ljava/lang/Object;> (0x00000007112e43e0) thrown at [t:/workspace/open/src/hotspot/share/in
Event: 10.881 Thread 0x000001ddae555000 Exception <a 'sun/nio/fs/WindowsException'{0x00000007111a5fd0}> (0x00000007111a5fd0) thrown at [t:/workspace/open/src/hotspot/share/prims/jni.cpp, line 615]

Events (10 events):
Event: 137.096 Thread 0x000001ddac27d000 Thread exited: 0x000001ddac27d000
Event: 137.096 Executing VM operation: RevokeBias done
Event: 137.096 Executing VM operation: RevokeBias
Event: 137.096 Executing VM operation: RevokeBias done
Event: 137.096 Thread 0x000001ddac280000 Thread exited: 0x000001ddac280000
Event: 137.125 Executing VM operation: RevokeBias
Event: 137.126 Executing VM operation: RevokeBias done
Event: 137.126 Thread 0x000001ddac73d000 Thread exited: 0x000001ddac73d000
Event: 137.197 Thread 0x000001ddac27a800 Thread exited: 0x000001ddac27a800
Event: 137.197 Executing VM operation: Exit


Dynamic libraries:
0x00007ff6efe80000 - 0x00007ff6efec7000 	C:\Program Files\Java\jdk-11.0.2\bin\java.exe
0x00007ffe84bc0000 - 0x00007ffe84db0000 	C:\WINDOWS\SYSTEM32\ntdll.dll
0x00007ffe84560000 - 0x00007ffe84612000 	C:\WINDOWS\System32\KERNEL32.DLL
0x00007ffe824a0000 - 0x00007ffe82743000 	C:\WINDOWS\System32\KERNELBASE.dll
0x00007ffe84ac0000 - 0x00007ffe84b63000 	C:\WINDOWS\System32\ADVAPI32.dll
0x00007ffe833e0000 - 0x00007ffe8347e000 	C:\WINDOWS\System32\msvcrt.dll
0x00007ffe83900000 - 0x00007ffe83997000 	C:\WINDOWS\System32\sechost.dll
0x00007ffe83710000 - 0x00007ffe83830000 	C:\WINDOWS\System32\RPCRT4.dll
0x00007ffe82d50000 - 0x00007ffe82ee4000 	C:\WINDOWS\System32\USER32.dll
0x00007ffe82c40000 - 0x00007ffe82c61000 	C:\WINDOWS\System32\win32u.dll
0x00007ffe83670000 - 0x00007ffe83696000 	C:\WINDOWS\System32\GDI32.dll
0x00007ffe82aa0000 - 0x00007ffe82c34000 	C:\WINDOWS\System32\gdi32full.dll
0x00007ffe82350000 - 0x00007ffe823ee000 	C:\WINDOWS\System32\msvcp_win.dll
0x00007ffe82750000 - 0x00007ffe8284a000 	C:\WINDOWS\System32\ucrtbase.dll
0x00007ffe71700000 - 0x00007ffe71985000 	C:\WINDOWS\WinSxS\amd64_microsoft.windows.common-controls_6595b64144ccf1df_6.0.18362.592_none_e6c0b1911312be02\COMCTL32.dll
0x00007ffe84780000 - 0x00007ffe84ab6000 	C:\WINDOWS\System32\combase.dll
0x00007ffe7be50000 - 0x00007ffe7be5a000 	C:\WINDOWS\SYSTEM32\VERSION.dll
0x00007ffe829f0000 - 0x00007ffe82a70000 	C:\WINDOWS\System32\bcryptPrimitives.dll
0x00007ffe82c70000 - 0x00007ffe82c9e000 	C:\WINDOWS\System32\IMM32.DLL
0x00007ffe7b500000 - 0x00007ffe7b516000 	C:\Program Files\Java\jdk-11.0.2\bin\vcruntime140.dll
0x00007ffe5f9b0000 - 0x00007ffe5fa5a000 	C:\Program Files\Java\jdk-11.0.2\bin\msvcp140.dll
0x00007ffe33120000 - 0x00007ffe33c47000 	C:\Program Files\Java\jdk-11.0.2\bin\server\jvm.dll
0x00007ffe84b70000 - 0x00007ffe84b78000 	C:\WINDOWS\System32\PSAPI.DLL
0x00007ffe789e0000 - 0x00007ffe789e9000 	C:\WINDOWS\SYSTEM32\WSOCK32.dll
0x00007ffe7d7e0000 - 0x00007ffe7d804000 	C:\WINDOWS\SYSTEM32\WINMM.dll
0x00007ffe836a0000 - 0x00007ffe8370f000 	C:\WINDOWS\System32\WS2_32.dll
0x00007ffe7d7b0000 - 0x00007ffe7d7dd000 	C:\WINDOWS\SYSTEM32\WINMMBASE.dll
0x00007ffe82850000 - 0x00007ffe8289a000 	C:\WINDOWS\System32\cfgmgr32.dll
0x00007ffe81aa0000 - 0x00007ffe81ab1000 	C:\WINDOWS\System32\kernel.appcore.dll
0x00007ffe6b4e0000 - 0x00007ffe6b4f1000 	C:\Program Files\Java\jdk-11.0.2\bin\verify.dll
0x00007ffe72ce0000 - 0x00007ffe72ed4000 	C:\WINDOWS\SYSTEM32\DBGHELP.DLL
0x00007ffe72cb0000 - 0x00007ffe72cda000 	C:\WINDOWS\SYSTEM32\dbgcore.DLL
0x00007ffe6b4b0000 - 0x00007ffe6b4d9000 	C:\Program Files\Java\jdk-11.0.2\bin\java.dll
0x00007ffe6b490000 - 0x00007ffe6b4a6000 	C:\Program Files\Java\jdk-11.0.2\bin\zip.dll
0x00007ffe77070000 - 0x00007ffe7707a000 	C:\Program Files\Java\jdk-11.0.2\bin\jimage.dll
0x00007ffe83e70000 - 0x00007ffe84555000 	C:\WINDOWS\System32\SHELL32.dll
0x00007ffe82ca0000 - 0x00007ffe82d49000 	C:\WINDOWS\System32\shcore.dll
0x00007ffe81b50000 - 0x00007ffe822cf000 	C:\WINDOWS\System32\windows.storage.dll
0x00007ffe81b30000 - 0x00007ffe81b4f000 	C:\WINDOWS\System32\profapi.dll
0x00007ffe81ac0000 - 0x00007ffe81b0a000 	C:\WINDOWS\System32\powrprof.dll
0x00007ffe81a90000 - 0x00007ffe81aa0000 	C:\WINDOWS\System32\UMPDC.dll
0x00007ffe839a0000 - 0x00007ffe839f2000 	C:\WINDOWS\System32\shlwapi.dll
0x00007ffe822d0000 - 0x00007ffe822e7000 	C:\WINDOWS\System32\cryptsp.dll
0x00007ffe6b230000 - 0x00007ffe6b249000 	C:\Program Files\Java\jdk-11.0.2\bin\net.dll
0x00007ffe75760000 - 0x00007ffe75936000 	C:\WINDOWS\SYSTEM32\urlmon.dll
0x00007ffe76060000 - 0x00007ffe76150000 	C:\WINDOWS\SYSTEM32\WINHTTP.dll
0x00007ffe754b0000 - 0x00007ffe75756000 	C:\WINDOWS\SYSTEM32\iertutil.dll
0x00007ffe814d0000 - 0x00007ffe814dc000 	C:\WINDOWS\SYSTEM32\CRYPTBASE.DLL
0x00007ffe81300000 - 0x00007ffe81367000 	C:\WINDOWS\system32\mswsock.dll
0x00007ffe5fde0000 - 0x00007ffe5fdf3000 	C:\Program Files\Java\jdk-11.0.2\bin\nio.dll
0x00007ffe39610000 - 0x00007ffe397af000 	C:\Program Files\Java\jdk-11.0.2\bin\awt.dll
0x00007ffe83830000 - 0x00007ffe838f4000 	C:\WINDOWS\System32\OLEAUT32.dll
0x00007ffe7e790000 - 0x00007ffe7ed50000 	C:\WINDOWS\SYSTEM32\d2d1.dll
0x00007ffe7fb70000 - 0x00007ffe7fbff000 	C:\WINDOWS\SYSTEM32\apphelp.dll
0x00007ffe80170000 - 0x00007ffe8019d000 	C:\WINDOWS\system32\DWMAPI.DLL
0x00007ffe7fcb0000 - 0x00007ffe7fd49000 	C:\WINDOWS\system32\uxtheme.dll
0x00007ffe65250000 - 0x00007ffe653a6000 	C:\WINDOWS\system32\opengl32.dll
0x00007ffe74050000 - 0x00007ffe7407c000 	C:\WINDOWS\SYSTEM32\GLU32.dll
0x00007ffe80700000 - 0x00007ffe80720000 	C:\WINDOWS\SYSTEM32\dxcore.dll
0x00007ffe82ef0000 - 0x00007ffe83025000 	C:\WINDOWS\System32\MSCTF.dll
0x00007ffe4b9b0000 - 0x00007ffe4ba94000 	C:\Program Files (x86)\Razer\Razer Cortex\x64\k_fps64.dll
0x00007ffe4bd50000 - 0x00007ffe4be00000 	C:\Program Files\Nahimic\Nahimic2\UserInterface\x64\Nahimic2DevProps.dll
0x00007ffe84620000 - 0x00007ffe84776000 	C:\WINDOWS\System32\ole32.dll
0x00007ffe4df60000 - 0x00007ffe4dfc3000 	C:\Program Files\Nahimic\Nahimic2\UserInterface\x64\Nahimic2OSD.dll
0x00007ffe83480000 - 0x00007ffe83522000 	C:\WINDOWS\System32\clbcatq.dll
0x00007ffe7b1c0000 - 0x00007ffe7b232000 	C:\WINDOWS\System32\MMDevApi.dll
0x00007ffe818b0000 - 0x00007ffe818da000 	C:\WINDOWS\System32\DEVOBJ.dll
0x00007ffe7b760000 - 0x00007ffe7b8bd000 	C:\WINDOWS\SYSTEM32\AUDIOSES.DLL
0x00007ffe7d810000 - 0x00007ffe7d963000 	C:\WINDOWS\SYSTEM32\wintypes.dll
0x00007ffe7e320000 - 0x00007ffe7e40f000 	C:\WINDOWS\SYSTEM32\PropSys.dll
0x00007ffe7e620000 - 0x00007ffe7e632000 	C:\Program Files\Java\jdk-11.0.2\bin\jsound.dll
0x00007ffe73240000 - 0x00007ffe732d9000 	C:\WINDOWS\SYSTEM32\DSOUND.dll
0x00007ffe73fe0000 - 0x00007ffe74024000 	C:\WINDOWS\SYSTEM32\wdmaud.drv
0x00007ffe7c730000 - 0x00007ffe7c739000 	C:\WINDOWS\SYSTEM32\ksuser.dll
0x00007ffe7c480000 - 0x00007ffe7c48a000 	C:\WINDOWS\SYSTEM32\AVRT.dll
0x00007ffe7dd50000 - 0x00007ffe7dd5d000 	C:\WINDOWS\SYSTEM32\msacm32.drv
0x00007ffe7cb30000 - 0x00007ffe7cb4c000 	C:\WINDOWS\SYSTEM32\MSACM32.dll
0x00007ffe7cee0000 - 0x00007ffe7ceea000 	C:\WINDOWS\SYSTEM32\midimap.dll
0x00007ffe70c10000 - 0x00007ffe70d61000 	C:\Windows\System32\Windows.UI.dll
0x00007ffe6f070000 - 0x00007ffe6f18a000 	C:\Windows\System32\InputHost.dll
0x00007ffe70670000 - 0x00007ffe7070e000 	C:\Windows\System32\TextInputFramework.dll
0x00007ffe7f960000 - 0x00007ffe7fa34000 	C:\Windows\System32\CoreMessaging.dll
0x00007ffe7b910000 - 0x00007ffe7bc3a000 	C:\Windows\System32\CoreUIComponents.dll
0x00007ffe80af0000 - 0x00007ffe80b21000 	C:\WINDOWS\SYSTEM32\ntmarta.dll
0x00007ffe78a20000 - 0x00007ffe78a4d000 	C:\Program Files\Java\jdk-11.0.2\bin\javajpeg.dll
0x00007ffe46240000 - 0x00007ffe462c0000 	C:\Program Files\Java\jdk-11.0.2\bin\freetype.dll
0x00007ffe461d0000 - 0x00007ffe4623f000 	C:\Program Files\Java\jdk-11.0.2\bin\fontmanager.dll
0x00007ffe7b350000 - 0x00007ffe7b4ff000 	C:\WINDOWS\SYSTEM32\WindowsCodecs.dll
0x00007ffe6eac0000 - 0x00007ffe6eafa000 	C:\WINDOWS\system32\dataexchange.dll
0x00007ffe7f410000 - 0x00007ffe7f5eb000 	C:\WINDOWS\system32\dcomp.dll
0x00007ffe7ed50000 - 0x00007ffe7efab000 	C:\WINDOWS\system32\d3d11.dll
0x00007ffe80790000 - 0x00007ffe8087b000 	C:\WINDOWS\system32\dxgi.dll
0x00007ffe7fe20000 - 0x00007ffe8007a000 	C:\WINDOWS\system32\twinapi.appcore.dll
0x00007ffe80280000 - 0x00007ffe802a9000 	C:\WINDOWS\system32\RMCLIENT.dll
0x00007ffe74a70000 - 0x00007ffe74a79000 	C:\Program Files\Java\jdk-11.0.2\bin\management.dll
0x00007ffe73fd0000 - 0x00007ffe73fdc000 	C:\Program Files\Java\jdk-11.0.2\bin\management_ext.dll
0x00007ffe81050000 - 0x00007ffe8111a000 	C:\WINDOWS\SYSTEM32\DNSAPI.dll
0x00007ffe832f0000 - 0x00007ffe832f8000 	C:\WINDOWS\System32\NSI.dll
0x00007ffe81010000 - 0x00007ffe8104a000 	C:\WINDOWS\SYSTEM32\IPHLPAPI.DLL
0x00007ffe74620000 - 0x00007ffe7462a000 	C:\Windows\System32\rasadhlp.dll
0x00007ffe787a0000 - 0x00007ffe78817000 	C:\WINDOWS\System32\fwpuclnt.dll
0x00007ffe82a70000 - 0x00007ffe82a96000 	C:\WINDOWS\System32\bcrypt.dll
0x00007ffe80e70000 - 0x00007ffe80ea3000 	C:\WINDOWS\system32\rsaenh.dll
0x00007ffe819b0000 - 0x00007ffe819d5000 	C:\WINDOWS\SYSTEM32\USERENV.dll
0x00007ffe79390000 - 0x00007ffe793a6000 	C:\WINDOWS\SYSTEM32\dhcpcsvc6.DLL
0x00007ffe79c10000 - 0x00007ffe79c2c000 	C:\WINDOWS\SYSTEM32\dhcpcsvc.DLL
0x00007ffe6d560000 - 0x00007ffe6d587000 	C:\Program Files\Java\jdk-11.0.2\bin\sunec.dll
0x00007ffe6a040000 - 0x00007ffe6a056000 	C:\WINDOWS\system32\napinsp.dll
0x00007ffe69fc0000 - 0x00007ffe69fda000 	C:\WINDOWS\system32\pnrpnsp.dll
0x00007ffe789d0000 - 0x00007ffe789de000 	C:\WINDOWS\System32\winrnr.dll
0x00007ffe7e420000 - 0x00007ffe7e43c000 	C:\WINDOWS\system32\NLAapi.dll
0x00007ffe7d720000 - 0x00007ffe7d735000 	C:\WINDOWS\system32\wshbth.dll

dbghelp: loaded successfully - version: 4.0.5 - missing functions: none
symbol engine: initialized successfully - sym options: 0x614 - pdb path: .;C:\Program Files\Java\jdk-11.0.2\bin;C:\WINDOWS\SYSTEM32;C:\WINDOWS\WinSxS\amd64_microsoft.windows.common-controls_6595b64144ccf1df_6.0.18362.592_none_e6c0b1911312be02;C:\Program Files\Java\jdk-11.0.2\bin\server;C:\Program Files (x86)\Razer\Razer Cortex\x64;C:\Program Files\Nahimic\Nahimic2\UserInterface\x64

VM Arguments:
jvm_args: -Dfile.encoding=UTF-8 
java_command: controleur.Lamifa
java_class_path (initial): C:\Users\Tom_g\Desktop\logiciel_musique\LAMIFA\lib\ojdbc8.jar;C:\Users\Tom_g\Desktop\logiciel_musique\LAMIFA\build\classes
Launcher Type: SUN_STANDARD

[Global flags]
     intx CICompilerCount                          = 4                                         {product} {ergonomic}
     uint ConcGCThreads                            = 2                                         {product} {ergonomic}
     uint G1ConcRefinementThreads                  = 8                                         {product} {ergonomic}
   size_t G1HeapRegionSize                         = 1048576                                   {product} {ergonomic}
    uintx GCDrainStackTargetSize                   = 64                                        {product} {ergonomic}
   size_t InitialHeapSize                          = 268435456                                 {product} {ergonomic}
   size_t MarkStackSize                            = 4194304                                   {product} {ergonomic}
   size_t MaxHeapSize                              = 4265607168                                {product} {ergonomic}
   size_t MaxNewSize                               = 2558525440                                {product} {ergonomic}
   size_t MinHeapDeltaBytes                        = 1048576                                   {product} {ergonomic}
    uintx NonNMethodCodeHeapSize                   = 5835340                                {pd product} {ergonomic}
    uintx NonProfiledCodeHeapSize                  = 122911450                              {pd product} {ergonomic}
    uintx ProfiledCodeHeapSize                     = 122911450                              {pd product} {ergonomic}
    uintx ReservedCodeCacheSize                    = 251658240                              {pd product} {ergonomic}
     bool SegmentedCodeCache                       = true                                      {product} {ergonomic}
     bool UseCompressedClassPointers               = true                                 {lp64_product} {ergonomic}
     bool UseCompressedOops                        = true                                 {lp64_product} {ergonomic}
     bool UseG1GC                                  = true                                      {product} {ergonomic}
     bool UseLargePagesIndividualAllocation        = false                                  {pd product} {ergonomic}

Logging:
Log output configuration:
 #0: stdout all=warning uptime,level,tags
 #1: stderr all=off uptime,level,tags

Environment Variables:
PATH=C:\Program Files (x86)\Common Files\Intel\Shared Libraries\redist\intel64\compiler;C:\Program Files (x86)\Common Files\Oracle\Java\javapath;C:\Program Files (x86)\Intel\iCLS Client\;C:\Program Files\Intel\iCLS Client\;C:\Windows\system32;C:\Windows;C:\Windows\System32\Wbem;C:\Windows\System32\WindowsPowerShell\v1.0\;C:\Program Files (x86)\Intel\Intel(R) Management Engine Components\DAL;C:\Program Files\Intel\Intel(R) Management Engine Components\DAL;C:\Program Files (x86)\Intel\Intel(R) Management Engine Components\IPT;C:\Program Files\Intel\Intel(R) Management Engine Components\IPT;C:\Program Files (x86)\NVIDIA Corporation\PhysX\Common;C:\WINDOWS\system32;C:\WINDOWS;C:\WINDOWS\System32\Wbem;C:\WINDOWS\System32\WindowsPowerShell\v1.0\;C:\WINDOWS\System32\OpenSSH\;C:\Program Files\NVIDIA Corporation\NVIDIA NvDLISR;C:\WINDOWS\system32;C:\WINDOWS;C:\WINDOWS\System32\Wbem;C:\WINDOWS\System32\WindowsPowerShell\v1.0\;C:\WINDOWS\System32\OpenSSH\;E:\bin;E:\Git\cmd;C:\ProgramData\chocolatey\bin;C:\tools\php73;C:\ProgramData\ComposerSetup\bin;C:\Users\Tom_g\AppData\Local\Microsoft\WindowsApps;C:\Users\Tom_g\AppData\Roaming\Composer\vendor\bin;E:\Microsoft VS Code\bin
USERNAME=Tom_g
OS=Windows_NT
PROCESSOR_IDENTIFIER=Intel64 Family 6 Model 158 Stepping 9, GenuineIntel



---------------  S Y S T E M  ---------------

OS: Windows 10 , 64 bit Build 18362 (10.0.18362.329)

CPU:total 8 (initial active 8) (4 cores per cpu, 2 threads per core) family 6 model 158 stepping 9, cmov, cx8, fxsr, mmx, sse, sse2, sse3, ssse3, sse4.1, sse4.2, popcnt, avx, avx2, aes, clmul, erms, 3dnowpref, lzcnt, ht, tsc, tscinvbit, bmi1, bmi2, adx, fma

Memory: 4k page, system-wide physical 16271M (8324M free)
TotalPageFile size 18703M (AvailPageFile size 8415M)
current process WorkingSet (physical memory assigned to process): 192M, peak: 208M
current process commit charge ("private bytes"): 396M, peak: 410M

vm_info: Java HotSpot(TM) 64-Bit Server VM (11.0.2+9-LTS) for windows-amd64 JRE (11.0.2+9-LTS), built on Jan 18 2019 05:24:10 by "mach5one" with MS VC++ 15.5 (VS2017)

END.
