#
# A fatal error has been detected by the Java Runtime Environment:
#
#  Internal Error (0xc000000d), pid=15504, tid=5824
#
# JRE version: Java(TM) SE Runtime Environment (11.0.2+9) (build 11.0.2+9-LTS)
# Java VM: Java HotSpot(TM) 64-Bit Server VM (11.0.2+9-LTS, mixed mode, tiered, compressed oops, g1 gc, windows-amd64)
# Problematic frame:
# C  [ntdll.dll+0x10f220]
#
# No core dump will be written. Minidumps are not enabled by default on client versions of Windows
#
# If you would like to submit a bug report, please visit:
#   http://bugreport.java.com/bugreport/crash.jsp
#

---------------  S U M M A R Y ------------

Command Line: -Dfile.encoding=UTF-8 controleur.Lamifa

Host: Intel(R) Core(TM) i7-7700HQ CPU @ 2.80GHz, 8 cores, 15G,  Windows 10 , 64 bit Build 18362 (10.0.18362.329)
Time: Fri Jan 17 08:47:05 2020 Paris, Madrid elapsed time: 39 seconds (0d 0h 0m 39s)

---------------  T H R E A D  ---------------

Current thread (0x00000281270ad000):  VMThread "VM Thread" [stack: 0x000000e26cd00000,0x000000e26ce00000] [id=5824]

Stack: [0x000000e26cd00000,0x000000e26ce00000],  sp=0x000000e26cdfea60,  free space=1018k
Native frames: (J=compiled Java code, j=interpreted, Vv=VM code, C=native code)
C  [ntdll.dll+0x10f220]
C  [ntdll.dll+0xb112f]
C  [KERNEL32.DLL+0x1ee9a]
C  [Nahimic2DevProps.dll+0x47561]


siginfo: EXCEPTION_?? (0xc000000d)


Register to memory mapping:

RIP=0x00007ffa7a18f220 ntdll.dll
RAX=0x000400a3d9f100fc is an unknown value
RBX=0xfffffffffffffffe is an unknown value
RCX=0x00a9682a00000141 is an unknown value
RDX=0x015eb82a0122b72a is an unknown value
RSP=0x000000e26cdfea60 points into unknown readable memory: 57 00 00 00 e2 00 00 00
RBP=0x00007ffa400ff1bc Nahimic2DevProps.dll
RSI=0x0 is NULL
RDI=0x000000000000068c is an unknown value
R8 =0x0000000002000002 is an unknown value
R9 =0x0 is NULL
R10=0x0 is NULL
R11=0x000002812bc34590 points into unknown readable memory: 00 00 00 00 00 00 00 00
R12=0x0000028126f9d8d0 points into unknown readable memory: 48 5a 11 40 fa 7f 00 00
R13=0x000000e26e2fb820 is pointing into the stack for thread: 0x0000028129cfc800
R14=0x0000028126f9d9d8 points into unknown readable memory: 8c 06 00 00 00 00 00 00
R15=0x000000e26cdfebd8 points into unknown readable memory: a1 ec df 6c e2 00 00 00


Registers:
RAX=0x000400a3d9f100fc, RBX=0xfffffffffffffffe, RCX=0x00a9682a00000141, RDX=0x015eb82a0122b72a
RSP=0x000000e26cdfea60, RBP=0x00007ffa400ff1bc, RSI=0x0000000000000000, RDI=0x000000000000068c
R8 =0x0000000002000002, R9 =0x0000000000000000, R10=0x0000000000000000, R11=0x000002812bc34590
R12=0x0000028126f9d8d0, R13=0x000000e26e2fb820, R14=0x0000028126f9d9d8, R15=0x000000e26cdfebd8
RIP=0x00007ffa7a18f220, EFLAGS=0x0000000000000202

Top of Stack: (sp=0x000000e26cdfea60)
0x000000e26cdfea60:   000000e200000057 fffffffffffffffe
0x000000e26cdfea70:   0000000000000000 000000e26cdfeb01
0x000000e26cdfea80:   00000000c000000d 0000000000000000
0x000000e26cdfea90:   00007ffa7a18f220 0000000000000000
0x000000e26cdfeaa0:   0000000000000000 0000000000000000
0x000000e26cdfeab0:   0000000000000000 0000000000000000
0x000000e26cdfeac0:   0000000000000000 0000000000000000
0x000000e26cdfead0:   0000000000000000 0000000000000000
0x000000e26cdfeae0:   0000000000000000 0000000000000000
0x000000e26cdfeaf0:   0000000000000000 0000000000000000
0x000000e26cdfeb00:   0000000000000000 0000000000000000
0x000000e26cdfeb10:   0000000000000000 00007ffa7a0800d8
0x000000e26cdfeb20:   00002e7e892cac6f 000000e26cdfebb0
0x000000e26cdfeb30:   00000281015a2f01 00007ffa7a13112f
0x000000e26cdfeb40:   0000000000000001 000000e26e2fb820
0x000000e26cdfeb50:   00000281017beaf0 000000e26cdfebc0 

Instructions: (pc=0x00007ffa7a18f220)
0x00007ffa7a18f200:   3d f9 ff c7 44 24 20 0d 00 00 c0 b9 57 00 00 00
0x00007ffa7a18f210:   e8 7b 43 f4 ff 90 48 8d 4c 24 20 e8 d0 ac f5 ff
0x00007ffa7a18f220:   eb 00 48 8b 8c 24 c0 00 00 00 48 33 cc e8 7e cf
0x00007ffa7a18f230:   f7 ff 48 81 c4 d8 00 00 00 c3 40 55 48 83 ec 20 


Stack slot to memory mapping:
stack at sp + 0 slots: 0x000000e200000057 is an unknown value
stack at sp + 1 slots: 0xfffffffffffffffe is an unknown value
stack at sp + 2 slots: 0x0 is NULL
stack at sp + 3 slots: 0x000000e26cdfeb01 points into unknown readable memory: 00 00 00 00 00 00 00
stack at sp + 4 slots: 0x00000000c000000d is an unknown value
stack at sp + 5 slots: 0x0 is NULL
stack at sp + 6 slots: 0x00007ffa7a18f220 ntdll.dll
stack at sp + 7 slots: 0x0 is NULL

VM_Operation (0x000000e26e2fb820): Exit, mode: safepoint, requested by thread 0x0000028129cfc800


---------------  P R O C E S S  ---------------

Threads class SMR info:
_java_thread_list=0x00000281283d6400, length=16, elements={
0x00000281270af000, 0x00000281270ba000, 0x00000281270ce000, 0x00000281279c5800,
0x00000281279ca800, 0x000002812797b000, 0x0000028127b50000, 0x0000028127b45000,
0x0000028127f5f000, 0x0000028129cfb800, 0x0000028129cfc800, 0x00000281037a4000,
0x0000028127f86800, 0x000002812b4f5800, 0x000002812bbde800, 0x000002812af7d000
}

Java Threads: ( => current thread )
  0x00000281270af000 JavaThread "Reference Handler" daemon [_thread_blocked, id=13236, stack(0x000000e26ce00000,0x000000e26cf00000)]
  0x00000281270ba000 JavaThread "Finalizer" daemon [_thread_blocked, id=2268, stack(0x000000e26cf00000,0x000000e26d000000)]
  0x00000281270ce000 JavaThread "Attach Listener" daemon [_thread_blocked, id=19472, stack(0x000000e26d100000,0x000000e26d200000)]
  0x00000281279c5800 JavaThread "C2 CompilerThread0" daemon [_thread_blocked, id=13724, stack(0x000000e26d200000,0x000000e26d300000)]
  0x00000281279ca800 JavaThread "C1 CompilerThread0" daemon [_thread_blocked, id=14416, stack(0x000000e26d300000,0x000000e26d400000)]
  0x000002812797b000 JavaThread "Sweeper thread" daemon [_thread_blocked, id=19288, stack(0x000000e26d400000,0x000000e26d500000)]
  0x0000028127b50000 JavaThread "Service Thread" daemon [_thread_blocked, id=12328, stack(0x000000e26d500000,0x000000e26d600000)]
  0x0000028127b45000 JavaThread "Common-Cleaner" daemon [_thread_blocked, id=8080, stack(0x000000e26d700000,0x000000e26d800000)]
  0x0000028127f5f000 JavaThread "Java2D Disposer" daemon [_thread_blocked, id=1668, stack(0x000000e26d800000,0x000000e26d900000)]
  0x0000028129cfb800 JavaThread "AWT-Shutdown" [_thread_blocked, id=13052, stack(0x000000e26e100000,0x000000e26e200000)]
  0x0000028129cfc800 JavaThread "AWT-EventQueue-0" [_thread_blocked, id=10952, stack(0x000000e26e200000,0x000000e26e300000)]
  0x00000281037a4000 JavaThread "DestroyJavaVM" [_thread_blocked, id=6860, stack(0x000000e26c700000,0x000000e26c800000)]
  0x0000028127f86800 JavaThread "TimerQueue" daemon [_thread_blocked, id=8236, stack(0x000000e26e000000,0x000000e26e100000)]
  0x000002812b4f5800 JavaThread "Java Sound Event Dispatcher" daemon [_thread_blocked, id=17000, stack(0x000000e26ec00000,0x000000e26ed00000)]
  0x000002812bbde800 JavaThread "JitterCorrector" daemon [_thread_blocked, id=17600, stack(0x000000e26ef00000,0x000000e26f000000)]
  0x000002812af7d000 JavaThread "AudioPusher" daemon [_thread_blocked, id=11384, stack(0x000000e26f000000,0x000000e26f100000)]

Other Threads:
=>0x00000281270ad000 VMThread "VM Thread" [stack: 0x000000e26cd00000,0x000000e26ce00000] [id=5824]
  0x00000281037b9000 GCTaskThread "GC Thread#0" [stack: 0x000000e26c800000,0x000000e26c900000] [id=10444]
  0x000002812b248800 GCTaskThread "GC Thread#1" [stack: 0x000000e26e500000,0x000000e26e600000] [id=704]
  0x000002812b243800 GCTaskThread "GC Thread#2" [stack: 0x000000e26e600000,0x000000e26e700000] [id=3032]
  0x000002812b247800 GCTaskThread "GC Thread#3" [stack: 0x000000e26e700000,0x000000e26e800000] [id=17344]
  0x000002812b249000 GCTaskThread "GC Thread#4" [stack: 0x000000e26e800000,0x000000e26e900000] [id=16680]
  0x000002812b24a000 GCTaskThread "GC Thread#5" [stack: 0x000000e26e900000,0x000000e26ea00000] [id=15184]
  0x000002812b24a800 GCTaskThread "GC Thread#6" [stack: 0x000000e26f200000,0x000000e26f300000] [id=9416]
  0x000002812b244000 GCTaskThread "GC Thread#7" [stack: 0x000000e26f300000,0x000000e26f400000] [id=5288]
  0x0000028103817800 ConcurrentGCThread "G1 Main Marker" [stack: 0x000000e26c900000,0x000000e26ca00000] [id=4128]
  0x000002810381f000 ConcurrentGCThread "G1 Conc#0" [stack: 0x000000e26ca00000,0x000000e26cb00000] [id=9752]
  0x000002812b244800 ConcurrentGCThread "G1 Conc#1" [stack: 0x000000e26f400000,0x000000e26f500000] [id=11488]
  0x0000028126f97000 ConcurrentGCThread "G1 Refine#0" [stack: 0x000000e26cb00000,0x000000e26cc00000] [id=7348]
  0x0000028126f98000 ConcurrentGCThread "G1 Young RemSet Sampling" [stack: 0x000000e26cc00000,0x000000e26cd00000] [id=14764]

Threads with active compile tasks:

VM state:at safepoint (shutting down)

VM Mutex/Monitor currently owned by a thread:  ([mutex/lock_event])
[0x00000281037a1a50] Threads_lock - owner thread: 0x00000281270ad000

Heap address: 0x0000000701c00000, size: 4068 MB, Compressed Oops mode: Zero based, Oop shift amount: 3
Narrow klass base: 0x0000000800000000, Narrow klass shift: 0
Compressed class space size: 1073741824 Address: 0x0000000800000000

Heap:
 garbage-first heap   total 262144K, used 29854K [0x0000000701c00000, 0x0000000800000000)
  region size 1024K, 20 young (20480K), 16 survivors (16384K)
 Metaspace       used 21378K, capacity 21941K, committed 22144K, reserved 1069056K
  class space    used 2362K, capacity 2613K, committed 2688K, reserved 1048576K
Heap Regions: E=young(eden), S=young(survivor), O=old, HS=humongous(starts), HC=humongous(continues), CS=collection set, F=free, A=archive, TAMS=top-at-mark-start (previous, next)
|   0|0x0000000701c00000, 0x0000000701c00000, 0x0000000701d00000|  0%| F|  |TAMS 0x0000000701c00000, 0x0000000701c00000| Untracked 
|   1|0x0000000701d00000, 0x0000000701d00000, 0x0000000701e00000|  0%| F|  |TAMS 0x0000000701d00000, 0x0000000701d00000| Untracked 
|   2|0x0000000701e00000, 0x0000000701e00000, 0x0000000701f00000|  0%| F|  |TAMS 0x0000000701e00000, 0x0000000701e00000| Untracked 
|   3|0x0000000701f00000, 0x0000000701f00000, 0x0000000702000000|  0%| F|  |TAMS 0x0000000701f00000, 0x0000000701f00000| Untracked 
|   4|0x0000000702000000, 0x0000000702000000, 0x0000000702100000|  0%| F|  |TAMS 0x0000000702000000, 0x0000000702000000| Untracked 
|   5|0x0000000702100000, 0x0000000702100000, 0x0000000702200000|  0%| F|  |TAMS 0x0000000702100000, 0x0000000702100000| Untracked 
|   6|0x0000000702200000, 0x0000000702200000, 0x0000000702300000|  0%| F|  |TAMS 0x0000000702200000, 0x0000000702200000| Untracked 
|   7|0x0000000702300000, 0x0000000702300000, 0x0000000702400000|  0%| F|  |TAMS 0x0000000702300000, 0x0000000702300000| Untracked 
|   8|0x0000000702400000, 0x0000000702500000, 0x0000000702500000|100%|HS|  |TAMS 0x0000000702500000, 0x0000000702400000| Complete 
|   9|0x0000000702500000, 0x0000000702600000, 0x0000000702600000|100%|HC|  |TAMS 0x0000000702600000, 0x0000000702500000| Complete 
|  10|0x0000000702600000, 0x0000000702700000, 0x0000000702700000|100%|HC|  |TAMS 0x0000000702700000, 0x0000000702600000| Complete 
|  11|0x0000000702700000, 0x0000000702800000, 0x0000000702800000|100%|HC|  |TAMS 0x0000000702800000, 0x0000000702700000| Complete 
|  12|0x0000000702800000, 0x0000000702900000, 0x0000000702900000|100%|HC|  |TAMS 0x0000000702900000, 0x0000000702800000| Complete 
|  13|0x0000000702900000, 0x0000000702a00000, 0x0000000702a00000|100%|HC|  |TAMS 0x0000000702a00000, 0x0000000702900000| Complete 
|  14|0x0000000702a00000, 0x0000000702b00000, 0x0000000702b00000|100%|HC|  |TAMS 0x0000000702b00000, 0x0000000702a00000| Complete 
|  15|0x0000000702b00000, 0x0000000702c00000, 0x0000000702c00000|100%|HC|  |TAMS 0x0000000702c00000, 0x0000000702b00000| Complete 
|  16|0x0000000702c00000, 0x0000000702c8a400, 0x0000000702d00000| 54%| O|  |TAMS 0x0000000702c8a400, 0x0000000702c00000| Untracked 
|  17|0x0000000702d00000, 0x0000000702e00000, 0x0000000702e00000|100%|HS|  |TAMS 0x0000000702e00000, 0x0000000702d00000| Complete 
|  18|0x0000000702e00000, 0x0000000702f00000, 0x0000000702f00000|100%|HS|  |TAMS 0x0000000702f00000, 0x0000000702e00000| Complete 
|  19|0x0000000702f00000, 0x0000000702f00000, 0x0000000703000000|  0%| F|  |TAMS 0x0000000702f00000, 0x0000000702f00000| Untracked 
|  20|0x0000000703000000, 0x0000000703000000, 0x0000000703100000|  0%| F|  |TAMS 0x0000000703000000, 0x0000000703000000| Untracked 
|  21|0x0000000703100000, 0x0000000703100000, 0x0000000703200000|  0%| F|  |TAMS 0x0000000703100000, 0x0000000703100000| Untracked 
|  22|0x0000000703200000, 0x0000000703200000, 0x0000000703300000|  0%| F|  |TAMS 0x0000000703200000, 0x0000000703200000| Untracked 
|  23|0x0000000703300000, 0x0000000703300000, 0x0000000703400000|  0%| F|  |TAMS 0x0000000703300000, 0x0000000703300000| Untracked 
|  24|0x0000000703400000, 0x0000000703400000, 0x0000000703500000|  0%| F|  |TAMS 0x0000000703400000, 0x0000000703400000| Untracked 
|  25|0x0000000703500000, 0x0000000703500000, 0x0000000703600000|  0%| F|  |TAMS 0x0000000703500000, 0x0000000703500000| Untracked 
|  26|0x0000000703600000, 0x0000000703600000, 0x0000000703700000|  0%| F|  |TAMS 0x0000000703600000, 0x0000000703600000| Untracked 
|  27|0x0000000703700000, 0x0000000703700000, 0x0000000703800000|  0%| F|  |TAMS 0x0000000703700000, 0x0000000703700000| Untracked 
|  28|0x0000000703800000, 0x0000000703800000, 0x0000000703900000|  0%| F|  |TAMS 0x0000000703800000, 0x0000000703800000| Untracked 
|  29|0x0000000703900000, 0x0000000703900000, 0x0000000703a00000|  0%| F|  |TAMS 0x0000000703900000, 0x0000000703900000| Untracked 
|  30|0x0000000703a00000, 0x0000000703a00000, 0x0000000703b00000|  0%| F|  |TAMS 0x0000000703a00000, 0x0000000703a00000| Untracked 
|  31|0x0000000703b00000, 0x0000000703b00000, 0x0000000703c00000|  0%| F|  |TAMS 0x0000000703b00000, 0x0000000703b00000| Untracked 
|  32|0x0000000703c00000, 0x0000000703c00000, 0x0000000703d00000|  0%| F|  |TAMS 0x0000000703c00000, 0x0000000703c00000| Untracked 
|  33|0x0000000703d00000, 0x0000000703d00000, 0x0000000703e00000|  0%| F|  |TAMS 0x0000000703d00000, 0x0000000703d00000| Untracked 
|  34|0x0000000703e00000, 0x0000000703e00000, 0x0000000703f00000|  0%| F|  |TAMS 0x0000000703e00000, 0x0000000703e00000| Untracked 
|  35|0x0000000703f00000, 0x0000000703f00000, 0x0000000704000000|  0%| F|  |TAMS 0x0000000703f00000, 0x0000000703f00000| Untracked 
|  36|0x0000000704000000, 0x0000000704000000, 0x0000000704100000|  0%| F|  |TAMS 0x0000000704000000, 0x0000000704000000| Untracked 
|  37|0x0000000704100000, 0x0000000704100000, 0x0000000704200000|  0%| F|  |TAMS 0x0000000704100000, 0x0000000704100000| Untracked 
|  38|0x0000000704200000, 0x0000000704200000, 0x0000000704300000|  0%| F|  |TAMS 0x0000000704200000, 0x0000000704200000| Untracked 
|  39|0x0000000704300000, 0x0000000704300000, 0x0000000704400000|  0%| F|  |TAMS 0x0000000704300000, 0x0000000704300000| Untracked 
|  40|0x0000000704400000, 0x0000000704400000, 0x0000000704500000|  0%| F|  |TAMS 0x0000000704400000, 0x0000000704400000| Untracked 
|  41|0x0000000704500000, 0x0000000704500000, 0x0000000704600000|  0%| F|  |TAMS 0x0000000704500000, 0x0000000704500000| Untracked 
|  42|0x0000000704600000, 0x0000000704600000, 0x0000000704700000|  0%| F|  |TAMS 0x0000000704600000, 0x0000000704600000| Untracked 
|  43|0x0000000704700000, 0x0000000704700000, 0x0000000704800000|  0%| F|  |TAMS 0x0000000704700000, 0x0000000704700000| Untracked 
|  44|0x0000000704800000, 0x0000000704800000, 0x0000000704900000|  0%| F|  |TAMS 0x0000000704800000, 0x0000000704800000| Untracked 
|  45|0x0000000704900000, 0x0000000704900000, 0x0000000704a00000|  0%| F|  |TAMS 0x0000000704900000, 0x0000000704900000| Untracked 
|  46|0x0000000704a00000, 0x0000000704a00000, 0x0000000704b00000|  0%| F|  |TAMS 0x0000000704a00000, 0x0000000704a00000| Untracked 
|  47|0x0000000704b00000, 0x0000000704b00000, 0x0000000704c00000|  0%| F|  |TAMS 0x0000000704b00000, 0x0000000704b00000| Untracked 
|  48|0x0000000704c00000, 0x0000000704c00000, 0x0000000704d00000|  0%| F|  |TAMS 0x0000000704c00000, 0x0000000704c00000| Untracked 
|  49|0x0000000704d00000, 0x0000000704d00000, 0x0000000704e00000|  0%| F|  |TAMS 0x0000000704d00000, 0x0000000704d00000| Untracked 
|  50|0x0000000704e00000, 0x0000000704e00000, 0x0000000704f00000|  0%| F|  |TAMS 0x0000000704e00000, 0x0000000704e00000| Untracked 
|  51|0x0000000704f00000, 0x0000000704f00000, 0x0000000705000000|  0%| F|  |TAMS 0x0000000704f00000, 0x0000000704f00000| Untracked 
|  52|0x0000000705000000, 0x0000000705000000, 0x0000000705100000|  0%| F|  |TAMS 0x0000000705000000, 0x0000000705000000| Untracked 
|  53|0x0000000705100000, 0x0000000705100000, 0x0000000705200000|  0%| F|  |TAMS 0x0000000705100000, 0x0000000705100000| Untracked 
|  54|0x0000000705200000, 0x0000000705200000, 0x0000000705300000|  0%| F|  |TAMS 0x0000000705200000, 0x0000000705200000| Untracked 
|  55|0x0000000705300000, 0x0000000705300000, 0x0000000705400000|  0%| F|  |TAMS 0x0000000705300000, 0x0000000705300000| Untracked 
|  56|0x0000000705400000, 0x0000000705400000, 0x0000000705500000|  0%| F|  |TAMS 0x0000000705400000, 0x0000000705400000| Untracked 
|  57|0x0000000705500000, 0x0000000705500000, 0x0000000705600000|  0%| F|  |TAMS 0x0000000705500000, 0x0000000705500000| Untracked 
|  58|0x0000000705600000, 0x0000000705600000, 0x0000000705700000|  0%| F|  |TAMS 0x0000000705600000, 0x0000000705600000| Untracked 
|  59|0x0000000705700000, 0x0000000705700000, 0x0000000705800000|  0%| F|  |TAMS 0x0000000705700000, 0x0000000705700000| Untracked 
|  60|0x0000000705800000, 0x0000000705800000, 0x0000000705900000|  0%| F|  |TAMS 0x0000000705800000, 0x0000000705800000| Untracked 
|  61|0x0000000705900000, 0x0000000705900000, 0x0000000705a00000|  0%| F|  |TAMS 0x0000000705900000, 0x0000000705900000| Untracked 
|  62|0x0000000705a00000, 0x0000000705a00000, 0x0000000705b00000|  0%| F|  |TAMS 0x0000000705a00000, 0x0000000705a00000| Untracked 
|  63|0x0000000705b00000, 0x0000000705b00000, 0x0000000705c00000|  0%| F|  |TAMS 0x0000000705b00000, 0x0000000705b00000| Untracked 
|  64|0x0000000705c00000, 0x0000000705c00000, 0x0000000705d00000|  0%| F|  |TAMS 0x0000000705c00000, 0x0000000705c00000| Untracked 
|  65|0x0000000705d00000, 0x0000000705d00000, 0x0000000705e00000|  0%| F|  |TAMS 0x0000000705d00000, 0x0000000705d00000| Untracked 
|  66|0x0000000705e00000, 0x0000000705e00000, 0x0000000705f00000|  0%| F|  |TAMS 0x0000000705e00000, 0x0000000705e00000| Untracked 
|  67|0x0000000705f00000, 0x0000000705f00000, 0x0000000706000000|  0%| F|  |TAMS 0x0000000705f00000, 0x0000000705f00000| Untracked 
|  68|0x0000000706000000, 0x0000000706000000, 0x0000000706100000|  0%| F|  |TAMS 0x0000000706000000, 0x0000000706000000| Untracked 
|  69|0x0000000706100000, 0x0000000706100000, 0x0000000706200000|  0%| F|  |TAMS 0x0000000706100000, 0x0000000706100000| Untracked 
|  70|0x0000000706200000, 0x0000000706200000, 0x0000000706300000|  0%| F|  |TAMS 0x0000000706200000, 0x0000000706200000| Untracked 
|  71|0x0000000706300000, 0x0000000706300000, 0x0000000706400000|  0%| F|  |TAMS 0x0000000706300000, 0x0000000706300000| Untracked 
|  72|0x0000000706400000, 0x0000000706400000, 0x0000000706500000|  0%| F|  |TAMS 0x0000000706400000, 0x0000000706400000| Untracked 
|  73|0x0000000706500000, 0x0000000706500000, 0x0000000706600000|  0%| F|  |TAMS 0x0000000706500000, 0x0000000706500000| Untracked 
|  74|0x0000000706600000, 0x0000000706600000, 0x0000000706700000|  0%| F|  |TAMS 0x0000000706600000, 0x0000000706600000| Untracked 
|  75|0x0000000706700000, 0x0000000706700000, 0x0000000706800000|  0%| F|  |TAMS 0x0000000706700000, 0x0000000706700000| Untracked 
|  76|0x0000000706800000, 0x0000000706800000, 0x0000000706900000|  0%| F|  |TAMS 0x0000000706800000, 0x0000000706800000| Untracked 
|  77|0x0000000706900000, 0x0000000706900000, 0x0000000706a00000|  0%| F|  |TAMS 0x0000000706900000, 0x0000000706900000| Untracked 
|  78|0x0000000706a00000, 0x0000000706a00000, 0x0000000706b00000|  0%| F|  |TAMS 0x0000000706a00000, 0x0000000706a00000| Untracked 
|  79|0x0000000706b00000, 0x0000000706b00000, 0x0000000706c00000|  0%| F|  |TAMS 0x0000000706b00000, 0x0000000706b00000| Untracked 
|  80|0x0000000706c00000, 0x0000000706c00000, 0x0000000706d00000|  0%| F|  |TAMS 0x0000000706c00000, 0x0000000706c00000| Untracked 
|  81|0x0000000706d00000, 0x0000000706d00000, 0x0000000706e00000|  0%| F|  |TAMS 0x0000000706d00000, 0x0000000706d00000| Untracked 
|  82|0x0000000706e00000, 0x0000000706e00000, 0x0000000706f00000|  0%| F|  |TAMS 0x0000000706e00000, 0x0000000706e00000| Untracked 
|  83|0x0000000706f00000, 0x0000000706f00000, 0x0000000707000000|  0%| F|  |TAMS 0x0000000706f00000, 0x0000000706f00000| Untracked 
|  84|0x0000000707000000, 0x0000000707000000, 0x0000000707100000|  0%| F|  |TAMS 0x0000000707000000, 0x0000000707000000| Untracked 
|  85|0x0000000707100000, 0x0000000707100000, 0x0000000707200000|  0%| F|  |TAMS 0x0000000707100000, 0x0000000707100000| Untracked 
|  86|0x0000000707200000, 0x0000000707200000, 0x0000000707300000|  0%| F|  |TAMS 0x0000000707200000, 0x0000000707200000| Untracked 
|  87|0x0000000707300000, 0x0000000707300000, 0x0000000707400000|  0%| F|  |TAMS 0x0000000707300000, 0x0000000707300000| Untracked 
|  88|0x0000000707400000, 0x0000000707400000, 0x0000000707500000|  0%| F|  |TAMS 0x0000000707400000, 0x0000000707400000| Untracked 
|  89|0x0000000707500000, 0x0000000707500000, 0x0000000707600000|  0%| F|  |TAMS 0x0000000707500000, 0x0000000707500000| Untracked 
|  90|0x0000000707600000, 0x0000000707600000, 0x0000000707700000|  0%| F|  |TAMS 0x0000000707600000, 0x0000000707600000| Untracked 
|  91|0x0000000707700000, 0x0000000707700000, 0x0000000707800000|  0%| F|  |TAMS 0x0000000707700000, 0x0000000707700000| Untracked 
|  92|0x0000000707800000, 0x0000000707800000, 0x0000000707900000|  0%| F|  |TAMS 0x0000000707800000, 0x0000000707800000| Untracked 
|  93|0x0000000707900000, 0x0000000707900000, 0x0000000707a00000|  0%| F|  |TAMS 0x0000000707900000, 0x0000000707900000| Untracked 
|  94|0x0000000707a00000, 0x0000000707a00000, 0x0000000707b00000|  0%| F|  |TAMS 0x0000000707a00000, 0x0000000707a00000| Untracked 
|  95|0x0000000707b00000, 0x0000000707b00000, 0x0000000707c00000|  0%| F|  |TAMS 0x0000000707b00000, 0x0000000707b00000| Untracked 
|  96|0x0000000707c00000, 0x0000000707c00000, 0x0000000707d00000|  0%| F|  |TAMS 0x0000000707c00000, 0x0000000707c00000| Untracked 
|  97|0x0000000707d00000, 0x0000000707d00000, 0x0000000707e00000|  0%| F|  |TAMS 0x0000000707d00000, 0x0000000707d00000| Untracked 
|  98|0x0000000707e00000, 0x0000000707e00000, 0x0000000707f00000|  0%| F|  |TAMS 0x0000000707e00000, 0x0000000707e00000| Untracked 
|  99|0x0000000707f00000, 0x0000000707f00000, 0x0000000708000000|  0%| F|  |TAMS 0x0000000707f00000, 0x0000000707f00000| Untracked 
| 100|0x0000000708000000, 0x0000000708000000, 0x0000000708100000|  0%| F|  |TAMS 0x0000000708000000, 0x0000000708000000| Untracked 
| 101|0x0000000708100000, 0x0000000708100000, 0x0000000708200000|  0%| F|  |TAMS 0x0000000708100000, 0x0000000708100000| Untracked 
| 102|0x0000000708200000, 0x0000000708200000, 0x0000000708300000|  0%| F|  |TAMS 0x0000000708200000, 0x0000000708200000| Untracked 
| 103|0x0000000708300000, 0x0000000708300000, 0x0000000708400000|  0%| F|  |TAMS 0x0000000708300000, 0x0000000708300000| Untracked 
| 104|0x0000000708400000, 0x0000000708400000, 0x0000000708500000|  0%| F|  |TAMS 0x0000000708400000, 0x0000000708400000| Untracked 
| 105|0x0000000708500000, 0x0000000708500000, 0x0000000708600000|  0%| F|  |TAMS 0x0000000708500000, 0x0000000708500000| Untracked 
| 106|0x0000000708600000, 0x0000000708600000, 0x0000000708700000|  0%| F|  |TAMS 0x0000000708600000, 0x0000000708600000| Untracked 
| 107|0x0000000708700000, 0x0000000708700000, 0x0000000708800000|  0%| F|  |TAMS 0x0000000708700000, 0x0000000708700000| Untracked 
| 108|0x0000000708800000, 0x0000000708800000, 0x0000000708900000|  0%| F|  |TAMS 0x0000000708800000, 0x0000000708800000| Untracked 
| 109|0x0000000708900000, 0x0000000708900000, 0x0000000708a00000|  0%| F|  |TAMS 0x0000000708900000, 0x0000000708900000| Untracked 
| 110|0x0000000708a00000, 0x0000000708a00000, 0x0000000708b00000|  0%| F|  |TAMS 0x0000000708a00000, 0x0000000708a00000| Untracked 
| 111|0x0000000708b00000, 0x0000000708b00000, 0x0000000708c00000|  0%| F|  |TAMS 0x0000000708b00000, 0x0000000708b00000| Untracked 
| 112|0x0000000708c00000, 0x0000000708c00000, 0x0000000708d00000|  0%| F|  |TAMS 0x0000000708c00000, 0x0000000708c00000| Untracked 
| 113|0x0000000708d00000, 0x0000000708d00000, 0x0000000708e00000|  0%| F|  |TAMS 0x0000000708d00000, 0x0000000708d00000| Untracked 
| 114|0x0000000708e00000, 0x0000000708e00000, 0x0000000708f00000|  0%| F|  |TAMS 0x0000000708e00000, 0x0000000708e00000| Untracked 
| 115|0x0000000708f00000, 0x0000000708f00000, 0x0000000709000000|  0%| F|  |TAMS 0x0000000708f00000, 0x0000000708f00000| Untracked 
| 116|0x0000000709000000, 0x0000000709000000, 0x0000000709100000|  0%| F|  |TAMS 0x0000000709000000, 0x0000000709000000| Untracked 
| 117|0x0000000709100000, 0x0000000709100000, 0x0000000709200000|  0%| F|  |TAMS 0x0000000709100000, 0x0000000709100000| Untracked 
| 118|0x0000000709200000, 0x0000000709200000, 0x0000000709300000|  0%| F|  |TAMS 0x0000000709200000, 0x0000000709200000| Untracked 
| 119|0x0000000709300000, 0x0000000709300000, 0x0000000709400000|  0%| F|  |TAMS 0x0000000709300000, 0x0000000709300000| Untracked 
| 120|0x0000000709400000, 0x0000000709400000, 0x0000000709500000|  0%| F|  |TAMS 0x0000000709400000, 0x0000000709400000| Untracked 
| 121|0x0000000709500000, 0x0000000709500000, 0x0000000709600000|  0%| F|  |TAMS 0x0000000709500000, 0x0000000709500000| Untracked 
| 122|0x0000000709600000, 0x0000000709600000, 0x0000000709700000|  0%| F|  |TAMS 0x0000000709600000, 0x0000000709600000| Untracked 
| 123|0x0000000709700000, 0x0000000709700000, 0x0000000709800000|  0%| F|  |TAMS 0x0000000709700000, 0x0000000709700000| Untracked 
| 124|0x0000000709800000, 0x0000000709800000, 0x0000000709900000|  0%| F|  |TAMS 0x0000000709800000, 0x0000000709800000| Untracked 
| 125|0x0000000709900000, 0x0000000709900000, 0x0000000709a00000|  0%| F|  |TAMS 0x0000000709900000, 0x0000000709900000| Untracked 
| 126|0x0000000709a00000, 0x0000000709a00000, 0x0000000709b00000|  0%| F|  |TAMS 0x0000000709a00000, 0x0000000709a00000| Untracked 
| 127|0x0000000709b00000, 0x0000000709b00000, 0x0000000709c00000|  0%| F|  |TAMS 0x0000000709b00000, 0x0000000709b00000| Untracked 
| 128|0x0000000709c00000, 0x0000000709c00000, 0x0000000709d00000|  0%| F|  |TAMS 0x0000000709c00000, 0x0000000709c00000| Untracked 
| 129|0x0000000709d00000, 0x0000000709d00000, 0x0000000709e00000|  0%| F|  |TAMS 0x0000000709d00000, 0x0000000709d00000| Untracked 
| 130|0x0000000709e00000, 0x0000000709e00000, 0x0000000709f00000|  0%| F|  |TAMS 0x0000000709e00000, 0x0000000709e00000| Untracked 
| 131|0x0000000709f00000, 0x0000000709f00000, 0x000000070a000000|  0%| F|  |TAMS 0x0000000709f00000, 0x0000000709f00000| Untracked 
| 132|0x000000070a000000, 0x000000070a000000, 0x000000070a100000|  0%| F|  |TAMS 0x000000070a000000, 0x000000070a000000| Untracked 
| 133|0x000000070a100000, 0x000000070a100000, 0x000000070a200000|  0%| F|  |TAMS 0x000000070a100000, 0x000000070a100000| Untracked 
| 134|0x000000070a200000, 0x000000070a200000, 0x000000070a300000|  0%| F|  |TAMS 0x000000070a200000, 0x000000070a200000| Untracked 
| 135|0x000000070a300000, 0x000000070a300000, 0x000000070a400000|  0%| F|  |TAMS 0x000000070a300000, 0x000000070a300000| Untracked 
| 136|0x000000070a400000, 0x000000070a400000, 0x000000070a500000|  0%| F|  |TAMS 0x000000070a400000, 0x000000070a400000| Untracked 
| 137|0x000000070a500000, 0x000000070a500000, 0x000000070a600000|  0%| F|  |TAMS 0x000000070a500000, 0x000000070a500000| Untracked 
| 138|0x000000070a600000, 0x000000070a600000, 0x000000070a700000|  0%| F|  |TAMS 0x000000070a600000, 0x000000070a600000| Untracked 
| 139|0x000000070a700000, 0x000000070a700000, 0x000000070a800000|  0%| F|  |TAMS 0x000000070a700000, 0x000000070a700000| Untracked 
| 140|0x000000070a800000, 0x000000070a800000, 0x000000070a900000|  0%| F|  |TAMS 0x000000070a800000, 0x000000070a800000| Untracked 
| 141|0x000000070a900000, 0x000000070a900000, 0x000000070aa00000|  0%| F|  |TAMS 0x000000070a900000, 0x000000070a900000| Untracked 
| 142|0x000000070aa00000, 0x000000070aa00000, 0x000000070ab00000|  0%| F|  |TAMS 0x000000070aa00000, 0x000000070aa00000| Untracked 
| 143|0x000000070ab00000, 0x000000070ab00000, 0x000000070ac00000|  0%| F|  |TAMS 0x000000070ab00000, 0x000000070ab00000| Untracked 
| 144|0x000000070ac00000, 0x000000070ac00000, 0x000000070ad00000|  0%| F|  |TAMS 0x000000070ac00000, 0x000000070ac00000| Untracked 
| 145|0x000000070ad00000, 0x000000070ad00000, 0x000000070ae00000|  0%| F|  |TAMS 0x000000070ad00000, 0x000000070ad00000| Untracked 
| 146|0x000000070ae00000, 0x000000070ae00000, 0x000000070af00000|  0%| F|  |TAMS 0x000000070ae00000, 0x000000070ae00000| Untracked 
| 147|0x000000070af00000, 0x000000070af00000, 0x000000070b000000|  0%| F|  |TAMS 0x000000070af00000, 0x000000070af00000| Untracked 
| 148|0x000000070b000000, 0x000000070b000000, 0x000000070b100000|  0%| F|  |TAMS 0x000000070b000000, 0x000000070b000000| Untracked 
| 149|0x000000070b100000, 0x000000070b100000, 0x000000070b200000|  0%| F|  |TAMS 0x000000070b100000, 0x000000070b100000| Untracked 
| 150|0x000000070b200000, 0x000000070b200000, 0x000000070b300000|  0%| F|  |TAMS 0x000000070b200000, 0x000000070b200000| Untracked 
| 151|0x000000070b300000, 0x000000070b300000, 0x000000070b400000|  0%| F|  |TAMS 0x000000070b300000, 0x000000070b300000| Untracked 
| 152|0x000000070b400000, 0x000000070b400000, 0x000000070b500000|  0%| F|  |TAMS 0x000000070b400000, 0x000000070b400000| Untracked 
| 153|0x000000070b500000, 0x000000070b500000, 0x000000070b600000|  0%| F|  |TAMS 0x000000070b500000, 0x000000070b500000| Untracked 
| 154|0x000000070b600000, 0x000000070b600000, 0x000000070b700000|  0%| F|  |TAMS 0x000000070b600000, 0x000000070b600000| Untracked 
| 155|0x000000070b700000, 0x000000070b700000, 0x000000070b800000|  0%| F|  |TAMS 0x000000070b700000, 0x000000070b700000| Untracked 
| 156|0x000000070b800000, 0x000000070b800000, 0x000000070b900000|  0%| F|  |TAMS 0x000000070b800000, 0x000000070b800000| Untracked 
| 157|0x000000070b900000, 0x000000070b900000, 0x000000070ba00000|  0%| F|  |TAMS 0x000000070b900000, 0x000000070b900000| Untracked 
| 158|0x000000070ba00000, 0x000000070ba00000, 0x000000070bb00000|  0%| F|  |TAMS 0x000000070ba00000, 0x000000070ba00000| Untracked 
| 159|0x000000070bb00000, 0x000000070bb00000, 0x000000070bc00000|  0%| F|  |TAMS 0x000000070bb00000, 0x000000070bb00000| Untracked 
| 160|0x000000070bc00000, 0x000000070bc00000, 0x000000070bd00000|  0%| F|  |TAMS 0x000000070bc00000, 0x000000070bc00000| Untracked 
| 161|0x000000070bd00000, 0x000000070bd00000, 0x000000070be00000|  0%| F|  |TAMS 0x000000070bd00000, 0x000000070bd00000| Untracked 
| 162|0x000000070be00000, 0x000000070be00000, 0x000000070bf00000|  0%| F|  |TAMS 0x000000070be00000, 0x000000070be00000| Untracked 
| 163|0x000000070bf00000, 0x000000070bf00000, 0x000000070c000000|  0%| F|  |TAMS 0x000000070bf00000, 0x000000070bf00000| Untracked 
| 164|0x000000070c000000, 0x000000070c000000, 0x000000070c100000|  0%| F|  |TAMS 0x000000070c000000, 0x000000070c000000| Untracked 
| 165|0x000000070c100000, 0x000000070c100000, 0x000000070c200000|  0%| F|  |TAMS 0x000000070c100000, 0x000000070c100000| Untracked 
| 166|0x000000070c200000, 0x000000070c29d728, 0x000000070c300000| 61%| S|CS|TAMS 0x000000070c200000, 0x000000070c200000| Complete 
| 167|0x000000070c300000, 0x000000070c400000, 0x000000070c400000|100%| S|CS|TAMS 0x000000070c300000, 0x000000070c300000| Complete 
| 168|0x000000070c400000, 0x000000070c500000, 0x000000070c500000|100%| S|CS|TAMS 0x000000070c400000, 0x000000070c400000| Complete 
| 169|0x000000070c500000, 0x000000070c600000, 0x000000070c600000|100%| S|CS|TAMS 0x000000070c500000, 0x000000070c500000| Complete 
| 170|0x000000070c600000, 0x000000070c700000, 0x000000070c700000|100%| S|CS|TAMS 0x000000070c600000, 0x000000070c600000| Complete 
| 171|0x000000070c700000, 0x000000070c800000, 0x000000070c800000|100%| S|CS|TAMS 0x000000070c700000, 0x000000070c700000| Complete 
| 172|0x000000070c800000, 0x000000070c900000, 0x000000070c900000|100%| S|CS|TAMS 0x000000070c800000, 0x000000070c800000| Complete 
| 173|0x000000070c900000, 0x000000070ca00000, 0x000000070ca00000|100%| S|CS|TAMS 0x000000070c900000, 0x000000070c900000| Complete 
| 174|0x000000070ca00000, 0x000000070cb00000, 0x000000070cb00000|100%| S|CS|TAMS 0x000000070ca00000, 0x000000070ca00000| Complete 
| 175|0x000000070cb00000, 0x000000070cc00000, 0x000000070cc00000|100%| S|CS|TAMS 0x000000070cb00000, 0x000000070cb00000| Complete 
| 176|0x000000070cc00000, 0x000000070cd00000, 0x000000070cd00000|100%| S|CS|TAMS 0x000000070cc00000, 0x000000070cc00000| Complete 
| 177|0x000000070cd00000, 0x000000070ce00000, 0x000000070ce00000|100%| S|CS|TAMS 0x000000070cd00000, 0x000000070cd00000| Complete 
| 178|0x000000070ce00000, 0x000000070cf00000, 0x000000070cf00000|100%| S|CS|TAMS 0x000000070ce00000, 0x000000070ce00000| Complete 
| 179|0x000000070cf00000, 0x000000070d000000, 0x000000070d000000|100%| S|CS|TAMS 0x000000070cf00000, 0x000000070cf00000| Complete 
| 180|0x000000070d000000, 0x000000070d100000, 0x000000070d100000|100%| S|CS|TAMS 0x000000070d000000, 0x000000070d000000| Complete 
| 181|0x000000070d100000, 0x000000070d200000, 0x000000070d200000|100%| S|CS|TAMS 0x000000070d100000, 0x000000070d100000| Complete 
| 182|0x000000070d200000, 0x000000070d200000, 0x000000070d300000|  0%| F|  |TAMS 0x000000070d200000, 0x000000070d200000| Untracked 
| 183|0x000000070d300000, 0x000000070d300000, 0x000000070d400000|  0%| F|  |TAMS 0x000000070d300000, 0x000000070d300000| Untracked 
| 184|0x000000070d400000, 0x000000070d400000, 0x000000070d500000|  0%| F|  |TAMS 0x000000070d400000, 0x000000070d400000| Untracked 
| 185|0x000000070d500000, 0x000000070d500000, 0x000000070d600000|  0%| F|  |TAMS 0x000000070d500000, 0x000000070d500000| Untracked 
| 186|0x000000070d600000, 0x000000070d600000, 0x000000070d700000|  0%| F|  |TAMS 0x000000070d600000, 0x000000070d600000| Untracked 
| 187|0x000000070d700000, 0x000000070d700000, 0x000000070d800000|  0%| F|  |TAMS 0x000000070d700000, 0x000000070d700000| Untracked 
| 188|0x000000070d800000, 0x000000070d800000, 0x000000070d900000|  0%| F|  |TAMS 0x000000070d800000, 0x000000070d800000| Untracked 
| 189|0x000000070d900000, 0x000000070d900000, 0x000000070da00000|  0%| F|  |TAMS 0x000000070d900000, 0x000000070d900000| Untracked 
| 190|0x000000070da00000, 0x000000070da00000, 0x000000070db00000|  0%| F|  |TAMS 0x000000070da00000, 0x000000070da00000| Untracked 
| 191|0x000000070db00000, 0x000000070db00000, 0x000000070dc00000|  0%| F|  |TAMS 0x000000070db00000, 0x000000070db00000| Untracked 
| 192|0x000000070dc00000, 0x000000070dc00000, 0x000000070dd00000|  0%| F|  |TAMS 0x000000070dc00000, 0x000000070dc00000| Untracked 
| 193|0x000000070dd00000, 0x000000070dd00000, 0x000000070de00000|  0%| F|  |TAMS 0x000000070dd00000, 0x000000070dd00000| Untracked 
| 194|0x000000070de00000, 0x000000070de00000, 0x000000070df00000|  0%| F|  |TAMS 0x000000070de00000, 0x000000070de00000| Untracked 
| 195|0x000000070df00000, 0x000000070df00000, 0x000000070e000000|  0%| F|  |TAMS 0x000000070df00000, 0x000000070df00000| Untracked 
| 196|0x000000070e000000, 0x000000070e000000, 0x000000070e100000|  0%| F|  |TAMS 0x000000070e000000, 0x000000070e000000| Untracked 
| 197|0x000000070e100000, 0x000000070e100000, 0x000000070e200000|  0%| F|  |TAMS 0x000000070e100000, 0x000000070e100000| Untracked 
| 198|0x000000070e200000, 0x000000070e200000, 0x000000070e300000|  0%| F|  |TAMS 0x000000070e200000, 0x000000070e200000| Untracked 
| 199|0x000000070e300000, 0x000000070e300000, 0x000000070e400000|  0%| F|  |TAMS 0x000000070e300000, 0x000000070e300000| Untracked 
| 200|0x000000070e400000, 0x000000070e400000, 0x000000070e500000|  0%| F|  |TAMS 0x000000070e400000, 0x000000070e400000| Untracked 
| 201|0x000000070e500000, 0x000000070e500000, 0x000000070e600000|  0%| F|  |TAMS 0x000000070e500000, 0x000000070e500000| Untracked 
| 202|0x000000070e600000, 0x000000070e600000, 0x000000070e700000|  0%| F|  |TAMS 0x000000070e600000, 0x000000070e600000| Untracked 
| 203|0x000000070e700000, 0x000000070e700000, 0x000000070e800000|  0%| F|  |TAMS 0x000000070e700000, 0x000000070e700000| Untracked 
| 204|0x000000070e800000, 0x000000070e800000, 0x000000070e900000|  0%| F|  |TAMS 0x000000070e800000, 0x000000070e800000| Untracked 
| 205|0x000000070e900000, 0x000000070e900000, 0x000000070ea00000|  0%| F|  |TAMS 0x000000070e900000, 0x000000070e900000| Untracked 
| 206|0x000000070ea00000, 0x000000070ea00000, 0x000000070eb00000|  0%| F|  |TAMS 0x000000070ea00000, 0x000000070ea00000| Untracked 
| 207|0x000000070eb00000, 0x000000070eb00000, 0x000000070ec00000|  0%| F|  |TAMS 0x000000070eb00000, 0x000000070eb00000| Untracked 
| 208|0x000000070ec00000, 0x000000070ec00000, 0x000000070ed00000|  0%| F|  |TAMS 0x000000070ec00000, 0x000000070ec00000| Untracked 
| 209|0x000000070ed00000, 0x000000070ed00000, 0x000000070ee00000|  0%| F|  |TAMS 0x000000070ed00000, 0x000000070ed00000| Untracked 
| 210|0x000000070ee00000, 0x000000070ee00000, 0x000000070ef00000|  0%| F|  |TAMS 0x000000070ee00000, 0x000000070ee00000| Untracked 
| 211|0x000000070ef00000, 0x000000070ef00000, 0x000000070f000000|  0%| F|  |TAMS 0x000000070ef00000, 0x000000070ef00000| Untracked 
| 212|0x000000070f000000, 0x000000070f000000, 0x000000070f100000|  0%| F|  |TAMS 0x000000070f000000, 0x000000070f000000| Untracked 
| 213|0x000000070f100000, 0x000000070f100000, 0x000000070f200000|  0%| F|  |TAMS 0x000000070f100000, 0x000000070f100000| Untracked 
| 214|0x000000070f200000, 0x000000070f200000, 0x000000070f300000|  0%| F|  |TAMS 0x000000070f200000, 0x000000070f200000| Untracked 
| 215|0x000000070f300000, 0x000000070f300000, 0x000000070f400000|  0%| F|  |TAMS 0x000000070f300000, 0x000000070f300000| Untracked 
| 216|0x000000070f400000, 0x000000070f400000, 0x000000070f500000|  0%| F|  |TAMS 0x000000070f400000, 0x000000070f400000| Untracked 
| 217|0x000000070f500000, 0x000000070f500000, 0x000000070f600000|  0%| F|  |TAMS 0x000000070f500000, 0x000000070f500000| Untracked 
| 218|0x000000070f600000, 0x000000070f600000, 0x000000070f700000|  0%| F|  |TAMS 0x000000070f600000, 0x000000070f600000| Untracked 
| 219|0x000000070f700000, 0x000000070f700000, 0x000000070f800000|  0%| F|  |TAMS 0x000000070f700000, 0x000000070f700000| Untracked 
| 220|0x000000070f800000, 0x000000070f800000, 0x000000070f900000|  0%| F|  |TAMS 0x000000070f800000, 0x000000070f800000| Untracked 
| 221|0x000000070f900000, 0x000000070f900000, 0x000000070fa00000|  0%| F|  |TAMS 0x000000070f900000, 0x000000070f900000| Untracked 
| 222|0x000000070fa00000, 0x000000070fa00000, 0x000000070fb00000|  0%| F|  |TAMS 0x000000070fa00000, 0x000000070fa00000| Untracked 
| 223|0x000000070fb00000, 0x000000070fb00000, 0x000000070fc00000|  0%| F|  |TAMS 0x000000070fb00000, 0x000000070fb00000| Untracked 
| 224|0x000000070fc00000, 0x000000070fc00000, 0x000000070fd00000|  0%| F|  |TAMS 0x000000070fc00000, 0x000000070fc00000| Untracked 
| 225|0x000000070fd00000, 0x000000070fd00000, 0x000000070fe00000|  0%| F|  |TAMS 0x000000070fd00000, 0x000000070fd00000| Untracked 
| 226|0x000000070fe00000, 0x000000070fe00000, 0x000000070ff00000|  0%| F|  |TAMS 0x000000070fe00000, 0x000000070fe00000| Untracked 
| 227|0x000000070ff00000, 0x000000070ff00000, 0x0000000710000000|  0%| F|  |TAMS 0x000000070ff00000, 0x000000070ff00000| Untracked 
| 228|0x0000000710000000, 0x0000000710000000, 0x0000000710100000|  0%| F|  |TAMS 0x0000000710000000, 0x0000000710000000| Untracked 
| 229|0x0000000710100000, 0x0000000710100000, 0x0000000710200000|  0%| F|  |TAMS 0x0000000710100000, 0x0000000710100000| Untracked 
| 230|0x0000000710200000, 0x0000000710200000, 0x0000000710300000|  0%| F|  |TAMS 0x0000000710200000, 0x0000000710200000| Untracked 
| 231|0x0000000710300000, 0x0000000710300000, 0x0000000710400000|  0%| F|  |TAMS 0x0000000710300000, 0x0000000710300000| Untracked 
| 232|0x0000000710400000, 0x0000000710400000, 0x0000000710500000|  0%| F|  |TAMS 0x0000000710400000, 0x0000000710400000| Untracked 
| 233|0x0000000710500000, 0x0000000710500000, 0x0000000710600000|  0%| F|  |TAMS 0x0000000710500000, 0x0000000710500000| Untracked 
| 234|0x0000000710600000, 0x0000000710600000, 0x0000000710700000|  0%| F|  |TAMS 0x0000000710600000, 0x0000000710600000| Untracked 
| 235|0x0000000710700000, 0x0000000710700000, 0x0000000710800000|  0%| F|  |TAMS 0x0000000710700000, 0x0000000710700000| Untracked 
| 236|0x0000000710800000, 0x0000000710800000, 0x0000000710900000|  0%| F|  |TAMS 0x0000000710800000, 0x0000000710800000| Untracked 
| 237|0x0000000710900000, 0x0000000710900000, 0x0000000710a00000|  0%| F|  |TAMS 0x0000000710900000, 0x0000000710900000| Untracked 
| 238|0x0000000710a00000, 0x0000000710a00000, 0x0000000710b00000|  0%| F|  |TAMS 0x0000000710a00000, 0x0000000710a00000| Untracked 
| 239|0x0000000710b00000, 0x0000000710b00000, 0x0000000710c00000|  0%| F|  |TAMS 0x0000000710b00000, 0x0000000710b00000| Untracked 
| 240|0x0000000710c00000, 0x0000000710c00000, 0x0000000710d00000|  0%| F|  |TAMS 0x0000000710c00000, 0x0000000710c00000| Untracked 
| 241|0x0000000710d00000, 0x0000000710d00000, 0x0000000710e00000|  0%| F|  |TAMS 0x0000000710d00000, 0x0000000710d00000| Untracked 
| 242|0x0000000710e00000, 0x0000000710e00000, 0x0000000710f00000|  0%| F|  |TAMS 0x0000000710e00000, 0x0000000710e00000| Untracked 
| 243|0x0000000710f00000, 0x0000000710f00000, 0x0000000711000000|  0%| F|  |TAMS 0x0000000710f00000, 0x0000000710f00000| Untracked 
| 244|0x0000000711000000, 0x0000000711000000, 0x0000000711100000|  0%| F|  |TAMS 0x0000000711000000, 0x0000000711000000| Untracked 
| 245|0x0000000711100000, 0x0000000711100000, 0x0000000711200000|  0%| F|  |TAMS 0x0000000711100000, 0x0000000711100000| Untracked 
| 246|0x0000000711200000, 0x0000000711200000, 0x0000000711300000|  0%| F|  |TAMS 0x0000000711200000, 0x0000000711200000| Untracked 
| 247|0x0000000711300000, 0x0000000711300000, 0x0000000711400000|  0%| F|  |TAMS 0x0000000711300000, 0x0000000711300000| Untracked 
| 248|0x0000000711400000, 0x0000000711400000, 0x0000000711500000|  0%| F|  |TAMS 0x0000000711400000, 0x0000000711400000| Untracked 
| 249|0x0000000711500000, 0x0000000711500000, 0x0000000711600000|  0%| F|  |TAMS 0x0000000711500000, 0x0000000711500000| Untracked 
| 250|0x0000000711600000, 0x0000000711600000, 0x0000000711700000|  0%| F|  |TAMS 0x0000000711600000, 0x0000000711600000| Untracked 
| 251|0x0000000711700000, 0x0000000711700000, 0x0000000711800000|  0%| F|  |TAMS 0x0000000711700000, 0x0000000711700000| Untracked 
| 252|0x0000000711800000, 0x0000000711900000, 0x0000000711900000|100%| E|  |TAMS 0x0000000711800000, 0x0000000711800000| Complete 
| 253|0x0000000711900000, 0x0000000711a00000, 0x0000000711a00000|100%| E|CS|TAMS 0x0000000711900000, 0x0000000711900000| Complete 
| 254|0x0000000711a00000, 0x0000000711b00000, 0x0000000711b00000|100%| E|CS|TAMS 0x0000000711a00000, 0x0000000711a00000| Complete 
| 255|0x0000000711b00000, 0x0000000711c00000, 0x0000000711c00000|100%| E|CS|TAMS 0x0000000711b00000, 0x0000000711b00000| Complete 

Card table byte_map: [0x000002811b610000,0x000002811be10000] _byte_map_base: 0x0000028117e02000

Marking Bits (Prev, Next): (CMBitMap*) 0x0000028103806e20, (CMBitMap*) 0x0000028103806de8
 Prev Bits: [0x00000281205a0000, 0x0000028124530000)
 Next Bits: [0x000002811c610000, 0x00000281205a0000)

Polling page: 0x0000028102f80000

Metaspace:

Usage:
  Non-class:     18.88 MB capacity,    18.57 MB ( 98%) used,   243.17 KB (  1%) free+waste,    68.38 KB ( <1%) overhead. 
      Class:      2.55 MB capacity,     2.31 MB ( 90%) used,   216.05 KB (  8%) free+waste,    34.63 KB (  1%) overhead. 
       Both:     21.43 MB capacity,    20.88 MB ( 97%) used,   459.23 KB (  2%) free+waste,   103.00 KB ( <1%) overhead. 

Virtual space:
  Non-class space:       20.00 MB reserved,      19.00 MB ( 95%) committed 
      Class space:        1.00 GB reserved,       2.63 MB ( <1%) committed 
             Both:        1.02 GB reserved,      21.63 MB (  2%) committed 

Chunk freelists:
   Non-Class:  0 bytes
       Class:  1.38 KB
        Both:  1.38 KB

CodeHeap 'non-profiled nmethods': size=120000Kb used=1495Kb max_used=1495Kb free=118504Kb
 bounds [0x00000281135a0000, 0x0000028113810000, 0x000002811aad0000]
CodeHeap 'profiled nmethods': size=120000Kb used=5859Kb max_used=5859Kb free=114140Kb
 bounds [0x000002810c070000, 0x000002810c630000, 0x00000281135a0000]
CodeHeap 'non-nmethods': size=5760Kb used=1288Kb max_used=1336Kb free=4471Kb
 bounds [0x000002810bad0000, 0x000002810bd40000, 0x000002810c070000]
 total_blobs=3909 nmethods=2670 adapters=595
 compilation: enabled
              stopped_count=0, restarted_count=0
 full_count=0

Compilation events (10 events):
Event: 34.919 Thread 0x00000281279ca800 2679       3       sun.awt.im.InputContext::dispatchEvent (173 bytes)
Event: 34.923 Thread 0x00000281279ca800 nmethod 2679 0x000002810c623d10 code [0x000002810c6240a0, 0x000002810c626530]
Event: 34.926 Thread 0x00000281279ca800 2680       3       java.awt.LightweightDispatcher::trackMouseEnterExit (111 bytes)
Event: 34.928 Thread 0x00000281279ca800 nmethod 2680 0x000002810c626b90 code [0x000002810c626e20, 0x000002810c627cd0]
Event: 34.936 Thread 0x00000281279ca800 2681       3       java.awt.Component::updateCursorImmediately (55 bytes)
Event: 34.937 Thread 0x00000281279ca800 nmethod 2681 0x000002810c628090 code [0x000002810c6282c0, 0x000002810c628c00]
Event: 34.996 Thread 0x00000281279c5800 2682       4       java.awt.Container::findComponentAtImpl (161 bytes)
Event: 35.039 Thread 0x00000281279c5800 nmethod 2682 0x0000028113713d10 code [0x0000028113713f20, 0x0000028113714ca8]
Event: 35.203 Thread 0x00000281279ca800 2683       3       javax.swing.DefaultButtonModel::isEnabled (16 bytes)
Event: 35.204 Thread 0x00000281279ca800 nmethod 2683 0x000002810c628d90 code [0x000002810c628f40, 0x000002810c6290f8]

GC Heap History (4 events):
Event: 15.242 GC heap before
{Heap before GC invocations=0 (full 0):
 garbage-first heap   total 262144K, used 40960K [0x0000000701c00000, 0x0000000800000000)
  region size 1024K, 24 young (24576K), 0 survivors (0K)
 Metaspace       used 17468K, capacity 17874K, committed 18048K, reserved 1064960K
  class space    used 1942K, capacity 2132K, committed 2176K, reserved 1048576K
}
Event: 15.254 GC heap after
{Heap after GC invocations=1 (full 0):
 garbage-first heap   total 262144K, used 20009K [0x0000000701c00000, 0x0000000800000000)
  region size 1024K, 3 young (3072K), 3 survivors (3072K)
 Metaspace       used 17468K, capacity 17874K, committed 18048K, reserved 1064960K
  class space    used 1942K, capacity 2132K, committed 2176K, reserved 1048576K
}
Event: 17.761 GC heap before
{Heap before GC invocations=1 (full 0):
 garbage-first heap   total 262144K, used 93737K [0x0000000701c00000, 0x0000000800000000)
  region size 1024K, 74 young (75776K), 3 survivors (3072K)
 Metaspace       used 20503K, capacity 21090K, committed 21248K, reserved 1069056K
  class space    used 2295K, capacity 2544K, committed 2560K, reserved 1048576K
}
Event: 17.786 GC heap after
{Heap after GC invocations=2 (full 0):
 garbage-first heap   total 262144K, used 26782K [0x0000000701c00000, 0x0000000800000000)
  region size 1024K, 16 young (16384K), 16 survivors (16384K)
 Metaspace       used 20503K, capacity 21090K, committed 21248K, reserved 1069056K
  class space    used 2295K, capacity 2544K, committed 2560K, reserved 1048576K
}

Deoptimization events (10 events):
Event: 18.670 Thread 0x000002812bbde800 Uncommon trap: reason=unstable_if action=reinterpret pc=0x00000281136c0ae0 method=com.sun.media.sound.SoftVoice.mixAudioStream(Lcom/sun/media/sound/SoftAudioBuffer;Lcom/sun/media/sound/SoftAudioBuffer;Lcom/sun/media/sound/SoftAudioBuffer;FF)V @ 278 c2
Event: 26.704 Thread 0x000002812bbde800 Uncommon trap: reason=unstable_if action=reinterpret pc=0x00000281136ee1ec method=com.sun.media.sound.SoftMainMixer.processAudioBuffers()V @ 1423 c2
Event: 26.704 Thread 0x000002812bbde800 Uncommon trap: reason=unstable_if action=reinterpret pc=0x00000281136e8364 method=com.sun.media.sound.SoftReverb.processAudio()V @ 9 c2
Event: 26.717 Thread 0x000002812bbde800 Uncommon trap: reason=unstable_if action=reinterpret pc=0x00000281136c4e9c method=com.sun.media.sound.SoftReverb.processAudio()V @ 851 c2
Event: 26.725 Thread 0x000002812bbde800 Uncommon trap: reason=unstable_if action=reinterpret pc=0x00000281136cbc94 method=com.sun.media.sound.SoftMainMixer.processAudioBuffers()V @ 1423 c2
Event: 28.765 Thread 0x000002812bbde800 Uncommon trap: reason=unstable_if action=reinterpret pc=0x0000028113702a64 method=com.sun.media.sound.SoftReverb.processAudio()V @ 892 c2
Event: 28.779 Thread 0x000002812bbde800 Uncommon trap: reason=unstable_if action=reinterpret pc=0x00000281136c849c method=com.sun.media.sound.SoftReverb.processAudio()V @ 851 c2
Event: 30.826 Thread 0x000002812bbde800 Uncommon trap: reason=unstable_if action=reinterpret pc=0x000002811371011c method=com.sun.media.sound.SoftReverb.processAudio()V @ 866 c2
Event: 30.833 Thread 0x000002812bbde800 Uncommon trap: reason=unstable_if action=reinterpret pc=0x000002811370a810 method=com.sun.media.sound.SoftMainMixer.processAudioBuffers()V @ 1922 c2
Event: 30.834 Thread 0x000002812bbde800 Uncommon trap: reason=unstable_if action=reinterpret pc=0x00000281136e5214 method=com.sun.media.sound.SoftLimiter.processAudio()V @ 7 c2

Classes redefined (0 events):
No events

Internal exceptions (10 events):
Event: 16.778 Thread 0x0000028129cfc800 Exception <a 'java/lang/NoSuchMethodError'{0x0000000710d6aac8}: java.lang.invoke.DirectMethodHandle$Holder.invokeSpecial(Ljava/lang/Object;Ljava/lang/Object;IILjava/lang/Object;ILjava/lang/Object;)Ljava/lang/Object;> (0x0000000710d6aac8) thrown at [t:/wor
Event: 16.778 Thread 0x0000028129cfc800 Exception <a 'java/lang/NoSuchMethodError'{0x0000000710d6e1f0}: java.lang.invoke.DelegatingMethodHandle$Holder.reinvoke_L(Ljava/lang/Object;IILjava/lang/Object;ILjava/lang/Object;)Ljava/lang/Object;> (0x0000000710d6e1f0) thrown at [t:/workspace/open/src/h
Event: 16.780 Thread 0x0000028129cfc800 Exception <a 'java/lang/NoSuchMethodError'{0x0000000710d7f3a0}: java.lang.invoke.DirectMethodHandle$Holder.invokeSpecial(Ljava/lang/Object;Ljava/lang/Object;Ljava/lang/Object;ILjava/lang/Object;)Ljava/lang/Object;> (0x0000000710d7f3a0) thrown at [t:/works
Event: 16.780 Thread 0x0000028129cfc800 Exception <a 'java/lang/NoSuchMethodError'{0x0000000710d82d38}: java.lang.invoke.Invokers$Holder.linkToTargetMethod(Ljava/lang/Object;ILjava/lang/Object;Ljava/lang/Object;)Ljava/lang/Object;> (0x0000000710d82d38) thrown at [t:/workspace/open/src/hotspot/s
Event: 17.660 Thread 0x000002812d3bd000 Exception <a 'java/lang/NoSuchMethodError'{0x000000070d56d0d0}: java.lang.invoke.DirectMethodHandle$Holder.invokeStatic(Ljava/lang/Object;Ljava/lang/Object;Ljava/lang/Object;Ljava/lang/Object;Ljava/lang/Object;Ljava/lang/Object;Ljava/lang/Object;Ljava/lan
Event: 17.667 Thread 0x000002812d3bd000 Exception <a 'java/lang/NoSuchMethodError'{0x000000070d420f68}: java.lang.invoke.Invokers$Holder.linkToTargetMethod(Ljava/lang/Object;IILjava/lang/Object;)Ljava/lang/Object;> (0x000000070d420f68) thrown at [t:/workspace/open/src/hotspot/share/interpreter/
Event: 17.730 Thread 0x0000028129cfc800 Exception <a 'java/lang/NoSuchMethodError'{0x000000070d2579d0}: java.lang.invoke.DirectMethodHandle$Holder.invokeSpecial(Ljava/lang/Object;Ljava/lang/Object;IILjava/lang/Object;Ljava/lang/Object;Ljava/lang/Object;Ljava/lang/Object;)Ljava/lang/Object;> (0x
Event: 17.731 Thread 0x0000028129cfc800 Exception <a 'java/lang/NoSuchMethodError'{0x000000070d25b3b0}: java.lang.invoke.DelegatingMethodHandle$Holder.reinvoke_L(Ljava/lang/Object;IILjava/lang/Object;Ljava/lang/Object;Ljava/lang/Object;Ljava/lang/Object;)Ljava/lang/Object;> (0x000000070d25b3b0)
Event: 17.735 Thread 0x0000028129cfc800 Exception <a 'java/lang/NoSuchMethodError'{0x000000070d28f3a8}: java.lang.invoke.DirectMethodHandle$Holder.invokeStatic(Ljava/lang/Object;Ljava/lang/Object;Ljava/lang/Object;Ljava/lang/Object;Ljava/lang/Object;Ljava/lang/Object;Ljava/lang/Object;Ljava/lan
Event: 17.739 Thread 0x0000028129cfc800 Exception <a 'java/lang/NoSuchMethodError'{0x000000070d2abf60}: java.lang.invoke.DirectMethodHandle$Holder.invokeStatic(Ljava/lang/Object;Ljava/lang/Object;Ljava/lang/Object;Ljava/lang/Object;Ljava/lang/Object;Ljava/lang/Object;Ljava/lang/Object;Ljava/lan

Events (10 events):
Event: 35.422 Executing VM operation: RevokeBias done
Event: 35.423 Thread 0x000002812d3be800 Thread added: 0x000002812d3be800
Event: 35.423 Thread 0x000002812d3c1000 Thread added: 0x000002812d3c1000
Event: 35.424 Thread 0x000002812d3be800 Thread exited: 0x000002812d3be800
Event: 35.471 Executing VM operation: RevokeBias
Event: 35.472 Executing VM operation: RevokeBias done
Event: 35.472 Thread 0x00000281280d8000 Thread exited: 0x00000281280d8000
Event: 35.526 Thread 0x000002812d3c1000 Thread exited: 0x000002812d3c1000
Event: 35.527 Thread 0x00000281270cd000 Thread exited: 0x00000281270cd000
Event: 35.527 Executing VM operation: Exit


Dynamic libraries:
0x00007ff776790000 - 0x00007ff7767d7000 	C:\Program Files\Java\jdk-11.0.2\bin\java.exe
0x00007ffa7a080000 - 0x00007ffa7a270000 	C:\WINDOWS\SYSTEM32\ntdll.dll
0x00007ffa78580000 - 0x00007ffa78632000 	C:\WINDOWS\System32\KERNEL32.DLL
0x00007ffa77190000 - 0x00007ffa77433000 	C:\WINDOWS\System32\KERNELBASE.dll
0x00007ffa78640000 - 0x00007ffa786e3000 	C:\WINDOWS\System32\ADVAPI32.dll
0x00007ffa784e0000 - 0x00007ffa7857e000 	C:\WINDOWS\System32\msvcrt.dll
0x00007ffa79960000 - 0x00007ffa799f7000 	C:\WINDOWS\System32\sechost.dll
0x00007ffa79e90000 - 0x00007ffa79fb0000 	C:\WINDOWS\System32\RPCRT4.dll
0x00007ffa797c0000 - 0x00007ffa79954000 	C:\WINDOWS\System32\USER32.dll
0x00007ffa778d0000 - 0x00007ffa778f1000 	C:\WINDOWS\System32\win32u.dll
0x00007ffa787d0000 - 0x00007ffa787f6000 	C:\WINDOWS\System32\GDI32.dll
0x00007ffa77540000 - 0x00007ffa776d4000 	C:\WINDOWS\System32\gdi32full.dll
0x00007ffa770f0000 - 0x00007ffa7718e000 	C:\WINDOWS\System32\msvcp_win.dll
0x00007ffa77440000 - 0x00007ffa7753a000 	C:\WINDOWS\System32\ucrtbase.dll
0x00007ffa654f0000 - 0x00007ffa65775000 	C:\WINDOWS\WinSxS\amd64_microsoft.windows.common-controls_6595b64144ccf1df_6.0.18362.592_none_e6c0b1911312be02\COMCTL32.dll
0x00007ffa78130000 - 0x00007ffa78466000 	C:\WINDOWS\System32\combase.dll
0x00007ffa703a0000 - 0x00007ffa703aa000 	C:\WINDOWS\SYSTEM32\VERSION.dll
0x00007ffa77070000 - 0x00007ffa770f0000 	C:\WINDOWS\System32\bcryptPrimitives.dll
0x00007ffa792a0000 - 0x00007ffa792ce000 	C:\WINDOWS\System32\IMM32.DLL
0x00007ffa6e470000 - 0x00007ffa6e486000 	C:\Program Files\Java\jdk-11.0.2\bin\vcruntime140.dll
0x00007ffa45f70000 - 0x00007ffa4601a000 	C:\Program Files\Java\jdk-11.0.2\bin\msvcp140.dll
0x00007ffa2f940000 - 0x00007ffa30467000 	C:\Program Files\Java\jdk-11.0.2\bin\server\jvm.dll
0x00007ffa79fb0000 - 0x00007ffa79fb8000 	C:\WINDOWS\System32\PSAPI.DLL
0x00007ffa6e220000 - 0x00007ffa6e229000 	C:\WINDOWS\SYSTEM32\WSOCK32.dll
0x00007ffa72c80000 - 0x00007ffa72ca4000 	C:\WINDOWS\SYSTEM32\WINMM.dll
0x00007ffa788b0000 - 0x00007ffa7891f000 	C:\WINDOWS\System32\WS2_32.dll
0x00007ffa72c50000 - 0x00007ffa72c7d000 	C:\WINDOWS\SYSTEM32\winmmbase.dll
0x00007ffa776e0000 - 0x00007ffa7772a000 	C:\WINDOWS\System32\cfgmgr32.dll
0x00007ffa76f80000 - 0x00007ffa76f91000 	C:\WINDOWS\System32\kernel.appcore.dll
0x00007ffa6b0b0000 - 0x00007ffa6b0c1000 	C:\Program Files\Java\jdk-11.0.2\bin\verify.dll
0x00007ffa617d0000 - 0x00007ffa619c4000 	C:\WINDOWS\SYSTEM32\DBGHELP.DLL
0x00007ffa615a0000 - 0x00007ffa615ca000 	C:\WINDOWS\SYSTEM32\dbgcore.DLL
0x00007ffa6a340000 - 0x00007ffa6a369000 	C:\Program Files\Java\jdk-11.0.2\bin\java.dll
0x00007ffa68c70000 - 0x00007ffa68c86000 	C:\Program Files\Java\jdk-11.0.2\bin\zip.dll
0x00007ffa6b210000 - 0x00007ffa6b21a000 	C:\Program Files\Java\jdk-11.0.2\bin\jimage.dll
0x00007ffa78b30000 - 0x00007ffa79215000 	C:\WINDOWS\System32\SHELL32.dll
0x00007ffa794e0000 - 0x00007ffa79589000 	C:\WINDOWS\System32\shcore.dll
0x00007ffa77900000 - 0x00007ffa7807f000 	C:\WINDOWS\System32\windows.storage.dll
0x00007ffa76ff0000 - 0x00007ffa7700f000 	C:\WINDOWS\System32\profapi.dll
0x00007ffa76fa0000 - 0x00007ffa76fea000 	C:\WINDOWS\System32\powrprof.dll
0x00007ffa76f50000 - 0x00007ffa76f60000 	C:\WINDOWS\System32\UMPDC.dll
0x00007ffa79480000 - 0x00007ffa794d2000 	C:\WINDOWS\System32\shlwapi.dll
0x00007ffa778b0000 - 0x00007ffa778c7000 	C:\WINDOWS\System32\cryptsp.dll
0x00007ffa42b10000 - 0x00007ffa42caf000 	C:\Program Files\Java\jdk-11.0.2\bin\awt.dll
0x00007ffa78920000 - 0x00007ffa789e4000 	C:\WINDOWS\System32\OLEAUT32.dll
0x00007ffa73c90000 - 0x00007ffa74250000 	C:\WINDOWS\SYSTEM32\d2d1.dll
0x00007ffa75110000 - 0x00007ffa7519f000 	C:\WINDOWS\SYSTEM32\apphelp.dll
0x00007ffa75630000 - 0x00007ffa7565d000 	C:\WINDOWS\system32\DWMAPI.DLL
0x00007ffa75210000 - 0x00007ffa752a9000 	C:\WINDOWS\system32\uxtheme.dll
0x00007ffa55110000 - 0x00007ffa55266000 	C:\WINDOWS\system32\opengl32.dll
0x00007ffa65a20000 - 0x00007ffa65a4c000 	C:\WINDOWS\SYSTEM32\GLU32.dll
0x00007ffa75bc0000 - 0x00007ffa75be0000 	C:\WINDOWS\SYSTEM32\dxcore.dll
0x00007ffa789f0000 - 0x00007ffa78b25000 	C:\WINDOWS\System32\MSCTF.dll
0x00007ffa39b40000 - 0x00007ffa39c24000 	C:\Program Files (x86)\Razer\Razer Cortex\x64\k_fps64.dll
0x00007ffa400a0000 - 0x00007ffa40150000 	C:\Program Files\Nahimic\Nahimic2\UserInterface\x64\Nahimic2DevProps.dll
0x00007ffa79590000 - 0x00007ffa796e6000 	C:\WINDOWS\System32\ole32.dll
0x00007ffa71db0000 - 0x00007ffa71e13000 	C:\Program Files\Nahimic\Nahimic2\UserInterface\x64\Nahimic2OSD.dll
0x00007ffa78800000 - 0x00007ffa788a2000 	C:\WINDOWS\System32\clbcatq.dll
0x00007ffa71320000 - 0x00007ffa71392000 	C:\WINDOWS\System32\MMDevApi.dll
0x00007ffa76d50000 - 0x00007ffa76d7a000 	C:\WINDOWS\System32\DEVOBJ.dll
0x00007ffa70c50000 - 0x00007ffa70dad000 	C:\WINDOWS\SYSTEM32\AUDIOSES.DLL
0x00007ffa72da0000 - 0x00007ffa72ef3000 	C:\WINDOWS\SYSTEM32\wintypes.dll
0x00007ffa737e0000 - 0x00007ffa738cf000 	C:\WINDOWS\SYSTEM32\PropSys.dll
0x00007ffa6b050000 - 0x00007ffa6b062000 	C:\Program Files\Java\jdk-11.0.2\bin\jsound.dll
0x00007ffa640d0000 - 0x00007ffa64169000 	C:\WINDOWS\SYSTEM32\DSOUND.dll
0x00007ffa68c50000 - 0x00007ffa68c69000 	C:\Program Files\Java\jdk-11.0.2\bin\net.dll
0x00007ffa68310000 - 0x00007ffa68400000 	C:\WINDOWS\SYSTEM32\WINHTTP.dll
0x00007ffa69b80000 - 0x00007ffa69d56000 	C:\WINDOWS\SYSTEM32\urlmon.dll
0x00007ffa6a050000 - 0x00007ffa6a2f6000 	C:\WINDOWS\SYSTEM32\iertutil.dll
0x00007ffa76990000 - 0x00007ffa7699c000 	C:\WINDOWS\SYSTEM32\CRYPTBASE.DLL
0x00007ffa767c0000 - 0x00007ffa76827000 	C:\WINDOWS\system32\mswsock.dll
0x00007ffa68690000 - 0x00007ffa686a3000 	C:\Program Files\Java\jdk-11.0.2\bin\nio.dll
0x00007ffa700b0000 - 0x00007ffa700f4000 	C:\WINDOWS\SYSTEM32\wdmaud.drv
0x00007ffa71a50000 - 0x00007ffa71a59000 	C:\WINDOWS\SYSTEM32\ksuser.dll
0x00007ffa71770000 - 0x00007ffa7177a000 	C:\WINDOWS\SYSTEM32\AVRT.dll
0x00007ffa73c40000 - 0x00007ffa73c4d000 	C:\WINDOWS\SYSTEM32\msacm32.drv
0x00007ffa72000000 - 0x00007ffa7201c000 	C:\WINDOWS\SYSTEM32\MSACM32.dll
0x00007ffa71fc0000 - 0x00007ffa71fca000 	C:\WINDOWS\SYSTEM32\midimap.dll
0x00007ffa6d180000 - 0x00007ffa6d2d1000 	C:\Windows\System32\Windows.UI.dll
0x00007ffa6bac0000 - 0x00007ffa6bb5e000 	C:\Windows\System32\TextInputFramework.dll
0x00007ffa6b9a0000 - 0x00007ffa6baba000 	C:\Windows\System32\InputHost.dll
0x00007ffa70db0000 - 0x00007ffa710da000 	C:\Windows\System32\CoreUIComponents.dll
0x00007ffa74eb0000 - 0x00007ffa74f84000 	C:\Windows\System32\CoreMessaging.dll
0x00007ffa75fb0000 - 0x00007ffa75fe1000 	C:\WINDOWS\SYSTEM32\ntmarta.dll
0x00007ffa415d0000 - 0x00007ffa41650000 	C:\Program Files\Java\jdk-11.0.2\bin\freetype.dll
0x00007ffa4e510000 - 0x00007ffa4e57f000 	C:\Program Files\Java\jdk-11.0.2\bin\fontmanager.dll
0x00007ffa70a50000 - 0x00007ffa70bff000 	C:\WINDOWS\SYSTEM32\WindowsCodecs.dll
0x00007ffa64df0000 - 0x00007ffa64e2a000 	C:\WINDOWS\system32\dataexchange.dll
0x00007ffa746b0000 - 0x00007ffa7490b000 	C:\WINDOWS\system32\d3d11.dll
0x00007ffa74910000 - 0x00007ffa74aeb000 	C:\WINDOWS\system32\dcomp.dll
0x00007ffa75c50000 - 0x00007ffa75d3b000 	C:\WINDOWS\system32\dxgi.dll
0x00007ffa752e0000 - 0x00007ffa7553a000 	C:\WINDOWS\system32\twinapi.appcore.dll
0x00007ffa75740000 - 0x00007ffa75769000 	C:\WINDOWS\system32\RMCLIENT.dll
0x00007ffa6fa30000 - 0x00007ffa6fa39000 	C:\Program Files\Java\jdk-11.0.2\bin\prefs.dll
0x00007ffa75540000 - 0x00007ffa75554000 	C:\WINDOWS\SYSTEM32\resourcepolicyclient.dll

dbghelp: loaded successfully - version: 4.0.5 - missing functions: none
symbol engine: initialized successfully - sym options: 0x614 - pdb path: .;C:\Program Files\Java\jdk-11.0.2\bin;C:\WINDOWS\SYSTEM32;C:\WINDOWS\WinSxS\amd64_microsoft.windows.common-controls_6595b64144ccf1df_6.0.18362.592_none_e6c0b1911312be02;C:\Program Files\Java\jdk-11.0.2\bin\server;C:\Program Files (x86)\Razer\Razer Cortex\x64;C:\Program Files\Nahimic\Nahimic2\UserInterface\x64

VM Arguments:
jvm_args: -Dfile.encoding=UTF-8 
java_command: controleur.Lamifa
java_class_path (initial): C:\Users\Tom_g\Desktop\logiciel_musique-c8302cb45aba4feae34a6a35c04fcbcf70c4c2d5\LAMIFA\build\classes
Launcher Type: SUN_STANDARD

[Global flags]
     intx CICompilerCount                          = 4                                         {product} {ergonomic}
     uint ConcGCThreads                            = 2                                         {product} {ergonomic}
     uint G1ConcRefinementThreads                  = 8                                         {product} {ergonomic}
   size_t G1HeapRegionSize                         = 1048576                                   {product} {ergonomic}
    uintx GCDrainStackTargetSize                   = 64                                        {product} {ergonomic}
   size_t InitialHeapSize                          = 268435456                                 {product} {ergonomic}
   size_t MarkStackSize                            = 4194304                                   {product} {ergonomic}
   size_t MaxHeapSize                              = 4265607168                                {product} {ergonomic}
   size_t MaxNewSize                               = 2558525440                                {product} {ergonomic}
   size_t MinHeapDeltaBytes                        = 1048576                                   {product} {ergonomic}
    uintx NonNMethodCodeHeapSize                   = 5835340                                {pd product} {ergonomic}
    uintx NonProfiledCodeHeapSize                  = 122911450                              {pd product} {ergonomic}
    uintx ProfiledCodeHeapSize                     = 122911450                              {pd product} {ergonomic}
    uintx ReservedCodeCacheSize                    = 251658240                              {pd product} {ergonomic}
     bool SegmentedCodeCache                       = true                                      {product} {ergonomic}
     bool UseCompressedClassPointers               = true                                 {lp64_product} {ergonomic}
     bool UseCompressedOops                        = true                                 {lp64_product} {ergonomic}
     bool UseG1GC                                  = true                                      {product} {ergonomic}
     bool UseLargePagesIndividualAllocation        = false                                  {pd product} {ergonomic}

Logging:
Log output configuration:
 #0: stdout all=warning uptime,level,tags
 #1: stderr all=off uptime,level,tags

Environment Variables:
PATH=C:\Program Files (x86)\Common Files\Intel\Shared Libraries\redist\intel64\compiler;C:\Program Files (x86)\Common Files\Oracle\Java\javapath;C:\Program Files (x86)\Intel\iCLS Client\;C:\Program Files\Intel\iCLS Client\;C:\Windows\system32;C:\Windows;C:\Windows\System32\Wbem;C:\Windows\System32\WindowsPowerShell\v1.0\;C:\Program Files (x86)\Intel\Intel(R) Management Engine Components\DAL;C:\Program Files\Intel\Intel(R) Management Engine Components\DAL;C:\Program Files (x86)\Intel\Intel(R) Management Engine Components\IPT;C:\Program Files\Intel\Intel(R) Management Engine Components\IPT;C:\Program Files (x86)\NVIDIA Corporation\PhysX\Common;C:\WINDOWS\system32;C:\WINDOWS;C:\WINDOWS\System32\Wbem;C:\WINDOWS\System32\WindowsPowerShell\v1.0\;C:\WINDOWS\System32\OpenSSH\;C:\Program Files\NVIDIA Corporation\NVIDIA NvDLISR;C:\WINDOWS\system32;C:\WINDOWS;C:\WINDOWS\System32\Wbem;C:\WINDOWS\System32\WindowsPowerShell\v1.0\;C:\WINDOWS\System32\OpenSSH\;E:\bin;E:\Git\cmd;C:\ProgramData\chocolatey\bin;C:\tools\php73;C:\ProgramData\ComposerSetup\bin;C:\Users\Tom_g\AppData\Local\Microsoft\WindowsApps;C:\Users\Tom_g\AppData\Roaming\Composer\vendor\bin;E:\Microsoft VS Code\bin
USERNAME=Tom_g
OS=Windows_NT
PROCESSOR_IDENTIFIER=Intel64 Family 6 Model 158 Stepping 9, GenuineIntel



---------------  S Y S T E M  ---------------

OS: Windows 10 , 64 bit Build 18362 (10.0.18362.329)

CPU:total 8 (initial active 8) (4 cores per cpu, 2 threads per core) family 6 model 158 stepping 9, cmov, cx8, fxsr, mmx, sse, sse2, sse3, ssse3, sse4.1, sse4.2, popcnt, avx, avx2, aes, clmul, erms, 3dnowpref, lzcnt, ht, tsc, tscinvbit, bmi1, bmi2, adx, fma

Memory: 4k page, system-wide physical 16271M (9925M free)
TotalPageFile size 18703M (AvailPageFile size 10586M)
current process WorkingSet (physical memory assigned to process): 204M, peak: 246M
current process commit charge ("private bytes"): 393M, peak: 432M

vm_info: Java HotSpot(TM) 64-Bit Server VM (11.0.2+9-LTS) for windows-amd64 JRE (11.0.2+9-LTS), built on Jan 18 2019 05:24:10 by "mach5one" with MS VC++ 15.5 (VS2017)

END.
