#
# A fatal error has been detected by the Java Runtime Environment:
#
#  Internal Error (0xc000000d), pid=9064, tid=19472
#
# JRE version: Java(TM) SE Runtime Environment (11.0.2+9) (build 11.0.2+9-LTS)
# Java VM: Java HotSpot(TM) 64-Bit Server VM (11.0.2+9-LTS, mixed mode, tiered, compressed oops, g1 gc, windows-amd64)
# Problematic frame:
# C  [ntdll.dll+0x10f260]
#
# No core dump will be written. Minidumps are not enabled by default on client versions of Windows
#
# If you would like to submit a bug report, please visit:
#   http://bugreport.java.com/bugreport/crash.jsp
#

---------------  S U M M A R Y ------------

Command Line: -Dfile.encoding=UTF-8 controleur.Lamifa

Host: Intel(R) Core(TM) i7-7700HQ CPU @ 2.80GHz, 8 cores, 15G,  Windows 10 , 64 bit Build 18362 (10.0.18362.329)
Time: Sun Mar  8 20:43:54 2020 Paris, Madrid elapsed time: 63 seconds (0d 0h 1m 3s)

---------------  T H R E A D  ---------------

Current thread (0x0000022be96cd800):  VMThread "VM Thread" [stack: 0x0000009a60d00000,0x0000009a60e00000] [id=19472]

Stack: [0x0000009a60d00000,0x0000009a60e00000],  sp=0x0000009a60dfea40,  free space=1018k
Native frames: (J=compiled Java code, j=interpreted, Vv=VM code, C=native code)
C  [ntdll.dll+0x10f260]
C  [ntdll.dll+0xb116f]
C  [KERNEL32.DLL+0x1ee9a]
C  [Nahimic2DevProps.dll+0x47561]


siginfo: EXCEPTION_?? (0xc000000d)


Register to memory mapping:

RIP=0x00007ffb58fcf260 ntdll.dll
RAX=0x01440001007cecc0 is an unknown value
RBX=0xfffffffffffffffe is an unknown value
RCX=0x0000011a317e0000 is an unknown value
RDX=0x0000022bcd9c0a90 is at begin+185 in a stub
StubRoutines::call_stub [0x0000022bcd9c09d7, 0x0000022bcd9c0b44[ (365 bytes)
RSP=0x0000009a60dfea40 points into unknown readable memory: 57 00 00 00 9a 00 00 00
RBP=0x00007ffb1cc0f1bc Nahimic2DevProps.dll
RSI=0x0 is NULL
RDI=0x0000000000000878 is an unknown value
R8 =0x0000000002000002 is an unknown value
R9 =0x0 is NULL
R10=0x0 is NULL
R11=0x0000022bec30d2f0 points into unknown readable memory: 00 00 00 00 00 00 00 00
R12=0x0000022be95bbb70 points into unknown readable memory: 48 5a c2 1c fb 7f 00 00
R13=0x0000009a62cfb370 is pointing into the stack for thread: 0x0000022bec4e5800
R14=0x0000022be95bbc78 points into unknown readable memory: 78 08 00 00 00 00 00 00
R15=0x0000009a60dfebb8 points into unknown readable memory: 81 ec df 60 9a 00 00 00


Registers:
RAX=0x01440001007cecc0, RBX=0xfffffffffffffffe, RCX=0x0000011a317e0000, RDX=0x0000022bcd9c0a90
RSP=0x0000009a60dfea40, RBP=0x00007ffb1cc0f1bc, RSI=0x0000000000000000, RDI=0x0000000000000878
R8 =0x0000000002000002, R9 =0x0000000000000000, R10=0x0000000000000000, R11=0x0000022bec30d2f0
R12=0x0000022be95bbb70, R13=0x0000009a62cfb370, R14=0x0000022be95bbc78, R15=0x0000009a60dfebb8
RIP=0x00007ffb58fcf260, EFLAGS=0x0000000000000202

Top of Stack: (sp=0x0000009a60dfea40)
0x0000009a60dfea40:   0000009a00000057 fffffffffffffffe
0x0000009a60dfea50:   0000000000000000 0000009a60dfeb01
0x0000009a60dfea60:   00000000c000000d 0000000000000000
0x0000009a60dfea70:   00007ffb58fcf260 0000000000000000
0x0000009a60dfea80:   0000000000000000 0000000000000000
0x0000009a60dfea90:   0000000000000000 0000000000000000
0x0000009a60dfeaa0:   0000000000000000 0000000000000000
0x0000009a60dfeab0:   0000000000000000 0000000000000000
0x0000009a60dfeac0:   0000000000000000 0000000000000000
0x0000009a60dfead0:   0000000000000000 0000000000000000
0x0000009a60dfeae0:   0000000000000000 0000000000000000
0x0000009a60dfeaf0:   0000000000000000 00007ffb58ec00d8
0x0000009a60dfeb00:   000053632f66dd71 0000009a60dfeb90
0x0000009a60dfeb10:   0000022bc3ce2f01 00007ffb58f7116f
0x0000009a60dfeb20:   0000000000000001 0000009a62cfb370
0x0000009a60dfeb30:   0000022beb142bf0 0000009a60dfeba0 

Instructions: (pc=0x00007ffb58fcf260)
0x00007ffb58fcf240:   3d f9 ff c7 44 24 20 0d 00 00 c0 b9 57 00 00 00
0x00007ffb58fcf250:   e8 3b 43 f4 ff 90 48 8d 4c 24 20 e8 90 ac f5 ff
0x00007ffb58fcf260:   eb 00 48 8b 8c 24 c0 00 00 00 48 33 cc e8 3e cf
0x00007ffb58fcf270:   f7 ff 48 81 c4 d8 00 00 00 c3 40 55 48 83 ec 20 


Stack slot to memory mapping:
stack at sp + 0 slots: 0x0000009a00000057 is an unknown value
stack at sp + 1 slots: 0xfffffffffffffffe is an unknown value
stack at sp + 2 slots: 0x0 is NULL
stack at sp + 3 slots: 0x0000009a60dfeb01 points into unknown readable memory: dd 66 2f 63 53 00 00
stack at sp + 4 slots: 0x00000000c000000d is an unknown value
stack at sp + 5 slots: 0x0 is NULL
stack at sp + 6 slots: 0x00007ffb58fcf260 ntdll.dll
stack at sp + 7 slots: 0x0 is NULL

VM_Operation (0x0000009a62cfb370): Exit, mode: safepoint, requested by thread 0x0000022bec4e5800


---------------  P R O C E S S  ---------------

Threads class SMR info:
_java_thread_list=0x0000022bec6f8d90, length=19, elements={
0x0000022be96cf800, 0x0000022be96d9000, 0x0000022be96e9000, 0x0000022be9fe4800,
0x0000022be9fe6800, 0x0000022be9fec000, 0x0000022be9fa1800, 0x0000022bea144000,
0x0000022bea14b000, 0x0000022bea646800, 0x0000022bec1dd800, 0x0000022bec1d8800,
0x0000022bea7d1800, 0x0000022bec53e800, 0x0000022bec4e5800, 0x0000022bc3e85800,
0x0000022bec543800, 0x0000022beff29800, 0x0000022beed13800
}

Java Threads: ( => current thread )
  0x0000022be96cf800 JavaThread "Reference Handler" daemon [_thread_blocked, id=34216, stack(0x0000009a60e00000,0x0000009a60f00000)]
  0x0000022be96d9000 JavaThread "Finalizer" daemon [_thread_blocked, id=23696, stack(0x0000009a60f00000,0x0000009a61000000)]
  0x0000022be96e9000 JavaThread "Signal Dispatcher" daemon [_thread_blocked, id=34088, stack(0x0000009a61000000,0x0000009a61100000)]
  0x0000022be9fe4800 JavaThread "Attach Listener" daemon [_thread_blocked, id=31976, stack(0x0000009a61100000,0x0000009a61200000)]
  0x0000022be9fe6800 JavaThread "C2 CompilerThread0" daemon [_thread_blocked, id=30692, stack(0x0000009a61200000,0x0000009a61300000)]
  0x0000022be9fec000 JavaThread "C1 CompilerThread0" daemon [_thread_blocked, id=26660, stack(0x0000009a61300000,0x0000009a61400000)]
  0x0000022be9fa1800 JavaThread "Sweeper thread" daemon [_thread_blocked, id=34648, stack(0x0000009a61400000,0x0000009a61500000)]
  0x0000022bea144000 JavaThread "Service Thread" daemon [_thread_blocked, id=22112, stack(0x0000009a61500000,0x0000009a61600000)]
  0x0000022bea14b000 JavaThread "Common-Cleaner" daemon [_thread_blocked, id=15532, stack(0x0000009a61700000,0x0000009a61800000)]
  0x0000022bea646800 JavaThread "Java2D Disposer" daemon [_thread_blocked, id=30116, stack(0x0000009a61800000,0x0000009a61900000)]
  0x0000022bec1dd800 JavaThread "Timer-0" daemon [_thread_blocked, id=15716, stack(0x0000009a61e00000,0x0000009a61f00000)]
  0x0000022bec1d8800 JavaThread "oracle.jdbc.driver.BlockSource.ThreadedCachingBlockSource.BlockReleaser" daemon [_thread_blocked, id=28560, stack(0x0000009a61f00000,0x0000009a62000000)]
  0x0000022bea7d1800 JavaThread "InterruptTimer" daemon [_thread_blocked, id=32504, stack(0x0000009a61d00000,0x0000009a61e00000)]
  0x0000022bec53e800 JavaThread "AWT-Shutdown" [_thread_blocked, id=25504, stack(0x0000009a62b00000,0x0000009a62c00000)]
  0x0000022bec4e5800 JavaThread "AWT-EventQueue-0" [_thread_blocked, id=10440, stack(0x0000009a62c00000,0x0000009a62d00000)]
  0x0000022bc3e85800 JavaThread "DestroyJavaVM" [_thread_blocked, id=10808, stack(0x0000009a60700000,0x0000009a60800000)]
  0x0000022bec543800 JavaThread "TimerQueue" daemon [_thread_blocked, id=18476, stack(0x0000009a62800000,0x0000009a62900000)]
  0x0000022beff29800 JavaThread "Image Fetcher 0" daemon [_thread_blocked, id=24572, stack(0x0000009a62900000,0x0000009a62a00000)]
  0x0000022beed13800 JavaThread "C2 CompilerThread1" daemon [_thread_blocked, id=3600, stack(0x0000009a62e00000,0x0000009a62f00000)]

Other Threads:
=>0x0000022be96cd800 VMThread "VM Thread" [stack: 0x0000009a60d00000,0x0000009a60e00000] [id=19472]
  0x0000022bc3e9b800 GCTaskThread "GC Thread#0" [stack: 0x0000009a60800000,0x0000009a60900000] [id=21352]
  0x0000022bea726000 GCTaskThread "GC Thread#1" [stack: 0x0000009a62000000,0x0000009a62100000] [id=19492]
  0x0000022beac17800 GCTaskThread "GC Thread#2" [stack: 0x0000009a62100000,0x0000009a62200000] [id=4776]
  0x0000022beac18000 GCTaskThread "GC Thread#3" [stack: 0x0000009a62200000,0x0000009a62300000] [id=6564]
  0x0000022beab18800 GCTaskThread "GC Thread#4" [stack: 0x0000009a62300000,0x0000009a62400000] [id=11172]
  0x0000022beab19000 GCTaskThread "GC Thread#5" [stack: 0x0000009a62400000,0x0000009a62500000] [id=12260]
  0x0000022bc3ef9800 ConcurrentGCThread "G1 Main Marker" [stack: 0x0000009a60900000,0x0000009a60a00000] [id=12292]
  0x0000022bc3f01000 ConcurrentGCThread "G1 Conc#0" [stack: 0x0000009a60a00000,0x0000009a60b00000] [id=7544]
  0x0000022bea2ec000 ConcurrentGCThread "G1 Conc#1" [stack: 0x0000009a62500000,0x0000009a62600000] [id=13452]
  0x0000022be95b6800 ConcurrentGCThread "G1 Refine#0" [stack: 0x0000009a60b00000,0x0000009a60c00000] [id=11728]
  0x0000022be95b7800 ConcurrentGCThread "G1 Young RemSet Sampling" [stack: 0x0000009a60c00000,0x0000009a60d00000] [id=11892]

Threads with active compile tasks:

VM state:at safepoint (shutting down)

VM Mutex/Monitor currently owned by a thread:  ([mutex/lock_event])
[0x0000022bc3e82370] Threads_lock - owner thread: 0x0000022be96cd800

OutOfMemory and StackOverflow Exception counts:
StackOverflowErrors=40
LinkageErrors=26

Heap address: 0x0000000701c00000, size: 4068 MB, Compressed Oops mode: Zero based, Oop shift amount: 3
Narrow klass base: 0x0000000800000000, Narrow klass shift: 0
Compressed class space size: 1073741824 Address: 0x0000000800000000

Heap:
 garbage-first heap   total 262144K, used 147215K [0x0000000701c00000, 0x0000000800000000)
  region size 1024K, 91 young (93184K), 11 survivors (11264K)
 Metaspace       used 29022K, capacity 29618K, committed 29824K, reserved 1075200K
  class space    used 3156K, capacity 3409K, committed 3456K, reserved 1048576K
Heap Regions: E=young(eden), S=young(survivor), O=old, HS=humongous(starts), HC=humongous(continues), CS=collection set, F=free, A=archive, TAMS=top-at-mark-start (previous, next)
|   0|0x0000000701c00000, 0x0000000701d00000, 0x0000000701d00000|100%| O|  |TAMS 0x0000000701c9a600, 0x0000000701c00000| Untracked 
|   1|0x0000000701d00000, 0x0000000701e00000, 0x0000000701e00000|100%|HS|  |TAMS 0x0000000701d00000, 0x0000000701d00000| Complete 
|   2|0x0000000701e00000, 0x0000000701f00000, 0x0000000701f00000|100%|HC|  |TAMS 0x0000000701e00000, 0x0000000701e00000| Complete 
|   3|0x0000000701f00000, 0x0000000702000000, 0x0000000702000000|100%|HC|  |TAMS 0x0000000701f00000, 0x0000000701f00000| Complete 
|   4|0x0000000702000000, 0x0000000702100000, 0x0000000702100000|100%|HS|  |TAMS 0x0000000702000000, 0x0000000702000000| Complete 
|   5|0x0000000702100000, 0x0000000702200000, 0x0000000702200000|100%|HS|  |TAMS 0x0000000702100000, 0x0000000702100000| Complete 
|   6|0x0000000702200000, 0x0000000702300000, 0x0000000702300000|100%|HC|  |TAMS 0x0000000702200000, 0x0000000702200000| Complete 
|   7|0x0000000702300000, 0x0000000702400000, 0x0000000702400000|100%|HC|  |TAMS 0x0000000702300000, 0x0000000702300000| Complete 
|   8|0x0000000702400000, 0x0000000702500000, 0x0000000702500000|100%|HS|  |TAMS 0x0000000702400000, 0x0000000702400000| Complete 
|   9|0x0000000702500000, 0x0000000702600000, 0x0000000702600000|100%|HC|  |TAMS 0x0000000702500000, 0x0000000702500000| Complete 
|  10|0x0000000702600000, 0x0000000702700000, 0x0000000702700000|100%|HC|  |TAMS 0x0000000702600000, 0x0000000702600000| Complete 
|  11|0x0000000702700000, 0x0000000702800000, 0x0000000702800000|100%|HS|  |TAMS 0x0000000702700000, 0x0000000702700000| Complete 
|  12|0x0000000702800000, 0x0000000702900000, 0x0000000702900000|100%|HC|  |TAMS 0x0000000702800000, 0x0000000702800000| Complete 
|  13|0x0000000702900000, 0x0000000702a00000, 0x0000000702a00000|100%|HC|  |TAMS 0x0000000702900000, 0x0000000702900000| Complete 
|  14|0x0000000702a00000, 0x0000000702b00000, 0x0000000702b00000|100%|HS|  |TAMS 0x0000000702a00000, 0x0000000702a00000| Complete 
|  15|0x0000000702b00000, 0x0000000702c00000, 0x0000000702c00000|100%|HS|  |TAMS 0x0000000702b00000, 0x0000000702b00000| Complete 
|  16|0x0000000702c00000, 0x0000000702d00000, 0x0000000702d00000|100%|HC|  |TAMS 0x0000000702c00000, 0x0000000702c00000| Complete 
|  17|0x0000000702d00000, 0x0000000702e00000, 0x0000000702e00000|100%|HC|  |TAMS 0x0000000702d00000, 0x0000000702d00000| Complete 
|  18|0x0000000702e00000, 0x0000000702f00000, 0x0000000702f00000|100%|HS|  |TAMS 0x0000000702e00000, 0x0000000702e00000| Complete 
|  19|0x0000000702f00000, 0x0000000703000000, 0x0000000703000000|100%|HS|  |TAMS 0x0000000702f00000, 0x0000000702f00000| Complete 
|  20|0x0000000703000000, 0x0000000703100000, 0x0000000703100000|100%|HC|  |TAMS 0x0000000703000000, 0x0000000703000000| Complete 
|  21|0x0000000703100000, 0x0000000703200000, 0x0000000703200000|100%|HC|  |TAMS 0x0000000703100000, 0x0000000703100000| Complete 
|  22|0x0000000703200000, 0x0000000703300000, 0x0000000703300000|100%|HS|  |TAMS 0x0000000703200000, 0x0000000703200000| Complete 
|  23|0x0000000703300000, 0x0000000703400000, 0x0000000703400000|100%|HC|  |TAMS 0x0000000703300000, 0x0000000703300000| Complete 
|  24|0x0000000703400000, 0x0000000703500000, 0x0000000703500000|100%|HC|  |TAMS 0x0000000703400000, 0x0000000703400000| Complete 
|  25|0x0000000703500000, 0x0000000703600000, 0x0000000703600000|100%|HC|  |TAMS 0x0000000703500000, 0x0000000703500000| Complete 
|  26|0x0000000703600000, 0x0000000703700000, 0x0000000703700000|100%|HS|  |TAMS 0x0000000703600000, 0x0000000703600000| Complete 
|  27|0x0000000703700000, 0x0000000703800000, 0x0000000703800000|100%|HC|  |TAMS 0x0000000703700000, 0x0000000703700000| Complete 
|  28|0x0000000703800000, 0x0000000703900000, 0x0000000703900000|100%|HC|  |TAMS 0x0000000703800000, 0x0000000703800000| Complete 
|  29|0x0000000703900000, 0x0000000703a00000, 0x0000000703a00000|100%|HS|  |TAMS 0x0000000703900000, 0x0000000703900000| Complete 
|  30|0x0000000703a00000, 0x0000000703b00000, 0x0000000703b00000|100%| O|  |TAMS 0x0000000703a00000, 0x0000000703a00000| Untracked 
|  31|0x0000000703b00000, 0x0000000703c00000, 0x0000000703c00000|100%| O|  |TAMS 0x0000000703b00000, 0x0000000703b00000| Untracked 
|  32|0x0000000703c00000, 0x0000000703d00000, 0x0000000703d00000|100%| O|  |TAMS 0x0000000703c00000, 0x0000000703c00000| Untracked 
|  33|0x0000000703d00000, 0x0000000703e00000, 0x0000000703e00000|100%| O|  |TAMS 0x0000000703d00000, 0x0000000703d00000| Untracked 
|  34|0x0000000703e00000, 0x0000000703f00000, 0x0000000703f00000|100%| O|  |TAMS 0x0000000703e00000, 0x0000000703e00000| Untracked 
|  35|0x0000000703f00000, 0x0000000704000000, 0x0000000704000000|100%| O|  |TAMS 0x0000000703f00000, 0x0000000703f00000| Untracked 
|  36|0x0000000704000000, 0x0000000704100000, 0x0000000704100000|100%| O|  |TAMS 0x0000000704000000, 0x0000000704000000| Untracked 
|  37|0x0000000704100000, 0x0000000704200000, 0x0000000704200000|100%| O|  |TAMS 0x0000000704100000, 0x0000000704100000| Untracked 
|  38|0x0000000704200000, 0x0000000704300000, 0x0000000704300000|100%| O|  |TAMS 0x0000000704200000, 0x0000000704200000| Untracked 
|  39|0x0000000704300000, 0x0000000704400000, 0x0000000704400000|100%| O|  |TAMS 0x0000000704300000, 0x0000000704300000| Untracked 
|  40|0x0000000704400000, 0x0000000704500000, 0x0000000704500000|100%| O|  |TAMS 0x0000000704400000, 0x0000000704400000| Untracked 
|  41|0x0000000704500000, 0x0000000704600000, 0x0000000704600000|100%| O|  |TAMS 0x0000000704500000, 0x0000000704500000| Untracked 
|  42|0x0000000704600000, 0x0000000704700000, 0x0000000704700000|100%|HS|  |TAMS 0x0000000704600000, 0x0000000704600000| Complete 
|  43|0x0000000704700000, 0x0000000704800000, 0x0000000704800000|100%|HC|  |TAMS 0x0000000704700000, 0x0000000704700000| Complete 
|  44|0x0000000704800000, 0x0000000704900000, 0x0000000704900000|100%|HC|  |TAMS 0x0000000704800000, 0x0000000704800000| Complete 
|  45|0x0000000704900000, 0x0000000704a00000, 0x0000000704a00000|100%|HC|  |TAMS 0x0000000704900000, 0x0000000704900000| Complete 
|  46|0x0000000704a00000, 0x0000000704b00000, 0x0000000704b00000|100%|HC|  |TAMS 0x0000000704a00000, 0x0000000704a00000| Complete 
|  47|0x0000000704b00000, 0x0000000704c00000, 0x0000000704c00000|100%|HC|  |TAMS 0x0000000704b00000, 0x0000000704b00000| Complete 
|  48|0x0000000704c00000, 0x0000000704d00000, 0x0000000704d00000|100%|HC|  |TAMS 0x0000000704c00000, 0x0000000704c00000| Complete 
|  49|0x0000000704d00000, 0x0000000704e00000, 0x0000000704e00000|100%|HC|  |TAMS 0x0000000704d00000, 0x0000000704d00000| Complete 
|  50|0x0000000704e00000, 0x0000000704f00000, 0x0000000704f00000|100%| O|  |TAMS 0x0000000704e00000, 0x0000000704e00000| Untracked 
|  51|0x0000000704f00000, 0x0000000705000000, 0x0000000705000000|100%| O|  |TAMS 0x0000000704f00000, 0x0000000704f00000| Untracked 
|  52|0x0000000705000000, 0x0000000705100000, 0x0000000705100000|100%| O|  |TAMS 0x0000000705000000, 0x0000000705000000| Untracked 
|  53|0x0000000705100000, 0x00000007051c3e00, 0x0000000705200000| 76%| O|  |TAMS 0x0000000705100000, 0x0000000705100000| Untracked 
|  54|0x0000000705200000, 0x0000000705200000, 0x0000000705300000|  0%| F|  |TAMS 0x0000000705200000, 0x0000000705200000| Untracked 
|  55|0x0000000705300000, 0x0000000705300000, 0x0000000705400000|  0%| F|  |TAMS 0x0000000705300000, 0x0000000705300000| Untracked 
|  56|0x0000000705400000, 0x0000000705400000, 0x0000000705500000|  0%| F|  |TAMS 0x0000000705400000, 0x0000000705400000| Untracked 
|  57|0x0000000705500000, 0x0000000705500000, 0x0000000705600000|  0%| F|  |TAMS 0x0000000705500000, 0x0000000705500000| Untracked 
|  58|0x0000000705600000, 0x0000000705600000, 0x0000000705700000|  0%| F|  |TAMS 0x0000000705600000, 0x0000000705600000| Untracked 
|  59|0x0000000705700000, 0x0000000705700000, 0x0000000705800000|  0%| F|  |TAMS 0x0000000705700000, 0x0000000705700000| Untracked 
|  60|0x0000000705800000, 0x0000000705800000, 0x0000000705900000|  0%| F|  |TAMS 0x0000000705800000, 0x0000000705800000| Untracked 
|  61|0x0000000705900000, 0x0000000705900000, 0x0000000705a00000|  0%| F|  |TAMS 0x0000000705900000, 0x0000000705900000| Untracked 
|  62|0x0000000705a00000, 0x0000000705a00000, 0x0000000705b00000|  0%| F|  |TAMS 0x0000000705a00000, 0x0000000705a00000| Untracked 
|  63|0x0000000705b00000, 0x0000000705b00000, 0x0000000705c00000|  0%| F|  |TAMS 0x0000000705b00000, 0x0000000705b00000| Untracked 
|  64|0x0000000705c00000, 0x0000000705c00000, 0x0000000705d00000|  0%| F|  |TAMS 0x0000000705c00000, 0x0000000705c00000| Untracked 
|  65|0x0000000705d00000, 0x0000000705d00000, 0x0000000705e00000|  0%| F|  |TAMS 0x0000000705d00000, 0x0000000705d00000| Untracked 
|  66|0x0000000705e00000, 0x0000000705e00000, 0x0000000705f00000|  0%| F|  |TAMS 0x0000000705e00000, 0x0000000705e00000| Untracked 
|  67|0x0000000705f00000, 0x0000000705f00000, 0x0000000706000000|  0%| F|  |TAMS 0x0000000705f00000, 0x0000000705f00000| Untracked 
|  68|0x0000000706000000, 0x0000000706000000, 0x0000000706100000|  0%| F|  |TAMS 0x0000000706000000, 0x0000000706000000| Untracked 
|  69|0x0000000706100000, 0x0000000706100000, 0x0000000706200000|  0%| F|  |TAMS 0x0000000706100000, 0x0000000706100000| Untracked 
|  70|0x0000000706200000, 0x0000000706200000, 0x0000000706300000|  0%| F|  |TAMS 0x0000000706200000, 0x0000000706200000| Untracked 
|  71|0x0000000706300000, 0x0000000706300000, 0x0000000706400000|  0%| F|  |TAMS 0x0000000706300000, 0x0000000706300000| Untracked 
|  72|0x0000000706400000, 0x0000000706400000, 0x0000000706500000|  0%| F|  |TAMS 0x0000000706400000, 0x0000000706400000| Untracked 
|  73|0x0000000706500000, 0x0000000706500000, 0x0000000706600000|  0%| F|  |TAMS 0x0000000706500000, 0x0000000706500000| Untracked 
|  74|0x0000000706600000, 0x0000000706600000, 0x0000000706700000|  0%| F|  |TAMS 0x0000000706600000, 0x0000000706600000| Untracked 
|  75|0x0000000706700000, 0x0000000706700000, 0x0000000706800000|  0%| F|  |TAMS 0x0000000706700000, 0x0000000706700000| Untracked 
|  76|0x0000000706800000, 0x0000000706800000, 0x0000000706900000|  0%| F|  |TAMS 0x0000000706800000, 0x0000000706800000| Untracked 
|  77|0x0000000706900000, 0x0000000706900000, 0x0000000706a00000|  0%| F|  |TAMS 0x0000000706900000, 0x0000000706900000| Untracked 
|  78|0x0000000706a00000, 0x0000000706a00000, 0x0000000706b00000|  0%| F|  |TAMS 0x0000000706a00000, 0x0000000706a00000| Untracked 
|  79|0x0000000706b00000, 0x0000000706b00000, 0x0000000706c00000|  0%| F|  |TAMS 0x0000000706b00000, 0x0000000706b00000| Untracked 
|  80|0x0000000706c00000, 0x0000000706c00000, 0x0000000706d00000|  0%| F|  |TAMS 0x0000000706c00000, 0x0000000706c00000| Untracked 
|  81|0x0000000706d00000, 0x0000000706d00000, 0x0000000706e00000|  0%| F|  |TAMS 0x0000000706d00000, 0x0000000706d00000| Untracked 
|  82|0x0000000706e00000, 0x0000000706e00000, 0x0000000706f00000|  0%| F|  |TAMS 0x0000000706e00000, 0x0000000706e00000| Untracked 
|  83|0x0000000706f00000, 0x0000000706f00000, 0x0000000707000000|  0%| F|  |TAMS 0x0000000706f00000, 0x0000000706f00000| Untracked 
|  84|0x0000000707000000, 0x0000000707000000, 0x0000000707100000|  0%| F|  |TAMS 0x0000000707000000, 0x0000000707000000| Untracked 
|  85|0x0000000707100000, 0x0000000707100000, 0x0000000707200000|  0%| F|  |TAMS 0x0000000707100000, 0x0000000707100000| Untracked 
|  86|0x0000000707200000, 0x0000000707200000, 0x0000000707300000|  0%| F|  |TAMS 0x0000000707200000, 0x0000000707200000| Untracked 
|  87|0x0000000707300000, 0x0000000707300000, 0x0000000707400000|  0%| F|  |TAMS 0x0000000707300000, 0x0000000707300000| Untracked 
|  88|0x0000000707400000, 0x0000000707400000, 0x0000000707500000|  0%| F|  |TAMS 0x0000000707400000, 0x0000000707400000| Untracked 
|  89|0x0000000707500000, 0x0000000707500000, 0x0000000707600000|  0%| F|  |TAMS 0x0000000707500000, 0x0000000707500000| Untracked 
|  90|0x0000000707600000, 0x0000000707600000, 0x0000000707700000|  0%| F|  |TAMS 0x0000000707600000, 0x0000000707600000| Untracked 
|  91|0x0000000707700000, 0x0000000707700000, 0x0000000707800000|  0%| F|  |TAMS 0x0000000707700000, 0x0000000707700000| Untracked 
|  92|0x0000000707800000, 0x0000000707900000, 0x0000000707900000|100%| S|CS|TAMS 0x0000000707800000, 0x0000000707800000| Complete 
|  93|0x0000000707900000, 0x0000000707a00000, 0x0000000707a00000|100%| S|CS|TAMS 0x0000000707900000, 0x0000000707900000| Complete 
|  94|0x0000000707a00000, 0x0000000707b00000, 0x0000000707b00000|100%| S|CS|TAMS 0x0000000707a00000, 0x0000000707a00000| Complete 
|  95|0x0000000707b00000, 0x0000000707c00000, 0x0000000707c00000|100%| S|CS|TAMS 0x0000000707b00000, 0x0000000707b00000| Complete 
|  96|0x0000000707c00000, 0x0000000707d00000, 0x0000000707d00000|100%| S|CS|TAMS 0x0000000707c00000, 0x0000000707c00000| Complete 
|  97|0x0000000707d00000, 0x0000000707e00000, 0x0000000707e00000|100%| S|CS|TAMS 0x0000000707d00000, 0x0000000707d00000| Complete 
|  98|0x0000000707e00000, 0x0000000707f00000, 0x0000000707f00000|100%| S|CS|TAMS 0x0000000707e00000, 0x0000000707e00000| Complete 
|  99|0x0000000707f00000, 0x0000000708000000, 0x0000000708000000|100%| S|CS|TAMS 0x0000000707f00000, 0x0000000707f00000| Complete 
| 100|0x0000000708000000, 0x0000000708100000, 0x0000000708100000|100%| S|CS|TAMS 0x0000000708000000, 0x0000000708000000| Complete 
| 101|0x0000000708100000, 0x0000000708200000, 0x0000000708200000|100%| S|CS|TAMS 0x0000000708100000, 0x0000000708100000| Complete 
| 102|0x0000000708200000, 0x0000000708300000, 0x0000000708300000|100%| S|CS|TAMS 0x0000000708200000, 0x0000000708200000| Complete 
| 103|0x0000000708300000, 0x0000000708300000, 0x0000000708400000|  0%| F|  |TAMS 0x0000000708300000, 0x0000000708300000| Untracked 
| 104|0x0000000708400000, 0x0000000708400000, 0x0000000708500000|  0%| F|  |TAMS 0x0000000708400000, 0x0000000708400000| Untracked 
| 105|0x0000000708500000, 0x0000000708500000, 0x0000000708600000|  0%| F|  |TAMS 0x0000000708500000, 0x0000000708500000| Untracked 
| 106|0x0000000708600000, 0x0000000708600000, 0x0000000708700000|  0%| F|  |TAMS 0x0000000708600000, 0x0000000708600000| Untracked 
| 107|0x0000000708700000, 0x0000000708700000, 0x0000000708800000|  0%| F|  |TAMS 0x0000000708700000, 0x0000000708700000| Untracked 
| 108|0x0000000708800000, 0x0000000708800000, 0x0000000708900000|  0%| F|  |TAMS 0x0000000708800000, 0x0000000708800000| Untracked 
| 109|0x0000000708900000, 0x0000000708900000, 0x0000000708a00000|  0%| F|  |TAMS 0x0000000708900000, 0x0000000708900000| Untracked 
| 110|0x0000000708a00000, 0x0000000708a00000, 0x0000000708b00000|  0%| F|  |TAMS 0x0000000708a00000, 0x0000000708a00000| Untracked 
| 111|0x0000000708b00000, 0x0000000708b00000, 0x0000000708c00000|  0%| F|  |TAMS 0x0000000708b00000, 0x0000000708b00000| Untracked 
| 112|0x0000000708c00000, 0x0000000708c00000, 0x0000000708d00000|  0%| F|  |TAMS 0x0000000708c00000, 0x0000000708c00000| Untracked 
| 113|0x0000000708d00000, 0x0000000708d00000, 0x0000000708e00000|  0%| F|  |TAMS 0x0000000708d00000, 0x0000000708d00000| Untracked 
| 114|0x0000000708e00000, 0x0000000708e00000, 0x0000000708f00000|  0%| F|  |TAMS 0x0000000708e00000, 0x0000000708e00000| Untracked 
| 115|0x0000000708f00000, 0x0000000708f00000, 0x0000000709000000|  0%| F|  |TAMS 0x0000000708f00000, 0x0000000708f00000| Untracked 
| 116|0x0000000709000000, 0x0000000709000000, 0x0000000709100000|  0%| F|  |TAMS 0x0000000709000000, 0x0000000709000000| Untracked 
| 117|0x0000000709100000, 0x0000000709100000, 0x0000000709200000|  0%| F|  |TAMS 0x0000000709100000, 0x0000000709100000| Untracked 
| 118|0x0000000709200000, 0x0000000709200000, 0x0000000709300000|  0%| F|  |TAMS 0x0000000709200000, 0x0000000709200000| Untracked 
| 119|0x0000000709300000, 0x0000000709300000, 0x0000000709400000|  0%| F|  |TAMS 0x0000000709300000, 0x0000000709300000| Untracked 
| 120|0x0000000709400000, 0x0000000709400000, 0x0000000709500000|  0%| F|  |TAMS 0x0000000709400000, 0x0000000709400000| Untracked 
| 121|0x0000000709500000, 0x0000000709500000, 0x0000000709600000|  0%| F|  |TAMS 0x0000000709500000, 0x0000000709500000| Untracked 
| 122|0x0000000709600000, 0x0000000709600000, 0x0000000709700000|  0%| F|  |TAMS 0x0000000709600000, 0x0000000709600000| Untracked 
| 123|0x0000000709700000, 0x0000000709700000, 0x0000000709800000|  0%| F|  |TAMS 0x0000000709700000, 0x0000000709700000| Untracked 
| 124|0x0000000709800000, 0x0000000709800000, 0x0000000709900000|  0%| F|  |TAMS 0x0000000709800000, 0x0000000709800000| Untracked 
| 125|0x0000000709900000, 0x0000000709900000, 0x0000000709a00000|  0%| F|  |TAMS 0x0000000709900000, 0x0000000709900000| Untracked 
| 126|0x0000000709a00000, 0x0000000709a00000, 0x0000000709b00000|  0%| F|  |TAMS 0x0000000709a00000, 0x0000000709a00000| Untracked 
| 127|0x0000000709b00000, 0x0000000709b00000, 0x0000000709c00000|  0%| F|  |TAMS 0x0000000709b00000, 0x0000000709b00000| Untracked 
| 128|0x0000000709c00000, 0x0000000709c00000, 0x0000000709d00000|  0%| F|  |TAMS 0x0000000709c00000, 0x0000000709c00000| Untracked 
| 129|0x0000000709d00000, 0x0000000709d00000, 0x0000000709e00000|  0%| F|  |TAMS 0x0000000709d00000, 0x0000000709d00000| Untracked 
| 130|0x0000000709e00000, 0x0000000709e00000, 0x0000000709f00000|  0%| F|  |TAMS 0x0000000709e00000, 0x0000000709e00000| Untracked 
| 131|0x0000000709f00000, 0x0000000709f00000, 0x000000070a000000|  0%| F|  |TAMS 0x0000000709f00000, 0x0000000709f00000| Untracked 
| 132|0x000000070a000000, 0x000000070a000000, 0x000000070a100000|  0%| F|  |TAMS 0x000000070a000000, 0x000000070a000000| Untracked 
| 133|0x000000070a100000, 0x000000070a100000, 0x000000070a200000|  0%| F|  |TAMS 0x000000070a100000, 0x000000070a100000| Untracked 
| 134|0x000000070a200000, 0x000000070a200000, 0x000000070a300000|  0%| F|  |TAMS 0x000000070a200000, 0x000000070a200000| Untracked 
| 135|0x000000070a300000, 0x000000070a300000, 0x000000070a400000|  0%| F|  |TAMS 0x000000070a300000, 0x000000070a300000| Untracked 
| 136|0x000000070a400000, 0x000000070a400000, 0x000000070a500000|  0%| F|  |TAMS 0x000000070a400000, 0x000000070a400000| Untracked 
| 137|0x000000070a500000, 0x000000070a500000, 0x000000070a600000|  0%| F|  |TAMS 0x000000070a500000, 0x000000070a500000| Untracked 
| 138|0x000000070a600000, 0x000000070a600000, 0x000000070a700000|  0%| F|  |TAMS 0x000000070a600000, 0x000000070a600000| Untracked 
| 139|0x000000070a700000, 0x000000070a700000, 0x000000070a800000|  0%| F|  |TAMS 0x000000070a700000, 0x000000070a700000| Untracked 
| 140|0x000000070a800000, 0x000000070a800000, 0x000000070a900000|  0%| F|  |TAMS 0x000000070a800000, 0x000000070a800000| Untracked 
| 141|0x000000070a900000, 0x000000070a900000, 0x000000070aa00000|  0%| F|  |TAMS 0x000000070a900000, 0x000000070a900000| Untracked 
| 142|0x000000070aa00000, 0x000000070aa00000, 0x000000070ab00000|  0%| F|  |TAMS 0x000000070aa00000, 0x000000070aa00000| Untracked 
| 143|0x000000070ab00000, 0x000000070ab00000, 0x000000070ac00000|  0%| F|  |TAMS 0x000000070ab00000, 0x000000070ab00000| Untracked 
| 144|0x000000070ac00000, 0x000000070ac00000, 0x000000070ad00000|  0%| F|  |TAMS 0x000000070ac00000, 0x000000070ac00000| Untracked 
| 145|0x000000070ad00000, 0x000000070ad00000, 0x000000070ae00000|  0%| F|  |TAMS 0x000000070ad00000, 0x000000070ad00000| Untracked 
| 146|0x000000070ae00000, 0x000000070ae00000, 0x000000070af00000|  0%| F|  |TAMS 0x000000070ae00000, 0x000000070ae00000| Untracked 
| 147|0x000000070af00000, 0x000000070af00000, 0x000000070b000000|  0%| F|  |TAMS 0x000000070af00000, 0x000000070af00000| Untracked 
| 148|0x000000070b000000, 0x000000070b000000, 0x000000070b100000|  0%| F|  |TAMS 0x000000070b000000, 0x000000070b000000| Untracked 
| 149|0x000000070b100000, 0x000000070b100000, 0x000000070b200000|  0%| F|  |TAMS 0x000000070b100000, 0x000000070b100000| Untracked 
| 150|0x000000070b200000, 0x000000070b200000, 0x000000070b300000|  0%| F|  |TAMS 0x000000070b200000, 0x000000070b200000| Untracked 
| 151|0x000000070b300000, 0x000000070b300000, 0x000000070b400000|  0%| F|  |TAMS 0x000000070b300000, 0x000000070b300000| Untracked 
| 152|0x000000070b400000, 0x000000070b400000, 0x000000070b500000|  0%| F|  |TAMS 0x000000070b400000, 0x000000070b400000| Untracked 
| 153|0x000000070b500000, 0x000000070b500000, 0x000000070b600000|  0%| F|  |TAMS 0x000000070b500000, 0x000000070b500000| Untracked 
| 154|0x000000070b600000, 0x000000070b600000, 0x000000070b700000|  0%| F|  |TAMS 0x000000070b600000, 0x000000070b600000| Untracked 
| 155|0x000000070b700000, 0x000000070b700000, 0x000000070b800000|  0%| F|  |TAMS 0x000000070b700000, 0x000000070b700000| Untracked 
| 156|0x000000070b800000, 0x000000070b800000, 0x000000070b900000|  0%| F|  |TAMS 0x000000070b800000, 0x000000070b800000| Untracked 
| 157|0x000000070b900000, 0x000000070b900000, 0x000000070ba00000|  0%| F|  |TAMS 0x000000070b900000, 0x000000070b900000| Untracked 
| 158|0x000000070ba00000, 0x000000070ba00000, 0x000000070bb00000|  0%| F|  |TAMS 0x000000070ba00000, 0x000000070ba00000| Untracked 
| 159|0x000000070bb00000, 0x000000070bb00000, 0x000000070bc00000|  0%| F|  |TAMS 0x000000070bb00000, 0x000000070bb00000| Untracked 
| 160|0x000000070bc00000, 0x000000070bc00000, 0x000000070bd00000|  0%| F|  |TAMS 0x000000070bc00000, 0x000000070bc00000| Untracked 
| 161|0x000000070bd00000, 0x000000070bd00000, 0x000000070be00000|  0%| F|  |TAMS 0x000000070bd00000, 0x000000070bd00000| Untracked 
| 162|0x000000070be00000, 0x000000070be00000, 0x000000070bf00000|  0%| F|  |TAMS 0x000000070be00000, 0x000000070be00000| Untracked 
| 163|0x000000070bf00000, 0x000000070bf00000, 0x000000070c000000|  0%| F|  |TAMS 0x000000070bf00000, 0x000000070bf00000| Untracked 
| 164|0x000000070c000000, 0x000000070c000000, 0x000000070c100000|  0%| F|  |TAMS 0x000000070c000000, 0x000000070c000000| Untracked 
| 165|0x000000070c100000, 0x000000070c100000, 0x000000070c200000|  0%| F|  |TAMS 0x000000070c100000, 0x000000070c100000| Untracked 
| 166|0x000000070c200000, 0x000000070c200000, 0x000000070c300000|  0%| F|  |TAMS 0x000000070c200000, 0x000000070c200000| Untracked 
| 167|0x000000070c300000, 0x000000070c300000, 0x000000070c400000|  0%| F|  |TAMS 0x000000070c300000, 0x000000070c300000| Untracked 
| 168|0x000000070c400000, 0x000000070c400000, 0x000000070c500000|  0%| F|  |TAMS 0x000000070c400000, 0x000000070c400000| Untracked 
| 169|0x000000070c500000, 0x000000070c500000, 0x000000070c600000|  0%| F|  |TAMS 0x000000070c500000, 0x000000070c500000| Untracked 
| 170|0x000000070c600000, 0x000000070c600000, 0x000000070c700000|  0%| F|  |TAMS 0x000000070c600000, 0x000000070c600000| Untracked 
| 171|0x000000070c700000, 0x000000070c700000, 0x000000070c800000|  0%| F|  |TAMS 0x000000070c700000, 0x000000070c700000| Untracked 
| 172|0x000000070c800000, 0x000000070c800000, 0x000000070c900000|  0%| F|  |TAMS 0x000000070c800000, 0x000000070c800000| Untracked 
| 173|0x000000070c900000, 0x000000070c900000, 0x000000070ca00000|  0%| F|  |TAMS 0x000000070c900000, 0x000000070c900000| Untracked 
| 174|0x000000070ca00000, 0x000000070ca00000, 0x000000070cb00000|  0%| F|  |TAMS 0x000000070ca00000, 0x000000070ca00000| Untracked 
| 175|0x000000070cb00000, 0x000000070cb00000, 0x000000070cc00000|  0%| F|  |TAMS 0x000000070cb00000, 0x000000070cb00000| Untracked 
| 176|0x000000070cc00000, 0x000000070cc00800, 0x000000070cd00000|  0%| E|  |TAMS 0x000000070cc00000, 0x000000070cc00000| Complete 
| 177|0x000000070cd00000, 0x000000070ce00000, 0x000000070ce00000|100%| E|CS|TAMS 0x000000070cd00000, 0x000000070cd00000| Complete 
| 178|0x000000070ce00000, 0x000000070cf00000, 0x000000070cf00000|100%| E|CS|TAMS 0x000000070ce00000, 0x000000070ce00000| Complete 
| 179|0x000000070cf00000, 0x000000070d000000, 0x000000070d000000|100%| E|CS|TAMS 0x000000070cf00000, 0x000000070cf00000| Complete 
| 180|0x000000070d000000, 0x000000070d100000, 0x000000070d100000|100%| E|CS|TAMS 0x000000070d000000, 0x000000070d000000| Complete 
| 181|0x000000070d100000, 0x000000070d200000, 0x000000070d200000|100%| E|CS|TAMS 0x000000070d100000, 0x000000070d100000| Complete 
| 182|0x000000070d200000, 0x000000070d300000, 0x000000070d300000|100%| E|CS|TAMS 0x000000070d200000, 0x000000070d200000| Complete 
| 183|0x000000070d300000, 0x000000070d400000, 0x000000070d400000|100%| E|CS|TAMS 0x000000070d300000, 0x000000070d300000| Complete 
| 184|0x000000070d400000, 0x000000070d500000, 0x000000070d500000|100%| E|CS|TAMS 0x000000070d400000, 0x000000070d400000| Complete 
| 185|0x000000070d500000, 0x000000070d600000, 0x000000070d600000|100%| E|CS|TAMS 0x000000070d500000, 0x000000070d500000| Complete 
| 186|0x000000070d600000, 0x000000070d700000, 0x000000070d700000|100%| E|CS|TAMS 0x000000070d600000, 0x000000070d600000| Complete 
| 187|0x000000070d700000, 0x000000070d800000, 0x000000070d800000|100%| E|CS|TAMS 0x000000070d700000, 0x000000070d700000| Complete 
| 188|0x000000070d800000, 0x000000070d900000, 0x000000070d900000|100%| E|CS|TAMS 0x000000070d800000, 0x000000070d800000| Complete 
| 189|0x000000070d900000, 0x000000070da00000, 0x000000070da00000|100%| E|CS|TAMS 0x000000070d900000, 0x000000070d900000| Complete 
| 190|0x000000070da00000, 0x000000070db00000, 0x000000070db00000|100%| E|CS|TAMS 0x000000070da00000, 0x000000070da00000| Complete 
| 191|0x000000070db00000, 0x000000070dc00000, 0x000000070dc00000|100%| E|CS|TAMS 0x000000070db00000, 0x000000070db00000| Complete 
| 192|0x000000070dc00000, 0x000000070dd00000, 0x000000070dd00000|100%| E|CS|TAMS 0x000000070dc00000, 0x000000070dc00000| Complete 
| 193|0x000000070dd00000, 0x000000070de00000, 0x000000070de00000|100%| E|CS|TAMS 0x000000070dd00000, 0x000000070dd00000| Complete 
| 194|0x000000070de00000, 0x000000070df00000, 0x000000070df00000|100%| E|CS|TAMS 0x000000070de00000, 0x000000070de00000| Complete 
| 195|0x000000070df00000, 0x000000070e000000, 0x000000070e000000|100%| E|CS|TAMS 0x000000070df00000, 0x000000070df00000| Complete 
| 196|0x000000070e000000, 0x000000070e100000, 0x000000070e100000|100%| E|CS|TAMS 0x000000070e000000, 0x000000070e000000| Complete 
| 197|0x000000070e100000, 0x000000070e200000, 0x000000070e200000|100%| E|CS|TAMS 0x000000070e100000, 0x000000070e100000| Complete 
| 198|0x000000070e200000, 0x000000070e300000, 0x000000070e300000|100%| E|CS|TAMS 0x000000070e200000, 0x000000070e200000| Complete 
| 199|0x000000070e300000, 0x000000070e400000, 0x000000070e400000|100%| E|CS|TAMS 0x000000070e300000, 0x000000070e300000| Complete 
| 200|0x000000070e400000, 0x000000070e500000, 0x000000070e500000|100%| E|CS|TAMS 0x000000070e400000, 0x000000070e400000| Complete 
| 201|0x000000070e500000, 0x000000070e600000, 0x000000070e600000|100%| E|CS|TAMS 0x000000070e500000, 0x000000070e500000| Complete 
| 202|0x000000070e600000, 0x000000070e700000, 0x000000070e700000|100%| E|CS|TAMS 0x000000070e600000, 0x000000070e600000| Complete 
| 203|0x000000070e700000, 0x000000070e800000, 0x000000070e800000|100%| E|CS|TAMS 0x000000070e700000, 0x000000070e700000| Complete 
| 204|0x000000070e800000, 0x000000070e900000, 0x000000070e900000|100%| E|CS|TAMS 0x000000070e800000, 0x000000070e800000| Complete 
| 205|0x000000070e900000, 0x000000070ea00000, 0x000000070ea00000|100%| E|CS|TAMS 0x000000070e900000, 0x000000070e900000| Complete 
| 206|0x000000070ea00000, 0x000000070eb00000, 0x000000070eb00000|100%| E|CS|TAMS 0x000000070ea00000, 0x000000070ea00000| Complete 
| 207|0x000000070eb00000, 0x000000070ec00000, 0x000000070ec00000|100%| E|CS|TAMS 0x000000070eb00000, 0x000000070eb00000| Complete 
| 208|0x000000070ec00000, 0x000000070ed00000, 0x000000070ed00000|100%| E|CS|TAMS 0x000000070ec00000, 0x000000070ec00000| Complete 
| 209|0x000000070ed00000, 0x000000070ee00000, 0x000000070ee00000|100%| E|CS|TAMS 0x000000070ed00000, 0x000000070ed00000| Complete 
| 210|0x000000070ee00000, 0x000000070ef00000, 0x000000070ef00000|100%| E|CS|TAMS 0x000000070ee00000, 0x000000070ee00000| Complete 
| 211|0x000000070ef00000, 0x000000070f000000, 0x000000070f000000|100%| E|CS|TAMS 0x000000070ef00000, 0x000000070ef00000| Complete 
| 212|0x000000070f000000, 0x000000070f100000, 0x000000070f100000|100%| E|CS|TAMS 0x000000070f000000, 0x000000070f000000| Complete 
| 213|0x000000070f100000, 0x000000070f200000, 0x000000070f200000|100%| E|CS|TAMS 0x000000070f100000, 0x000000070f100000| Complete 
| 214|0x000000070f200000, 0x000000070f300000, 0x000000070f300000|100%| E|CS|TAMS 0x000000070f200000, 0x000000070f200000| Complete 
| 215|0x000000070f300000, 0x000000070f400000, 0x000000070f400000|100%| E|CS|TAMS 0x000000070f300000, 0x000000070f300000| Complete 
| 216|0x000000070f400000, 0x000000070f500000, 0x000000070f500000|100%| E|CS|TAMS 0x000000070f400000, 0x000000070f400000| Complete 
| 217|0x000000070f500000, 0x000000070f600000, 0x000000070f600000|100%| E|CS|TAMS 0x000000070f500000, 0x000000070f500000| Complete 
| 218|0x000000070f600000, 0x000000070f700000, 0x000000070f700000|100%| E|CS|TAMS 0x000000070f600000, 0x000000070f600000| Complete 
| 219|0x000000070f700000, 0x000000070f800000, 0x000000070f800000|100%| E|CS|TAMS 0x000000070f700000, 0x000000070f700000| Complete 
| 220|0x000000070f800000, 0x000000070f900000, 0x000000070f900000|100%| E|CS|TAMS 0x000000070f800000, 0x000000070f800000| Complete 
| 221|0x000000070f900000, 0x000000070fa00000, 0x000000070fa00000|100%| E|CS|TAMS 0x000000070f900000, 0x000000070f900000| Complete 
| 222|0x000000070fa00000, 0x000000070fb00000, 0x000000070fb00000|100%| E|CS|TAMS 0x000000070fa00000, 0x000000070fa00000| Complete 
| 223|0x000000070fb00000, 0x000000070fc00000, 0x000000070fc00000|100%| E|CS|TAMS 0x000000070fb00000, 0x000000070fb00000| Complete 
| 224|0x000000070fc00000, 0x000000070fd00000, 0x000000070fd00000|100%| E|CS|TAMS 0x000000070fc00000, 0x000000070fc00000| Complete 
| 225|0x000000070fd00000, 0x000000070fe00000, 0x000000070fe00000|100%| E|CS|TAMS 0x000000070fd00000, 0x000000070fd00000| Complete 
| 226|0x000000070fe00000, 0x000000070ff00000, 0x000000070ff00000|100%| E|CS|TAMS 0x000000070fe00000, 0x000000070fe00000| Complete 
| 227|0x000000070ff00000, 0x0000000710000000, 0x0000000710000000|100%| E|CS|TAMS 0x000000070ff00000, 0x000000070ff00000| Complete 
| 228|0x0000000710000000, 0x0000000710100000, 0x0000000710100000|100%| E|CS|TAMS 0x0000000710000000, 0x0000000710000000| Complete 
| 229|0x0000000710100000, 0x0000000710200000, 0x0000000710200000|100%| E|CS|TAMS 0x0000000710100000, 0x0000000710100000| Complete 
| 230|0x0000000710200000, 0x0000000710300000, 0x0000000710300000|100%| E|CS|TAMS 0x0000000710200000, 0x0000000710200000| Complete 
| 231|0x0000000710300000, 0x0000000710400000, 0x0000000710400000|100%| E|CS|TAMS 0x0000000710300000, 0x0000000710300000| Complete 
| 232|0x0000000710400000, 0x0000000710500000, 0x0000000710500000|100%| E|CS|TAMS 0x0000000710400000, 0x0000000710400000| Complete 
| 233|0x0000000710500000, 0x0000000710600000, 0x0000000710600000|100%| E|CS|TAMS 0x0000000710500000, 0x0000000710500000| Complete 
| 234|0x0000000710600000, 0x0000000710700000, 0x0000000710700000|100%| E|CS|TAMS 0x0000000710600000, 0x0000000710600000| Complete 
| 235|0x0000000710700000, 0x0000000710800000, 0x0000000710800000|100%| E|CS|TAMS 0x0000000710700000, 0x0000000710700000| Complete 
| 236|0x0000000710800000, 0x0000000710900000, 0x0000000710900000|100%| E|CS|TAMS 0x0000000710800000, 0x0000000710800000| Complete 
| 237|0x0000000710900000, 0x0000000710a00000, 0x0000000710a00000|100%| E|CS|TAMS 0x0000000710900000, 0x0000000710900000| Complete 
| 238|0x0000000710a00000, 0x0000000710b00000, 0x0000000710b00000|100%| E|CS|TAMS 0x0000000710a00000, 0x0000000710a00000| Complete 
| 239|0x0000000710b00000, 0x0000000710c00000, 0x0000000710c00000|100%| E|CS|TAMS 0x0000000710b00000, 0x0000000710b00000| Complete 
| 240|0x0000000710c00000, 0x0000000710d00000, 0x0000000710d00000|100%| E|CS|TAMS 0x0000000710c00000, 0x0000000710c00000| Complete 
| 241|0x0000000710d00000, 0x0000000710e00000, 0x0000000710e00000|100%| E|CS|TAMS 0x0000000710d00000, 0x0000000710d00000| Complete 
| 242|0x0000000710e00000, 0x0000000710f00000, 0x0000000710f00000|100%| E|CS|TAMS 0x0000000710e00000, 0x0000000710e00000| Complete 
| 243|0x0000000710f00000, 0x0000000711000000, 0x0000000711000000|100%| E|CS|TAMS 0x0000000710f00000, 0x0000000710f00000| Complete 
| 244|0x0000000711000000, 0x0000000711100000, 0x0000000711100000|100%| E|CS|TAMS 0x0000000711000000, 0x0000000711000000| Complete 
| 245|0x0000000711100000, 0x0000000711200000, 0x0000000711200000|100%| E|CS|TAMS 0x0000000711100000, 0x0000000711100000| Complete 
| 246|0x0000000711200000, 0x0000000711300000, 0x0000000711300000|100%| E|CS|TAMS 0x0000000711200000, 0x0000000711200000| Complete 
| 247|0x0000000711300000, 0x0000000711400000, 0x0000000711400000|100%| E|CS|TAMS 0x0000000711300000, 0x0000000711300000| Complete 
| 248|0x0000000711400000, 0x0000000711500000, 0x0000000711500000|100%| E|CS|TAMS 0x0000000711400000, 0x0000000711400000| Complete 
| 249|0x0000000711500000, 0x0000000711600000, 0x0000000711600000|100%| E|CS|TAMS 0x0000000711500000, 0x0000000711500000| Complete 
| 250|0x0000000711600000, 0x0000000711700000, 0x0000000711700000|100%| E|CS|TAMS 0x0000000711600000, 0x0000000711600000| Complete 
| 251|0x0000000711700000, 0x0000000711800000, 0x0000000711800000|100%| E|CS|TAMS 0x0000000711700000, 0x0000000711700000| Complete 
| 252|0x0000000711800000, 0x0000000711900000, 0x0000000711900000|100%| E|CS|TAMS 0x0000000711800000, 0x0000000711800000| Complete 
| 253|0x0000000711900000, 0x0000000711a00000, 0x0000000711a00000|100%| E|CS|TAMS 0x0000000711900000, 0x0000000711900000| Complete 
| 254|0x0000000711a00000, 0x0000000711b00000, 0x0000000711b00000|100%| E|CS|TAMS 0x0000000711a00000, 0x0000000711a00000| Complete 
| 255|0x0000000711b00000, 0x0000000711c00000, 0x0000000711c00000|100%| E|CS|TAMS 0x0000000711b00000, 0x0000000711b00000| Complete 

Card table byte_map: [0x0000022bddc30000,0x0000022bde430000] _byte_map_base: 0x0000022bda422000

Marking Bits (Prev, Next): (CMBitMap*) 0x0000022bc3ee91b0, (CMBitMap*) 0x0000022bc3ee9178
 Prev Bits: [0x0000022be2bc0000, 0x0000022be6b50000)
 Next Bits: [0x0000022bdec30000, 0x0000022be2bc0000)

Polling page: 0x0000022bc3cd0000

Metaspace:

Usage:
  Non-class:     25.59 MB capacity,    25.26 MB ( 99%) used,   275.75 KB (  1%) free+waste,    68.13 KB ( <1%) overhead. 
      Class:      3.33 MB capacity,     3.08 MB ( 93%) used,   218.57 KB (  6%) free+waste,    33.50 KB ( <1%) overhead. 
       Both:     28.92 MB capacity,    28.34 MB ( 98%) used,   494.32 KB (  2%) free+waste,   101.63 KB ( <1%) overhead. 

Virtual space:
  Non-class space:       26.00 MB reserved,      25.75 MB (>99%) committed 
      Class space:        1.00 GB reserved,       3.38 MB ( <1%) committed 
             Both:        1.03 GB reserved,      29.13 MB (  3%) committed 

Chunk freelists:
   Non-Class:  3.88 KB
       Class:  1.88 KB
        Both:  5.75 KB

CodeHeap 'non-profiled nmethods': size=120000Kb used=3029Kb max_used=3029Kb free=116970Kb
 bounds [0x0000022bd5490000, 0x0000022bd5790000, 0x0000022bdc9c0000]
CodeHeap 'profiled nmethods': size=120000Kb used=6242Kb max_used=6247Kb free=113758Kb
 bounds [0x0000022bcdf60000, 0x0000022bce5a0000, 0x0000022bd5490000]
CodeHeap 'non-nmethods': size=5760Kb used=1287Kb max_used=1415Kb free=4473Kb
 bounds [0x0000022bcd9c0000, 0x0000022bcdc30000, 0x0000022bcdf60000]
 total_blobs=5521 nmethods=3184 adapters=590
 compilation: enabled
              stopped_count=0, restarted_count=0
 full_count=0

Compilation events (10 events):
Event: 59.894 Thread 0x0000022be9fe6800 3512       4       java.awt.AWTEventMulticaster::mousePressed (27 bytes)
Event: 59.897 Thread 0x0000022be9fe6800 nmethod 3512 0x0000022bd5782890 code [0x0000022bd5782a80, 0x0000022bd5782ea8]
Event: 59.917 Thread 0x0000022beed13800 3513   !   4       java.awt.EventDispatchThread::pumpOneEventForFilters (113 bytes)
Event: 59.928 Thread 0x0000022beed13800 nmethod 3513 0x0000022bd5783110 code [0x0000022bd5783360, 0x0000022bd5784140]
Event: 60.013 Thread 0x0000022be9fe6800 3514       4       java.awt.AWTEventMulticaster::mouseReleased (27 bytes)
Event: 60.016 Thread 0x0000022be9fe6800 nmethod 3514 0x0000022bd5784990 code [0x0000022bd5784b80, 0x0000022bd5784fc8]
Event: 60.021 Thread 0x0000022be9fec000 3515       1       java.awt.event.MouseAdapter::mouseReleased (1 bytes)
Event: 60.021 Thread 0x0000022be9fec000 nmethod 3515 0x0000022bd5785210 code [0x0000022bd57853c0, 0x0000022bd57854d8]
Event: 60.022 Thread 0x0000022be9fec000 3516   !   3       javax.swing.JComponent::putClientProperty (120 bytes)
Event: 60.023 Thread 0x0000022be9fec000 nmethod 3516 0x0000022bce3a7a90 code [0x0000022bce3a7d00, 0x0000022bce3a8900]

GC Heap History (10 events):
Event: 45.740 GC heap before
{Heap before GC invocations=8 (full 0):
 garbage-first heap   total 262144K, used 201138K [0x0000000701c00000, 0x0000000800000000)
  region size 1024K, 153 young (156672K), 11 survivors (11264K)
 Metaspace       used 28657K, capacity 29247K, committed 29568K, reserved 1075200K
  class space    used 3102K, capacity 3370K, committed 3456K, reserved 1048576K
}
Event: 45.754 GC heap after
{Heap after GC invocations=9 (full 0):
 garbage-first heap   total 262144K, used 57086K [0x0000000701c00000, 0x0000000800000000)
  region size 1024K, 13 young (13312K), 13 survivors (13312K)
 Metaspace       used 28657K, capacity 29247K, committed 29568K, reserved 1075200K
  class space    used 3102K, capacity 3370K, committed 3456K, reserved 1048576K
}
Event: 48.646 GC heap before
{Heap before GC invocations=9 (full 0):
 garbage-first heap   total 262144K, used 200446K [0x0000000701c00000, 0x0000000800000000)
  region size 1024K, 153 young (156672K), 13 survivors (13312K)
 Metaspace       used 28657K, capacity 29247K, committed 29568K, reserved 1075200K
  class space    used 3102K, capacity 3370K, committed 3456K, reserved 1048576K
}
Event: 48.664 GC heap after
{Heap after GC invocations=10 (full 0):
 garbage-first heap   total 262144K, used 59352K [0x0000000701c00000, 0x0000000800000000)
  region size 1024K, 13 young (13312K), 13 survivors (13312K)
 Metaspace       used 28657K, capacity 29247K, committed 29568K, reserved 1075200K
  class space    used 3102K, capacity 3370K, committed 3456K, reserved 1048576K
}
Event: 51.587 GC heap before
{Heap before GC invocations=10 (full 0):
 garbage-first heap   total 262144K, used 202712K [0x0000000701c00000, 0x0000000800000000)
  region size 1024K, 153 young (156672K), 13 survivors (13312K)
 Metaspace       used 28657K, capacity 29247K, committed 29568K, reserved 1075200K
  class space    used 3102K, capacity 3370K, committed 3456K, reserved 1048576K
}
Event: 51.604 GC heap after
{Heap after GC invocations=11 (full 0):
 garbage-first heap   total 262144K, used 61666K [0x0000000701c00000, 0x0000000800000000)
  region size 1024K, 13 young (13312K), 13 survivors (13312K)
 Metaspace       used 28657K, capacity 29247K, committed 29568K, reserved 1075200K
  class space    used 3102K, capacity 3370K, committed 3456K, reserved 1048576K
}
Event: 54.473 GC heap before
{Heap before GC invocations=11 (full 0):
 garbage-first heap   total 262144K, used 205026K [0x0000000701c00000, 0x0000000800000000)
  region size 1024K, 153 young (156672K), 13 survivors (13312K)
 Metaspace       used 28657K, capacity 29247K, committed 29568K, reserved 1075200K
  class space    used 3102K, capacity 3370K, committed 3456K, reserved 1048576K
}
Event: 54.490 GC heap after
{Heap after GC invocations=12 (full 0):
 garbage-first heap   total 262144K, used 64002K [0x0000000701c00000, 0x0000000800000000)
  region size 1024K, 11 young (11264K), 11 survivors (11264K)
 Metaspace       used 28657K, capacity 29247K, committed 29568K, reserved 1075200K
  class space    used 3102K, capacity 3370K, committed 3456K, reserved 1048576K
}
Event: 57.433 GC heap before
{Heap before GC invocations=12 (full 0):
 garbage-first heap   total 262144K, used 209410K [0x0000000701c00000, 0x0000000800000000)
  region size 1024K, 153 young (156672K), 11 survivors (11264K)
 Metaspace       used 28657K, capacity 29247K, committed 29568K, reserved 1075200K
  class space    used 3102K, capacity 3370K, committed 3456K, reserved 1048576K
}
Event: 57.451 GC heap after
{Heap after GC invocations=13 (full 0):
 garbage-first heap   total 262144K, used 66319K [0x0000000701c00000, 0x0000000800000000)
  region size 1024K, 11 young (11264K), 11 survivors (11264K)
 Metaspace       used 28657K, capacity 29247K, committed 29568K, reserved 1075200K
  class space    used 3102K, capacity 3370K, committed 3456K, reserved 1048576K
}

Deoptimization events (10 events):
Event: 59.430 Thread 0x0000022bec4e5800 Uncommon trap: reason=class_check action=maybe_recompile pc=0x0000022bd57412c4 method=java.awt.EventQueue.uncacheEQItem(Lsun/awt/EventQueueItem;)V @ 33 c2
Event: 59.433 Thread 0x0000022bec4e5800 Uncommon trap: reason=class_check action=maybe_recompile pc=0x0000022bd57412c4 method=java.awt.EventQueue.uncacheEQItem(Lsun/awt/EventQueueItem;)V @ 33 c2
Event: 59.438 Thread 0x0000022bec4e5800 Uncommon trap: reason=class_check action=maybe_recompile pc=0x0000022bd57412c4 method=java.awt.EventQueue.uncacheEQItem(Lsun/awt/EventQueueItem;)V @ 33 c2
Event: 59.440 Thread 0x0000022bec4e5800 Uncommon trap: reason=class_check action=maybe_recompile pc=0x0000022bd56482b0 method=java.awt.EventQueue.uncacheEQItem(Lsun/awt/EventQueueItem;)V @ 20 c2
Event: 59.446 Thread 0x0000022bec4e5800 Uncommon trap: reason=class_check action=maybe_recompile pc=0x0000022bd56482b0 method=java.awt.EventQueue.uncacheEQItem(Lsun/awt/EventQueueItem;)V @ 20 c2
Event: 59.568 Thread 0x0000022bec4e5800 Uncommon trap: reason=predicate action=maybe_recompile pc=0x0000022bd5746efc method=java.awt.EventDispatchThread.pumpEventsForFilter(ILjava/awt/Conditional;Ljava/awt/EventFilter;)V @ 10 c2
Event: 59.634 Thread 0x0000022bec4e5800 Uncommon trap: reason=unstable_if action=reinterpret pc=0x0000022bd56467bc method=java.awt.Component.inside(II)Z @ 1 c2
Event: 60.013 Thread 0x0000022bec4e5800 Uncommon trap: reason=unstable_if action=reinterpret pc=0x0000022bd5783e8c method=java.awt.EventDispatchThread.filterAndCheckEvent(Ljava/awt/AWTEvent;)Z @ 67 c2
Event: 60.015 Thread 0x0000022bea634000 Uncommon trap: reason=class_check action=maybe_recompile pc=0x0000022bd574a5d8 method=sun.awt.SunToolkit.postEvent(Lsun/awt/AppContext;Ljava/awt/AWTEvent;)V @ 72 c2
Event: 60.023 Thread 0x0000022bec4e5800 Uncommon trap: reason=unstable_if action=reinterpret pc=0x0000022bd552d6b4 method=java.lang.ThreadLocal.get()Ljava/lang/Object; @ 11 c2

Classes redefined (0 events):
No events

Internal exceptions (10 events):
Event: 35.477 Thread 0x0000022bec4e5800 Exception <a 'java/lang/StackOverflowError'{0x0000000709eb9070}> (0x0000000709eb9070) thrown at [t:/workspace/open/src/hotspot/share/prims/jvm.cpp, line 1311]
Event: 35.477 Thread 0x0000022bec4e5800 Exception <a 'java/lang/StackOverflowError'{0x0000000709eb9070}> (0x0000000709eb9070) thrown at [t:/workspace/open/src/hotspot/share/prims/jvm.cpp, line 1311]
Event: 35.959 Thread 0x0000022bec4e5800 StackOverflowError at 0x0000022bd57246c0
Event: 35.959 Thread 0x0000022bec4e5800 Exception <a 'java/lang/StackOverflowError'{0x0000000709dec260}> (0x0000000709dec260) thrown at [t:/workspace/open/src/hotspot/share/runtime/sharedRuntime.cpp, line 584]
Event: 35.960 Thread 0x0000022bec4e5800 Exception <a 'java/lang/StackOverflowError'{0x0000000709dec260}> (0x0000000709dec260) thrown at [t:/workspace/open/src/hotspot/share/prims/jvm.cpp, line 1311]
Event: 35.960 Thread 0x0000022bec4e5800 Exception <a 'java/lang/StackOverflowError'{0x0000000709dec260}> (0x0000000709dec260) thrown at [t:/workspace/open/src/hotspot/share/prims/jvm.cpp, line 1311]
Event: 58.772 Thread 0x0000022bec4e5800 Implicit null exception at 0x0000022bd5661d99 to 0x0000022bd5661f72
Event: 58.772 Thread 0x0000022bec4e5800 Implicit null exception at 0x0000022bd56471b9 to 0x0000022bd564740d
Event: 58.773 Thread 0x0000022bec4e5800 Implicit null exception at 0x0000022bd5646b7d to 0x0000022bd5646ce6
Event: 60.023 Thread 0x0000022bec4e5800 Implicit null exception at 0x0000022bd552d588 to 0x0000022bd552d6a2

Events (10 events):
Event: 60.050 Thread 0x0000022bee15f000 Thread added: 0x0000022bee15f000
Event: 60.050 Thread 0x0000022bee15c800 Thread added: 0x0000022bee15c800
Event: 60.050 Thread 0x0000022bee15a800 Thread added: 0x0000022bee15a800
Event: 60.050 Thread 0x0000022bee15c800 Thread exited: 0x0000022bee15c800
Event: 60.050 Thread 0x0000022bee15a800 Thread exited: 0x0000022bee15a800
Event: 60.078 Executing VM operation: RevokeBias
Event: 60.078 Executing VM operation: RevokeBias done
Event: 60.078 Thread 0x0000022bea634000 Thread exited: 0x0000022bea634000
Event: 60.151 Thread 0x0000022bee15f000 Thread exited: 0x0000022bee15f000
Event: 60.151 Executing VM operation: Exit


Dynamic libraries:
0x00007ff7cc290000 - 0x00007ff7cc2d7000 	C:\Program Files\Java\jdk-11.0.2\bin\java.exe
0x00007ffb58ec0000 - 0x00007ffb590b0000 	C:\WINDOWS\SYSTEM32\ntdll.dll
0x00007ffb58820000 - 0x00007ffb588d2000 	C:\WINDOWS\System32\KERNEL32.DLL
0x00007ffb569f0000 - 0x00007ffb56c93000 	C:\WINDOWS\System32\KERNELBASE.dll
0x00007ffb56fe0000 - 0x00007ffb57083000 	C:\WINDOWS\System32\ADVAPI32.dll
0x00007ffb57830000 - 0x00007ffb578ce000 	C:\WINDOWS\System32\msvcrt.dll
0x00007ffb588e0000 - 0x00007ffb58977000 	C:\WINDOWS\System32\sechost.dll
0x00007ffb58d60000 - 0x00007ffb58e80000 	C:\WINDOWS\System32\RPCRT4.dll
0x00007ffb575c0000 - 0x00007ffb57754000 	C:\WINDOWS\System32\USER32.dll
0x00007ffb560f0000 - 0x00007ffb56111000 	C:\WINDOWS\System32\win32u.dll
0x00007ffb58470000 - 0x00007ffb58496000 	C:\WINDOWS\System32\GDI32.dll
0x00007ffb56ca0000 - 0x00007ffb56e34000 	C:\WINDOWS\System32\gdi32full.dll
0x00007ffb55fd0000 - 0x00007ffb5606e000 	C:\WINDOWS\System32\msvcp_win.dll
0x00007ffb56e70000 - 0x00007ffb56f6a000 	C:\WINDOWS\System32\ucrtbase.dll
0x00007ffb46fa0000 - 0x00007ffb47225000 	C:\WINDOWS\WinSxS\amd64_microsoft.windows.common-controls_6595b64144ccf1df_6.0.18362.657_none_e6c5b579130e3898\COMCTL32.dll
0x00007ffb4efb0000 - 0x00007ffb4efba000 	C:\WINDOWS\SYSTEM32\VERSION.dll
0x00007ffb584a0000 - 0x00007ffb587d6000 	C:\WINDOWS\System32\combase.dll
0x00007ffb56070000 - 0x00007ffb560f0000 	C:\WINDOWS\System32\bcryptPrimitives.dll
0x00007ffb587e0000 - 0x00007ffb5880e000 	C:\WINDOWS\System32\IMM32.DLL
0x00007ffb34560000 - 0x00007ffb34576000 	C:\Program Files\Java\jdk-11.0.2\bin\vcruntime140.dll
0x00007ffb22830000 - 0x00007ffb228da000 	C:\Program Files\Java\jdk-11.0.2\bin\msvcp140.dll
0x00007ffb03920000 - 0x00007ffb04447000 	C:\Program Files\Java\jdk-11.0.2\bin\server\jvm.dll
0x00007ffb57090000 - 0x00007ffb57098000 	C:\WINDOWS\System32\PSAPI.DLL
0x00007ffb45420000 - 0x00007ffb45429000 	C:\WINDOWS\SYSTEM32\WSOCK32.dll
0x00007ffb51ac0000 - 0x00007ffb51ae4000 	C:\WINDOWS\SYSTEM32\WINMM.dll
0x00007ffb57ae0000 - 0x00007ffb57b4f000 	C:\WINDOWS\System32\WS2_32.dll
0x00007ffb51a90000 - 0x00007ffb51abd000 	C:\WINDOWS\SYSTEM32\WINMMBASE.dll
0x00007ffb55e70000 - 0x00007ffb55eba000 	C:\WINDOWS\System32\cfgmgr32.dll
0x00007ffb55e10000 - 0x00007ffb55e21000 	C:\WINDOWS\System32\kernel.appcore.dll
0x00007ffb31e60000 - 0x00007ffb31e71000 	C:\Program Files\Java\jdk-11.0.2\bin\verify.dll
0x00007ffb468e0000 - 0x00007ffb46ad4000 	C:\WINDOWS\SYSTEM32\DBGHELP.DLL
0x00007ffb467c0000 - 0x00007ffb467ea000 	C:\WINDOWS\SYSTEM32\dbgcore.DLL
0x00007ffb22f80000 - 0x00007ffb22fa9000 	C:\Program Files\Java\jdk-11.0.2\bin\java.dll
0x00007ffb31e40000 - 0x00007ffb31e56000 	C:\Program Files\Java\jdk-11.0.2\bin\zip.dll
0x00007ffb3e620000 - 0x00007ffb3e62a000 	C:\Program Files\Java\jdk-11.0.2\bin\jimage.dll
0x00007ffb57d80000 - 0x00007ffb58465000 	C:\WINDOWS\System32\SHELL32.dll
0x00007ffb570a0000 - 0x00007ffb57149000 	C:\WINDOWS\System32\shcore.dll
0x00007ffb56270000 - 0x00007ffb569ef000 	C:\WINDOWS\System32\windows.storage.dll
0x00007ffb55e30000 - 0x00007ffb55e4f000 	C:\WINDOWS\System32\profapi.dll
0x00007ffb55dc0000 - 0x00007ffb55e0a000 	C:\WINDOWS\System32\powrprof.dll
0x00007ffb55d90000 - 0x00007ffb55da0000 	C:\WINDOWS\System32\UMPDC.dll
0x00007ffb578d0000 - 0x00007ffb57922000 	C:\WINDOWS\System32\shlwapi.dll
0x00007ffb55e50000 - 0x00007ffb55e67000 	C:\WINDOWS\System32\cryptsp.dll
0x00007ffb2d0d0000 - 0x00007ffb2d0e9000 	C:\Program Files\Java\jdk-11.0.2\bin\net.dll
0x00007ffb4a340000 - 0x00007ffb4a430000 	C:\WINDOWS\SYSTEM32\WINHTTP.dll
0x00007ffb49a40000 - 0x00007ffb49c16000 	C:\WINDOWS\SYSTEM32\urlmon.dll
0x00007ffb49790000 - 0x00007ffb49a36000 	C:\WINDOWS\SYSTEM32\iertutil.dll
0x00007ffb557d0000 - 0x00007ffb557dc000 	C:\WINDOWS\SYSTEM32\CRYPTBASE.DLL
0x00007ffb55600000 - 0x00007ffb55667000 	C:\WINDOWS\system32\mswsock.dll
0x00007ffb2c940000 - 0x00007ffb2c953000 	C:\Program Files\Java\jdk-11.0.2\bin\nio.dll
0x00007ffb0a9d0000 - 0x00007ffb0ab6f000 	C:\Program Files\Java\jdk-11.0.2\bin\awt.dll
0x00007ffb58c20000 - 0x00007ffb58ce4000 	C:\WINDOWS\System32\OLEAUT32.dll
0x00007ffb52ad0000 - 0x00007ffb53090000 	C:\WINDOWS\SYSTEM32\d2d1.dll
0x00007ffb53f50000 - 0x00007ffb53fdf000 	C:\WINDOWS\SYSTEM32\apphelp.dll
0x00007ffb54470000 - 0x00007ffb5449d000 	C:\WINDOWS\system32\DWMAPI.DLL
0x00007ffb54050000 - 0x00007ffb540e9000 	C:\WINDOWS\system32\uxtheme.dll
0x00007ffb39fe0000 - 0x00007ffb3a136000 	C:\WINDOWS\system32\opengl32.dll
0x00007ffb46dc0000 - 0x00007ffb46dec000 	C:\WINDOWS\SYSTEM32\GLU32.dll
0x00007ffb54a70000 - 0x00007ffb54a90000 	C:\WINDOWS\SYSTEM32\dxcore.dll
0x00007ffb58ae0000 - 0x00007ffb58c15000 	C:\WINDOWS\System32\MSCTF.dll
0x00007ffb16540000 - 0x00007ffb16624000 	C:\Program Files (x86)\Razer\Razer Cortex\x64\k_fps64.dll
0x00007ffb1cbb0000 - 0x00007ffb1cc60000 	C:\Program Files\Nahimic\Nahimic2\UserInterface\x64\Nahimic2DevProps.dll
0x00007ffb58980000 - 0x00007ffb58ad6000 	C:\WINDOWS\System32\ole32.dll
0x00007ffb1e6f0000 - 0x00007ffb1e753000 	C:\Program Files\Nahimic\Nahimic2\UserInterface\x64\Nahimic2OSD.dll
0x00007ffb57930000 - 0x00007ffb579d2000 	C:\WINDOWS\System32\clbcatq.dll
0x00007ffb505d0000 - 0x00007ffb50642000 	C:\WINDOWS\System32\MMDevApi.dll
0x00007ffb55b90000 - 0x00007ffb55bba000 	C:\WINDOWS\System32\DEVOBJ.dll
0x00007ffb4fdb0000 - 0x00007ffb4ff0d000 	C:\WINDOWS\SYSTEM32\AUDIOSES.DLL
0x00007ffb51be0000 - 0x00007ffb51d33000 	C:\WINDOWS\SYSTEM32\wintypes.dll
0x00007ffb52620000 - 0x00007ffb5270f000 	C:\WINDOWS\SYSTEM32\PropSys.dll
0x00007ffb55350000 - 0x00007ffb5541a000 	C:\WINDOWS\SYSTEM32\DNSAPI.dll
0x00007ffb56f70000 - 0x00007ffb56f78000 	C:\WINDOWS\System32\NSI.dll
0x00007ffb55310000 - 0x00007ffb5534a000 	C:\WINDOWS\SYSTEM32\IPHLPAPI.DLL
0x00007ffb4ffd0000 - 0x00007ffb4ffda000 	C:\Windows\System32\rasadhlp.dll
0x00007ffb4d520000 - 0x00007ffb4d597000 	C:\WINDOWS\System32\fwpuclnt.dll
0x00007ffb56e40000 - 0x00007ffb56e66000 	C:\WINDOWS\System32\bcrypt.dll
0x00007ffb3b1d0000 - 0x00007ffb3b1d9000 	C:\Program Files\Java\jdk-11.0.2\bin\management.dll
0x00007ffb38ff0000 - 0x00007ffb38ffc000 	C:\Program Files\Java\jdk-11.0.2\bin\management_ext.dll
0x00007ffb55170000 - 0x00007ffb551a3000 	C:\WINDOWS\system32\rsaenh.dll
0x00007ffb55cb0000 - 0x00007ffb55cd5000 	C:\WINDOWS\SYSTEM32\USERENV.dll
0x00007ffb4ddc0000 - 0x00007ffb4ddd6000 	C:\WINDOWS\SYSTEM32\dhcpcsvc6.DLL
0x00007ffb4ef90000 - 0x00007ffb4efac000 	C:\WINDOWS\SYSTEM32\dhcpcsvc.DLL
0x00007ffb35290000 - 0x00007ffb3529d000 	C:\Program Files\Java\jdk-11.0.2\bin\sunmscapi.dll
0x00007ffb56120000 - 0x00007ffb56269000 	C:\WINDOWS\System32\CRYPT32.dll
0x00007ffb55da0000 - 0x00007ffb55db2000 	C:\WINDOWS\System32\MSASN1.dll
0x00007ffb558d0000 - 0x00007ffb558f6000 	C:\WINDOWS\SYSTEM32\ncrypt.dll
0x00007ffb55890000 - 0x00007ffb558cb000 	C:\WINDOWS\SYSTEM32\NTASN1.dll
0x00007ffb22be0000 - 0x00007ffb22c07000 	C:\Program Files\Java\jdk-11.0.2\bin\sunec.dll
0x00007ffb42260000 - 0x00007ffb42276000 	C:\WINDOWS\system32\napinsp.dll
0x00007ffb3f690000 - 0x00007ffb3f6aa000 	C:\WINDOWS\system32\pnrpnsp.dll
0x00007ffb4a630000 - 0x00007ffb4a63e000 	C:\WINDOWS\System32\winrnr.dll
0x00007ffb528e0000 - 0x00007ffb528fc000 	C:\WINDOWS\system32\NLAapi.dll
0x00007ffb51af0000 - 0x00007ffb51b05000 	C:\WINDOWS\system32\wshbth.dll
0x00007ffb50b60000 - 0x00007ffb50b72000 	C:\Program Files\Java\jdk-11.0.2\bin\jsound.dll
0x00007ffb474d0000 - 0x00007ffb47569000 	C:\WINDOWS\SYSTEM32\DSOUND.dll
0x00007ffb2ca90000 - 0x00007ffb2cad4000 	C:\WINDOWS\SYSTEM32\wdmaud.drv
0x00007ffb50760000 - 0x00007ffb50769000 	C:\WINDOWS\SYSTEM32\ksuser.dll
0x00007ffb50500000 - 0x00007ffb5050a000 	C:\WINDOWS\SYSTEM32\AVRT.dll
0x00007ffb3e840000 - 0x00007ffb3e84d000 	C:\WINDOWS\SYSTEM32\msacm32.drv
0x00007ffb33f40000 - 0x00007ffb33f5c000 	C:\WINDOWS\SYSTEM32\MSACM32.dll
0x00007ffb3a770000 - 0x00007ffb3a77a000 	C:\WINDOWS\SYSTEM32\midimap.dll
0x00007ffb47990000 - 0x00007ffb47ae1000 	C:\Windows\System32\Windows.UI.dll
0x00007ffb4f440000 - 0x00007ffb4f55a000 	C:\Windows\System32\InputHost.dll
0x00007ffb4e8c0000 - 0x00007ffb4e95e000 	C:\Windows\System32\TextInputFramework.dll
0x00007ffb53d40000 - 0x00007ffb53e14000 	C:\Windows\System32\CoreMessaging.dll
0x00007ffb4fa80000 - 0x00007ffb4fdaa000 	C:\Windows\System32\CoreUIComponents.dll
0x00007ffb54df0000 - 0x00007ffb54e21000 	C:\WINDOWS\SYSTEM32\ntmarta.dll
0x00007ffb33390000 - 0x00007ffb333bd000 	C:\Program Files\Java\jdk-11.0.2\bin\javajpeg.dll
0x00007ffb22000000 - 0x00007ffb22080000 	C:\Program Files\Java\jdk-11.0.2\bin\freetype.dll
0x00007ffb21f90000 - 0x00007ffb21fff000 	C:\Program Files\Java\jdk-11.0.2\bin\fontmanager.dll
0x00007ffb4f6a0000 - 0x00007ffb4f84f000 	C:\WINDOWS\SYSTEM32\WindowsCodecs.dll
0x00007ffb42ed0000 - 0x00007ffb42f0a000 	C:\WINDOWS\system32\dataexchange.dll
0x00007ffb53090000 - 0x00007ffb532eb000 	C:\WINDOWS\system32\d3d11.dll
0x00007ffb537a0000 - 0x00007ffb5397b000 	C:\WINDOWS\system32\dcomp.dll
0x00007ffb54a90000 - 0x00007ffb54b7b000 	C:\WINDOWS\system32\dxgi.dll
0x00007ffb54110000 - 0x00007ffb5436a000 	C:\WINDOWS\system32\twinapi.appcore.dll
0x00007ffb54580000 - 0x00007ffb545a9000 	C:\WINDOWS\system32\RMCLIENT.dll

dbghelp: loaded successfully - version: 4.0.5 - missing functions: none
symbol engine: initialized successfully - sym options: 0x614 - pdb path: .;C:\Program Files\Java\jdk-11.0.2\bin;C:\WINDOWS\SYSTEM32;C:\WINDOWS\WinSxS\amd64_microsoft.windows.common-controls_6595b64144ccf1df_6.0.18362.657_none_e6c5b579130e3898;C:\Program Files\Java\jdk-11.0.2\bin\server;C:\Program Files (x86)\Razer\Razer Cortex\x64;C:\Program Files\Nahimic\Nahimic2\UserInterface\x64

VM Arguments:
jvm_args: -Dfile.encoding=UTF-8 
java_command: controleur.Lamifa
java_class_path (initial): C:\Users\Tom_g\Desktop\logiciel_musique\LAMIFA\lib\ojdbc8.jar;C:\Users\Tom_g\Desktop\logiciel_musique\LAMIFA\build\classes
Launcher Type: SUN_STANDARD

[Global flags]
     intx CICompilerCount                          = 4                                         {product} {ergonomic}
     uint ConcGCThreads                            = 2                                         {product} {ergonomic}
     uint G1ConcRefinementThreads                  = 8                                         {product} {ergonomic}
   size_t G1HeapRegionSize                         = 1048576                                   {product} {ergonomic}
    uintx GCDrainStackTargetSize                   = 64                                        {product} {ergonomic}
   size_t InitialHeapSize                          = 268435456                                 {product} {ergonomic}
   size_t MarkStackSize                            = 4194304                                   {product} {ergonomic}
   size_t MaxHeapSize                              = 4265607168                                {product} {ergonomic}
   size_t MaxNewSize                               = 2558525440                                {product} {ergonomic}
   size_t MinHeapDeltaBytes                        = 1048576                                   {product} {ergonomic}
    uintx NonNMethodCodeHeapSize                   = 5835340                                {pd product} {ergonomic}
    uintx NonProfiledCodeHeapSize                  = 122911450                              {pd product} {ergonomic}
    uintx ProfiledCodeHeapSize                     = 122911450                              {pd product} {ergonomic}
    uintx ReservedCodeCacheSize                    = 251658240                              {pd product} {ergonomic}
     bool SegmentedCodeCache                       = true                                      {product} {ergonomic}
     bool UseCompressedClassPointers               = true                                 {lp64_product} {ergonomic}
     bool UseCompressedOops                        = true                                 {lp64_product} {ergonomic}
     bool UseG1GC                                  = true                                      {product} {ergonomic}
     bool UseLargePagesIndividualAllocation        = false                                  {pd product} {ergonomic}

Logging:
Log output configuration:
 #0: stdout all=warning uptime,level,tags
 #1: stderr all=off uptime,level,tags

Environment Variables:
PATH=C:\Program Files (x86)\Common Files\Intel\Shared Libraries\redist\intel64\compiler;C:\Program Files (x86)\Common Files\Oracle\Java\javapath;C:\Program Files (x86)\Intel\iCLS Client\;C:\Program Files\Intel\iCLS Client\;C:\Windows\system32;C:\Windows;C:\Windows\System32\Wbem;C:\Windows\System32\WindowsPowerShell\v1.0\;C:\Program Files (x86)\Intel\Intel(R) Management Engine Components\DAL;C:\Program Files\Intel\Intel(R) Management Engine Components\DAL;C:\Program Files (x86)\Intel\Intel(R) Management Engine Components\IPT;C:\Program Files\Intel\Intel(R) Management Engine Components\IPT;C:\Program Files (x86)\NVIDIA Corporation\PhysX\Common;C:\WINDOWS\system32;C:\WINDOWS;C:\WINDOWS\System32\Wbem;C:\WINDOWS\System32\WindowsPowerShell\v1.0\;C:\WINDOWS\System32\OpenSSH\;C:\Program Files\NVIDIA Corporation\NVIDIA NvDLISR;C:\WINDOWS\system32;C:\WINDOWS;C:\WINDOWS\System32\Wbem;C:\WINDOWS\System32\WindowsPowerShell\v1.0\;C:\WINDOWS\System32\OpenSSH\;E:\bin;E:\Git\cmd;C:\ProgramData\chocolatey\bin;C:\tools\php73;C:\ProgramData\ComposerSetup\bin;C:\Users\Tom_g\AppData\Local\Microsoft\WindowsApps;C:\Users\Tom_g\AppData\Roaming\Composer\vendor\bin;E:\Microsoft VS Code\bin
USERNAME=Tom_g
OS=Windows_NT
PROCESSOR_IDENTIFIER=Intel64 Family 6 Model 158 Stepping 9, GenuineIntel



---------------  S Y S T E M  ---------------

OS: Windows 10 , 64 bit Build 18362 (10.0.18362.329)

CPU:total 8 (initial active 8) (4 cores per cpu, 2 threads per core) family 6 model 158 stepping 9, cmov, cx8, fxsr, mmx, sse, sse2, sse3, ssse3, sse4.1, sse4.2, popcnt, avx, avx2, aes, clmul, erms, 3dnowpref, lzcnt, ht, tsc, tscinvbit, bmi1, bmi2, adx, fma

Memory: 4k page, system-wide physical 16271M (7075M free)
TotalPageFile size 18703M (AvailPageFile size 2382M)
current process WorkingSet (physical memory assigned to process): 348M, peak: 435M
current process commit charge ("private bytes"): 413M, peak: 522M

vm_info: Java HotSpot(TM) 64-Bit Server VM (11.0.2+9-LTS) for windows-amd64 JRE (11.0.2+9-LTS), built on Jan 18 2019 05:24:10 by "mach5one" with MS VC++ 15.5 (VS2017)

END.
